0.0353632
0.119703
0.0509898
0.0473763
0.0442178
0.0431558
0.1086
0.0301222
0.117648
0.12304
0.0521484
0.0522863
0.0529621
0.0501071
0.116696
0.112186
0.119404
0.135205
0.0581894
0.0600099
0.0614167
0.0616834
0.131054
0.111745
0.114131
0.135522
0.0586445
0.061003
0.0636511
0.0641338
0.135605
0.110724
0.114917
0.133509
0.0554447
0.0577342
0.0597341
0.0596927
0.129799
0.107234
0.110131
0.128723
0.0540793
0.0560791
0.0573618
0.056686
0.129826
0.106379
0.106655
0.109386
0.0336254
0.0355425
0.0370321
0.0393906
0.112544
0.099166
0.0226744
0.107993
0.0359701
0.0346874
0.0332944
0.0355701
0.110296
0.0277913
