0.0370252
0.217628
0.180054
0.201709
0.224038
0.198342
0.211052
0.0347309
0.210741
0.221494
0.20477
0.20449
0.33255
0.303184
0.236228
0.232702
0.109614
0.136407
0.128385
0.0880712
0.14341
0.150178
0.157184
0.141642
0.128243
0.140212
0.124516
0.0842349
0.0770138
0.116801
0.131539
0.123082
0.146297
0.158187
0.142508
0.102271
0.0587901
0.0988483
0.113529
0.105059
0.164848
0.176732
0.161206
0.12091
0.0403458
0.0802656
0.0949395
0.0864296
0.228652
0.229332
0.310606
0.288379
0.189656
0.190031
0.204733
0.207354
0.0298039
0.210028
0.192564
0.192568
0.192697
0.174058
0.215615
0.035324
