0.0557368
0.188541
0.221591
0.218761
0.215048
0.210335
0.159199
0.0535228
0.150165
0.223601
0.252052
0.257647
0.263604
0.268168
0.251366
0.189921
0.0857915
0.0844724
0.108534
0.107548
0.108751
0.107055
0.0857131
0.083679
0.0849567
0.0844424
0.108137
0.105717
0.108617
0.106315
0.0853733
0.0828073
0.0845139
0.0833877
0.107063
0.106686
0.107262
0.106747
0.0845508
0.0820216
0.0832885
0.08328
0.10676
0.105113
0.105479
0.105511
0.0838235
0.0814143
0.150912
0.2198
0.245271
0.246671
0.250367
0.253418
0.233532
0.171474
0.0539995
0.177917
0.208923
0.203633
0.200614
0.196401
0.146571
0.0511197
