0.112374
0.19474
0.234015
0.256734
0.282814
0.235267
0.191667
0.0457009
0.205802
0.301619
0.292196
0.306315
0.359907
0.311809
0.269708
0.20376
0.107201
0.143857
0.110578
0.122358
0.154269
0.142202
0.0946309
0.0736421
0.0867724
0.123412
0.130628
0.149805
0.135867
0.12422
0.113725
0.0970527
0.0686502
0.104944
0.148717
0.172589
0.120859
0.10702
0.131781
0.126114
0.0497867
0.0862617
0.167581
0.198949
0.102506
0.0890624
0.150694
0.148536
0.21876
0.267813
0.3419
0.403812
0.329017
0.285293
0.317864
0.203998
0.0433615
0.240894
0.292114
0.335656
0.31475
0.292163
0.249007
0.157457
