node: 24 matching clock cycle 4957277.00000000, pushing packet into request queue 
node: 32 matching clock cycle 4957283.00000000, pushing packet into request queue 
node: 18 matching clock cycle 4957286.00000000, pushing packet into request queue 
node: 26 matching clock cycle 4957289.00000000, pushing packet into request queue 
node: 18 matching clock cycle 4957295.00000000, pushing packet into request queue 
node: 28 matching clock cycle 4957307.00000000, pushing packet into request queue 
node: 24 matching clock cycle 4957311.00000000, pushing packet into request queue 
node: 14 matching clock cycle 4957324.00000000, pushing packet into request queue 
node: 22 matching clock cycle 4957334.00000000, pushing packet into request queue 
node: 34 matching clock cycle 4957336.00000000, pushing packet into request queue 
node: 36 matching clock cycle 4957337.00000000, pushing packet into request queue 
node: 24 matching clock cycle 4957343.00000000, pushing packet into request queue 
node: 16 matching clock cycle 4957347.00000000, pushing packet into request queue 
node: 6 matching clock cycle 4957350.00000000, pushing packet into request queue 
node: 8 matching clock cycle 4957353.00000000, pushing packet into request queue 
node: 10 matching clock cycle 4957354.00000000, pushing packet into request queue 
node: 44 matching clock cycle 4957362.00000000, pushing packet into request queue 
node: 50 matching clock cycle 4957364.00000000, pushing packet into request queue 
node: 50 matching clock cycle 4957364.00000000, pushing packet into request queue 
node: 40 matching clock cycle 4957366.00000000, pushing packet into request queue 
node: 26 matching clock cycle 4957392.00000000, pushing packet into request queue 
node: 18 matching clock cycle 4957398.00000000, pushing packet into request queue 
node: 20 matching clock cycle 4957400.00000000, pushing packet into request queue 
node: 20 matching clock cycle 4957401.00000000, pushing packet into request queue 
node: 22 matching clock cycle 4957430.00000000, pushing packet into request queue 
node: 30 matching clock cycle 4957436.00000000, pushing packet into request queue 
node: 32 matching clock cycle 4957438.00000000, pushing packet into request queue 
node: 28 matching clock cycle 4957441.00000000, pushing packet into request queue 
node: 32 matching clock cycle 4957444.00000000, pushing packet into request queue 
node: 30 matching clock cycle 4957460.00000000, pushing packet into request queue 
node: 32 matching clock cycle 4957466.00000000, pushing packet into request queue 
node: 26 matching clock cycle 4957491.00000000, pushing packet into request queue 
node: 30 matching clock cycle 4957494.00000000, pushing packet into request queue 
node: 48 matching clock cycle 4957498.00000000, pushing packet into request queue 
node: 24 matching clock cycle 4957499.00000000, pushing packet into request queue 
node: 30 matching clock cycle 4957505.00000000, pushing packet into request queue 
node: 20 matching clock cycle 4957507.00000000, pushing packet into request queue 
node: 42 matching clock cycle 4957511.00000000, pushing packet into request queue 
node: 12 matching clock cycle 4957512.00000000, pushing packet into request queue 
node: 22 matching clock cycle 4957515.00000000, pushing packet into request queue 
node: 22 matching clock cycle 4957518.00000000, pushing packet into request queue 
node: 18 matching clock cycle 4957519.00000000, pushing packet into request queue 
node: 26 matching clock cycle 4957525.00000000, pushing packet into request queue 
node: 28 matching clock cycle 4957538.00000000, pushing packet into request queue 
node: 18 matching clock cycle 4957581.00000000, pushing packet into request queue 
node: 28 matching clock cycle 4957603.00000000, pushing packet into request queue 
node: 28 matching clock cycle 4957605.00000000, pushing packet into request queue 
node: 24 matching clock cycle 4957607.00000000, pushing packet into request queue 
node: 20 matching clock cycle 4957616.00000000, pushing packet into request queue 
node: 22 matching clock cycle 4957618.00000000, pushing packet into request queue 
node: 24 matching clock cycle 4957640.00000000, pushing packet into request queue 
node: 20 matching clock cycle 4957679.00000000, pushing packet into request queue 
node: 26 matching clock cycle 4957688.00000000, pushing packet into request queue 
node: 18 matching clock cycle 4957695.00000000, pushing packet into request queue 
node: 32 matching clock cycle 4957725.00000000, pushing packet into request queue 
node: 32 matching clock cycle 4957746.00000000, pushing packet into request queue 
node: 30 matching clock cycle 4957756.00000000, pushing packet into request queue 
node: 32 matching clock cycle 4957762.00000000, pushing packet into request queue 
node: 30 matching clock cycle 4957792.00000000, pushing packet into request queue 
the processing element 43stops at 5015701000.00000000
the processing element 5stops at 5056461000.00000000
the processing element 35stops at 5065191000.00000000
the processing element 56stops at 5079097000.00000000
the processing element 27stops at 5126182000.00000000
the processing element 2stops at 5141523000.00000000
the processing element 19stops at 5164822000.00000000
the processing element 12stops at 5177073000.00000000
the processing element 61stops at 5228060000.00000000
the processing element 51stops at 5269287000.00000000
the processing element 21stops at 5297358000.00000000
the processing element 10stops at 5298470000.00000000
the processing element 29stops at 5331871000.00000000
the processing element 0stops at 5347167000.00000000
the processing element 17stops at 5353593000.00000000
the processing element 42stops at 5367549000.00000000
the processing element 47stops at 5369338000.00000000
the processing element 25stops at 5387292000.00000000

Info: /OSCI/SystemC: Simulation stopped by user.
Noxim simulation completed.
 ( 5387536.00000000 cycles executed)
% Total received packets: 2170468
% Global average throughput (flits/cycle): 0.07702080
% Throughput (flits/cycle/IP): 8.14753003
% Max delay (cycles): 337.00000000
% Total energy (J): 8.4837592834e-04
% received flits to slice 0 3255753
% transmitted flits from slice 0 3255763
% average delay of slice 0 2.2041021884e+01
% received flits to slice 1 4340876
% transmitted flits from slice 1 4340908
% average delay of slice 1 7.6459539927e+01

Info: (I804) /IEEE_Std_1666/deprecated: You can turn off warnings about
             IEEE 1666 deprecated features by placing this method call
             as the first statement in your sc_main() function:

  sc_core::sc_report_handler::set_actions( "/IEEE_Std_1666/deprecated",
                                           sc_core::SC_DO_NOTHING );

