node: 50 matching clock cycle 494242, pushing packet into request queue 
node: 41 matching clock cycle 494246, pushing packet into request queue 
node: 35 matching clock cycle 494262, pushing packet into request queue 
node: 34 matching clock cycle 494292, pushing packet into request queue 
node: 19 matching clock cycle 494314, pushing packet into request queue 
node: 40 matching clock cycle 494339, pushing packet into request queue 
node: 50 matching clock cycle 494347, pushing packet into request queue 
node: 50 matching clock cycle 494347, pushing packet into request queue 
node: 38 matching clock cycle 494427, pushing packet into request queue 
node: 37 matching clock cycle 494444, pushing packet into request queue 
node: 35 matching clock cycle 494528, pushing packet into request queue 
node: 19 matching clock cycle 494553, pushing packet into request queue 
node: 40 matching clock cycle 494572, pushing packet into request queue 
node: 50 matching clock cycle 494594, pushing packet into request queue 
node: 50 matching clock cycle 494594, pushing packet into request queue 
node: 38 matching clock cycle 494647, pushing packet into request queue 
node: 38 matching clock cycle 494738, pushing packet into request queue 
node: 19 matching clock cycle 494768, pushing packet into request queue 
node: 40 matching clock cycle 494774, pushing packet into request queue 
node: 19 matching clock cycle 494873, pushing packet into request queue 
node: 40 matching clock cycle 494879, pushing packet into request queue 
node: 35 matching clock cycle 494883, pushing packet into request queue 
node: 38 matching clock cycle 495001, pushing packet into request queue 
node: 35 matching clock cycle 495117, pushing packet into request queue 
node: 19 matching clock cycle 495119, pushing packet into request queue 
node: 40 matching clock cycle 495130, pushing packet into request queue 
node: 35 matching clock cycle 495326, pushing packet into request queue 
node: 35 matching clock cycle 495426, pushing packet into request queue 
node: 35 matching clock cycle 495672, pushing packet into request queue 
the processing element 17stops at 2092458000.00000000
the processing element 27stops at 2096512000.00000000
the processing element 28stops at 2097075000.00000000
the processing element 34stops at 2097319000.00000000
the processing element 18stops at 2097561000.00000000
the processing element 10stops at 2098533000.00000000
the processing element 31stops at 2100581000.00000000
the processing element 44stops at 2101230000.00000000
the processing element 49stops at 2101472000.00000000
the processing element 26stops at 2101796000.00000000
the processing element 35stops at 2102202000.00000000
the processing element 20stops at 2102850000.00000000
the processing element 54stops at 2103092000.00000000
the processing element 19stops at 2103256000.00000000
the processing element 36stops at 2103740000.00000000
the processing element 21stops at 2103904000.00000000
the processing element 38stops at 2104064000.00000000
the processing element 11stops at 2104146000.00000000
the processing element 25stops at 2104228000.00000000
the processing element 33stops at 2104470000.00000000
the processing element 39stops at 2104552000.00000000
the processing element 42stops at 2104794000.00000000
the processing element 22stops at 2105200000.00000000
the processing element 43stops at 2105360000.00000000
the processing element 24stops at 2105442000.00000000
the processing element 32stops at 2105766000.00000000
the processing element 30stops at 2106008000.00000000
the processing element 41stops at 2106332000.00000000
the processing element 29stops at 2106496000.00000000
the processing element 52stops at 2106820000.00000000
the processing element 46stops at 2106980000.00000000
the processing element 14stops at 2107304000.00000000
the processing element 13stops at 2107386000.00000000
the processing element 12stops at 2107628000.00000000
the processing element 3stops at 2107792000.00000000
the processing element 16stops at 2107952000.00000000
the processing element 51stops at 2108034000.00000000
the processing element 9stops at 2108358000.00000000
the processing element 45stops at 2108600000.00000000
the processing element 53stops at 2108764000.00000000
the processing element 50stops at 2109248000.00000000
the processing element 60stops at 2109412000.00000000
the processing element 2stops at 2109654000.00000000
the processing element 58stops at 2109736000.00000000
the processing element 37stops at 2110060000.00000000
the processing element 5stops at 2110377000.00000000
the processing element 40stops at 2110385000.00000000
the processing element 4stops at 2110789000.00000000

Info: /OSCI/SystemC: Simulation stopped by user.
Noxim simulation completed.
 ( 2110789.00000000 cycles executed)
% Total received packets: 919534
% Global average throughput (flits/cycle): 0.08212983
% Throughput (flits/cycle/IP): 3.45173924
% Max delay (cycles): 373.00000000
% Total energy (J): 3.1971011543e-04
% received flits to slice 0 1379314
% transmitted flits from slice 0 1379317
% average delay of slice 0 1.9574022720e+01
% received flits to slice 1 1839054
% transmitted flits from slice 1 1839068
% average delay of slice 1 1.0937787947e+02

Info: (I804) /IEEE_Std_1666/deprecated: You can turn off warnings about
             IEEE 1666 deprecated features by placing this method call
             as the first statement in your sc_main() function:

  sc_core::sc_report_handler::set_actions( "/IEEE_Std_1666/deprecated",
                                           sc_core::SC_DO_NOTHING );

