node: 36 matching clock cycle 1.14185e+06, pushing packet into request queue 
node: 55 matching clock cycle 1.14186e+06, pushing packet into request queue 
node: 6 matching clock cycle 1.14186e+06, pushing packet into request queue 
node: 38 matching clock cycle 1.14187e+06, pushing packet into request queue 
node: 33 matching clock cycle 1.14191e+06, pushing packet into request queue 
node: 22 matching clock cycle 1.14191e+06, pushing packet into request queue 
node: 35 matching clock cycle 1.14192e+06, pushing packet into request queue 
node: 12 matching clock cycle 1.14192e+06, pushing packet into request queue 
node: 51 matching clock cycle 1.14193e+06, pushing packet into request queue 
node: 39 matching clock cycle 1.14193e+06, pushing packet into request queue 
node: 5 matching clock cycle 1.14193e+06, pushing packet into request queue 
node: 5 matching clock cycle 1.14193e+06, pushing packet into request queue 
node: 49 matching clock cycle 1.14194e+06, pushing packet into request queue 
node: 49 matching clock cycle 1.14194e+06, pushing packet into request queue 
node: 40 matching clock cycle 1.14196e+06, pushing packet into request queue 
node: 28 matching clock cycle 1.14198e+06, pushing packet into request queue 
node: 1 matching clock cycle 1.142e+06, pushing packet into request queue 
node: 9 matching clock cycle 1.142e+06, pushing packet into request queue 
node: 17 matching clock cycle 1.14203e+06, pushing packet into request queue 
node: 53 matching clock cycle 1.14207e+06, pushing packet into request queue 
node: 32 matching clock cycle 1.14207e+06, pushing packet into request queue 
node: 41 matching clock cycle 1.14208e+06, pushing packet into request queue 
node: 48 matching clock cycle 1.14209e+06, pushing packet into request queue 
node: 16 matching clock cycle 1.14209e+06, pushing packet into request queue 
node: 27 matching clock cycle 1.1421e+06, pushing packet into request queue 
node: 26 matching clock cycle 1.1421e+06, pushing packet into request queue 
node: 20 matching clock cycle 1.14217e+06, pushing packet into request queue 
node: 25 matching clock cycle 1.14218e+06, pushing packet into request queue 
node: 29 matching clock cycle 1.14226e+06, pushing packet into request queue 
the processing element 30stops at 2673252000.00000000
the processing element 10stops at 2699412000.00000000
the processing element 54stops at 2737648000.00000000
the processing element 23stops at 2738454000.00000000
the processing element 44stops at 2743237000.00000000
the processing element 16stops at 2743563000.00000000
the processing element 20stops at 2750194000.00000000
the processing element 4stops at 2754170000.00000000
the processing element 45stops at 2764459000.00000000
the processing element 51stops at 2766079000.00000000
the processing element 11stops at 2773120000.00000000
the processing element 29stops at 2776935000.00000000
the processing element 5stops at 2778547000.00000000
the processing element 58stops at 2779845000.00000000
the processing element 37stops at 2782280000.00000000
the processing element 28stops at 2786894000.00000000
the processing element 46stops at 2787949000.00000000
the processing element 34stops at 2797177000.00000000
the processing element 21stops at 2797584000.00000000
the processing element 39stops at 2798803000.00000000
the processing element 36stops at 2799048000.00000000
the processing element 25stops at 2799690000.00000000
the processing element 52stops at 2801953000.00000000
the processing element 43stops at 2803330000.00000000
the processing element 32stops at 2803415000.00000000
the processing element 18stops at 2803739000.00000000
the processing element 14stops at 2806084000.00000000
the processing element 19stops at 2806088000.00000000
the processing element 12stops at 2807623000.00000000
the processing element 27stops at 2808433000.00000000
the processing element 26stops at 2808437000.00000000
the processing element 35stops at 2811029000.00000000
the processing element 3stops at 2811997000.00000000
the processing element 2stops at 2814269000.00000000
the processing element 53stops at 2816047000.00000000
the processing element 24stops at 2816132000.00000000
the processing element 42stops at 2818886000.00000000
the processing element 47stops at 2819088000.00000000
the processing element 31stops at 2823904000.00000000
the processing element 61stops at 2824471000.00000000
the processing element 50stops at 2829331000.00000000
the processing element 33stops at 2831440000.00000000
the processing element 41stops at 2834275000.00000000
the processing element 60stops at 2835490000.00000000
the processing element 7stops at 2835494000.00000000
the processing element 40stops at 2840918000.00000000
the processing element 49stops at 2842210000.00000000
the processing element 38stops at 2843753000.00000000

Info: /OSCI/SystemC: Simulation stopped by user.
Noxim simulation completed.
 ( 2843753.00000000 cycles executed)
% Total received packets: 954253
% Global average throughput (flits/cycle): 0.06390047
% Throughput (flits/cycle/IP): 3.58205706
% Max delay (cycles): 367.00000000
% Total energy (J): 3.2743775997e-04
% received flits to slice 0 1431390
% transmitted flits from slice 0 1431394
% average delay of slice 0 1.9501366504e+01
% received flits to slice 1 1908490
% transmitted flits from slice 1 1908493
% average delay of slice 1 1.7876793615e+02

Info: (I804) /IEEE_Std_1666/deprecated: You can turn off warnings about
             IEEE 1666 deprecated features by placing this method call
             as the first statement in your sc_main() function:

  sc_core::sc_report_handler::set_actions( "/IEEE_Std_1666/deprecated",
                                           sc_core::SC_DO_NOTHING );

