node: 43 matching clock cycle 92412, pushing packet into request queue 
node: 43 matching clock cycle 92412, pushing packet into request queue 
node: 43 matching clock cycle 92416, pushing packet into request queue 
node: 43 matching clock cycle 92416, pushing packet into request queue 
node: 43 matching clock cycle 92420, pushing packet into request queue 
node: 43 matching clock cycle 92420, pushing packet into request queue 
node: 43 matching clock cycle 92424, pushing packet into request queue 
node: 43 matching clock cycle 92424, pushing packet into request queue 
node: 43 matching clock cycle 92428, pushing packet into request queue 
node: 43 matching clock cycle 92428, pushing packet into request queue 
node: 9 matching clock cycle 92742, pushing packet into request queue 
node: 43 matching clock cycle 92855, pushing packet into request queue 
node: 43 matching clock cycle 92855, pushing packet into request queue 
node: 9 matching clock cycle 92974, pushing packet into request queue 
node: 9 matching clock cycle 92979, pushing packet into request queue 
node: 9 matching clock cycle 92980, pushing packet into request queue 
node: 9 matching clock cycle 92981, pushing packet into request queue 
node: 43 matching clock cycle 93087, pushing packet into request queue 
node: 43 matching clock cycle 93087, pushing packet into request queue 
node: 43 matching clock cycle 93092, pushing packet into request queue 
node: 43 matching clock cycle 93092, pushing packet into request queue 
node: 43 matching clock cycle 93094, pushing packet into request queue 
node: 43 matching clock cycle 93094, pushing packet into request queue 
node: 43 matching clock cycle 93096, pushing packet into request queue 
node: 43 matching clock cycle 93096, pushing packet into request queue 
node: 43 matching clock cycle 93097, pushing packet into request queue 
node: 43 matching clock cycle 93097, pushing packet into request queue 
node: 43 matching clock cycle 93103, pushing packet into request queue 
node: 43 matching clock cycle 93103, pushing packet into request queue 
the processing element 52stops at 117718000.00000000
the processing element 42stops at 122663000.00000000
the processing element 19stops at 125721000.00000000
the processing element 23stops at 128378000.00000000
the processing element 5stops at 133232000.00000000
the processing element 54stops at 134971000.00000000
the processing element 44stops at 137004000.00000000
the processing element 9stops at 137039000.00000000
the processing element 3stops at 138097000.00000000
the processing element 7stops at 143209000.00000000
the processing element 4stops at 144699000.00000000
the processing element 10stops at 145445000.00000000
the processing element 58stops at 146165000.00000000
the processing element 39stops at 150827000.00000000
the processing element 35stops at 154209000.00000000
the processing element 40stops at 156960000.00000000
the processing element 31stops at 157525000.00000000
the processing element 41stops at 158951000.00000000
the processing element 45stops at 160630000.00000000
the processing element 17stops at 162316000.00000000
the processing element 18stops at 162938000.00000000
the processing element 14stops at 164797000.00000000
the processing element 27stops at 165567000.00000000
the processing element 11stops at 166075000.00000000
the processing element 20stops at 166822000.00000000
the processing element 21stops at 167318000.00000000
the processing element 49stops at 167638000.00000000
the processing element 32stops at 167719000.00000000
the processing element 63stops at 168772000.00000000
the processing element 37stops at 169647000.00000000
the processing element 34stops at 173191000.00000000
the processing element 29stops at 173306000.00000000
the processing element 38stops at 173950000.00000000
the processing element 25stops at 174364000.00000000
the processing element 61stops at 177378000.00000000
the processing element 0stops at 177382000.00000000
the processing element 2stops at 177834000.00000000
the processing element 60stops at 179508000.00000000
the processing element 43stops at 181563000.00000000
the processing element 24stops at 182245000.00000000
the processing element 36stops at 183594000.00000000
the processing element 33stops at 183748000.00000000
the processing element 51stops at 188531000.00000000
the processing element 30stops at 190952000.00000000
the processing element 50stops at 193892000.00000000
the processing element 16stops at 195346000.00000000
the processing element 53stops at 195828000.00000000
the processing element 28stops at 196171000.00000000

Info: /OSCI/SystemC: Simulation stopped by user.
Noxim simulation completed.
 ( 196171.00000000 cycles executed)
% Total received packets: 53888
% Global average throughput (flits/cycle): 0.06053405
% Throughput (flits/cycle/IP): 0.20231231
% Max delay (cycles): 337.00000000
% Total energy (J): 1.8734906618e-05
% received flits to slice 0 80844
% transmitted flits from slice 0 80850
% average delay of slice 0 1.9384221464e+01
% received flits to slice 1 107763
% transmitted flits from slice 1 107772
% average delay of slice 1 1.8168006682e+02

Info: (I804) /IEEE_Std_1666/deprecated: You can turn off warnings about
             IEEE 1666 deprecated features by placing this method call
             as the first statement in your sc_main() function:

  sc_core::sc_report_handler::set_actions( "/IEEE_Std_1666/deprecated",
                                           sc_core::SC_DO_NOTHING );

