0.0309389
0.0971603
0.123257
0.121392
0.121178
0.1223
0.0972681
0.0313781
0.0966873
0.134162
0.149898
0.146952
0.147759
0.14802
0.135017
0.0956063
0.048421
0.0469528
0.0626834
0.0610852
0.0627432
0.0618427
0.0492291
0.0487939
0.0479156
0.0473569
0.0631823
0.0609761
0.0627808
0.0616946
0.0493786
0.048482
0.0475998
0.046854
0.0634461
0.0607253
0.0631953
0.0614036
0.0489927
0.0478415
0.0475323
0.0465903
0.062938
0.0609865
0.0631589
0.061158
0.0482898
0.0482092
0.0963479
0.133739
0.149708
0.147185
0.149629
0.149235
0.136079
0.0969394
0.0305036
0.0962235
0.121031
0.118953
0.120358
0.120272
0.0945695
0.0311468
0.0320773
0.100639
0.125915
0.126447
0.126246
0.12617
0.100599
0.031805
0.100728
0.140484
0.154613
0.155884
0.155607
0.155392
0.140909
0.100754
0.0502637
0.0501323
0.0640293
0.0647981
0.0642488
0.0644235
0.0504608
0.0498798
0.0505384
0.0503246
0.064212
0.064529
0.0640066
0.064281
0.0502035
0.0500223
0.0503959
0.0501545
0.0643299
0.0644554
0.0641245
0.0642549
0.0502281
0.0500286
0.0502582
0.0499036
0.0643323
0.0648883
0.0644008
0.0640681
0.0502091
0.0500223
0.100643
0.139386
0.154458
0.155203
0.154618
0.154086
0.140257
0.100631
0.0324089
0.100539
0.125254
0.124937
0.124231
0.124049
0.0991549
0.0319253
0.0327021
0.0952233
0.118168
0.11813
0.117133
0.117556
0.0952115
0.0305423
0.0955406
0.135753
0.144639
0.144749
0.14417
0.145358
0.134759
0.0952395
0.0490012
0.0493139
0.0600871
0.0598746
0.0616983
0.0609259
0.0489952
0.0457957
0.0498328
0.0480057
0.0607247
0.0599196
0.0619447
0.0606204
0.047042
0.0481193
0.049776
0.0479164
0.0602598
0.060397
0.062749
0.0599268
0.0455205
0.0499109
0.0505611
0.047287
0.0589336
0.0616854
0.0630176
0.0594893
0.0453323
0.0499965
0.0955081
0.132071
0.145097
0.148703
0.148319
0.147061
0.130092
0.0952624
0.0306967
0.0951082
0.118699
0.120964
0.120454
0.119919
0.0951052
0.0301084
0.0333767
0.104488
0.131387
0.130692
0.130702
0.131255
0.104518
0.0333382
0.104408
0.146096
0.161208
0.160499
0.160467
0.160921
0.146526
0.104399
0.0520085
0.0523025
0.0673278
0.0670385
0.0671607
0.067313
0.0522998
0.0518293
0.0520348
0.0523338
0.067322
0.0671068
0.067285
0.067299
0.0524011
0.0518309
0.0520167
0.0523132
0.0673006
0.0671233
0.0672027
0.0672142
0.0523303
0.0518063
0.0519616
0.0523856
0.0673566
0.0670829
0.0671903
0.0672134
0.0523961
0.0518324
0.104363
0.146089
0.161141
0.16046
0.16041
0.161094
0.146471
0.104368
0.0333536
0.10443
0.131264
0.130734
0.130487
0.131155
0.104334
0.0332911
0.0750074
0.105492
0.180423
0.197777
0.173988
0.118526
0.106356
0.0135439
0.0952651
0.180116
0.176751
0.199425
0.237306
0.179267
0.108151
0.0947541
0.0618444
0.084882
0.0456565
0.0448984
0.0880759
0.0848115
0.0420964
0.0134711
0.0431091
0.0711318
0.0609993
0.0584237
0.0695717
0.0711845
0.0574712
0.0271545
0.0278873
0.0575909
0.0766295
0.0720307
0.0544769
0.0575226
0.0702837
0.0406286
0.0126106
0.0439676
0.0897137
0.0855664
0.0394689
0.0439542
0.0833004
0.0542096
0.106498
0.123866
0.200725
0.25388
0.209001
0.193668
0.190084
0.106786
0.0133189
0.0951426
0.108876
0.162374
0.176657
0.162798
0.0954373
0.0677178
0.0348931
0.109237
0.136324
0.13625
0.13617
0.136101
0.108699
0.0349689
0.10882
0.151596
0.16712
0.167094
0.167057
0.167047
0.151447
0.108627
0.0543929
0.0544801
0.0700231
0.0700193
0.0700165
0.0700383
0.054463
0.0543778
0.0544043
0.0544801
0.0700345
0.0700193
0.0700278
0.0700383
0.0544725
0.0543835
0.0544138
0.054482
0.070044
0.0700212
0.0700373
0.0700402
0.0544801
0.0543872
0.0544214
0.0544858
0.0700515
0.070025
0.0700449
0.070044
0.0544839
0.0543872
0.109108
0.151874
0.167404
0.167326
0.167315
0.167261
0.15167
0.108818
0.034986
0.109028
0.136247
0.13619
0.136216
0.136182
0.108934
0.0349424
0.0276545
0.103698
0.112963
0.108788
0.100208
0.0967142
0.0641855
0.0239579
0.0690869
0.0992054
0.108401
0.110969
0.106171
0.106817
0.0950622
0.0613421
0.0418796
0.0386354
0.0503693
0.0527161
0.0512521
0.0488404
0.0420535
0.0356859
0.0433054
0.0391586
0.052081
0.0516647
0.0523934
0.0501173
0.0435058
0.0358576
0.0449846
0.0389456
0.0527515
0.0532209
0.0539032
0.0503642
0.0446166
0.0368088
0.0463426
0.0395513
0.054525
0.0541559
0.0554439
0.0513663
0.0459421
0.0368383
0.070968
0.114312
0.132876
0.144616
0.15103
0.160658
0.159269
0.133673
0.0274548
0.0589018
0.0854813
0.093786
0.095634
0.102333
0.0909728
0.0233227
0.0273554
0.0886223
0.107718
0.10632
0.105137
0.104189
0.0807989
0.0270375
0.0862269
0.119071
0.129778
0.128864
0.128299
0.127904
0.11503
0.0815725
0.0419811
0.0427055
0.0540553
0.0538556
0.0535855
0.0539695
0.0419333
0.0417055
0.0421992
0.0425522
0.053774
0.053864
0.0535715
0.0537642
0.0415071
0.0420318
0.042157
0.0425424
0.0537262
0.0537445
0.0536601
0.053653
0.0416422
0.0418658
0.0421345
0.0425649
0.0536826
0.0537262
0.0533619
0.0535236
0.0415099
0.041818
0.0755354
0.111446
0.124495
0.126606
0.128695
0.130906
0.120507
0.0903609
0.0272274
0.0887545
0.10671
0.105764
0.104251
0.102954
0.079246
0.0271247
0.0153848
0.0848646
0.0853609
0.0789092
0.0714649
0.0655095
0.0491321
0.0148885
0.000496284
0.0163774
0.0193551
0.0188588
0.0188588
0.0183625
0.0148885
0
0.0143922
0.0148885
0.0178662
0.0173699
0.0178662
0.0173699
0.013896
0.013896
0.0133997
0.013896
0.0168737
0.0163774
0.0168737
0.0163774
0.0129034
0.0129034
0.0124071
0.0129034
0.0158811
0.0153848
0.0158811
0.0153848
0.0119108
0.0119108
0.0114145
0.0119108
0.0148885
0.0143922
0.0148885
0.0143922
0.0109182
0.0109182
0.0277919
0.0327547
0.0322585
0.0282882
0.0243179
0.0203476
0.0133997
0
0.00794055
0.0555838
0.0456581
0.0377176
0.029777
0.0218365
0
0.00794055
0.0298515
0.0661872
0.0838249
0.0857008
0.086863
0.0824791
0.0784418
0.0159453
0.0625985
0.0770349
0.0990157
0.0966096
0.103359
0.092134
0.0943718
0.0654939
0.0434315
0.0272416
0.0465105
0.0374571
0.0504662
0.0393331
0.0426516
0.0253249
0.0396389
0.0307079
0.0449608
0.0420042
0.0487942
0.0429625
0.0397562
0.0283019
0.0359482
0.0342966
0.0416372
0.0448385
0.0453278
0.0455929
0.0356577
0.0310953
0.0325634
0.0360502
0.0375183
0.0493039
0.0403526
0.0481825
0.0326399
0.0377018
0.0759338
0.100137
0.100382
0.109741
0.100198
0.104358
0.0801546
0.0638423
0.0210837
0.0722635
0.0793186
0.0857416
0.0832947
0.079706
0.0646171
0.0255492
0.0282884
0.0799595
0.0962234
0.0996628
0.098703
0.0958768
0.0727874
0.0253823
0.0667618
0.0995828
0.110568
0.11582
0.116806
0.111874
0.104809
0.0774533
0.0430859
0.0364737
0.0456721
0.048125
0.0492982
0.0414062
0.0369803
0.0375935
0.0411129
0.03882
0.0455388
0.0499114
0.0494581
0.0414328
0.0342074
0.0352472
0.0434058
0.0390333
0.0475118
0.0474318
0.0473785
0.0414595
0.0338342
0.035034
0.0433259
0.036927
0.0471652
0.0469786
0.0474851
0.0417261
0.0356805
0.0348207
0.0728941
0.101796
0.110808
0.11534
0.115313
0.112994
0.105428
0.0798795
0.0274886
0.0702545
0.0853186
0.0854786
0.0859052
0.0854252
0.0700146
0.021063
0
0
0
0
0
0
0
0
0
0
0
0
0
0
0
0
0
0
0
0
0
0
0
0
0
0
0
0
0
0
0
0
0
0
0
0
0
0
0
0
0
0
0
0
0
0
0
0
0
0
0
0
0
0
0
0
0
0
0
0
0
0
0
0
0
0
0
0
0
0
0
0
0
0
0
0
0
0
0
0
0
0
0
0
0
0
0
0
0
0
0
0
0
0
0
0
0
0
0
0
0
0
0
0
0
0
0
0
0
0
0
0
0
0
0
0
0
0
0
0
0
0
0
0
0
0
0
0
0
0
0
0
0
0
0
0
0
0
0
0
0
0
0
0
0
0
0
0
0
0
0
0
0
0
0
0
0
0
0
0
0
0
0
0
0
0
0
0
0
0
0
0
0
0
0
0
0
0
0
0
0
0
0
0
0
0
0
0
0
0
0
0
0
0
0
0
0
0
0
0
0
0
0
0
0
0
0
0
0
0
0
0
0
0
0
0
0
0
0
0
0
0
0
0
0
0
0
0
0
0
0
0
0
0
0
0
0
0
0
0
0
0
0
0
0
0
0
0
0
0
0
0
0
0
0
0
0.0276792
0.152682
0.152682
0.141967
0.126789
0.116074
0.0866091
0.0250006
0.000892877
0.0285721
0.0348222
0.0348222
0.0321436
0.0330365
0.0261167
0
0.0258934
0.0258934
0.0321436
0.0321436
0.0303578
0.0312507
0.0243309
0.0232148
0.0241077
0.0241077
0.0303578
0.0303578
0.0285721
0.0294649
0.0225451
0.021429
0.0223219
0.0223219
0.0285721
0.0285721
0.0267863
0.0276792
0.0207594
0.0196433
0.0205362
0.0205362
0.0267863
0.0267863
0.0250006
0.0258934
0.0198665
0.0187504
0.0500011
0.0589299
0.058037
0.0517869
0.0428581
0.036608
0.0243309
0
0.0151789
0.100002
0.0821447
0.0687515
0.0535726
0.0392866
0
0.014286
0.0369475
0.116014
0.14711
0.144949
0.144674
0.146017
0.116132
0.0374565
0.115446
0.1602
0.178998
0.175482
0.17643
0.17677
0.161213
0.114174
0.0578248
0.0560714
0.0748943
0.0729485
0.0749067
0.0738625
0.0587495
0.0582375
0.0572212
0.056554
0.0754901
0.0728182
0.0749517
0.073684
0.058928
0.0578651
0.0568441
0.0559535
0.0758051
0.0725187
0.0754482
0.0733365
0.0584671
0.0571002
0.0567634
0.0556385
0.0751984
0.0728306
0.0754048
0.0730432
0.0576277
0.0575393
0.115037
0.159691
0.178857
0.175746
0.178658
0.178204
0.162404
0.11575
0.0364277
0.114886
0.144525
0.142042
0.143681
0.143634
0.11293
0.0371337
0.0368373
0.115705
0.146763
0.144555
0.144308
0.145638
0.115832
0.0373587
0.115151
0.159772
0.178566
0.175007
0.175989
0.176291
0.160783
0.113866
0.0576523
0.0559042
0.0747266
0.072731
0.0747313
0.07367
0.0586006
0.0580855
0.0570505
0.0563853
0.0753207
0.072601
0.0747761
0.0734782
0.0587785
0.0577142
0.0566746
0.0557866
0.0756347
0.0723024
0.0752712
0.0731316
0.0583191
0.0569515
0.0565941
0.0554726
0.0750298
0.0726134
0.0752278
0.0728393
0.0574821
0.0573893
0.114734
0.159255
0.178421
0.175256
0.178218
0.177712
0.161999
0.115438
0.0363191
0.114581
0.144156
0.141652
0.143321
0.143231
0.112617
0.0370601
0.0368484
0.11576
0.146838
0.144617
0.144373
0.145694
0.115881
0.0373714
0.115206
0.15984
0.178662
0.175079
0.176077
0.176365
0.160853
0.113922
0.0576696
0.055921
0.0747784
0.0727528
0.0747723
0.0737076
0.0586244
0.0581168
0.0570676
0.0564022
0.0753727
0.0726228
0.0748171
0.073508
0.0588024
0.0577454
0.0566916
0.0558034
0.0756868
0.0723242
0.0753123
0.0731613
0.0583428
0.0569825
0.0566111
0.0554892
0.0750817
0.0726352
0.075269
0.0728689
0.0575056
0.0574205
0.114789
0.159323
0.17855
0.175336
0.178331
0.177797
0.162087
0.1155
0.03633
0.11464
0.144246
0.141719
0.143412
0.143308
0.112682
0.0371053
0.0369115
0.115921
0.147017
0.144823
0.144558
0.145894
0.116036
0.0374324
0.115352
0.160063
0.178866
0.175325
0.176286
0.176607
0.16107
0.114069
0.0577684
0.0560168
0.074843
0.0728775
0.0748523
0.0737905
0.0587016
0.0581993
0.0571654
0.0564989
0.0754383
0.0727472
0.0748973
0.0736122
0.0588799
0.0578273
0.0567887
0.055899
0.0757529
0.0724481
0.0753933
0.073265
0.0584195
0.0570631
0.0567081
0.0555843
0.0751468
0.0727597
0.0753499
0.072972
0.0575809
0.0575018
0.114946
0.159557
0.178726
0.175596
0.178526
0.178046
0.162273
0.11565
0.0363922
0.114787
0.1444
0.141918
0.143564
0.143504
0.112829
0.0371316
0.0651518
0.204936
0.260777
0.255956
0.255578
0.25789
0.205155
0.066
0.203883
0.2828
0.316818
0.309712
0.311608
0.312035
0.284874
0.201634
0.101966
0.0988742
0.132887
0.128514
0.132348
0.130391
0.104029
0.102598
0.100902
0.0997251
0.133937
0.128336
0.132427
0.13
0.104346
0.101941
0.100237
0.0986663
0.134493
0.127808
0.133302
0.129387
0.103534
0.100592
0.100094
0.0981108
0.133423
0.128358
0.133226
0.12887
0.102054
0.101367
0.203256
0.281988
0.31655
0.310224
0.315789
0.314637
0.28747
0.204457
0.0642353
0.202947
0.255648
0.250793
0.253956
0.253674
0.199475
0.0652859
0.0651518
0.204936
0.260777
0.255956
0.255578
0.25789
0.205155
0.066
0.203883
0.2828
0.316818
0.309712
0.311608
0.312035
0.284874
0.201634
0.101966
0.0988742
0.132887
0.128514
0.132348
0.130391
0.104029
0.102598
0.100902
0.0997251
0.133937
0.128336
0.132427
0.13
0.104346
0.101941
0.100237
0.0986663
0.134493
0.127808
0.133302
0.129387
0.103534
0.100592
0.100094
0.0981108
0.133423
0.128358
0.133226
0.12887
0.102054
0.101367
0.203256
0.281988
0.31655
0.310224
0.315789
0.314637
0.28747
0.204457
0.0642353
0.202947
0.255648
0.250793
0.253956
0.253674
0.199475
0.0652859
0.052893
0.167055
0.208827
0.209748
0.209351
0.209439
0.166936
0.0529779
0.167074
0.232817
0.256588
0.258108
0.257562
0.257781
0.233559
0.167049
0.0830332
0.0831185
0.106624
0.107166
0.106346
0.107447
0.083889
0.0830971
0.0832407
0.0833168
0.107156
0.106687
0.106049
0.106937
0.0836491
0.0833125
0.0832709
0.0830122
0.107199
0.106552
0.106092
0.106789
0.083115
0.0832783
0.0831593
0.0825197
0.107189
0.107256
0.106653
0.106536
0.0832661
0.0831435
0.166988
0.231145
0.256742
0.257058
0.256531
0.256243
0.232835
0.166999
0.053442
0.166996
0.208238
0.207649
0.206681
0.206505
0.164618
0.0533514
0.036804
0.108858
0.135497
0.135021
0.133677
0.134917
0.108929
0.0347686
0.108982
0.154646
0.165781
0.165188
0.164436
0.16638
0.154768
0.108741
0.0548428
0.0555556
0.0692659
0.0682224
0.0703257
0.0701787
0.056794
0.0528605
0.0559677
0.0546165
0.0697752
0.0683422
0.0710953
0.0695675
0.0547387
0.0548268
0.0559052
0.0543203
0.0693378
0.068593
0.0716295
0.0692011
0.0526062
0.0572597
0.0568075
0.0534435
0.0679527
0.0700027
0.0719154
0.0686438
0.0523023
0.0575268
0.109172
0.150412
0.166337
0.169444
0.169727
0.168259
0.149347
0.108921
0.0350029
0.10883
0.136194
0.138021
0.137776
0.137648
0.108854
0.0348577
0.043923
0.136985
0.172034
0.171446
0.171307
0.172135
0.137069
0.0437677
0.136896
0.191854
0.210729
0.210611
0.210588
0.210785
0.192077
0.136871
0.0682689
0.0687154
0.0874754
0.088306
0.0882292
0.0879815
0.0685719
0.0684188
0.0684252
0.0687829
0.0874273
0.0881057
0.0882881
0.0881818
0.0686972
0.0680548
0.0684584
0.0692272
0.0874497
0.0879655
0.0882132
0.0883391
0.0686105
0.0680312
0.068482
0.0688503
0.0876757
0.0879551
0.0879712
0.0880747
0.068512
0.0681072
0.136864
0.191856
0.210589
0.210962
0.2104
0.211141
0.191818
0.136843
0.0441221
0.136931
0.172094
0.171596
0.171261
0.171827
0.136803
0.0438009
0.0735144
0.230347
0.287505
0.287353
0.287185
0.287033
0.229223
0.0737983
0.229407
0.319666
0.352419
0.352375
0.352295
0.352279
0.31935
0.228995
0.114149
0.114943
0.147736
0.14774
0.147728
0.147796
0.114907
0.114592
0.114285
0.114943
0.14776
0.14774
0.147752
0.147796
0.114927
0.114596
0.114433
0.114947
0.147779
0.147744
0.147772
0.1478
0.114943
0.114592
0.114605
0.114955
0.147795
0.147752
0.147788
0.147808
0.114951
0.114668
0.230143
0.320374
0.353139
0.352988
0.352952
0.352864
0.319935
0.229518
0.0735824
0.229995
0.287413
0.287309
0.287349
0.287317
0.229775
0.0735064
0
0
0
0
0
0
0
0
0
0
0
0
0
0
0
0
0
0
0
0
0
0
0
0
0
0
0
0
0
0
0
0
0
0
0
0
0
0
0
0
0
0
0
0
0
0
0
0
0
0
0
0
0
0
0
0
0
0
0
0
0
0
0
0
0
0
0
0
0
0
0
0
0
0
0
0
0
0
0
0
0
0
0
0
0
0
0
0
0
0
0
0
0
0
0
0
0
0
0
0
0
0
0
0
0
0
0
0
0
0
0
0
0
0
0
0
0
0
0
0
0
0
0
0
0
0
0
0
0.0515314
0.166042
0.20169
0.199105
0.196873
0.195161
0.151387
0.0506752
0.161588
0.223798
0.242907
0.241269
0.240142
0.239929
0.215593
0.152861
0.0786615
0.0813088
0.100928
0.100649
0.100045
0.10108
0.078953
0.0782649
0.0790659
0.0803423
0.1004
0.100662
0.100016
0.100694
0.0778473
0.0788716
0.0789845
0.0803187
0.100308
0.100439
0.100179
0.100484
0.0780994
0.078559
0.0789398
0.0803581
0.100224
0.100402
0.0996196
0.100237
0.0778499
0.0784671
0.141604
0.209345
0.233059
0.237135
0.240904
0.245274
0.22591
0.169344
0.0510928
0.166257
0.199771
0.198208
0.195214
0.192897
0.148598
0.0514316
0.0291958
0.151287
0.153647
0.139491
0.12622
0.112065
0.0902415
0.0238875
0.000884721
0.0280162
0.0353888
0.0309652
0.0336194
0.0291958
0.0274263
0
0.0274263
0.025362
0.0327347
0.0283111
0.03185
0.0274263
0.0256569
0.022118
0.0256569
0.0235926
0.0309652
0.0274263
0.0300805
0.0265416
0.0238875
0.0203486
0.0238875
0.022118
0.0291958
0.0265416
0.0283111
0.0256569
0.022118
0.0194639
0.022118
0.0212333
0.0274263
0.0256569
0.0265416
0.0247722
0.0203486
0.0185791
0.0495444
0.0592763
0.0583916
0.0504291
0.0433513
0.0353888
0.0238875
0
0.015925
0.0990887
0.082279
0.0672388
0.0530833
0.0389277
0
0.0141555
0.0547893
0.118338
0.150274
0.153915
0.156114
0.148328
0.141371
0.0277191
0.111633
0.137947
0.176551
0.173127
0.187077
0.165377
0.170568
0.117725
0.0803817
0.0481569
0.0817875
0.0670809
0.0912314
0.069532
0.0794085
0.0438675
0.0736772
0.0542847
0.0794085
0.075119
0.0883117
0.0759481
0.07274
0.0491302
0.067153
0.0606287
0.0730284
0.0801294
0.082184
0.080598
0.0654949
0.0540684
0.0611694
0.0637286
0.0657472
0.0880234
0.0733889
0.0851758
0.0606648
0.0641251
0.136541
0.179147
0.178318
0.197602
0.180877
0.186428
0.145372
0.114553
0.044228
0.129368
0.141623
0.155032
0.149157
0.142344
0.11513
0.0443361
0.0224001
0.0631568
0.0759819
0.0788671
0.0779826
0.0758135
0.0576182
0.0201959
0.0527325
0.0787407
0.087354
0.0917132
0.092324
0.0884701
0.0828894
0.0613247
0.0340459
0.0288512
0.0360535
0.0381805
0.0388333
0.0327051
0.0292092
0.0297568
0.0325085
0.0307676
0.0359482
0.0395915
0.0389597
0.0327261
0.0270191
0.0279036
0.0343196
0.0309993
0.0375066
0.037633
0.0373381
0.0327472
0.0267242
0.0277351
0.0343407
0.0293145
0.0372539
0.037275
0.0374224
0.0329578
0.0281984
0.0275666
0.0575972
0.0805939
0.0876277
0.0914184
0.0911446
0.0893757
0.0834159
0.0631989
0.0218104
0.0555965
0.0676003
0.0677688
0.0680005
0.0676214
0.055407
0.016679
0.0782592
0.105426
0.184067
0.199278
0.179165
0.115493
0.104638
0.0110392
0.0780196
0.148767
0.144671
0.164364
0.212534
0.14844
0.088864
0.0775046
0.067531
0.0707723
0.0379414
0.0376618
0.0902954
0.0708854
0.0431506
0.0111179
0.0519671
0.0595648
0.0586159
0.0486859
0.0747326
0.0597784
0.0640411
0.022355
0.0313724
0.048528
0.0793425
0.0597766
0.0539732
0.048643
0.0747578
0.0333828
0.0107233
0.0373859
0.0900065
0.0708092
0.0331365
0.0375583
0.0855477
0.0444523
0.105449
0.121055
0.200139
0.24375
0.206246
0.194539
0.190377
0.104831
0.0108553
0.0780638
0.0892591
0.133249
0.144545
0.133105
0.0777884
0.0554612
0.0579534
0.218494
0.238028
0.230005
0.211052
0.203752
0.135197
0.050477
0.145521
0.209221
0.228294
0.234819
0.223438
0.224986
0.200102
0.12922
0.0876186
0.0815223
0.10606
0.112022
0.107809
0.102939
0.088401
0.0751868
0.0906226
0.0826245
0.109582
0.109807
0.110116
0.105629
0.0913072
0.0755486
0.0939261
0.0821758
0.111058
0.113086
0.113297
0.106149
0.0938128
0.0775527
0.0969068
0.0834519
0.114795
0.115056
0.116071
0.108261
0.0965652
0.0776148
0.149512
0.24092
0.279858
0.305734
0.317886
0.33852
0.335382
0.281601
0.0570561
0.124032
0.180021
0.19776
0.201322
0.215687
0.191621
0.0491388
0.0782592
0.105426
0.184067
0.199278
0.179165
0.115493
0.104638
0.0110392
0.0780196
0.148767
0.144671
0.164364
0.212534
0.14844
0.088864
0.0775046
0.067531
0.0707723
0.0379414
0.0376618
0.0902954
0.0708854
0.0431506
0.0111179
0.0519671
0.0595648
0.0586159
0.0486859
0.0747326
0.0597784
0.0640411
0.022355
0.0313724
0.048528
0.0793425
0.0597766
0.0539732
0.048643
0.0747578
0.0333828
0.0107233
0.0373859
0.0900065
0.0708092
0.0331365
0.0375583
0.0855477
0.0444523
0.105449
0.121055
0.200139
0.24375
0.206246
0.194539
0.190377
0.104831
0.0108553
0.0780638
0.0892591
0.133249
0.144545
0.133105
0.0777884
0.0554612
