0.0229391
0.0984092
0.0365087
0.0361247
0.0353354
0.0355878
0.0982095
0.0227208
0.0878684
0.100098
0.035084
0.0349047
0.0349437
0.0354543
0.100336
0.0870615
0.0912254
0.111648
0.0469921
0.0471178
0.0470369
0.0476518
0.112202
0.0905267
0.0908044
0.112116
0.0477872
0.0471899
0.0472864
0.0478691
0.112299
0.0905696
0.0903299
0.111069
0.04707
0.0460254
0.0466289
0.0466266
0.110959
0.0900453
0.090248
0.110862
0.0463704
0.0457769
0.046268
0.0460166
0.11048
0.0909116
0.0880486
0.101214
0.0372415
0.0368468
0.0369521
0.0367893
0.100726
0.0884491
0.0235365
0.0983313
0.03646
0.0359786
0.0368751
0.0366451
0.0972038
0.0237518
0.0240354
0.102384
0.0378141
0.0379073
0.0379299
0.0377765
0.102177
0.0243085
0.0915405
0.105398
0.0377957
0.037829
0.0379513
0.0378325
0.104459
0.0915244
0.094045
0.115795
0.0484626
0.0487488
0.0486146
0.0485143
0.115049
0.0940005
0.0943479
0.116298
0.0488218
0.0488716
0.0486188
0.0484597
0.114731
0.0941043
0.0940782
0.115638
0.048525
0.0485914
0.0485113
0.0485143
0.114685
0.0939577
0.0939773
0.115626
0.0486918
0.0488752
0.04889
0.048839
0.115335
0.094381
0.0913689
0.1048
0.0377346
0.037886
0.037769
0.0377381
0.104296
0.0918052
0.0239725
0.101847
0.0372241
0.0373974
0.037395
0.0374455
0.101475
0.0244642
0.0231928
0.0969235
0.0357004
0.0358714
0.0358543
0.0355505
0.0968206
0.0232471
0.0869406
0.0991195
0.0352986
0.0354127
0.0355255
0.0355078
0.0988245
0.086489
0.0900485
0.110334
0.0457492
0.0456845
0.0459667
0.046001
0.109788
0.089012
0.0902228
0.110279
0.0461178
0.046156
0.0460226
0.0463242
0.109739
0.0893424
0.0898565
0.110113
0.0462831
0.0461931
0.0461112
0.045825
0.109966
0.0893507
0.0899876
0.109742
0.046099
0.046306
0.0461156
0.0460221
0.110024
0.088903
0.0872339
0.0999053
0.0359174
0.0357652
0.0356185
0.0358521
0.0996347
0.0865521
0.022794
0.0968582
0.0353911
0.0355604
0.035494
0.0356526
0.097263
0.0229637
0.0246115
0.10541
0.038413
0.0389039
0.0388644
0.038828
0.10622
0.0251617
0.0950408
0.109112
0.0381385
0.0381552
0.0390391
0.0386718
0.108546
0.0949686
0.0981943
0.121708
0.0523007
0.0512748
0.0505606
0.0511149
0.120916
0.0978881
0.0980067
0.120843
0.0512468
0.0507557
0.0505514
0.0510896
0.120989
0.0980135
0.0977375
0.120339
0.0503699
0.0501952
0.0505779
0.0514112
0.121518
0.09824
0.0979641
0.121061
0.0513174
0.05061
0.0504082
0.0506088
0.120523
0.0979252
0.0951346
0.109517
0.0401637
0.0400841
0.0394088
0.039115
0.109083
0.0949784
0.0249924
0.105763
0.0383935
0.0385792
0.0388731
0.0391638
0.106283
0.0249992
0.0339885
0.11341
0.0343075
0.0240578
0.010286
0.0143954
0.0798309
0.0101601
0.0989231
0.127062
0.07219
0.0721872
0.0579187
0.0475598
0.0993506
0.0844494
0.10379
0.131487
0.0838107
0.0941022
0.0941
0.0802157
0.131666
0.0981593
0.102464
0.125233
0.0765617
0.0866984
0.0866934
0.0753651
0.125676
0.0995843
0.101871
0.122135
0.0746679
0.0848659
0.0848609
0.073596
0.122661
0.10099
0.0993599
0.118839
0.0685972
0.0787395
0.0787367
0.0694848
0.119461
0.100658
0.0898078
0.089765
0.0386687
0.0485983
0.0587684
0.0587668
0.110401
0.100244
0.0099875
0.0714282
0.0102587
0.00959492
0.0196348
0.0294819
0.101029
0.0301067
0.0261613
0.111052
0.0408118
0.0407961
0.0407824
0.0407677
0.11064
0.0261812
0.0991444
0.114033
0.0408814
0.0408658
0.0408516
0.0408359
0.113638
0.0989516
0.102122
0.125683
0.0525486
0.052533
0.0525159
0.0525003
0.125323
0.101926
0.102148
0.125663
0.0525543
0.0525401
0.0525244
0.0525102
0.12535
0.101943
0.102171
0.125642
0.0525571
0.0525429
0.0525273
0.0525131
0.125374
0.101959
0.102189
0.12561
0.05255
0.052533
0.0525159
0.0524989
0.125383
0.10196
0.0992927
0.11392
0.0408814
0.0408658
0.0408487
0.0408331
0.113739
0.099054
0.0262082
0.110924
0.040816
0.040789
0.040789
0.040772
0.110792
0.0261684
0.0180104
0.0964844
0.0296563
0.0307974
0.030247
0.0320928
0.072419
0.0210863
0.063497
0.0959528
0.0299348
0.0317247
0.0311594
0.0326189
0.0772318
0.0673637
0.0671559
0.0998985
0.0390558
0.0398068
0.0407611
0.0400709
0.0893916
0.0776103
0.0670426
0.0939711
0.0385949
0.0377555
0.0394642
0.039263
0.0914606
0.0847181
0.067572
0.08834
0.0376748
0.0377311
0.0392127
0.0386015
0.0943097
0.0930007
0.0680134
0.0838488
0.0383241
0.0380809
0.0396703
0.0387568
0.0971946
0.10032
0.0644875
0.0733872
0.0306482
0.032001
0.0315822
0.0332466
0.0920453
0.110486
0.0188902
0.0667845
0.0285212
0.0309046
0.0305438
0.0324592
0.0908289
0.0218025
0.0199648
0.0890837
0.0318076
0.0315597
0.0313339
0.0312105
0.0829682
0.0204986
0.0767693
0.0912453
0.0314345
0.0313308
0.0314046
0.0314669
0.0852405
0.0757798
0.0773327
0.0999686
0.0404434
0.040263
0.0400014
0.0400953
0.093755
0.0786988
0.0764845
0.100039
0.040456
0.0404392
0.0401934
0.0401406
0.0934396
0.0800913
0.0755013
0.100146
0.0406597
0.0405447
0.0405077
0.0403347
0.0935243
0.0809891
0.0743672
0.100068
0.0407282
0.0406586
0.0404982
0.0403358
0.0934037
0.0819839
0.0704439
0.0910469
0.0315439
0.0312833
0.0313202
0.0312116
0.0840221
0.0809416
0.0200207
0.0891839
0.0317148
0.0318477
0.0316757
0.0315819
0.0821
0.0207054
0.00521098
0.0710927
0.0141441
0.012283
0.00930533
0.00781647
0.040199
0.0029777
0.00483877
0.0677428
0.0126552
0.0111664
0.00967754
0.00818869
0.0361047
0
0.0100498
0.068115
0.0156329
0.0141441
0.0126552
0.0111664
0.0338714
0.0029777
0.0130275
0.0651373
0.0156329
0.0141441
0.0126552
0.0111664
0.027916
0.0029777
0.0160052
0.0621596
0.0156329
0.0141441
0.0126552
0.0111664
0.0219606
0.0029777
0.0189829
0.0591819
0.0156329
0.0141441
0.0126552
0.0109182
0.0160052
0.0029777
0.0208439
0.0535987
0.0126552
0.0111664
0.00967754
0.00806462
0.00831276
0
0.00446656
0.050621
0.0119108
0.0100498
0.00818869
0.00632762
0.00446656
0.00260549
0.0165162
0.066386
0.0214864
0.02011
0.022618
0.0219146
0.0737265
0.0131824
0.0588161
0.0694751
0.026793
0.0272212
0.0250955
0.0247998
0.0769839
0.0584643
0.0641074
0.0759134
0.0287963
0.0297751
0.0309883
0.0281183
0.0800119
0.058449
0.0654684
0.0796143
0.0336135
0.0351734
0.0356679
0.0319925
0.0809906
0.0594889
0.065392
0.0788955
0.0306926
0.0325125
0.0332465
0.029928
0.0773356
0.0586478
0.0655296
0.0766169
0.0264412
0.0303409
0.0289951
0.027787
0.0760816
0.0615382
0.0677471
0.0752099
0.0254472
0.0254166
0.0252943
0.0268847
0.0671659
0.0587243
0.0180914
0.0741853
0.0280317
0.0292857
0.0257531
0.0256307
0.0679917
0.0171738
0.0207564
0.0829457
0.0315945
0.0333342
0.0330943
0.0328943
0.0781065
0.0217362
0.0632491
0.0825657
0.0309946
0.0315146
0.0318745
0.0304947
0.0780665
0.0726275
0.0666885
0.0871849
0.0356139
0.0360738
0.0381334
0.0370936
0.086785
0.0744671
0.0641889
0.0850653
0.0335742
0.0357538
0.0362537
0.034974
0.0827657
0.0721275
0.067295
0.0850453
0.0354339
0.0343141
0.034474
0.034754
0.0824458
0.0723075
0.0675283
0.0820858
0.035034
0.0339141
0.0343541
0.034734
0.0836256
0.0725275
0.0640489
0.0719476
0.0239559
0.0257356
0.0244558
0.0248157
0.0729674
0.071161
0.017377
0.0710077
0.0241958
0.0239759
0.0237759
0.0239759
0.0702279
0.0159173
0
0
0
0
0
0
0
0
0
0
0
0
0
0
0
0
0
0
0
0
0
0
0
0
0
0
0
0
0
0
0
0
0
0
0
0
0
0
0
0
0
0
0
0
0
0
0
0
0
0
0
0
0
0
0
0
0
0
0
0
0
0
0
0
0
0
0
0
0
0
0
0
0
0
0
0
0
0
0
0
0
0
0
0
0
0
0
0
0
0
0
0
0
0
0
0
0
0
0
0
0
0
0
0
0
0
0
0
0
0
0
0
0
0
0
0
0
0
0
0
0
0
0
0
0
0
0
0
0
0
0
0
0
0
0
0
0
0
0
0
0
0
0
0
0
0
0
0
0
0
0
0
0
0
0
0
0
0
0
0
0
0
0
0
0
0
0
0
0
0
0
0
0
0
0
0
0
0
0
0
0
0
0
0
0
0
0
0
0
0
0
0
0
0
0
0
0
0
0
0
0
0
0
0
0
0
0
0
0
0
0
0
0
0
0
0
0
0
0
0
0
0
0
0
0
0
0
0
0
0
0
0
0
0
0
0
0
0
0
0
0
0
0
0
0
0
0
0
0
0
0
0
0
0
0
0
0.00937521
0.127905
0.025447
0.0220987
0.0167414
0.0140628
0.0729927
0.00535726
0.00870555
0.121878
0.0227684
0.0200897
0.0174111
0.0147325
0.0656265
0
0.0180808
0.122547
0.0281256
0.025447
0.0227684
0.0200897
0.0616085
0.00535726
0.023438
0.11719
0.0281256
0.025447
0.0227684
0.0200897
0.050894
0.00535726
0.0287953
0.111833
0.0281256
0.025447
0.0227684
0.0200897
0.0401795
0.00535726
0.0341525
0.106476
0.0281256
0.025447
0.0227684
0.0200897
0.0294649
0.0046876
0.0375008
0.0964307
0.0227684
0.0200897
0.0167414
0.0140628
0.0154021
0
0.00825911
0.0910735
0.021429
0.0187504
0.0154021
0.0120538
0.00870555
0.0046876
0.0364929
0.156634
0.0580311
0.0574819
0.056225
0.0566269
0.156327
0.0361639
0.139878
0.159375
0.0558635
0.055578
0.0556401
0.0564531
0.159739
0.138618
0.145241
0.177769
0.0748291
0.0750293
0.0749005
0.0758842
0.178638
0.144141
0.14457
0.178512
0.0760906
0.0751395
0.0752931
0.0762209
0.178789
0.144206
0.143815
0.176844
0.0749486
0.0732853
0.0742473
0.0742442
0.176657
0.143371
0.143684
0.176516
0.0738345
0.0728896
0.0736716
0.0732713
0.175895
0.14475
0.140173
0.161171
0.0594059
0.058703
0.0588938
0.0586223
0.160351
0.140824
0.0374471
0.156498
0.0579954
0.0572289
0.0586239
0.0582887
0.154707
0.0377497
0.0364042
0.156232
0.0579137
0.0573274
0.0560743
0.056475
0.155917
0.0360607
0.139521
0.158932
0.0556969
0.0554122
0.0554741
0.0562847
0.159309
0.138239
0.14486
0.177284
0.0746214
0.074821
0.0746926
0.0756858
0.178164
0.143751
0.144184
0.178013
0.0758637
0.0749153
0.0750685
0.0759936
0.178304
0.143813
0.143431
0.176349
0.0747251
0.0730667
0.0740258
0.0740227
0.176178
0.142981
0.143301
0.176022
0.0736143
0.0726722
0.0734519
0.0730527
0.175418
0.144356
0.139829
0.160774
0.059306
0.0585913
0.0588002
0.0585093
0.159988
0.140462
0.0373602
0.156107
0.0578843
0.0571114
0.0585227
0.0581659
0.154326
0.0376851
0.0364151
0.156299
0.0579404
0.0573508
0.0560974
0.0564982
0.155982
0.0360731
0.13958
0.158996
0.0557136
0.0554289
0.0554908
0.0563016
0.159372
0.138304
0.144924
0.177363
0.0746531
0.0748527
0.0747243
0.0757239
0.178238
0.143817
0.144244
0.178086
0.0758864
0.0749378
0.075091
0.0760164
0.178374
0.143878
0.143491
0.176423
0.0747475
0.0730886
0.074048
0.0740449
0.176248
0.143045
0.143361
0.176094
0.0736364
0.072694
0.0734739
0.0730747
0.175488
0.144421
0.13991
0.160877
0.0593935
0.0586569
0.0588735
0.0585656
0.160097
0.140552
0.0373854
0.156197
0.0579373
0.0571574
0.0585811
0.0582174
0.154433
0.0377413
0.0364697
0.156519
0.0580087
0.0574382
0.0561826
0.0565841
0.156203
0.0361334
0.139767
0.159238
0.0558091
0.0555238
0.0555858
0.0563981
0.159607
0.138494
0.145118
0.177615
0.0747562
0.0749562
0.0748275
0.0758103
0.178487
0.144009
0.144448
0.178357
0.0760165
0.0750662
0.0752197
0.0761467
0.178638
0.144075
0.143693
0.176691
0.0748756
0.0732138
0.0741749
0.0741718
0.176508
0.143241
0.143563
0.176362
0.0737626
0.0728186
0.0735998
0.0731999
0.175747
0.144619
0.140071
0.161055
0.0593805
0.0586721
0.058869
0.0585869
0.160235
0.140705
0.0374215
0.156379
0.0579606
0.0571949
0.0585931
0.0582521
0.154591
0.0377455
0.0646101
0.276967
0.103427
0.101898
0.0996813
0.10039
0.276419
0.0640218
0.247118
0.28138
0.0985076
0.0980041
0.0981136
0.0995473
0.282039
0.244891
0.256473
0.313835
0.131975
0.132263
0.132088
0.133888
0.315365
0.254541
0.255272
0.315121
0.134175
0.132498
0.132769
0.134405
0.315629
0.254662
0.25394
0.31218
0.132162
0.129228
0.130925
0.130919
0.311866
0.25319
0.25371
0.3116
0.130194
0.128528
0.129907
0.129201
0.310519
0.25562
0.247764
0.285035
0.105498
0.104182
0.104658
0.104024
0.284031
0.248878
0.0661232
0.276441
0.102609
0.101091
0.103681
0.102981
0.273245
0.0664843
0.0646101
0.276967
0.103427
0.101898
0.0996813
0.10039
0.276419
0.0640218
0.247118
0.28138
0.0985076
0.0980041
0.0981136
0.0995473
0.282039
0.244891
0.256473
0.313835
0.131975
0.132263
0.132088
0.133888
0.315365
0.254541
0.255272
0.315121
0.134175
0.132498
0.132769
0.134405
0.315629
0.254662
0.25394
0.31218
0.132162
0.129228
0.130925
0.130919
0.311866
0.25319
0.25371
0.3116
0.130194
0.128528
0.129907
0.129201
0.310519
0.25562
0.247764
0.285035
0.105498
0.104182
0.104658
0.104024
0.284031
0.248878
0.0661232
0.276441
0.102609
0.101091
0.103681
0.102981
0.273245
0.0664843
0.052918
0.226365
0.0832564
0.0836102
0.0836399
0.0833759
0.225928
0.0536863
0.202325
0.23303
0.0834311
0.0835086
0.0835926
0.0834232
0.230842
0.202248
0.208151
0.25671
0.107598
0.108247
0.107894
0.107901
0.254948
0.208057
0.20834
0.257323
0.108359
0.108246
0.107844
0.107392
0.254333
0.208242
0.207944
0.255461
0.106835
0.1068
0.106587
0.106617
0.253061
0.207683
0.207988
0.255629
0.107445
0.107735
0.107802
0.10765
0.254735
0.208476
0.202333
0.2319
0.0834928
0.0833615
0.0833365
0.0835125
0.230663
0.203198
0.0532726
0.226061
0.0833151
0.0836557
0.0837463
0.0839197
0.225225
0.0547001
0.0353051
0.147742
0.054594
0.0546308
0.0544664
0.0545392
0.147662
0.0351881
0.13242
0.15159
0.0545717
0.0545246
0.0545752
0.0545127
0.151382
0.131862
0.136513
0.167582
0.0697168
0.0694554
0.0696725
0.0699816
0.167602
0.135998
0.137132
0.16832
0.0701536
0.0703728
0.0703291
0.070288
0.167525
0.135511
0.136539
0.167689
0.0702315
0.0700218
0.0700012
0.069868
0.167739
0.136104
0.136562
0.166977
0.0700149
0.0702957
0.0700321
0.0701705
0.16784
0.135654
0.132946
0.151777
0.0541779
0.0540045
0.0540376
0.0539151
0.152004
0.131915
0.0352469
0.148245
0.0546522
0.0546616
0.0547233
0.0551444
0.148923
0.0355083
0.0430867
0.184317
0.0671232
0.0680237
0.067862
0.0678481
0.185582
0.0438844
0.166082
0.190627
0.0663952
0.0666147
0.068421
0.0675087
0.189885
0.166021
0.171488
0.212674
0.0914457
0.0899798
0.0885997
0.0892689
0.21173
0.171619
0.171249
0.21098
0.0892239
0.0884669
0.0881586
0.0890569
0.211311
0.171158
0.171001
0.211043
0.0883224
0.0879412
0.0889091
0.0906298
0.212882
0.171799
0.171358
0.211316
0.0893974
0.0880012
0.0876328
0.0881746
0.210354
0.1711
0.166506
0.191623
0.069996
0.0702819
0.0685423
0.0680384
0.190211
0.165976
0.0441938
0.185348
0.0676318
0.0679049
0.0683631
0.0686661
0.186027
0.0438983
0.0737503
0.312389
0.114915
0.114871
0.114831
0.114788
0.311214
0.0737623
0.278741
0.320657
0.115003
0.114959
0.114919
0.114875
0.319546
0.278185
0.286922
0.353338
0.14774
0.147696
0.147648
0.147605
0.352363
0.286513
0.287027
0.35329
0.14774
0.1477
0.147656
0.147617
0.352442
0.286582
0.287145
0.353219
0.147712
0.147674
0.147631
0.147593
0.352495
0.286621
0.287413
0.35331
0.147852
0.147804
0.147756
0.147708
0.352675
0.286777
0.279212
0.320406
0.115003
0.114959
0.114911
0.114867
0.319894
0.278517
0.0734824
0.311801
0.114624
0.11456
0.114557
0.11452
0.311398
0.0733345
0
0
0
0
0
0
0
0
0
0
0
0
0
0
0
0
0
0
0
0
0
0
0
0
0
0
0
0
0
0
0
0
0
0
0
0
0
0
0
0
0
0
0
0
0
0
0
0
0
0
0
0
0
0
0
0
0
0
0
0
0
0
0
0
0
0
0
0
0
0
0
0
0
0
0
0
0
0
0
0
0
0
0
0
0
0
0
0
0
0
0
0
0
0
0
0
0
0
0
0
0
0
0
0
0
0
0
0
0
0
0
0
0
0
0
0
0
0
0
0
0
0
0
0
0
0
0
0
0.0501263
0.222616
0.0794021
0.0787849
0.0782229
0.0779156
0.207236
0.0511401
0.19188
0.22833
0.0787796
0.0785223
0.0787061
0.0791605
0.213154
0.189411
0.193338
0.250853
0.101687
0.101237
0.100586
0.100822
0.235086
0.196776
0.190979
0.249594
0.10071
0.100668
0.100056
0.0999243
0.233227
0.199988
0.188534
0.249857
0.101224
0.100938
0.100847
0.100418
0.233445
0.202225
0.185711
0.24966
0.101392
0.101219
0.10082
0.100415
0.233143
0.204702
0.176099
0.227199
0.0785275
0.0778788
0.0779707
0.0777002
0.209787
0.202249
0.0502812
0.223093
0.0795938
0.0800377
0.079515
0.0792813
0.205708
0.0524401
0.0123861
0.168982
0.0336194
0.0291958
0.022118
0.0185791
0.0955499
0.00707777
0.0115014
0.161019
0.0300805
0.0265416
0.0230027
0.0194639
0.0858179
0
0.0238875
0.161904
0.0371583
0.0336194
0.0300805
0.0265416
0.0805096
0.00707777
0.0309652
0.154826
0.0371583
0.0336194
0.0300805
0.0265416
0.0663541
0.00707777
0.038043
0.147748
0.0371583
0.0336194
0.0300805
0.0265416
0.0521985
0.00707777
0.0451208
0.140671
0.0371583
0.0336194
0.0300805
0.0262467
0.0383379
0.00619305
0.0495444
0.1274
0.0300805
0.0265416
0.0230027
0.0185791
0.0203486
0
0.0115014
0.121207
0.0294907
0.0247722
0.0203486
0.015925
0.0115014
0.00619305
0.0389052
0.157736
0.050608
0.0473639
0.0532754
0.0516173
0.176407
0.0310353
0.140542
0.166867
0.0653146
0.0663239
0.0623949
0.0607368
0.185491
0.140181
0.15323
0.181694
0.069532
0.0718389
0.0746865
0.0679099
0.193781
0.139965
0.156294
0.189384
0.0800573
0.0835177
0.0847072
0.0760562
0.193709
0.142272
0.156077
0.187473
0.0723435
0.076633
0.0783631
0.0705412
0.184445
0.140073
0.156222
0.181778
0.0618903
0.0710819
0.0679099
0.0650623
0.180733
0.144651
0.162385
0.177777
0.0578532
0.0586462
0.0584299
0.0619624
0.158961
0.140974
0.0502115
0.182066
0.0712622
0.0752272
0.0658553
0.065567
0.165449
0.0430745
0.0218595
0.0873961
0.0333158
0.0352322
0.0349584
0.0347689
0.0825103
0.0230599
0.0666106
0.086996
0.0326419
0.0331895
0.0335685
0.0321154
0.0823418
0.0766558
0.0701275
0.0917764
0.0374013
0.0378857
0.0399916
0.0389176
0.0913763
0.078488
0.0676003
0.0897126
0.0353796
0.0376751
0.0381805
0.0368538
0.0872276
0.0760241
0.0708856
0.0897126
0.0373662
0.0362009
0.0363694
0.0366642
0.0869538
0.0762347
0.0712857
0.0866801
0.0370644
0.035885
0.0363483
0.0367485
0.0883016
0.0765084
0.0674529
0.0758556
0.0252501
0.0272086
0.0258398
0.0262188
0.0769928
0.0750343
0.0183637
0.0749079
0.0255239
0.0252922
0.0250816
0.0252922
0.0740655
0.0167632
0.0376188
0.143474
0.0380685
0.0269294
0.0112819
0.0156445
0.104705
0.0110417
0.109302
0.159528
0.0804953
0.0804923
0.0648411
0.0535834
0.127073
0.0930553
0.123283
0.17127
0.10102
0.112204
0.112202
0.0966323
0.170202
0.108721
0.138097
0.171931
0.116459
0.127475
0.12747
0.106703
0.170845
0.118384
0.137735
0.15214
0.106316
0.117399
0.117393
0.096547
0.151114
0.12786
0.127408
0.132194
0.0761432
0.0871653
0.0871623
0.0762858
0.131371
0.127416
0.116533
0.099738
0.0437914
0.0545813
0.0656339
0.0656321
0.121195
0.126868
0.0108541
0.07814
0.0111494
0.0108123
0.0217614
0.0324629
0.110217
0.0327576
0.0507533
0.271299
0.0836568
0.0872398
0.0853459
0.090531
0.203696
0.0594251
0.178485
0.269884
0.0843741
0.0895685
0.0877894
0.0918298
0.217132
0.189406
0.188646
0.280685
0.109814
0.111923
0.114717
0.11268
0.251177
0.218075
0.188268
0.26381
0.108099
0.10579
0.11059
0.110025
0.256547
0.237919
0.189434
0.247867
0.10562
0.105779
0.10994
0.108223
0.264747
0.261189
0.19077
0.235029
0.107103
0.10642
0.110444
0.108295
0.272526
0.281668
0.181189
0.206386
0.0864885
0.0906629
0.089095
0.0937709
0.258796
0.31038
0.0525044
0.187236
0.0799077
0.0866033
0.0855896
0.0910557
0.254934
0.0611266
0.0376188
0.143474
0.0380685
0.0269294
0.0112819
0.0156445
0.104705
0.0110417
0.109302
0.159528
0.0804953
0.0804923
0.0648411
0.0535834
0.127073
0.0930553
0.123283
0.17127
0.10102
0.112204
0.112202
0.0966323
0.170202
0.108721
0.138097
0.171931
0.116459
0.127475
0.12747
0.106703
0.170845
0.118384
0.137735
0.15214
0.106316
0.117399
0.117393
0.096547
0.151114
0.12786
0.127408
0.132194
0.0761432
0.0871653
0.0871623
0.0762858
0.131371
0.127416
0.116533
0.099738
0.0437914
0.0545813
0.0656339
0.0656321
0.121195
0.126868
0.0108541
0.07814
0.0111494
0.0108123
0.0217614
0.0324629
0.110217
0.0327576
