node: 30 matching clock cycle 141784.00000000, pushing packet into request queue 
node: 0 matching clock cycle 141841.00000000, pushing packet into request queue 
node: 0 matching clock cycle 141841.00000000, pushing packet into request queue 
node: 6 matching clock cycle 141868.00000000, pushing packet into request queue 
node: 19 matching clock cycle 141874.00000000, pushing packet into request queue 
node: 8 matching clock cycle 141885.00000000, pushing packet into request queue 
node: 42 matching clock cycle 141935.00000000, pushing packet into request queue 
node: 36 matching clock cycle 141947.00000000, pushing packet into request queue 
node: 24 matching clock cycle 141951.00000000, pushing packet into request queue 
node: 23 matching clock cycle 141955.00000000, pushing packet into request queue 
node: 38 matching clock cycle 141973.00000000, pushing packet into request queue 
node: 50 matching clock cycle 141980.00000000, pushing packet into request queue 
node: 50 matching clock cycle 141980.00000000, pushing packet into request queue 
node: 21 matching clock cycle 141984.00000000, pushing packet into request queue 
node: 46 matching clock cycle 142014.00000000, pushing packet into request queue 
node: 5 matching clock cycle 142019.00000000, pushing packet into request queue 
node: 5 matching clock cycle 142019.00000000, pushing packet into request queue 
node: 30 matching clock cycle 142020.00000000, pushing packet into request queue 
node: 0 matching clock cycle 142074.00000000, pushing packet into request queue 
node: 0 matching clock cycle 142074.00000000, pushing packet into request queue 
node: 16 matching clock cycle 142133.00000000, pushing packet into request queue 
node: 3 matching clock cycle 142139.00000000, pushing packet into request queue 
node: 19 matching clock cycle 142139.00000000, pushing packet into request queue 
node: 12 matching clock cycle 142160.00000000, pushing packet into request queue 
node: 42 matching clock cycle 142171.00000000, pushing packet into request queue 
node: 36 matching clock cycle 142182.00000000, pushing packet into request queue 
node: 38 matching clock cycle 142207.00000000, pushing packet into request queue 
node: 50 matching clock cycle 142213.00000000, pushing packet into request queue 
node: 50 matching clock cycle 142213.00000000, pushing packet into request queue 
node: 24 matching clock cycle 142217.00000000, pushing packet into request queue 
node: 21 matching clock cycle 142222.00000000, pushing packet into request queue 
node: 30 matching clock cycle 142254.00000000, pushing packet into request queue 
node: 46 matching clock cycle 142387.00000000, pushing packet into request queue 
node: 3 matching clock cycle 142400.00000000, pushing packet into request queue 
node: 5 matching clock cycle 142402.00000000, pushing packet into request queue 
node: 5 matching clock cycle 142402.00000000, pushing packet into request queue 
node: 42 matching clock cycle 142404.00000000, pushing packet into request queue 
node: 36 matching clock cycle 142416.00000000, pushing packet into request queue 
node: 24 matching clock cycle 142452.00000000, pushing packet into request queue 
node: 16 matching clock cycle 142532.00000000, pushing packet into request queue 
node: 12 matching clock cycle 142556.00000000, pushing packet into request queue 
node: 24 matching clock cycle 142751.00000000, pushing packet into request queue 
node: 46 matching clock cycle 142758.00000000, pushing packet into request queue 
node: 5 matching clock cycle 142873.00000000, pushing packet into request queue 
node: 5 matching clock cycle 142873.00000000, pushing packet into request queue 
node: 16 matching clock cycle 142973.00000000, pushing packet into request queue 
node: 12 matching clock cycle 143117.00000000, pushing packet into request queue 
node: 46 matching clock cycle 143142.00000000, pushing packet into request queue 
node: 5 matching clock cycle 143396.00000000, pushing packet into request queue 
node: 5 matching clock cycle 143396.00000000, pushing packet into request queue 
node: 16 matching clock cycle 143434.00000000, pushing packet into request queue 
node: 46 matching clock cycle 143466.00000000, pushing packet into request queue 
node: 12 matching clock cycle 143537.00000000, pushing packet into request queue 
node: 5 matching clock cycle 143830.00000000, pushing packet into request queue 
node: 5 matching clock cycle 143830.00000000, pushing packet into request queue 
node: 46 matching clock cycle 143854.00000000, pushing packet into request queue 
node: 16 matching clock cycle 143855.00000000, pushing packet into request queue 
node: 12 matching clock cycle 143863.00000000, pushing packet into request queue 
node: 5 matching clock cycle 144073.00000000, pushing packet into request queue 
node: 5 matching clock cycle 144073.00000000, pushing packet into request queue 
node: 12 matching clock cycle 144098.00000000, pushing packet into request queue 
the processing element 22stops at 146146000.00000000
the processing element 42stops at 146385000.00000000
the processing element 27stops at 146708000.00000000
the processing element 9stops at 147353000.00000000
the processing element 0stops at 147926000.00000000
the processing element 5stops at 148082000.00000000
the processing element 10stops at 148163000.00000000
the processing element 34stops at 148487000.00000000
the processing element 16stops at 148892000.00000000
the processing element 12stops at 148896000.00000000
the processing element 20stops at 148900000.00000000
the processing element 23stops at 148974000.00000000
the processing element 4stops at 149216000.00000000
the processing element 28stops at 149378000.00000000
the processing element 11stops at 149783000.00000000
the processing element 32stops at 150026000.00000000

Info: /OSCI/SystemC: Simulation stopped by user.
Noxim simulation completed.
 ( 150026.00000000 cycles executed)
% Total received packets: 44262
% Global average throughput (flits/cycle): 0.06275925
% Throughput (flits/cycle/IP): 0.16617868
% Max delay (cycles): 339.00000000
% Total energy (J): 1.5591982658e-05
% received flits to slice 0 66405
% transmitted flits from slice 0 66409
% average delay of slice 0 1.9918722328e+01
% received flits to slice 1 88510
% transmitted flits from slice 1 88516
% average delay of slice 1 1.7047089660e+02

Info: (I804) /IEEE_Std_1666/deprecated: You can turn off warnings about
             IEEE 1666 deprecated features by placing this method call
             as the first statement in your sc_main() function:

  sc_core::sc_report_handler::set_actions( "/IEEE_Std_1666/deprecated",
                                           sc_core::SC_DO_NOTHING );

