0.0701242
0.187023
0.34646
0.530044
0.716192
0.87141
0.989327
1.05789
1.16477
1.32157
1.53339
1.78079
2.03147
2.2359
2.39303
2.49982
2.64321
2.83692
3.08628
3.35807
3.62787
3.86217
4.0558
4.20257
4.39295
4.63405
4.94653
5.2823
5.61246
5.89182
6.12564
6.31131
6.53594
6.80642
7.14234
7.5013
7.85088
8.157
8.43014
8.65559
8.91253
9.20102
9.56093
9.94338
10.319
10.6488
10.9512
11.2094
11.5057
11.8332
12.2333
12.6493
13.0673
13.4313
13.7728
14.0737
14.342
14.5978
14.896
15.186
15.4786
15.742
16.0111
16.2817
24.0411
24.158
24.3174
24.501
24.6872
24.8424
24.9603
25.0289
25.1357
25.2925
25.5044
25.7517
26.0024
26.2069
26.364
26.4708
26.6142
26.8079
27.0572
27.329
27.5988
27.8331
28.0268
28.1735
28.3639
28.605
28.9175
29.2533
29.5834
29.8628
30.0966
30.2823
30.5069
30.7774
31.1133
31.4723
31.8218
32.128
32.4011
32.6266
32.8835
33.172
33.5319
33.9143
34.29
34.6198
34.9221
35.1803
35.4767
35.8042
36.2042
36.6203
37.0382
37.4023
37.7438
38.0446
38.313
38.5688
38.8669
39.157
39.4496
39.713
39.9821
40.2527
