0.0199007
0.0687005
0.0672363
0.099048
0.0803343
0.0946924
0.0576458
0.0558957
0.0221188
0.0313826
0.0260906
0.0340278
0.0273562
0.0338611
0.024216
0.0300061
0.0241403
0.0298564
0.0276451
0.0323371
0.0286471
0.032644
0.0254417
0.0283497
0.0258063
0.0286212
0.0295918
0.0310819
0.0298945
0.0312265
0.0270835
0.0270327
0.0272158
0.0270724
0.031154
0.0296851
0.0310722
0.02939
0.0288453
0.0254482
0.0287757
0.0256402
0.0321967
0.0280137
0.0323179
0.0277973
0.0303696
0.0239427
0.0300155
0.0240452
0.0332981
0.0263399
0.0336997
0.0259725
0.0318842
0.0222674
0.0558919
0.0579353
0.094673
0.0799186
0.0992587
0.0675605
0.0696146
0.0202261
