node: 42 matching clock cycle 494223, pushing packet into request queue 
node: 50 matching clock cycle 494242, pushing packet into request queue 
node: 50 matching clock cycle 494242, pushing packet into request queue 
node: 41 matching clock cycle 494246, pushing packet into request queue 
node: 35 matching clock cycle 494262, pushing packet into request queue 
node: 34 matching clock cycle 494292, pushing packet into request queue 
node: 19 matching clock cycle 494314, pushing packet into request queue 
node: 40 matching clock cycle 494339, pushing packet into request queue 
node: 50 matching clock cycle 494347, pushing packet into request queue 
node: 50 matching clock cycle 494347, pushing packet into request queue 
node: 38 matching clock cycle 494427, pushing packet into request queue 
node: 37 matching clock cycle 494444, pushing packet into request queue 
node: 35 matching clock cycle 494528, pushing packet into request queue 
node: 19 matching clock cycle 494553, pushing packet into request queue 
node: 40 matching clock cycle 494572, pushing packet into request queue 
node: 50 matching clock cycle 494594, pushing packet into request queue 
node: 50 matching clock cycle 494594, pushing packet into request queue 
node: 38 matching clock cycle 494647, pushing packet into request queue 
node: 38 matching clock cycle 494738, pushing packet into request queue 
node: 19 matching clock cycle 494768, pushing packet into request queue 
node: 40 matching clock cycle 494774, pushing packet into request queue 
node: 19 matching clock cycle 494873, pushing packet into request queue 
node: 40 matching clock cycle 494879, pushing packet into request queue 
node: 35 matching clock cycle 494883, pushing packet into request queue 
node: 38 matching clock cycle 495001, pushing packet into request queue 
node: 35 matching clock cycle 495117, pushing packet into request queue 
node: 19 matching clock cycle 495119, pushing packet into request queue 
node: 40 matching clock cycle 495130, pushing packet into request queue 
node: 35 matching clock cycle 495326, pushing packet into request queue 
node: 35 matching clock cycle 495426, pushing packet into request queue 
node: 35 matching clock cycle 495672, pushing packet into request queue 
the processing element 18stops at 1261952000.00000000
the processing element 42stops at 1262272000.00000000
the processing element 43stops at 1262607000.00000000
the processing element 26stops at 1264897000.00000000
the processing element 28stops at 1265822000.00000000
the processing element 21stops at 1266267000.00000000
the processing element 34stops at 1266882000.00000000
the processing element 27stops at 1267272000.00000000
the processing element 20stops at 1267332000.00000000
the processing element 45stops at 1268357000.00000000
the processing element 37stops at 1269597000.00000000
the processing element 29stops at 1269892000.00000000
the processing element 44stops at 1270047000.00000000
the processing element 35stops at 1270207000.00000000
the processing element 19stops at 1271547000.00000000
the processing element 22stops at 1271612000.00000000
the processing element 30stops at 1273272000.00000000
the processing element 36stops at 1274222000.00000000
the processing element 33stops at 1274937000.00000000
the processing element 41stops at 1275267000.00000000
the processing element 38stops at 1278952000.00000000
the processing element 25stops at 1279477000.00000000
the processing element 17stops at 1282427000.00000000
the processing element 23stops at 1283767000.00000000
the processing element 46stops at 1284027000.00000000
the processing element 31stops at 1290497000.00000000
the processing element 53stops at 1291182000.00000000
the processing element 40stops at 1293782000.00000000
the processing element 52stops at 1294402000.00000000
the processing element 12stops at 1295277000.00000000
the processing element 13stops at 1296877000.00000000
the processing element 39stops at 1297912000.00000000
the processing element 11stops at 1300897000.00000000
the processing element 51stops at 1300982000.00000000
the processing element 32stops at 1301222000.00000000
the processing element 5stops at 1301672000.00000000
the processing element 4stops at 1304362000.00000000
the processing element 47stops at 1304547000.00000000
the processing element 24stops at 1304932000.00000000
the processing element 2stops at 1305447000.00000000
the processing element 14stops at 1305642000.00000000
the processing element 10stops at 1306987000.00000000
the processing element 3stops at 1307567000.00000000
the processing element 61stops at 1309552000.00000000
the processing element 50stops at 1309767000.00000000
the processing element 16stops at 1311072000.00000000
the processing element 60stops at 1311387000.00000000
the processing element 58stops at 1315327000.00000000

Info: /OSCI/SystemC: Simulation stopped by user.
Noxim simulation completed.
 ( 1315327.00000000 cycles executed)
% Total received packets: 916228
% Total received flits: 3206803
% Global average throughput (flits/cycle): 0.07937489
% Throughput (flits/cycle/IP): 0.50156453
% Max delay (cycles): 1727.00000000
% Total energy (J): 9.1490774499e-04
% received flits to slice 0 3206803
% transmitted flits from slice 0 3206840
% average delay of slice 0 8.8181658932e+01

Info: (I804) /IEEE_Std_1666/deprecated: You can turn off warnings about
             IEEE 1666 deprecated features by placing this method call
             as the first statement in your sc_main() function:

  sc_core::sc_report_handler::set_actions( "/IEEE_Std_1666/deprecated",
                                           sc_core::SC_DO_NOTHING );

