0.0913392
0.36675
0.270422
0.266689
0.26497
0.267286
0.367822
0.09112
0.370995
0.396538
0.313101
0.307963
0.309399
0.31075
0.398321
0.368201
0.236491
0.268662
0.185785
0.183502
0.186174
0.185867
0.273368
0.234888
0.234908
0.270107
0.18793
0.18339
0.186611
0.185826
0.273759
0.23442
0.233569
0.267479
0.187161
0.18099
0.186201
0.183227
0.270834
0.232445
0.233274
0.266566
0.184951
0.18085
0.185364
0.181613
0.268628
0.234063
0.369582
0.397638
0.316143
0.311549
0.316
0.314967
0.400493
0.370625
0.0911712
0.362931
0.265602
0.261529
0.265277
0.264931
0.359774
0.0896931
0.0889665
0.370304
0.269981
0.270731
0.270641
0.271041
0.37039
0.0898713
0.375286
0.405389
0.31826
0.319856
0.319388
0.319636
0.40537
0.374801
0.236853
0.276595
0.190166
0.191069
0.189961
0.191227
0.277131
0.237482
0.237743
0.276773
0.190828
0.189981
0.189112
0.189783
0.275587
0.237268
0.237752
0.276039
0.190268
0.189694
0.189005
0.189712
0.275044
0.23719
0.237511
0.275758
0.190996
0.191104
0.190223
0.190151
0.275841
0.237572
0.374757
0.402228
0.317087
0.318083
0.317176
0.31729
0.403232
0.375089
0.0902096
0.368601
0.267681
0.266648
0.265839
0.265762
0.366074
0.0890821
0.0835417
0.324157
0.233025
0.232525
0.230537
0.232198
0.323219
0.0807197
0.327541
0.354591
0.273142
0.272358
0.271273
0.273922
0.354566
0.32393
0.207759
0.239486
0.160648
0.159017
0.161913
0.162097
0.241144
0.20452
0.209662
0.23891
0.16174
0.160071
0.163581
0.161689
0.238352
0.206702
0.209081
0.237909
0.161137
0.159917
0.163872
0.160642
0.235551
0.210421
0.210219
0.236041
0.159133
0.162125
0.164314
0.160276
0.235399
0.210419
0.329589
0.349097
0.273443
0.277324
0.277717
0.275722
0.347861
0.327638
0.0810967
0.319436
0.233983
0.23638
0.23613
0.23639
0.319921
0.0810609
0.0912474
0.377193
0.275014
0.275335
0.275357
0.275926
0.378918
0.0924974
0.383301
0.413735
0.324469
0.323527
0.325404
0.326186
0.415159
0.383812
0.242326
0.283249
0.196867
0.195836
0.194716
0.196202
0.28401
0.242379
0.242823
0.282321
0.195246
0.194892
0.194678
0.195834
0.283913
0.242285
0.242133
0.281096
0.19383
0.193633
0.194458
0.196684
0.284932
0.242768
0.24303
0.282314
0.195125
0.194176
0.19449
0.195594
0.283172
0.242416
0.383528
0.413457
0.326226
0.326195
0.324776
0.325364
0.414788
0.382824
0.0934067
0.377538
0.27405
0.27343
0.274221
0.275412
0.37789
0.0897787
0.127754
0.362137
0.262153
0.271296
0.228832
0.154863
0.218418
0.0257606
0.289116
0.351976
0.273209
0.299463
0.341474
0.251322
0.234297
0.196299
0.192678
0.25347
0.145173
0.155984
0.219595
0.18471
0.201639
0.123364
0.175935
0.234819
0.17123
0.174975
0.203134
0.171124
0.218546
0.143533
0.154116
0.207589
0.188546
0.184733
0.173268
0.151826
0.224468
0.163796
0.129463
0.181238
0.18496
0.181578
0.131344
0.126363
0.22869
0.178111
0.228663
0.243595
0.282465
0.351403
0.312451
0.296838
0.346854
0.30588
0.0253277
0.182283
0.130162
0.188478
0.214488
0.209936
0.288116
0.106706
0.0964026
0.388894
0.283053
0.282911
0.28276
0.282619
0.387514
0.0961297
0.393988
0.423812
0.332848
0.332801
0.332702
0.332665
0.423984
0.392879
0.250113
0.288039
0.196708
0.196713
0.196649
0.196676
0.287963
0.249083
0.25017
0.288
0.196726
0.196715
0.196672
0.196683
0.288013
0.249104
0.250221
0.287969
0.196746
0.196723
0.196692
0.19669
0.288064
0.249135
0.250266
0.287938
0.19676
0.196726
0.196699
0.196687
0.288097
0.24916
0.394931
0.424379
0.33342
0.333309
0.333228
0.333133
0.42453
0.393161
0.0970686
0.38848
0.282759
0.282684
0.282681
0.282631
0.387795
0.0946358
0.0652529
0.307674
0.205109
0.20114
0.187581
0.184418
0.228086
0.0648602
0.232244
0.27935
0.198699
0.204826
0.197274
0.199709
0.247639
0.222379
0.156022
0.199028
0.129056
0.133555
0.132984
0.127843
0.189441
0.163107
0.157932
0.191307
0.131203
0.129171
0.132662
0.128596
0.194665
0.173599
0.160368
0.182481
0.130183
0.130994
0.134091
0.127615
0.200001
0.186811
0.163239
0.177094
0.133923
0.133095
0.137356
0.129528
0.206465
0.197462
0.246257
0.269752
0.235595
0.254892
0.263131
0.279059
0.36191
0.385766
0.0650858
0.208542
0.163705
0.178979
0.181266
0.193684
0.279294
0.0648273
0.0893526
0.375003
0.268064
0.264889
0.26218
0.260174
0.350727
0.090586
0.370297
0.403684
0.310143
0.308166
0.307232
0.307358
0.3854
0.359647
0.228984
0.275783
0.182685
0.181933
0.180927
0.18217
0.262606
0.230732
0.227625
0.274429
0.1816
0.181722
0.180703
0.181295
0.260188
0.233903
0.225649
0.274618
0.181902
0.181696
0.181482
0.181457
0.260616
0.235313
0.22342
0.274512
0.181948
0.181878
0.180887
0.181208
0.260127
0.237138
0.339232
0.389476
0.30033
0.30387
0.307988
0.312286
0.393836
0.384054
0.0891873
0.374237
0.265291
0.263681
0.260468
0.257875
0.345339
0.0881138
0.041441
0.319049
0.193077
0.182717
0.1587
0.143631
0.196609
0.0324935
0.0379091
0.161526
0.0626324
0.0598069
0.053214
0.0494467
0.0955969
0.0218978
0.0480339
0.158465
0.0645161
0.0616906
0.0567459
0.053214
0.0897104
0.0301389
0.0518013
0.15093
0.0626324
0.0598069
0.0546268
0.0513304
0.0767601
0.0282552
0.0555686
0.143395
0.0607488
0.0579232
0.0525077
0.0494467
0.0635743
0.0263716
0.059336
0.135861
0.0588651
0.0558041
0.0503885
0.047563
0.050624
0.0247233
0.107134
0.165764
0.0871203
0.0748764
0.0621615
0.0510949
0.0407346
0.017895
0.0251943
0.20226
0.111608
0.092065
0.0734636
0.0548623
0.0324935
0.0200141
0.0840033
0.270954
0.19283
0.193563
0.20025
0.191318
0.296454
0.0537418
0.27395
0.267789
0.230004
0.225947
0.232606
0.215371
0.315322
0.259458
0.195037
0.189665
0.139126
0.12361
0.149279
0.124371
0.227665
0.153909
0.190416
0.202419
0.144113
0.141314
0.154257
0.137604
0.222932
0.161235
0.183485
0.20782
0.132965
0.141803
0.143568
0.138806
0.208759
0.164832
0.177681
0.207191
0.117937
0.146423
0.126963
0.140027
0.202034
0.183166
0.300539
0.321286
0.23038
0.246685
0.229102
0.239772
0.270606
0.269902
0.0637069
0.282131
0.194276
0.207641
0.197676
0.191252
0.266136
0.0778702
0.0517076
0.189828
0.134597
0.140388
0.138921
0.135853
0.177811
0.0499877
0.169998
0.191955
0.149086
0.155474
0.15666
0.150075
0.192861
0.186361
0.115496
0.130217
0.0854445
0.088793
0.0917693
0.0825243
0.130322
0.118164
0.110926
0.130715
0.0832824
0.0904637
0.0900986
0.0804886
0.123253
0.113229
0.116626
0.131045
0.0873469
0.0863782
0.0861254
0.0803271
0.122586
0.113215
0.117026
0.125766
0.0867081
0.0855849
0.0862167
0.0806921
0.125899
0.113264
0.176961
0.183314
0.142087
0.1491
0.147338
0.145386
0.188214
0.185188
0.0474044
0.165982
0.115651
0.115651
0.115721
0.115433
0.162922
0.0390018
0.0761301
0.305819
0.225222
0.222335
0.220933
0.22286
0.306774
0.0759666
0.309461
0.330758
0.261129
0.256886
0.258131
0.259206
0.332317
0.307156
0.197255
0.224061
0.154945
0.153017
0.155309
0.154989
0.228066
0.195934
0.195932
0.225264
0.156732
0.152922
0.155673
0.154954
0.228391
0.195543
0.194814
0.223072
0.156091
0.150922
0.155332
0.152787
0.225951
0.193895
0.194573
0.222322
0.154261
0.150817
0.154647
0.151453
0.224129
0.195288
0.30832
0.331715
0.263876
0.259925
0.263695
0.262771
0.334309
0.309198
0.0760865
0.3028
0.221821
0.218253
0.221527
0.22109
0.300215
0.0749186
0
0
0
0
0
0
0
0
0
0
0
0
0
0
0
0
0
0
0
0
0
0
0
0
0
0
0
0
0
0
0
0
0
0
0
0
0
0
0
7.14221e-320
0
0
0
0
0
0
0
0
0
0
0
7.31217e-320
0
0
0
0
0
0
0
0
0
0
0
0
0
0
0
0
0
0
0
0
0
0
0
0
0
0
0
0
0
0
0
0
0
0
0
0
0
0
0
0
0
0
0
0
0
0
0
0
0
0
0
1.89242e-319
0
0
0
0
0
0
0
0
0
0
0
1.90942e-319
0
0
0
0
0
0
0
0
0
0
0
0
0
0
0
0
0
0
0
0
0
0
0
0
0
0
0
0
0
0
0
0
0
0
0
0
0
0
0
0
0
0
0
0
0
0
0
0
0
0
0
5.82405e-320
0
0
0
0
0
0
0
0
0
0
0
5.994e-320
0
0
0
0
0
0
0
0
0
0
0
0
0
0
0
0
0
0
0
0
0
0
0
0
0
0
0
0
0
0
0
0
0
0
0
0
0
0
0
0
0
0
0
0
0
0
0
0
0
0
0
1.31585e-319
0
0
0
0
0
0
0
0
0
0
0
1.33284e-319
0
0
0
0
0
0
0
0
0
0
0
0
0.0359712
0.271583
0.165468
0.157074
0.13689
0.1251
0.165268
0.0279776
0.0329736
0.13709
0.0539568
0.0509592
0.0451639
0.0427658
0.077538
0.0191847
0.0415667
0.134492
0.0555556
0.0523581
0.0483613
0.0459632
0.072542
0.0263789
0.0447642
0.128098
0.0539568
0.0507594
0.0467626
0.0443645
0.0615508
0.0247802
0.0479616
0.121703
0.0523581
0.0491607
0.0451639
0.0427658
0.0505596
0.0231815
0.0511591
0.115308
0.0507594
0.047562
0.0435651
0.0411671
0.0403677
0.0209832
0.0917266
0.140687
0.0745404
0.0643485
0.0533573
0.0439648
0.0309752
0.0151878
0.0221823
0.171263
0.0911271
0.0745404
0.0579536
0.0421663
0.0231815
0.0155875
0.0761301
0.305819
0.225222
0.222335
0.220933
0.22286
0.306774
0.0759666
0.309461
0.330758
0.261129
0.256886
0.258131
0.259206
0.332317
0.307156
0.197255
0.224061
0.154945
0.153017
0.155309
0.154989
0.228066
0.195934
0.195932
0.225264
0.156732
0.152922
0.155673
0.154954
0.228391
0.195543
0.194814
0.223072
0.156091
0.150922
0.155332
0.152787
0.225951
0.193895
0.194573
0.222322
0.154261
0.150817
0.154647
0.151453
0.224129
0.195288
0.30832
0.331715
0.263876
0.259925
0.263695
0.262771
0.334309
0.309198
0.0760865
0.3028
0.221821
0.218253
0.221527
0.22109
0.300215
0.0749186
0.0740296
0.308071
0.224208
0.225121
0.225303
0.224989
0.307932
0.0746149
0.312266
0.337432
0.264305
0.266123
0.265838
0.265745
0.336966
0.31179
0.197039
0.230265
0.157565
0.158851
0.158344
0.158893
0.230174
0.197165
0.198015
0.230521
0.158292
0.158268
0.157581
0.158006
0.229241
0.197436
0.198156
0.23024
0.158392
0.157942
0.157891
0.158199
0.228728
0.197554
0.197927
0.229586
0.15814
0.158863
0.158563
0.158316
0.229289
0.197268
0.311966
0.335175
0.263842
0.26505
0.264746
0.264311
0.336224
0.31229
0.0748046
0.30665
0.222686
0.221726
0.221402
0.221222
0.304683
0.0740695
0.0789558
0.315815
0.226964
0.226172
0.224829
0.226444
0.314883
0.076044
0.317691
0.345057
0.267167
0.265476
0.265047
0.2678
0.346582
0.314102
0.201277
0.234826
0.158927
0.156348
0.159514
0.15997
0.237182
0.197693
0.203784
0.234262
0.160264
0.157544
0.161163
0.160086
0.234665
0.200657
0.203623
0.233527
0.159529
0.157358
0.161605
0.158828
0.231876
0.203603
0.20474
0.232229
0.157817
0.159904
0.162449
0.158706
0.232187
0.204513
0.320174
0.341076
0.267841
0.271265
0.27175
0.270152
0.340642
0.317834
0.0756281
0.311077
0.22726
0.228887
0.228802
0.229845
0.311439
0.0747776
0.0759802
0.314407
0.229077
0.229454
0.229451
0.230226
0.315817
0.0771268
0.319459
0.344792
0.270785
0.269691
0.271308
0.271938
0.346194
0.319794
0.201999
0.236168
0.164851
0.163511
0.162871
0.164258
0.236499
0.201755
0.202214
0.235368
0.163217
0.162691
0.162538
0.163694
0.236679
0.201902
0.201514
0.234226
0.16216
0.161417
0.16211
0.164122
0.237357
0.202181
0.20212
0.235442
0.163031
0.162306
0.162114
0.162968
0.235858
0.201413
0.319608
0.344335
0.272219
0.271767
0.270825
0.271369
0.345456
0.318938
0.0777354
0.314674
0.228545
0.228016
0.228533
0.229764
0.314949
0.074691
0.080527
0.326081
0.237363
0.237245
0.237119
0.237002
0.324993
0.080585
0.330335
0.355333
0.27918
0.279149
0.279058
0.279027
0.355653
0.329493
0.209717
0.241589
0.16504
0.16506
0.164993
0.165016
0.241615
0.208906
0.209765
0.241557
0.165055
0.165062
0.165013
0.165022
0.241656
0.208924
0.209809
0.241531
0.165072
0.165068
0.165029
0.165028
0.241699
0.20895
0.209848
0.241505
0.165084
0.165071
0.165036
0.165025
0.241727
0.208971
0.331195
0.35597
0.279706
0.27964
0.279556
0.279476
0.356183
0.329724
0.0813651
0.325794
0.237171
0.237125
0.237094
0.237052
0.325232
0.0792353
0.119672
0.33224
0.24079
0.249711
0.208278
0.143331
0.201122
0.0251339
0.272605
0.326389
0.254861
0.282243
0.316007
0.232506
0.21329
0.185527
0.178516
0.233555
0.136017
0.150413
0.205254
0.175675
0.182723
0.116717
0.158498
0.213455
0.151862
0.1622
0.18245
0.158391
0.19452
0.134269
0.139757
0.191593
0.167986
0.173749
0.158957
0.141581
0.204005
0.151939
0.119414
0.169848
0.170554
0.176736
0.127725
0.120099
0.211716
0.165907
0.210027
0.221929
0.251899
0.32301
0.285004
0.268856
0.316386
0.28262
0.0247129
0.175016
0.123613
0.18051
0.205888
0.201448
0.276402
0.10411
0.0543923
0.256519
0.170993
0.16766
0.156381
0.153781
0.19016
0.0540636
0.193609
0.232965
0.165681
0.170801
0.164494
0.166595
0.206489
0.185407
0.130056
0.165945
0.107576
0.111347
0.110846
0.106599
0.15794
0.135975
0.131647
0.159505
0.109361
0.107689
0.110573
0.107222
0.162281
0.14472
0.133595
0.152119
0.10849
0.109188
0.111743
0.106384
0.166721
0.155723
0.135983
0.147633
0.111615
0.110947
0.114459
0.107989
0.172156
0.164602
0.205286
0.224891
0.196389
0.212506
0.21934
0.232651
0.301709
0.32159
0.0543675
0.173907
0.136523
0.149322
0.151162
0.161522
0.232876
0.0540621
0.0744526
0.311986
0.223015
0.220398
0.218122
0.216453
0.291801
0.0755407
0.308046
0.335585
0.25787
0.256299
0.255453
0.255463
0.320492
0.299182
0.190527
0.229669
0.151989
0.151461
0.150528
0.151517
0.218445
0.191957
0.189375
0.228242
0.150984
0.151182
0.150238
0.150686
0.216355
0.194565
0.187732
0.228398
0.151235
0.151161
0.150886
0.15082
0.216711
0.195738
0.185879
0.228309
0.151273
0.151313
0.150391
0.150613
0.216305
0.197255
0.282231
0.323889
0.24975
0.252826
0.256128
0.259666
0.327539
0.319479
0.0743405
0.311374
0.220736
0.219667
0.216757
0.214588
0.287348
0.0733483
0.0359712
0.271583
0.165468
0.157074
0.13689
0.1251
0.165268
0.0279776
0.0329736
0.13709
0.0539568
0.0509592
0.0451639
0.0427658
0.077538
0.0191847
0.0415667
0.134492
0.0555556
0.0523581
0.0483613
0.0459632
0.072542
0.0263789
0.0447642
0.128098
0.0539568
0.0507594
0.0467626
0.0443645
0.0615508
0.0247802
0.0479616
0.121703
0.0523581
0.0491607
0.0451639
0.0427658
0.0505596
0.0231815
0.0511591
0.115308
0.0507594
0.047562
0.0435651
0.0411671
0.0403677
0.0209832
0.0917266
0.140687
0.0745404
0.0643485
0.0533573
0.0439648
0.0309752
0.0151878
0.0221823
0.171263
0.0911271
0.0745404
0.0579536
0.0421663
0.0231815
0.0155875
0.0732874
0.235644
0.167675
0.168215
0.174246
0.166454
0.257752
0.0468863
0.238627
0.233071
0.200197
0.196337
0.202516
0.187504
0.273771
0.225492
0.169871
0.164856
0.120755
0.106891
0.12981
0.108071
0.196165
0.133743
0.165913
0.176303
0.12527
0.122558
0.134382
0.119846
0.193338
0.140274
0.159857
0.181014
0.11597
0.123148
0.125221
0.121042
0.181129
0.143461
0.154736
0.180392
0.102737
0.127049
0.110611
0.121976
0.174828
0.159407
0.261504
0.279572
0.200434
0.213545
0.19914
0.208325
0.234579
0.234464
0.0555719
0.245657
0.169133
0.179834
0.171919
0.166347
0.231227
0.0678138
0.0517076
0.189814
0.134597
0.140388
0.138907
0.135853
0.177811
0.0499877
0.169969
0.191906
0.149072
0.155467
0.156639
0.150075
0.192861
0.186361
0.115475
0.130188
0.0854445
0.088793
0.0917413
0.0825243
0.130322
0.118157
0.110926
0.130701
0.0832824
0.0904637
0.0900776
0.0804886
0.123253
0.113229
0.116626
0.131045
0.0873469
0.0863782
0.0861114
0.0803271
0.122586
0.113215
0.117026
0.125766
0.0867081
0.0855849
0.0862097
0.0806921
0.125899
0.113264
0.176961
0.183314
0.142087
0.1491
0.147338
0.145386
0.188207
0.185188
0.0473974
0.165968
0.115629
0.115622
0.1157
0.115412
0.162894
0.0390018
