0.215457
0.233021
0.0468384
0.0433255
0.0433255
0.030445
0.0175644
0
0.306011
0.144028
0.126464
0.213115
0.264637
0.238876
0.213115
0.213115
0.179547
0.0140515
0.0807963
0.161593
0.0772834
0.0386417
0
0
0.143638
0.00702576
0.0679157
0.132319
0.103044
0.0515222
0
0
0.107728
0.00351288
0.0515222
0.103044
0.128806
0.0644028
0
0
0.0718189
0
0.0386417
0.0772834
0.154567
0.0772834
0
0
0.234973
0.198868
0.224434
0.25
0.198283
0.0909446
0.0911397
0.0913349
0.0359094
0
0.0128806
0.0257611
0.0177596
0.00058548
0
0
