0
0.322404
0.322404
0.0175644
0.0339578
0.0433255
0.0175644
0.0128806
0.11007
0.11007
0.357923
0.124122
0.11007
0.216628
0.242389
0.229508
0
0
0.208431
0.0105386
0.0807963
0.161593
0.0515222
0.0257611
0
0
0.172521
0.00351288
0.0679157
0.132319
0.0772834
0.0386417
0
0
0.136612
0
0.0515222
0.103044
0.103044
0.0515222
0
0
0.100703
6.02908e-320
0.0386417
0.0772834
0.128806
0.0644028
0.154567
0.154567
0.21936
0.154567
0.180328
0.206089
0.154567
0.0772834
0
0
0.0323966
0
0.0128806
0.0257611
0
0.0128806
