0.0257611
0.287276
0.287276
0.287276
0.287276
0.0175644
0.0175644
0.0257611
0.11007
0.0971897
0.0843091
0.0843091
0.332162
0.0983607
0.0843091
0.161593
0.0515222
0.0257611
0
0
0.211944
0.00702576
0.0714286
0.135831
0.0772834
0.0386417
0
0
0.176034
0.00351288
0.0550351
0.106557
0.103044
0.0515222
0
0
0.140125
0
0.0386417
0.0772834
0.128806
0.0644028
0
0
0.104215
0
0.0257611
0.0515222
0.154567
0.0772834
0.0772834
0.0772834
0.145589
0.0772834
0.0901639
0.103044
0.0257611
0
0
0
0.0323966
0
0
0.0257611
