0.0499669
0.336769
0.380493
0.374169
0.336769
0.331482
0.331482
0.043141
0.274005
0.263197
0.313543
0.301324
0.518814
0.513153
0.224038
0.26093
0.0906435
0.0782043
0.132326
0.11709
0.253035
0.245937
0.187421
0.217789
0.12966
0.117475
0.17521
0.154176
0.211261
0.205146
0.151053
0.174277
0.174346
0.155624
0.217451
0.194673
0.16834
0.164072
0.114757
0.131792
0.214502
0.196388
0.260554
0.231992
0.126531
0.124218
0.0717892
0.0879837
0.258381
0.236334
0.539507
0.505122
0.319834
0.319191
0.271902
0.280548
0.0438791
0.346078
0.346078
0.305738
0.346721
0.347831
0.305738
0.0442141
