0.0522828
0.338439
0.338439
0.334054
0.368939
0.376633
0.334054
0.0396191
0.340591
0.326659
0.584001
0.580023
0.288308
0.349141
0.388133
0.38876
0.098776
0.076603
0.251715
0.246184
0.218538
0.262089
0.0792048
0.0797877
0.142649
0.115859
0.209976
0.203183
0.182309
0.218359
0.117905
0.119809
0.19186
0.152928
0.167614
0.162349
0.144346
0.175728
0.162582
0.159474
0.237345
0.190966
0.127153
0.119163
0.107988
0.134079
0.200671
0.199778
0.477072
0.468373
0.325059
0.318463
0.311013
0.331133
0.239727
0.240624
0.285111
0.513757
0.270726
0.268599
0.264145
0.275864
0.228646
0.0408452
