node: 54 matching clock cycle 809332, pushing packet into request queue 
node: 4 matching clock cycle 809333, pushing packet into request queue 
node: 44 matching clock cycle 809333, pushing packet into request queue 
node: 37 matching clock cycle 809334, pushing packet into request queue 
node: 38 matching clock cycle 809334, pushing packet into request queue 
node: 54 matching clock cycle 809334, pushing packet into request queue 
node: 54 matching clock cycle 809334, pushing packet into request queue 
node: 44 matching clock cycle 809336, pushing packet into request queue 
node: 46 matching clock cycle 809336, pushing packet into request queue 
node: 54 matching clock cycle 809336, pushing packet into request queue 
node: 54 matching clock cycle 809336, pushing packet into request queue 
node: 39 matching clock cycle 809337, pushing packet into request queue 
node: 17 matching clock cycle 809338, pushing packet into request queue 
node: 5 matching clock cycle 809338, pushing packet into request queue 
node: 46 matching clock cycle 809338, pushing packet into request queue 
node: 39 matching clock cycle 809339, pushing packet into request queue 
node: 5 matching clock cycle 809340, pushing packet into request queue 
node: 37 matching clock cycle 809340, pushing packet into request queue 
node: 54 matching clock cycle 809340, pushing packet into request queue 
node: 54 matching clock cycle 809340, pushing packet into request queue 
node: 5 matching clock cycle 809342, pushing packet into request queue 
node: 37 matching clock cycle 809342, pushing packet into request queue 
node: 37 matching clock cycle 809344, pushing packet into request queue 
node: 38 matching clock cycle 809344, pushing packet into request queue 
node: 37 matching clock cycle 809346, pushing packet into request queue 
node: 38 matching clock cycle 809346, pushing packet into request queue 
node: 46 matching clock cycle 809346, pushing packet into request queue 
node: 37 matching clock cycle 809348, pushing packet into request queue 
the processing element 50stops at 1203910000.00000000
the processing element 52stops at 1209314000.00000000
the processing element 41stops at 1243434000.00000000
the processing element 42stops at 1300866000.00000000
the processing element 48stops at 1315694000.00000000
the processing element 54stops at 1339042000.00000000
the processing element 37stops at 1342518000.00000000
the processing element 44stops at 1347010000.00000000
the processing element 46stops at 1347134000.00000000
the processing element 35stops at 1362714000.00000000
the processing element 53stops at 1365274000.00000000
the processing element 29stops at 1370466000.00000000
the processing element 51stops at 1374514000.00000000
the processing element 49stops at 1386774000.00000000
the processing element 43stops at 1390450000.00000000
the processing element 36stops at 1392322000.00000000
the processing element 28stops at 1394966000.00000000
the processing element 33stops at 1402838000.00000000
the processing element 27stops at 1416662000.00000000
the processing element 34stops at 1419566000.00000000
the processing element 38stops at 1424038000.00000000
the processing element 40stops at 1432722000.00000000
the processing element 39stops at 1434854000.00000000
the processing element 45stops at 1437914000.00000000
the processing element 31stops at 1438850000.00000000
the processing element 20stops at 1453050000.00000000
the processing element 25stops at 1458854000.00000000
the processing element 11stops at 1460022000.00000000
the processing element 13stops at 1464942000.00000000
the processing element 55stops at 1465678000.00000000
the processing element 26stops at 1468382000.00000000
the processing element 14stops at 1472638000.00000000
the processing element 19stops at 1474718000.00000000
the processing element 18stops at 1482774000.00000000
the processing element 24stops at 1488762000.00000000
the processing element 9stops at 1491270000.00000000
the processing element 30stops at 1492734000.00000000
the processing element 21stops at 1492922000.00000000
the processing element 22stops at 1503610000.00000000
the processing element 32stops at 1509370000.00000000
the processing element 47stops at 1510326000.00000000
the processing element 10stops at 1522846000.00000000
the processing element 3stops at 1522990000.00000000
the processing element 23stops at 1526406000.00000000
the processing element 5stops at 1530326000.00000000
the processing element 17stops at 1539030000.00000000
the processing element 16stops at 1544398000.00000000
the processing element 12stops at 1547970000.00000000

Info: /OSCI/SystemC: Simulation stopped by user.
Noxim simulation completed.
 ( 1547970.00000000 cycles executed)
% Total received packets: 1182723
% Total received flits: 4139531
% Global average throughput (flits/cycle): 0.09177047
% Throughput (flits/cycle/IP): 1.29489834
% Max delay (cycles): 1165.00000000
% Total energy (J): 1.2361018089e-03
% received flits to slice 0 1774095
% transmitted flits from slice 0 1774106
% average delay of slice 0 5.0496253583e+01
% received flits to slice 1 2365436
% transmitted flits from slice 1 2365460
% average delay of slice 1 1.0261342199e+02

Info: (I804) /IEEE_Std_1666/deprecated: You can turn off warnings about
             IEEE 1666 deprecated features by placing this method call
             as the first statement in your sc_main() function:

  sc_core::sc_report_handler::set_actions( "/IEEE_Std_1666/deprecated",
                                           sc_core::SC_DO_NOTHING );

