node: 50 matching clock cycle 2692.00000000, pushing packet into request queue 
node: 50 matching clock cycle 2692.00000000, pushing packet into request queue 
the processing element 50stops at 2893000.00000000
node: 52 matching clock cycle 2700.00000000, pushing packet into request queue 
node: 52 matching clock cycle 2700.00000000, pushing packet into request queue 
the processing element 52stops at 2901000.00000000
node: 54 matching clock cycle 2707.00000000, pushing packet into request queue 
node: 54 matching clock cycle 2707.00000000, pushing packet into request queue 
the processing element 54stops at 2908000.00000000
node: 1 matching clock cycle 2712.00000000, pushing packet into request queue 
node: 3 matching clock cycle 2714.00000000, pushing packet into request queue 
node: 5 matching clock cycle 2724.00000000, pushing packet into request queue 
node: 7 matching clock cycle 2730.00000000, pushing packet into request queue 
node: 9 matching clock cycle 2736.00000000, pushing packet into request queue 
node: 11 matching clock cycle 2742.00000000, pushing packet into request queue 
the processing element 28stops at 2942000.00000000
node: 13 matching clock cycle 2748.00000000, pushing packet into request queue 
node: 15 matching clock cycle 2755.00000000, pushing packet into request queue 
node: 17 matching clock cycle 2760.00000000, pushing packet into request queue 
node: 19 matching clock cycle 2766.00000000, pushing packet into request queue 
node: 21 matching clock cycle 2772.00000000, pushing packet into request queue 
node: 23 matching clock cycle 2778.00000000, pushing packet into request queue 
node: 25 matching clock cycle 2784.00000000, pushing packet into request queue 
the processing element 25stops at 2985000.00000000
node: 27 matching clock cycle 2790.00000000, pushing packet into request queue 
node: 29 matching clock cycle 2796.00000000, pushing packet into request queue 
node: 31 matching clock cycle 2803.00000000, pushing packet into request queue 
node: 33 matching clock cycle 2808.00000000, pushing packet into request queue 
the processing element 33stops at 3009000.00000000
node: 35 matching clock cycle 2814.00000000, pushing packet into request queue 
the processing element 35stops at 3015000.00000000
node: 37 matching clock cycle 2820.00000000, pushing packet into request queue 
node: 39 matching clock cycle 2826.00000000, pushing packet into request queue 
node: 41 matching clock cycle 2832.00000000, pushing packet into request queue 
the processing element 41stops at 3033000.00000000
node: 43 matching clock cycle 2838.00000000, pushing packet into request queue 
the processing element 37stops at 3038000.00000000
the processing element 43stops at 3039000.00000000
node: 45 matching clock cycle 2844.00000000, pushing packet into request queue 
the processing element 45stops at 3045000.00000000
node: 47 matching clock cycle 2851.00000000, pushing packet into request queue 
the processing element 47stops at 3052000.00000000
node: 49 matching clock cycle 2856.00000000, pushing packet into request queue 
node: 49 matching clock cycle 2856.00000000, pushing packet into request queue 
the processing element 49stops at 3057000.00000000
node: 51 matching clock cycle 2862.00000000, pushing packet into request queue 
node: 51 matching clock cycle 2862.00000000, pushing packet into request queue 
the processing element 51stops at 3063000.00000000
node: 2 matching clock cycle 2882.00000000, pushing packet into request queue 
the processing element 18stops at 3130000.00000000
node: 53 matching clock cycle 2947.00000000, pushing packet into request queue 
node: 53 matching clock cycle 2947.00000000, pushing packet into request queue 
the processing element 53stops at 3148000.00000000
node: 55 matching clock cycle 2953.00000000, pushing packet into request queue 
node: 55 matching clock cycle 2953.00000000, pushing packet into request queue 
the processing element 55stops at 3154000.00000000
the processing element 17stops at 3206000.00000000
the processing element 39stops at 3238000.00000000
the processing element 16stops at 3370000.00000000
the processing element 27stops at 3386000.00000000
the processing element 30stops at 3478000.00000000
the processing element 20stops at 3490000.00000000
the processing element 8stops at 3566000.00000000
the processing element 29stops at 3586000.00000000
the processing element 31stops at 3626000.00000000
the processing element 0stops at 3650000.00000000
the processing element 4stops at 3706000.00000000
the processing element 10stops at 3710000.00000000
the processing element 12stops at 3734000.00000000
the processing element 1stops at 3774000.00000000
the processing element 3stops at 3810000.00000000
the processing element 19stops at 3838000.00000000
the processing element 6stops at 3838000.00000000
the processing element 14stops at 3838000.00000000
the processing element 9stops at 3866000.00000000
the processing element 11stops at 3906000.00000000

Info: /OSCI/SystemC: Simulation stopped by user.
Noxim simulation completed.
 ( 3906.00000000 cycles executed)
% Total received packets: 864
% Total received flits: 3016
% Global average throughput (flits/cycle): 0.08324483
% Throughput (flits/cycle/IP): 0.00098984
% Max delay (cycles): 1165.00000000
% Total energy (J): 9.5697727600e-07
% received flits to slice 0 1323
% transmitted flits from slice 0 1330
% average delay of slice 0 1.6204308390e+02
% received flits to slice 1 1693
% transmitted flits from slice 1 1714
% average delay of slice 1 2.3425531915e+02

Info: (I804) /IEEE_Std_1666/deprecated: You can turn off warnings about
             IEEE 1666 deprecated features by placing this method call
             as the first statement in your sc_main() function:

  sc_core::sc_report_handler::set_actions( "/IEEE_Std_1666/deprecated",
                                           sc_core::SC_DO_NOTHING );

