0.0709943
0.200748
0.369636
0.556158
0.740033
0.905394
1.03364
1.10389
1.21282
1.38133
1.58842
1.81476
2.04099
2.24848
2.41753
2.52593
2.67401
2.88325
3.1327
3.40195
3.67018
3.91827
4.13049
4.28092
4.4703
4.72392
5.01699
5.32868
5.64047
5.93295
6.18741
6.37888
6.6076
6.89897
7.23134
7.58214
7.93254
8.26406
8.5566
8.78682
9.05785
9.3938
9.77018
10.1639
10.5597
10.9365
11.2739
11.5478
11.8648
12.248
12.6764
13.1257
13.576
14.0052
14.3914
14.711
14.9899
15.2713
15.5522
15.8315
16.1132
16.3957
16.6789
16.961
1.14821
1.27796
1.44685
1.63337
1.81725
1.98261
2.11085
2.1811
2.29003
2.45855
2.66563
2.89198
3.11821
3.3257
3.49474
3.60314
3.75122
3.96047
4.20991
4.47916
4.74739
4.99549
5.2077
5.35814
5.54751
5.80114
6.0942
6.40589
6.71769
7.01017
7.26462
7.45609
7.68481
7.97618
8.30855
8.65935
9.00975
9.34128
9.63381
9.86403
10.1351
10.471
10.8474
11.2411
11.6369
12.0138
12.3512
12.625
12.942
13.3252
13.7536
14.2029
14.6532
15.0824
15.4686
15.7882
16.0672
16.3485
16.6294
16.9087
17.1904
17.4729
17.7561
18.0382
-65788.1
-65788
-65787.9
-65787.9
-65787.8
-65787.8
-65787.7
-65787.7
-65787.6
-65787.5
-65787.5
-65787.4
-65787.3
-65787.3
-65787.2
-65787.2
-65787.1
-65787
-65786.9
-65786.8
-65786.7
-65786.7
-65786.6
-65786.6
-65786.4
-65786.3
-65786.2
-65786.1
-65786
-65786
-65785.8
-65785.8
-65785.6
-65785.4
-65785.4
-65785.3
-65785.2
-65785.1
-65785
-65784.9
-65784.7
-65784.5
-65784.4
-65784.3
-65784.2
-65784.2
-65784
-65783.9
-65783.6
-65783.4
-65783.3
-65783.3
-65783.1
-65783.1
-65782.8
-65782.8
-65782.5
-65782.4
-65782.4
-65782.4
-65782.3
-65782.3
-65782.1
-65782.1
-65788.1
-65788
-65787.9
-65787.9
-65787.8
-65787.8
-65787.7
-65787.7
-65787.6
-65787.5
-65787.5
-65787.4
-65787.3
-65787.3
-65787.2
-65787.2
-65787.1
-65787
-65786.9
-65786.8
-65786.7
-65786.7
-65786.6
-65786.6
-65786.4
-65786.3
-65786.2
-65786.1
-65786
-65786
-65785.8
-65785.8
-65785.6
-65785.4
-65785.4
-65785.3
-65785.2
-65785.1
-65785
-65784.9
-65784.7
-65784.5
-65784.4
-65784.3
-65784.2
-65784.2
-65784
-65783.9
-65783.6
-65783.4
-65783.3
-65783.3
-65783.1
-65783.1
-65782.8
-65782.8
-65782.5
-65782.4
-65782.4
-65782.4
-65782.3
-65782.3
-65782.1
-65782.1
496427
496427
496427
496427
496428
496428
496428
496428
496428
496428
496428
496428
496428
496428
496428
496428
496428
496428
496428
496428
496429
496429
496429
496429
496429
496429
496429
496429
496429
496429
496429
496429
496430
496430
496430
496430
496430
496430
496430
496430
496431
496431
496431
496431
496431
496431
496431
496431
496432
496432
496432
496432
496432
496432
496432
496432
496433
496433
496433
496433
496433
496433
496433
496433
496427
496427
496427
496427
496428
496428
496428
496428
496428
496428
496428
496428
496428
496428
496428
496428
496428
496428
496428
496428
496429
496429
496429
496429
496429
496429
496429
496429
496429
496429
496429
496429
496430
496430
496430
496430
496430
496430
496430
496430
496431
496431
496431
496431
496431
496431
496431
496431
496432
496432
496432
496432
496432
496432
496432
496432
496433
496433
496433
496433
496433
496433
496433
496433
1231.63
1231.79
1231.99
1232.21
1232.44
1232.64
1232.79
1232.88
1233.01
1233.21
1233.46
1233.73
1234
1234.25
1234.45
1234.58
1234.77
1235.03
1235.33
1235.66
1235.99
1236.29
1236.55
1236.73
1236.96
1237.27
1237.62
1237.99
1238.37
1238.72
1239.02
1239.24
1239.53
1239.88
1240.28
1240.7
1241.12
1241.52
1241.86
1242.13
1242.46
1242.87
1243.32
1243.79
1244.26
1244.71
1245.11
1245.44
1245.82
1246.27
1246.78
1247.3
1247.83
1248.33
1248.78
1249.16
1249.49
1249.83
1250.17
1250.5
1250.83
1251.17
1251.5
1251.83
1231.63
1231.79
1231.99
1232.21
1232.44
1232.64
1232.79
1232.88
1233.01
1233.21
1233.46
1233.73
1234
1234.25
1234.45
1234.58
1234.77
1235.03
1235.33
1235.66
1235.99
1236.29
1236.55
1236.73
1236.96
1237.27
1237.62
1237.99
1238.37
1238.72
1239.02
1239.24
1239.53
1239.88
1240.28
1240.7
1241.12
1241.52
1241.86
1242.13
1242.46
1242.87
1243.32
1243.79
1244.26
1244.71
1245.11
1245.44
1245.82
1246.27
1246.78
1247.3
1247.83
1248.33
1248.78
1249.16
1249.49
1249.83
1250.17
1250.5
1250.83
1251.17
1251.5
1251.83
-143.567
-143.42
-143.229
-143.013
-142.801
-142.612
-142.468
-142.389
-142.263
-142.067
-141.825
-141.559
-141.293
-141.05
-140.855
-140.73
-140.553
-140.303
-140.005
-139.682
-139.361
-139.063
-138.814
-138.64
-138.409
-138.1
-137.74
-137.354
-136.97
-136.613
-136.308
-136.082
-135.8
-135.44
-135.028
-134.59
-134.153
-133.742
-133.383
-133.105
-132.765
-132.345
-131.868
-131.365
-130.861
-130.386
-129.967
-129.634
-129.237
-128.757
-128.22
-127.656
-127.09
-126.555
-126.077
-125.687
-125.339
-124.99
-124.641
-124.292
-123.943
-123.594
-123.245
-122.901
-143.567
-143.42
-143.229
-143.013
-142.801
-142.612
-142.468
-142.389
-142.263
-142.067
-141.825
-141.559
-141.293
-141.05
-140.855
-140.73
-140.553
-140.303
-140.005
-139.682
-139.361
-139.063
-138.814
-138.64
-138.409
-138.1
-137.74
-137.354
-136.97
-136.613
-136.308
-136.082
-135.8
-135.44
-135.028
-134.59
-134.153
-133.742
-133.383
-133.105
-132.765
-132.345
-131.868
-131.365
-130.861
-130.386
-129.967
-129.634
-129.237
-128.757
-128.22
-127.656
-127.09
-126.555
-126.077
-125.687
-125.339
-124.99
-124.641
-124.292
-123.943
-123.594
-123.245
-122.901
-121.597
-121.473
-121.312
-121.136
-120.961
-120.806
-120.687
-120.619
-120.516
-120.357
-120.159
-119.945
-119.73
-119.536
-119.382
-119.28
-119.139
-118.941
-118.709
-118.46
-118.211
-117.983
-117.791
-117.65
-117.474
-117.241
-116.974
-116.693
-116.407
-116.142
-115.915
-115.741
-115.527
-115.256
-114.95
-114.63
-114.308
-114.007
-113.745
-113.533
-113.284
-112.98
-112.639
-112.281
-111.923
-111.587
-111.288
-111.041
-110.756
-110.415
-110.037
-109.644
-109.25
-108.877
-108.539
-108.255
-108.002
-107.75
-107.497
-107.244
-106.991
-106.739
-106.486
-106.233
-121.597
-121.473
-121.312
-121.136
-120.961
-120.806
-120.687
-120.619
-120.516
-120.357
-120.159
-119.945
-119.73
-119.536
-119.382
-119.28
-119.139
-118.941
-118.709
-118.46
-118.211
-117.983
-117.791
-117.65
-117.474
-117.241
-116.974
-116.693
-116.407
-116.142
-115.915
-115.741
-115.527
-115.256
-114.95
-114.63
-114.308
-114.007
-113.745
-113.533
-113.284
-112.98
-112.639
-112.281
-111.923
-111.587
-111.288
-111.041
-110.756
-110.415
-110.037
-109.644
-109.25
-108.877
-108.539
-108.255
-108.002
-107.75
-107.497
-107.244
-106.991
-106.739
-106.486
-106.233
-348.943
-348.79
-348.592
-348.371
-348.149
-347.951
-347.797
-347.712
-347.581
-347.381
-347.136
-346.87
-346.602
-346.357
-346.157
-346.025
-345.847
-345.603
-345.312
-344.998
-344.685
-344.396
-344.151
-343.975
-343.752
-343.461
-343.123
-342.764
-342.403
-342.066
-341.775
-341.554
-341.286
-340.948
-340.564
-340.158
-339.752
-339.369
-339.032
-338.764
-338.451
-338.069
-337.642
-337.191
-336.741
-336.313
-335.931
-335.617
-335.257
-334.828
-334.355
-333.859
-333.363
-332.889
-332.462
-332.103
-331.783
-331.464
-331.144
-330.825
-330.506
-330.187
-329.868
-329.549
-348.943
-348.79
-348.592
-348.371
-348.149
-347.951
-347.797
-347.712
-347.581
-347.381
-347.136
-346.87
-346.602
-346.357
-346.157
-346.025
-345.847
-345.603
-345.312
-344.998
-344.685
-344.396
-344.151
-343.975
-343.752
-343.461
-343.123
-342.764
-342.403
-342.066
-341.775
-341.554
-341.286
-340.948
-340.564
-340.158
-339.752
-339.369
-339.032
-338.764
-338.451
-338.069
-337.642
-337.191
-336.741
-336.313
-335.931
-335.617
-335.257
-334.828
-334.355
-333.859
-333.363
-332.889
-332.462
-332.103
-331.783
-331.464
-331.144
-330.825
-330.506
-330.187
-329.868
-329.549
113.623
113.685
113.784
113.909
114.034
114.122
114.185
114.211
114.273
114.372
114.497
114.648
114.81
114.935
115.024
115.077
115.175
115.322
115.497
115.697
115.919
116.091
116.218
116.296
116.443
116.638
116.84
117.067
117.338
117.56
117.713
117.817
118.012
118.232
118.412
118.618
118.889
119.135
119.291
119.421
119.641
119.886
120.093
120.325
120.623
120.894
121.076
121.232
121.478
121.748
121.98
122.237
122.56
122.856
123.063
123.245
123.491
123.735
123.917
124.098
124.344
124.588
124.771
124.952
113.623
113.685
113.784
113.909
114.034
114.122
114.185
114.211
114.273
114.372
114.497
114.648
114.81
114.935
115.024
115.077
115.175
115.322
115.497
115.697
115.919
116.091
116.218
116.296
116.443
116.638
116.84
117.067
117.338
117.56
117.713
117.817
118.012
118.232
118.412
118.618
118.889
119.135
119.291
119.421
119.641
119.886
120.093
120.325
120.623
120.894
121.076
121.232
121.478
121.748
121.98
122.237
122.56
122.856
123.063
123.245
123.491
123.735
123.917
124.098
124.344
124.588
124.771
124.952
85.2216
85.384
85.5959
85.833
86.0704
86.2826
86.4452
86.5347
86.6761
86.8923
87.1583
87.4492
87.7408
88.0072
88.2237
88.3651
88.5577
88.8249
89.142
89.4839
89.8267
90.1441
90.4118
90.6042
90.8471
91.1642
91.5314
91.9232
92.3162
92.6837
93.0014
93.2439
93.537
93.9042
94.3214
94.7633
95.2064
95.6239
95.9918
96.2844
96.6277
97.0448
97.5121
98.0039
98.4972
98.9647
99.3827
99.7253
100.119
100.586
101.103
101.645
102.189
102.706
103.174
103.567
103.917
104.265
104.613
104.961
105.31
105.659
106.008
106.357
85.2216
85.384
85.5959
85.833
86.0704
86.2826
86.4452
86.5347
86.6761
86.8923
87.1583
87.4492
87.7408
88.0072
88.2237
88.3651
88.5577
88.8249
89.142
89.4839
89.8267
90.1441
90.4118
90.6042
90.8471
91.1642
91.5314
91.9232
92.3162
92.6837
93.0014
93.2439
93.537
93.9042
94.3214
94.7633
95.2064
95.6239
95.9918
96.2844
96.6277
97.0448
97.5121
98.0039
98.4972
98.9647
99.3827
99.7253
100.119
100.586
101.103
101.645
102.189
102.706
103.174
103.567
103.917
104.265
104.613
104.961
105.31
105.659
106.008
106.357
-577.842
-577.728
-577.582
-577.426
-577.264
-577.11
-577.003
-576.939
-576.823
-576.68
-576.501
-576.313
-576.113
-575.892
-575.753
-575.645
-575.484
-575.319
-575.114
-574.904
-574.679
-574.409
-574.251
-574.113
-573.908
-573.714
-573.477
-573.241
-572.983
-572.659
-572.477
-572.298
-572.048
-571.829
-571.564
-571.3
-571.009
-570.626
-570.415
-570.198
-569.902
-569.652
-569.351
-569.06
-568.739
-568.294
-568.056
-567.8
-567.462
-567.18
-566.85
-566.533
-566.181
-565.679
-565.415
-565.117
-564.811
-564.622
-564.418
-564.237
-564.028
-563.633
-563.459
-563.191
-577.842
-577.728
-577.582
-577.426
-577.264
-577.11
-577.003
-576.939
-576.823
-576.68
-576.501
-576.313
-576.113
-575.892
-575.753
-575.645
-575.484
-575.319
-575.114
-574.904
-574.679
-574.409
-574.251
-574.113
-573.908
-573.714
-573.477
-573.241
-572.983
-572.659
-572.477
-572.298
-572.048
-571.829
-571.564
-571.3
-571.009
-570.626
-570.415
-570.198
-569.902
-569.652
-569.351
-569.06
-568.739
-568.294
-568.056
-567.8
-567.462
-567.18
-566.85
-566.533
-566.181
-565.679
-565.415
-565.117
-564.811
-564.622
-564.418
-564.237
-564.028
-563.633
-563.459
-563.191
1195.75
1195.9
1196.1
1196.32
1196.54
1196.74
1196.89
1196.97
1197.11
1197.31
1197.56
1197.83
1198.1
1198.36
1198.56
1198.69
1198.87
1199.12
1199.42
1199.74
1200.04
1200.35
1200.61
1200.78
1201.01
1201.3
1201.65
1202.01
1202.36
1202.71
1203.02
1203.23
1203.52
1203.86
1204.25
1204.66
1205.05
1205.46
1205.81
1206.07
1206.41
1206.79
1207.23
1207.68
1208.11
1208.57
1208.97
1209.27
1209.66
1210.08
1210.57
1211.07
1211.55
1212.06
1212.51
1212.86
1213.21
1213.52
1213.85
1214.17
1214.46
1214.81
1215.16
1215.46
1195.75
1195.9
1196.1
1196.32
1196.54
1196.74
1196.89
1196.97
1197.11
1197.31
1197.56
1197.83
1198.1
1198.36
1198.56
1198.69
1198.87
1199.12
1199.42
1199.74
1200.04
1200.35
1200.61
1200.78
1201.01
1201.3
1201.65
1202.01
1202.36
1202.71
1203.02
1203.23
1203.52
1203.86
1204.25
1204.66
1205.05
1205.46
1205.81
1206.07
1206.41
1206.79
1207.23
1207.68
1208.11
1208.57
1208.97
1209.27
1209.66
1210.08
1210.57
1211.07
1211.55
1212.06
1212.51
1212.86
1213.21
1213.52
1213.85
1214.17
1214.46
1214.81
1215.16
1215.46
146860
146860
146860
146860
146860
146860
146860
146860
146860
146861
146861
146861
146861
146861
146861
146861
146861
146861
146861
146861
146861
146861
146861
146861
146862
146862
146862
146862
146862
146862
146862
146862
146862
146863
146863
146863
146863
146863
146863
146863
146863
146864
146864
146864
146864
146864
146864
146864
146864
146865
146865
146865
146865
146865
146865
146865
146866
146866
146866
146866
146866
146866
146866
146866
146860
146860
146860
146860
146860
146860
146860
146860
146860
146861
146861
146861
146861
146861
146861
146861
146861
146861
146861
146861
146861
146861
146861
146861
146862
146862
146862
146862
146862
146862
146862
146862
146862
146863
146863
146863
146863
146863
146863
146863
146863
146864
146864
146864
146864
146864
146864
146864
146864
146865
146865
146865
146865
146865
146865
146865
146866
146866
146866
146866
146866
146866
146866
146866
13218.9
13219
13219.1
13219.3
13219.4
13219.5
13219.6
13219.7
13219.8
13219.9
13220.1
13220.3
13220.5
13220.7
13220.8
13220.9
13221
13221.2
13221.5
13221.7
13222
13222.2
13222.4
13222.5
13222.7
13222.9
13223.2
13223.5
13223.8
13224
13224.2
13224.4
13224.6
13224.9
13225.2
13225.5
13225.8
13226.1
13226.3
13226.5
13226.7
13227.1
13227.4
13227.7
13228.1
13228.4
13228.8
13229
13229.3
13229.6
13230
13230.4
13230.8
13231.2
13231.5
13231.8
13232
13232.3
13232.6
13232.8
13233.1
13233.3
13233.6
13233.8
13218.9
13219
13219.1
13219.3
13219.4
13219.5
13219.6
13219.7
13219.8
13219.9
13220.1
13220.3
13220.5
13220.7
13220.8
13220.9
13221
13221.2
13221.5
13221.7
13222
13222.2
13222.4
13222.5
13222.7
13222.9
13223.2
13223.5
13223.8
13224
13224.2
13224.4
13224.6
13224.9
13225.2
13225.5
13225.8
13226.1
13226.3
13226.5
13226.7
13227.1
13227.4
13227.7
13228.1
13228.4
13228.8
13229
13229.3
13229.6
13230
13230.4
13230.8
13231.2
13231.5
13231.8
13232
13232.3
13232.6
13232.8
13233.1
13233.3
13233.6
13233.8
10857.1
10857.2
10857.3
10857.4
10857.5
10857.6
10857.7
10857.7
10857.8
10857.9
10858
10858.1
10858.2
10858.3
10858.4
10858.4
10858.5
10858.6
10858.8
10858.9
10859.1
10859.2
10859.3
10859.4
10859.5
10859.6
10859.8
10859.9
10860.1
10860.3
10860.4
10860.5
10860.6
10860.7
10860.9
10861.1
10861.2
10861.4
10861.5
10861.7
10861.8
10862
10862.1
10862.3
10862.5
10862.7
10862.9
10863
10863.2
10863.3
10863.5
10863.7
10863.9
10864.1
10864.3
10864.4
10864.6
10864.7
10864.8
10865
10865.1
10865.3
10865.4
10865.5
10857.1
10857.2
10857.3
10857.4
10857.5
10857.6
10857.7
10857.7
10857.8
10857.9
10858
10858.1
10858.2
10858.3
10858.4
10858.4
10858.5
10858.6
10858.8
10858.9
10859.1
10859.2
10859.3
10859.4
10859.5
10859.6
10859.8
10859.9
10860.1
10860.3
10860.4
10860.5
10860.6
10860.7
10860.9
10861.1
10861.2
10861.4
10861.5
10861.7
10861.8
10862
10862.1
10862.3
10862.5
10862.7
10862.9
10863
10863.2
10863.3
10863.5
10863.7
10863.9
10864.1
10864.3
10864.4
10864.6
10864.7
10864.8
10865
10865.1
10865.3
10865.4
10865.5
410.633
410.737
410.872
411.021
411.172
411.307
411.409
411.466
411.556
411.69
411.857
412.039
412.222
412.388
412.522
412.611
412.735
412.91
413.116
413.336
413.557
413.762
413.933
414.054
414.211
414.416
414.654
414.906
415.156
415.391
415.594
415.745
415.936
416.173
416.442
416.724
417.006
417.272
417.505
417.688
417.91
418.179
418.482
418.799
419.118
419.422
419.691
419.909
420.164
420.471
420.809
421.162
421.515
421.854
422.158
422.408
422.635
422.862
423.087
423.31
423.535
423.761
423.985
424.206
410.633
410.737
410.872
411.021
411.172
411.307
411.409
411.466
411.556
411.69
411.857
412.039
412.222
412.388
412.522
412.611
412.735
412.91
413.116
413.336
413.557
413.762
413.933
414.054
414.211
414.416
414.654
414.906
415.156
415.391
415.594
415.745
415.936
416.173
416.442
416.724
417.006
417.272
417.505
417.688
417.91
418.179
418.482
418.799
419.118
419.422
419.691
419.909
420.164
420.471
420.809
421.162
421.515
421.854
422.158
422.408
422.635
422.862
423.087
423.31
423.535
423.761
423.985
424.206
1.47729e+06
1.47729e+06
1.47729e+06
1.47729e+06
1.47729e+06
1.47729e+06
1.47729e+06
1.47729e+06
1.47729e+06
1.47729e+06
1.47729e+06
1.47729e+06
1.47729e+06
1.47729e+06
1.47729e+06
1.47729e+06
1.47729e+06
1.47729e+06
1.47729e+06
1.47729e+06
1.47729e+06
1.47729e+06
1.47729e+06
1.47729e+06
1.47729e+06
1.47729e+06
1.47729e+06
1.47729e+06
1.47729e+06
1.47729e+06
1.47729e+06
1.47729e+06
1.47729e+06
1.47729e+06
1.47729e+06
1.47729e+06
1.47729e+06
1.47729e+06
1.47729e+06
1.47729e+06
1.47729e+06
1.47729e+06
1.47729e+06
1.47729e+06
1.47729e+06
1.47729e+06
1.47729e+06
1.47729e+06
1.47729e+06
1.47729e+06
1.47729e+06
1.47729e+06
1.47729e+06
1.47729e+06
1.47729e+06
1.47729e+06
1.47729e+06
1.47729e+06
1.47729e+06
1.47729e+06
1.47729e+06
1.47729e+06
1.47729e+06
1.47729e+06
1.47729e+06
1.47729e+06
1.47729e+06
1.47729e+06
1.47729e+06
1.47729e+06
1.47729e+06
1.47729e+06
1.47729e+06
1.47729e+06
1.47729e+06
1.47729e+06
1.47729e+06
1.47729e+06
1.47729e+06
1.47729e+06
1.47729e+06
1.47729e+06
1.47729e+06
1.47729e+06
1.47729e+06
1.47729e+06
1.47729e+06
1.47729e+06
1.47729e+06
1.47729e+06
1.47729e+06
1.47729e+06
1.47729e+06
1.47729e+06
1.47729e+06
1.47729e+06
1.47729e+06
1.47729e+06
1.47729e+06
1.47729e+06
1.47729e+06
1.47729e+06
1.47729e+06
1.47729e+06
1.47729e+06
1.47729e+06
1.47729e+06
1.47729e+06
1.47729e+06
1.47729e+06
1.47729e+06
1.47729e+06
1.47729e+06
1.47729e+06
1.47729e+06
1.47729e+06
1.47729e+06
1.47729e+06
1.47729e+06
1.47729e+06
1.47729e+06
1.47729e+06
1.47729e+06
1.47729e+06
1.47729e+06
1.47729e+06
1.47729e+06
1.47729e+06
980010
980010
980010
980010
980010
980010
980010
980010
980010
980010
980010
980010
980010
980010
980010
980010
980010
980010
980010
980010
980010
980010
980010
980010
980010
980010
980010
980010
980010
980010
980010
980010
980010
980010
980010
980010
980010
980010
980010
980010
980010
980010
980010
980010
980010
980010
980010
980010
980010
980010
980010
980010
980010
980010
980010
980010
980010
980010
980010
980010
980010
980010
980010
980010
980010
980010
980010
980010
980010
980010
980010
980010
980010
980010
980010
980010
980010
980010
980010
980010
980010
980010
980010
980010
980010
980010
980010
980010
980010
980010
980010
980010
980010
980010
980010
980010
980010
980010
980010
980010
980010
980010
980010
980010
980010
980010
980010
980010
980010
980010
980010
980010
980010
980010
980010
980010
980010
980010
980010
980010
980010
980010
980010
980010
980010
980010
980010
980010
1.81681e+06
1.81681e+06
1.81681e+06
1.81681e+06
1.81681e+06
1.81681e+06
1.81681e+06
1.81681e+06
1.81681e+06
1.81681e+06
1.81681e+06
1.81681e+06
1.81681e+06
1.81681e+06
1.81681e+06
1.81681e+06
1.81681e+06
1.81681e+06
1.81681e+06
1.81681e+06
1.81681e+06
1.81681e+06
1.81681e+06
1.81681e+06
1.81681e+06
1.81681e+06
1.81681e+06
1.81681e+06
1.81681e+06
1.81681e+06
1.81681e+06
1.81681e+06
1.81681e+06
1.81681e+06
1.81681e+06
1.81681e+06
1.81681e+06
1.81681e+06
1.81681e+06
1.81681e+06
1.81681e+06
1.81681e+06
1.81681e+06
1.81681e+06
1.81681e+06
1.81681e+06
1.81681e+06
1.81681e+06
1.81681e+06
1.81681e+06
1.81681e+06
1.81681e+06
1.81681e+06
1.81681e+06
1.81681e+06
1.81681e+06
1.81681e+06
1.81681e+06
1.81681e+06
1.81681e+06
1.81681e+06
1.81681e+06
1.81681e+06
1.81681e+06
1.81681e+06
1.81681e+06
1.81681e+06
1.81681e+06
1.81681e+06
1.81681e+06
1.81681e+06
1.81681e+06
1.81681e+06
1.81681e+06
1.81681e+06
1.81681e+06
1.81681e+06
1.81681e+06
1.81681e+06
1.81681e+06
1.81681e+06
1.81681e+06
1.81681e+06
1.81681e+06
1.81681e+06
1.81681e+06
1.81681e+06
1.81681e+06
1.81681e+06
1.81681e+06
1.81681e+06
1.81681e+06
1.81681e+06
1.81681e+06
1.81681e+06
1.81681e+06
1.81681e+06
1.81681e+06
1.81681e+06
1.81681e+06
1.81681e+06
1.81681e+06
1.81681e+06
1.81681e+06
1.81681e+06
1.81681e+06
1.81681e+06
1.81681e+06
1.81681e+06
1.81681e+06
1.81681e+06
1.81681e+06
1.81681e+06
1.81681e+06
1.81681e+06
1.81681e+06
1.81681e+06
1.81681e+06
1.81681e+06
1.81681e+06
1.81681e+06
1.81681e+06
1.81681e+06
1.81681e+06
1.81681e+06
1.81681e+06
1.81681e+06
1.81681e+06
-1.58659e+06
-1.58659e+06
-1.58659e+06
-1.58659e+06
-1.58659e+06
-1.58659e+06
-1.58659e+06
-1.58659e+06
-1.58659e+06
-1.58659e+06
-1.58659e+06
-1.58659e+06
-1.58659e+06
-1.58659e+06
-1.58659e+06
-1.58659e+06
-1.58659e+06
-1.58659e+06
-1.58659e+06
-1.58659e+06
-1.58659e+06
-1.58659e+06
-1.58659e+06
-1.58659e+06
-1.58659e+06
-1.58659e+06
-1.58659e+06
-1.58659e+06
-1.58659e+06
-1.58659e+06
-1.58659e+06
-1.58659e+06
-1.58659e+06
-1.58659e+06
-1.58659e+06
-1.58659e+06
-1.58659e+06
-1.58659e+06
-1.58659e+06
-1.58659e+06
-1.58659e+06
-1.58659e+06
-1.58659e+06
-1.58659e+06
-1.58659e+06
-1.58659e+06
-1.58659e+06
-1.58659e+06
-1.58659e+06
-1.58659e+06
-1.58659e+06
-1.58659e+06
-1.58659e+06
-1.58659e+06
-1.58659e+06
-1.58659e+06
-1.58659e+06
-1.58659e+06
-1.58659e+06
-1.58659e+06
-1.58659e+06
-1.58659e+06
-1.58659e+06
-1.58659e+06
-1.58659e+06
-1.58659e+06
-1.58659e+06
-1.58659e+06
-1.58659e+06
-1.58659e+06
-1.58659e+06
-1.58659e+06
-1.58659e+06
-1.58659e+06
-1.58659e+06
-1.58659e+06
-1.58659e+06
-1.58659e+06
-1.58659e+06
-1.58659e+06
-1.58659e+06
-1.58659e+06
-1.58659e+06
-1.58659e+06
-1.58659e+06
-1.58659e+06
-1.58659e+06
-1.58659e+06
-1.58659e+06
-1.58659e+06
-1.58659e+06
-1.58659e+06
-1.58659e+06
-1.58659e+06
-1.58659e+06
-1.58659e+06
-1.58659e+06
-1.58659e+06
-1.58659e+06
-1.58659e+06
-1.58659e+06
-1.58659e+06
-1.58659e+06
-1.58659e+06
-1.58659e+06
-1.58659e+06
-1.58659e+06
-1.58659e+06
-1.58659e+06
-1.58659e+06
-1.58659e+06
-1.58659e+06
-1.58659e+06
-1.58659e+06
-1.58659e+06
-1.58659e+06
-1.58659e+06
-1.58659e+06
-1.58659e+06
-1.58659e+06
-1.58659e+06
-1.58659e+06
-1.58659e+06
-1.58659e+06
-1.58659e+06
-1.58659e+06
-1.58659e+06
-1.58659e+06
17802.3
17802.4
17802.4
17802.5
17802.5
17802.5
17802.6
17802.6
17802.6
17802.7
17802.8
17802.8
17802.9
17802.9
17802.9
17802.9
17803.1
17803.1
17803.2
17803.2
17803.3
17803.3
17803.4
17803.4
17803.5
17803.6
17803.7
17803.7
17803.8
17803.8
17803.9
17803.9
17804.1
17804.2
17804.3
17804.3
17804.4
17804.5
17804.6
17804.6
17804.8
17804.9
17805
17805
17805.1
17805.2
17805.3
17805.3
17805.5
17805.7
17805.7
17805.8
17805.9
17805.9
17806.1
17806.1
17806.3
17806.5
17806.5
17806.5
17806.5
17806.5
17806.7
17806.7
17802.3
17802.4
17802.4
17802.5
17802.5
17802.5
17802.6
17802.6
17802.6
17802.7
17802.8
17802.8
17802.9
17802.9
17802.9
17802.9
17803.1
17803.1
17803.2
17803.2
17803.3
17803.3
17803.4
17803.4
17803.5
17803.6
17803.7
17803.7
17803.8
17803.8
17803.9
17803.9
17804.1
17804.2
17804.3
17804.3
17804.4
17804.5
17804.6
17804.6
17804.8
17804.9
17805
17805
17805.1
17805.2
17805.3
17805.3
17805.5
17805.7
17805.7
17805.8
17805.9
17805.9
17806.1
17806.1
17806.3
17806.5
17806.5
17806.5
17806.5
17806.5
17806.7
17806.7
498.964
499.068
499.203
499.352
499.503
499.638
499.74
499.797
499.887
500.021
500.188
500.37
500.553
500.719
500.853
500.942
501.066
501.241
501.447
501.667
501.888
502.093
502.264
502.385
502.542
502.747
502.985
503.236
503.487
503.722
503.925
504.076
504.267
504.504
504.773
505.055
505.337
505.603
505.836
506.019
506.241
506.51
506.812
507.13
507.449
507.753
508.022
508.24
508.495
508.802
509.14
509.493
509.846
510.185
510.489
510.739
510.966
511.193
511.418
511.641
511.866
512.092
512.316
512.537
498.964
499.068
499.203
499.352
499.503
499.638
499.74
499.797
499.887
500.021
500.188
500.37
500.553
500.719
500.853
500.942
501.066
501.241
501.447
501.667
501.888
502.093
502.264
502.385
502.542
502.747
502.985
503.236
503.487
503.722
503.925
504.076
504.267
504.504
504.773
505.055
505.337
505.603
505.836
506.019
506.241
506.51
506.812
507.13
507.449
507.753
508.022
508.24
508.495
508.802
509.14
509.493
509.846
510.185
510.489
510.739
510.966
511.193
511.418
511.641
511.866
512.092
512.316
512.537
-371.309
-371.212
-371.085
-370.942
-370.802
-370.677
-370.582
-370.53
-370.446
-370.317
-370.157
-369.98
-369.804
-369.643
-369.514
-369.431
-369.315
-369.149
-368.953
-368.74
-368.528
-368.332
-368.168
-368.053
-367.9
-367.697
-367.46
-367.205
-366.953
-366.718
-366.518
-366.368
-366.181
-365.943
-365.67
-365.38
-365.09
-364.818
-364.581
-364.397
-364.172
-363.894
-363.579
-363.246
-362.912
-362.598
-362.322
-362.102
-361.838
-361.517
-361.156
-360.776
-360.397
-360.038
-359.72
-359.461
-359.229
-358.998
-358.766
-358.534
-358.302
-358.07
-357.838
-357.61
-371.309
-371.212
-371.085
-370.942
-370.802
-370.677
-370.582
-370.53
-370.446
-370.317
-370.157
-369.98
-369.804
-369.643
-369.514
-369.431
-369.315
-369.149
-368.953
-368.74
-368.528
-368.332
-368.168
-368.053
-367.9
-367.697
-367.46
-367.205
-366.953
-366.718
-366.518
-366.368
-366.181
-365.943
-365.67
-365.38
-365.09
-364.818
-364.581
-364.397
-364.172
-363.894
-363.579
-363.246
-362.912
-362.598
-362.322
-362.102
-361.838
-361.517
-361.156
-360.776
-360.397
-360.038
-359.72
-359.461
-359.229
-358.998
-358.766
-358.534
-358.302
-358.07
-357.838
-357.61
-226.73
-226.625
-226.489
-226.339
-226.191
-226.06
-225.96
-225.905
-225.815
-225.674
-225.5
-225.31
-225.119
-224.948
-224.812
-224.722
-224.599
-224.423
-224.215
-223.992
-223.767
-223.561
-223.389
-223.265
-223.105
-222.892
-222.649
-222.392
-222.131
-221.889
-221.682
-221.525
-221.331
-221.083
-220.804
-220.51
-220.215
-219.94
-219.7
-219.507
-219.28
-219.001
-218.688
-218.361
-218.033
-217.724
-217.45
-217.224
-216.963
-216.65
-216.305
-215.945
-215.583
-215.24
-214.931
-214.671
-214.44
-214.209
-213.979
-213.75
-213.518
-213.288
-213.057
-212.827
-226.73
-226.625
-226.489
-226.339
-226.191
-226.06
-225.96
-225.905
-225.815
-225.674
-225.5
-225.31
-225.119
-224.948
-224.812
-224.722
-224.599
-224.423
-224.215
-223.992
-223.767
-223.561
-223.389
-223.265
-223.105
-222.892
-222.649
-222.392
-222.131
-221.889
-221.682
-221.525
-221.331
-221.083
-220.804
-220.51
-220.215
-219.94
-219.7
-219.507
-219.28
-219.001
-218.688
-218.361
-218.033
-217.724
-217.45
-217.224
-216.963
-216.65
-216.305
-215.945
-215.583
-215.24
-214.931
-214.671
-214.44
-214.209
-213.979
-213.75
-213.518
-213.288
-213.057
-212.827
-428.541
-428.442
-428.313
-428.169
-428.025
-427.896
-427.798
-427.744
-427.656
-427.523
-427.358
-427.178
-426.997
-426.832
-426.699
-426.613
-426.492
-426.324
-426.121
-425.902
-425.683
-425.482
-425.312
-425.193
-425.037
-424.83
-424.587
-424.328
-424.067
-423.826
-423.619
-423.463
-423.272
-423.028
-422.747
-422.449
-422.151
-421.872
-421.628
-421.437
-421.206
-420.92
-420.595
-420.253
-419.911
-419.588
-419.304
-419.075
-418.802
-418.47
-418.098
-417.707
-417.317
-416.948
-416.62
-416.351
-416.112
-415.874
-415.636
-415.398
-415.16
-414.922
-414.683
-414.446
-428.541
-428.442
-428.313
-428.169
-428.025
-427.896
-427.798
-427.744
-427.656
-427.523
-427.358
-427.178
-426.997
-426.832
-426.699
-426.613
-426.492
-426.324
-426.121
-425.902
-425.683
-425.482
-425.312
-425.193
-425.037
-424.83
-424.587
-424.328
-424.067
-423.826
-423.619
-423.463
-423.272
-423.028
-422.747
-422.449
-422.151
-421.872
-421.628
-421.437
-421.206
-420.92
-420.595
-420.253
-419.911
-419.588
-419.304
-419.075
-418.802
-418.47
-418.098
-417.707
-417.317
-416.948
-416.62
-416.351
-416.112
-415.874
-415.636
-415.398
-415.16
-414.922
-414.683
-414.446
-544.355
-544.246
-544.104
-543.945
-543.786
-543.643
-543.534
-543.474
-543.379
-543.234
-543.055
-542.86
-542.664
-542.485
-542.34
-542.245
-542.116
-541.937
-541.724
-541.494
-541.264
-541.051
-540.871
-540.742
-540.579
-540.366
-540.12
-539.857
-539.593
-539.346
-539.133
-538.97
-538.774
-538.527
-538.247
-537.95
-537.653
-537.373
-537.126
-536.929
-536.699
-536.419
-536.105
-535.775
-535.444
-535.13
-534.85
-534.62
-534.355
-534.042
-533.695
-533.331
-532.966
-532.619
-532.304
-532.041
-531.806
-531.572
-531.339
-531.105
-530.871
-530.637
-530.402
-530.168
-544.355
-544.246
-544.104
-543.945
-543.786
-543.643
-543.534
-543.474
-543.379
-543.234
-543.055
-542.86
-542.664
-542.485
-542.34
-542.245
-542.116
-541.937
-541.724
-541.494
-541.264
-541.051
-540.871
-540.742
-540.579
-540.366
-540.12
-539.857
-539.593
-539.346
-539.133
-538.97
-538.774
-538.527
-538.247
-537.95
-537.653
-537.373
-537.126
-536.929
-536.699
-536.419
-536.105
-535.775
-535.444
-535.13
-534.85
-534.62
-534.355
-534.042
-533.695
-533.331
-532.966
-532.619
-532.304
-532.041
-531.806
-531.572
-531.339
-531.105
-530.871
-530.637
-530.402
-530.168
-37.2918
-37.2301
-37.1325
-37.0091
-36.8857
-36.7979
-36.7358
-36.7097
-36.6488
-36.5511
-36.4267
-36.2765
-36.1161
-35.9917
-35.9031
-35.8508
-35.7541
-35.6257
-35.4843
-35.3178
-35.1312
-34.9763
-34.8666
-34.7885
-34.6593
-34.4988
-34.3291
-34.1337
-33.9121
-33.7242
-33.5871
-33.4831
-33.3199
-33.1348
-32.9544
-32.7493
-32.5106
-32.2986
-32.1432
-32.0134
-31.8247
-31.6145
-31.4076
-31.176
-30.9113
-30.6738
-30.4922
-30.3364
-30.1226
-29.8873
-29.6548
-29.3978
-29.1084
-28.8461
-28.6389
-28.4573
-28.2435
-28.0341
-27.852
-27.6712
-27.4583
-27.2476
-27.0655
-26.884
-37.2918
-37.2301
-37.1325
-37.0091
-36.8857
-36.7979
-36.7358
-36.7097
-36.6488
-36.5511
-36.4267
-36.2765
-36.1161
-35.9917
-35.9031
-35.8508
-35.7541
-35.6257
-35.4843
-35.3178
-35.1312
-34.9763
-34.8666
-34.7885
-34.6593
-34.4988
-34.3291
-34.1337
-33.9121
-33.7242
-33.5871
-33.4831
-33.3199
-33.1348
-32.9544
-32.7493
-32.5106
-32.2986
-32.1432
-32.0134
-31.8247
-31.6145
-31.4076
-31.176
-30.9113
-30.6738
-30.4922
-30.3364
-30.1226
-29.8873
-29.6548
-29.3978
-29.1084
-28.8461
-28.6389
-28.4573
-28.2435
-28.0341
-27.852
-27.6712
-27.4583
-27.2476
-27.0655
-26.884
139.218
139.294
139.392
139.495
139.603
139.706
139.777
139.82
139.897
139.993
140.112
140.238
140.371
140.518
140.611
140.684
140.791
140.901
141.037
141.177
141.328
141.508
141.613
141.705
141.842
141.972
142.129
142.287
142.459
142.676
142.797
142.917
143.083
143.23
143.407
143.583
143.777
144.033
144.173
144.318
144.516
144.683
144.884
145.078
145.292
145.59
145.748
145.919
146.145
146.333
146.554
146.765
147
147.335
147.512
147.71
147.914
148.041
148.177
148.298
148.437
148.701
148.817
148.996
139.218
139.294
139.392
139.495
139.603
139.706
139.777
139.82
139.897
139.993
140.112
140.238
140.371
140.518
140.611
140.684
140.791
140.901
141.037
141.177
141.328
141.508
141.613
141.705
141.842
141.972
142.129
142.287
142.459
142.676
142.797
142.917
143.083
143.23
143.407
143.583
143.777
144.033
144.173
144.318
144.516
144.683
144.884
145.078
145.292
145.59
145.748
145.919
146.145
146.333
146.554
146.765
147
147.335
147.512
147.71
147.914
148.041
148.177
148.298
148.437
148.701
148.817
148.996
248.393
248.495
248.628
248.775
248.921
249.054
249.155
249.208
249.299
249.434
249.603
249.784
249.961
250.133
250.27
250.355
250.478
250.643
250.844
251.054
251.26
251.464
251.634
251.749
251.906
252.1
252.331
252.572
252.805
253.042
253.244
253.388
253.579
253.804
254.069
254.341
254.603
254.875
255.111
255.284
255.507
255.761
256.056
256.356
256.645
256.949
257.217
257.42
257.676
257.96
258.289
258.621
258.94
259.279
259.583
259.817
260.046
260.255
260.478
260.689
260.884
261.118
261.348
261.553
248.393
248.495
248.628
248.775
248.921
249.054
249.155
249.208
249.299
249.434
249.603
249.784
249.961
250.133
250.27
250.355
250.478
250.643
250.844
251.054
251.26
251.464
251.634
251.749
251.906
252.1
252.331
252.572
252.805
253.042
253.244
253.388
253.579
253.804
254.069
254.341
254.603
254.875
255.111
255.284
255.507
255.761
256.056
256.356
256.645
256.949
257.217
257.42
257.676
257.96
258.289
258.621
258.94
259.279
259.583
259.817
260.046
260.255
260.478
260.689
260.884
261.118
261.348
261.553
60416.9
60416.9
60416.9
60417
60417
60417.1
60417.1
60417.1
60417.2
60417.2
60417.3
60417.3
60417.4
60417.4
60417.5
60417.5
60417.6
60417.7
60417.7
60417.7
60417.8
60417.8
60417.9
60417.9
60418.1
60418.2
60418.2
60418.2
60418.3
60418.4
60418.5
60418.5
60418.6
60418.8
60418.8
60418.9
60418.9
60419
60419.1
60419.1
60419.3
60419.4
60419.5
60419.5
60419.6
60419.7
60419.8
60419.8
60420.1
60420.2
60420.3
60420.3
60420.4
60420.5
60420.6
60420.6
60420.9
60421
60421
60421
60421.1
60421.1
60421.2
60421.2
60416.9
60416.9
60416.9
60417
60417
60417.1
60417.1
60417.1
60417.2
60417.2
60417.3
60417.3
60417.4
60417.4
60417.5
60417.5
60417.6
60417.7
60417.7
60417.7
60417.8
60417.8
60417.9
60417.9
60418.1
60418.2
60418.2
60418.2
60418.3
60418.4
60418.5
60418.5
60418.6
60418.8
60418.8
60418.9
60418.9
60419
60419.1
60419.1
60419.3
60419.4
60419.5
60419.5
60419.6
60419.7
60419.8
60419.8
60420.1
60420.2
60420.3
60420.3
60420.4
60420.5
60420.6
60420.6
60420.9
60421
60421
60421
60421.1
60421.1
60421.2
60421.2
15817.4
15817.5
15817.6
15817.7
15817.8
15817.9
15818
15818
15818.1
15818.2
15818.3
15818.5
15818.6
15818.8
15818.9
15818.9
15819
15819.2
15819.3
15819.5
15819.7
15819.8
15820
15820.1
15820.2
15820.4
15820.6
15820.8
15821
15821.2
15821.3
15821.5
15821.6
15821.8
15822
15822.2
15822.5
15822.7
15822.8
15823
15823.2
15823.4
15823.6
15823.9
15824.2
15824.4
15824.6
15824.8
15825
15825.3
15825.5
15825.8
15826.1
15826.4
15826.7
15826.8
15827
15827.2
15827.4
15827.6
15827.8
15828
15828.2
15828.3
15817.4
15817.5
15817.6
15817.7
15817.8
15817.9
15818
15818
15818.1
15818.2
15818.3
15818.5
15818.6
15818.8
15818.9
15818.9
15819
15819.2
15819.3
15819.5
15819.7
15819.8
15820
15820.1
15820.2
15820.4
15820.6
15820.8
15821
15821.2
15821.3
15821.5
15821.6
15821.8
15822
15822.2
15822.5
15822.7
15822.8
15823
15823.2
15823.4
15823.6
15823.9
15824.2
15824.4
15824.6
15824.8
15825
15825.3
15825.5
15825.8
15826.1
15826.4
15826.7
15826.8
15827
15827.2
15827.4
15827.6
15827.8
15828
15828.2
15828.3
-4213.71
-4213.64
-4213.54
-4213.43
-4213.31
-4213.21
-4213.13
-4213.09
-4213.02
-4212.93
-4212.82
-4212.71
-4212.59
-4212.49
-4212.41
-4212.35
-4212.26
-4212.15
-4212.02
-4211.87
-4211.73
-4211.6
-4211.49
-4211.41
-4211.3
-4211.17
-4211.03
-4210.86
-4210.7
-4210.54
-4210.42
-4210.32
-4210.2
-4210.06
-4209.91
-4209.73
-4209.56
-4209.39
-4209.25
-4209.14
-4209
-4208.84
-4208.67
-4208.47
-4208.28
-4208.09
-4207.93
-4207.81
-4207.65
-4207.47
-4207.29
-4207.08
-4206.88
-4206.67
-4206.51
-4206.36
-4206.22
-4206.08
-4205.96
-4205.81
-4205.68
-4205.53
-4205.4
-4205.27
-4213.71
-4213.64
-4213.54
-4213.43
-4213.31
-4213.21
-4213.13
-4213.09
-4213.02
-4212.93
-4212.82
-4212.71
-4212.59
-4212.49
-4212.41
-4212.35
-4212.26
-4212.15
-4212.02
-4211.87
-4211.73
-4211.6
-4211.49
-4211.41
-4211.3
-4211.17
-4211.03
-4210.86
-4210.7
-4210.54
-4210.42
-4210.32
-4210.2
-4210.06
-4209.91
-4209.73
-4209.56
-4209.39
-4209.25
-4209.14
-4209
-4208.84
-4208.67
-4208.47
-4208.28
-4208.09
-4207.93
-4207.81
-4207.65
-4207.47
-4207.29
-4207.08
-4206.88
-4206.67
-4206.51
-4206.36
-4206.22
-4206.08
-4205.96
-4205.81
-4205.68
-4205.53
-4205.4
-4205.27
