0.015668
0.0425073
0.0175795
0.0175795
0.0176167
0.0176189
0.0361336
0.0116892
0.0366506
0.0385297
0.0183046
0.018306
0.018423
0.0184249
0.0378247
0.0373992
0.0318893
0.0433282
0.0225682
0.0247426
0.0247455
0.0222865
0.0441126
0.0313737
0.0322754
0.0384145
0.015097
0.0161237
0.0161259
0.0161195
0.0426854
0.031363
0.0327287
0.0385325
0.0151241
0.0161273
0.0161273
0.0161716
0.0438158
0.0313458
0.0330941
0.0386662
0.0151871
0.0161938
0.0161938
0.0161902
0.0449105
0.0312929
0.0376774
0.0352127
0.0112888
0.0112923
0.0123513
0.0123513
0.0421989
0.0351984
0.00811478
0.0354887
0.0120503
0.0120531
0.0117635
0.0117628
0.0473919
0.012786
