0.0127145
0.102179
0.10854
0.127824
0.128335
0.12108
0.10103
0.0195463
0.101936
0.108421
0.124721
0.120725
0.179273
0.184929
0.116775
0.105106
0.0358607
0.0401699
0.0564574
0.0279526
0.0580693
0.0828477
0.0629791
0.070842
0.0499917
0.0532501
0.0694348
0.0443528
0.0370786
0.0700416
0.0501349
0.0577261
0.0635962
0.0656342
0.0819096
0.0601667
0.0249257
0.0579101
0.0380439
0.0452776
0.0776893
0.0785928
0.0949539
0.0765693
0.0122626
0.0451012
0.0251688
0.0321402
0.112604
0.126468
0.200868
0.194965
0.120996
0.117616
0.0975504
0.104307
0.0129824
0.104226
0.120528
0.138971
0.141547
0.128438
0.13185
0.0164979
