0.0320393
0.208111
0.159908
0.136528
0.108818
0.0811084
0.00202049
0.0303074
0.0650888
0.103478
0.107808
0.11589
0.120219
0.121807
0.113725
0.0916438
0.0389667
0.0418531
0.0418531
0.0456054
0.0456054
0.0428633
0.0360802
0.0347814
0.0352143
0.0381007
0.0381007
0.0418531
0.0404099
0.0347814
0.0279983
0.0266994
0.0271323
0.0300188
0.0300188
0.0337711
0.0323279
0.0279983
0.0213595
0.0200606
0.0204936
0.02338
0.02338
0.0271323
0.0256891
0.0228027
0.0161639
0.0148651
0.0692741
0.0744696
0.07014
0.0666763
0.0594602
0.0522442
0.0441622
0.0340597
0.00230914
0
0.00230914
0.00230914
0.00230914
0.00230914
0
0.00230914
