0.0199063
0.148712
0.0339578
0.029274
0.0263466
0.0234192
0.0374707
0.0163934
0.0608899
0.130562
0.0275176
0.0245902
0.0228337
0.0222482
0.0351288
0.0843091
0.0626464
0.121194
0.0368852
0.0362998
0.0357143
0.0345433
0.0392272
0.0784543
0.0649883
0.10363
0.0368852
0.0351288
0.0333724
0.0316159
0.0316159
0.0690867
0.0649883
0.0809914
0.0316159
0.029274
0.0269321
0.0245902
0.0222482
0.058548
0.0673302
0.0601093
0.0298595
0.0275176
0.0251756
0.0228337
0.0204918
0.0532787
0.0725995
0.0380562
0.0228337
0.0210773
0.0187354
0.0163934
0.0140515
0.0456674
0.014637
0.0230289
0.0220531
0.0204918
0.0181499
0.0160031
0.0122951
0.0140515
