0.0175644
0.236534
0.262295
0.262295
0.249415
0.236534
0.236534
0.21897
0.101874
0.087822
0.213115
0.264637
0.238876
0.213115
0.213115
0.392662
0.0140515
0.0714286
0.161593
0.0772834
0.0386417
0
0
0.179547
0.00702576
0.058548
0.132319
0.103044
0.0515222
0
0
0.143638
0.00351288
0.0421546
0.103044
0.128806
0.0644028
0
0
0.107728
0
0.0257611
0.0772834
0.154567
0.0772834
0
0
0.0718189
0.200234
0.21292
0.251366
0.199649
0.0919204
0.0921155
0.0923107
0.128415
0
0
0.0257611
0.0191257
0.00156128
0
0
0.0359094
