
		Noxim - the NoC Simulator
		(C) University of Catania


Warning: (W505) object already exists: NoC.Tile[00][00].Router. Latter declaration will be renamed to NoC.Tile[00][00].Router_0
In file: ../../../../src/sysc/kernel/sc_object_manager.cpp:149

Warning: (W505) object already exists: NoC.Tile[00][00].Router. Latter declaration will be renamed to NoC.Tile[00][00].Router_1
In file: ../../../../src/sysc/kernel/sc_object_manager.cpp:149

Warning: (W505) object already exists: NoC.Tile[00][00].Router. Latter declaration will be renamed to NoC.Tile[00][00].Router_2
In file: ../../../../src/sysc/kernel/sc_object_manager.cpp:149

Warning: (W505) object already exists: NoC.Tile[00][00].Router. Latter declaration will be renamed to NoC.Tile[00][00].Router_3
In file: ../../../../src/sysc/kernel/sc_object_manager.cpp:149

Warning: (W505) object already exists: NoC.Tile[00][01].Router. Latter declaration will be renamed to NoC.Tile[00][01].Router_0
In file: ../../../../src/sysc/kernel/sc_object_manager.cpp:149

Warning: (W505) object already exists: NoC.Tile[00][01].Router. Latter declaration will be renamed to NoC.Tile[00][01].Router_1
In file: ../../../../src/sysc/kernel/sc_object_manager.cpp:149

Warning: (W505) object already exists: NoC.Tile[00][01].Router. Latter declaration will be renamed to NoC.Tile[00][01].Router_2
In file: ../../../../src/sysc/kernel/sc_object_manager.cpp:149

Warning: (W505) object already exists: NoC.Tile[00][01].Router. Latter declaration will be renamed to NoC.Tile[00][01].Router_3
In file: ../../../../src/sysc/kernel/sc_object_manager.cpp:149

Warning: (W505) object already exists: NoC.Tile[00][02].Router. Latter declaration will be renamed to NoC.Tile[00][02].Router_0
In file: ../../../../src/sysc/kernel/sc_object_manager.cpp:149

Warning: (W505) object already exists: NoC.Tile[00][02].Router. Latter declaration will be renamed to NoC.Tile[00][02].Router_1
In file: ../../../../src/sysc/kernel/sc_object_manager.cpp:149

Warning: (W505) object already exists: NoC.Tile[00][02].Router. Latter declaration will be renamed to NoC.Tile[00][02].Router_2
In file: ../../../../src/sysc/kernel/sc_object_manager.cpp:149

Warning: (W505) object already exists: NoC.Tile[00][02].Router. Latter declaration will be renamed to NoC.Tile[00][02].Router_3
In file: ../../../../src/sysc/kernel/sc_object_manager.cpp:149

Warning: (W505) object already exists: NoC.Tile[00][03].Router. Latter declaration will be renamed to NoC.Tile[00][03].Router_0
In file: ../../../../src/sysc/kernel/sc_object_manager.cpp:149

Warning: (W505) object already exists: NoC.Tile[00][03].Router. Latter declaration will be renamed to NoC.Tile[00][03].Router_1
In file: ../../../../src/sysc/kernel/sc_object_manager.cpp:149

Warning: (W505) object already exists: NoC.Tile[00][03].Router. Latter declaration will be renamed to NoC.Tile[00][03].Router_2
In file: ../../../../src/sysc/kernel/sc_object_manager.cpp:149

Warning: (W505) object already exists: NoC.Tile[00][03].Router. Latter declaration will be renamed to NoC.Tile[00][03].Router_3
In file: ../../../../src/sysc/kernel/sc_object_manager.cpp:149

Warning: (W505) object already exists: NoC.Tile[01][00].Router. Latter declaration will be renamed to NoC.Tile[01][00].Router_0
In file: ../../../../src/sysc/kernel/sc_object_manager.cpp:149

Warning: (W505) object already exists: NoC.Tile[01][00].Router. Latter declaration will be renamed to NoC.Tile[01][00].Router_1
In file: ../../../../src/sysc/kernel/sc_object_manager.cpp:149

Warning: (W505) object already exists: NoC.Tile[01][00].Router. Latter declaration will be renamed to NoC.Tile[01][00].Router_2
In file: ../../../../src/sysc/kernel/sc_object_manager.cpp:149

Warning: (W505) object already exists: NoC.Tile[01][00].Router. Latter declaration will be renamed to NoC.Tile[01][00].Router_3
In file: ../../../../src/sysc/kernel/sc_object_manager.cpp:149

Warning: (W505) object already exists: NoC.Tile[01][01].Router. Latter declaration will be renamed to NoC.Tile[01][01].Router_0
In file: ../../../../src/sysc/kernel/sc_object_manager.cpp:149

Warning: (W505) object already exists: NoC.Tile[01][01].Router. Latter declaration will be renamed to NoC.Tile[01][01].Router_1
In file: ../../../../src/sysc/kernel/sc_object_manager.cpp:149

Warning: (W505) object already exists: NoC.Tile[01][01].Router. Latter declaration will be renamed to NoC.Tile[01][01].Router_2
In file: ../../../../src/sysc/kernel/sc_object_manager.cpp:149

Warning: (W505) object already exists: NoC.Tile[01][01].Router. Latter declaration will be renamed to NoC.Tile[01][01].Router_3
In file: ../../../../src/sysc/kernel/sc_object_manager.cpp:149

Warning: (W505) object already exists: NoC.Tile[01][02].Router. Latter declaration will be renamed to NoC.Tile[01][02].Router_0
In file: ../../../../src/sysc/kernel/sc_object_manager.cpp:149

Warning: (W505) object already exists: NoC.Tile[01][02].Router. Latter declaration will be renamed to NoC.Tile[01][02].Router_1
In file: ../../../../src/sysc/kernel/sc_object_manager.cpp:149

Warning: (W505) object already exists: NoC.Tile[01][02].Router. Latter declaration will be renamed to NoC.Tile[01][02].Router_2
In file: ../../../../src/sysc/kernel/sc_object_manager.cpp:149

Warning: (W505) object already exists: NoC.Tile[01][02].Router. Latter declaration will be renamed to NoC.Tile[01][02].Router_3
In file: ../../../../src/sysc/kernel/sc_object_manager.cpp:149

Warning: (W505) object already exists: NoC.Tile[01][03].Router. Latter declaration will be renamed to NoC.Tile[01][03].Router_0
In file: ../../../../src/sysc/kernel/sc_object_manager.cpp:149

Warning: (W505) object already exists: NoC.Tile[01][03].Router. Latter declaration will be renamed to NoC.Tile[01][03].Router_1
In file: ../../../../src/sysc/kernel/sc_object_manager.cpp:149

Warning: (W505) object already exists: NoC.Tile[01][03].Router. Latter declaration will be renamed to NoC.Tile[01][03].Router_2
In file: ../../../../src/sysc/kernel/sc_object_manager.cpp:149

Warning: (W505) object already exists: NoC.Tile[01][03].Router. Latter declaration will be renamed to NoC.Tile[01][03].Router_3
In file: ../../../../src/sysc/kernel/sc_object_manager.cpp:149

Warning: (W505) object already exists: NoC.Tile[02][00].Router. Latter declaration will be renamed to NoC.Tile[02][00].Router_0
In file: ../../../../src/sysc/kernel/sc_object_manager.cpp:149

Warning: (W505) object already exists: NoC.Tile[02][00].Router. Latter declaration will be renamed to NoC.Tile[02][00].Router_1
In file: ../../../../src/sysc/kernel/sc_object_manager.cpp:149

Warning: (W505) object already exists: NoC.Tile[02][00].Router. Latter declaration will be renamed to NoC.Tile[02][00].Router_2
In file: ../../../../src/sysc/kernel/sc_object_manager.cpp:149

Warning: (W505) object already exists: NoC.Tile[02][00].Router. Latter declaration will be renamed to NoC.Tile[02][00].Router_3
In file: ../../../../src/sysc/kernel/sc_object_manager.cpp:149

Warning: (W505) object already exists: NoC.Tile[02][01].Router. Latter declaration will be renamed to NoC.Tile[02][01].Router_0
In file: ../../../../src/sysc/kernel/sc_object_manager.cpp:149

Warning: (W505) object already exists: NoC.Tile[02][01].Router. Latter declaration will be renamed to NoC.Tile[02][01].Router_1
In file: ../../../../src/sysc/kernel/sc_object_manager.cpp:149

Warning: (W505) object already exists: NoC.Tile[02][01].Router. Latter declaration will be renamed to NoC.Tile[02][01].Router_2
In file: ../../../../src/sysc/kernel/sc_object_manager.cpp:149

Warning: (W505) object already exists: NoC.Tile[02][01].Router. Latter declaration will be renamed to NoC.Tile[02][01].Router_3
In file: ../../../../src/sysc/kernel/sc_object_manager.cpp:149

Warning: (W505) object already exists: NoC.Tile[02][02].Router. Latter declaration will be renamed to NoC.Tile[02][02].Router_0
In file: ../../../../src/sysc/kernel/sc_object_manager.cpp:149

Warning: (W505) object already exists: NoC.Tile[02][02].Router. Latter declaration will be renamed to NoC.Tile[02][02].Router_1
In file: ../../../../src/sysc/kernel/sc_object_manager.cpp:149

Warning: (W505) object already exists: NoC.Tile[02][02].Router. Latter declaration will be renamed to NoC.Tile[02][02].Router_2
In file: ../../../../src/sysc/kernel/sc_object_manager.cpp:149

Warning: (W505) object already exists: NoC.Tile[02][02].Router. Latter declaration will be renamed to NoC.Tile[02][02].Router_3
In file: ../../../../src/sysc/kernel/sc_object_manager.cpp:149

Warning: (W505) object already exists: NoC.Tile[02][03].Router. Latter declaration will be renamed to NoC.Tile[02][03].Router_0
In file: ../../../../src/sysc/kernel/sc_object_manager.cpp:149

Warning: (W505) object already exists: NoC.Tile[02][03].Router. Latter declaration will be renamed to NoC.Tile[02][03].Router_1
In file: ../../../../src/sysc/kernel/sc_object_manager.cpp:149

Warning: (W505) object already exists: NoC.Tile[02][03].Router. Latter declaration will be renamed to NoC.Tile[02][03].Router_2
In file: ../../../../src/sysc/kernel/sc_object_manager.cpp:149

Warning: (W505) object already exists: NoC.Tile[02][03].Router. Latter declaration will be renamed to NoC.Tile[02][03].Router_3
In file: ../../../../src/sysc/kernel/sc_object_manager.cpp:149

Warning: (W505) object already exists: NoC.Tile[03][00].Router. Latter declaration will be renamed to NoC.Tile[03][00].Router_0
In file: ../../../../src/sysc/kernel/sc_object_manager.cpp:149

Warning: (W505) object already exists: NoC.Tile[03][00].Router. Latter declaration will be renamed to NoC.Tile[03][00].Router_1
In file: ../../../../src/sysc/kernel/sc_object_manager.cpp:149

Warning: (W505) object already exists: NoC.Tile[03][00].Router. Latter declaration will be renamed to NoC.Tile[03][00].Router_2
In file: ../../../../src/sysc/kernel/sc_object_manager.cpp:149

Warning: (W505) object already exists: NoC.Tile[03][00].Router. Latter declaration will be renamed to NoC.Tile[03][00].Router_3
In file: ../../../../src/sysc/kernel/sc_object_manager.cpp:149

Warning: (W505) object already exists: NoC.Tile[03][01].Router. Latter declaration will be renamed to NoC.Tile[03][01].Router_0
In file: ../../../../src/sysc/kernel/sc_object_manager.cpp:149

Warning: (W505) object already exists: NoC.Tile[03][01].Router. Latter declaration will be renamed to NoC.Tile[03][01].Router_1
In file: ../../../../src/sysc/kernel/sc_object_manager.cpp:149

Warning: (W505) object already exists: NoC.Tile[03][01].Router. Latter declaration will be renamed to NoC.Tile[03][01].Router_2
In file: ../../../../src/sysc/kernel/sc_object_manager.cpp:149

Warning: (W505) object already exists: NoC.Tile[03][01].Router. Latter declaration will be renamed to NoC.Tile[03][01].Router_3
In file: ../../../../src/sysc/kernel/sc_object_manager.cpp:149

Warning: (W505) object already exists: NoC.Tile[03][02].Router. Latter declaration will be renamed to NoC.Tile[03][02].Router_0
In file: ../../../../src/sysc/kernel/sc_object_manager.cpp:149

Warning: (W505) object already exists: NoC.Tile[03][02].Router. Latter declaration will be renamed to NoC.Tile[03][02].Router_1
In file: ../../../../src/sysc/kernel/sc_object_manager.cpp:149

Warning: (W505) object already exists: NoC.Tile[03][02].Router. Latter declaration will be renamed to NoC.Tile[03][02].Router_2
In file: ../../../../src/sysc/kernel/sc_object_manager.cpp:149

Warning: (W505) object already exists: NoC.Tile[03][02].Router. Latter declaration will be renamed to NoC.Tile[03][02].Router_3
In file: ../../../../src/sysc/kernel/sc_object_manager.cpp:149

Warning: (W505) object already exists: NoC.Tile[03][03].Router. Latter declaration will be renamed to NoC.Tile[03][03].Router_0
In file: ../../../../src/sysc/kernel/sc_object_manager.cpp:149

Warning: (W505) object already exists: NoC.Tile[03][03].Router. Latter declaration will be renamed to NoC.Tile[03][03].Router_1
In file: ../../../../src/sysc/kernel/sc_object_manager.cpp:149

Warning: (W505) object already exists: NoC.Tile[03][03].Router. Latter declaration will be renamed to NoC.Tile[03][03].Router_2
In file: ../../../../src/sysc/kernel/sc_object_manager.cpp:149

Warning: (W505) object already exists: NoC.Tile[03][03].Router. Latter declaration will be renamed to NoC.Tile[03][03].Router_3
In file: ../../../../src/sysc/kernel/sc_object_manager.cpp:149
Reset... done! Now running for 10000 cycles...
node 8 slice 3 received flits with 8 13
node 9 slice 3 received flits with 8 13
node 13 slice 3 received flits with 8 13
node 8 slice 3 received flits with 8 13
node 9 slice 3 received flits with 8 13
node 13 slice 3 received flits with 8 13
node 8 slice 3 received flits with 8 13
node 9 slice 3 received flits with 8 13
node 13 slice 3 received flits with 8 13
node 8 slice 3 received flits with 8 13
node 9 slice 3 received flits with 8 13
node 13 slice 3 received flits with 8 13
node 8 slice 3 received flits with 8 13
node 9 slice 3 received flits with 8 13
node 13 slice 3 received flits with 8 13
node 8 slice 3 received flits with 8 13
node 9 slice 3 received flits with 8 13
node 13 slice 3 received flits with 8 13
node 8 slice 3 received flits with 8 13
node 9 slice 3 received flits with 8 13
node 13 slice 3 received flits with 8 13
node 8 slice 3 received flits with 8 13
node 9 slice 3 received flits with 8 13
node 13 slice 3 received flits with 8 13
node 8 slice 3 received flits with 8 13
node 9 slice 3 received flits with 8 13
node 13 slice 3 received flits with 8 13
node 8 slice 3 received flits with 8 13
node 9 slice 3 received flits with 8 13
node 13 slice 3 received flits with 8 13
node 8 slice 3 received flits with 8 13
node 9 slice 3 received flits with 8 13
node 13 slice 3 received flits with 8 13
node 8 slice 3 received flits with 8 13
node 9 slice 3 received flits with 8 13
node 13 slice 3 received flits with 8 13
node 8 slice 3 received flits with 8 13
node 9 slice 3 received flits with 8 13
node 13 slice 3 received flits with 8 13
node 8 slice 3 received flits with 8 13
node 9 slice 3 received flits with 8 13
node 13 slice 3 received flits with 8 13
node 8 slice 3 received flits with 8 13
node 9 slice 3 received flits with 8 13
node 13 slice 3 received flits with 8 13
node 8 slice 3 received flits with 8 13
node 9 slice 3 received flits with 8 13
node 13 slice 3 received flits with 8 13
node 8 slice 3 received flits with 8 13
node 9 slice 3 received flits with 8 13
node 13 slice 3 received flits with 8 13
node 8 slice 3 received flits with 8 13
node 9 slice 3 received flits with 8 13
node 13 slice 3 received flits with 8 13
node 8 slice 3 received flits with 8 13
node 9 slice 3 received flits with 8 13
node 13 slice 3 received flits with 8 13
node 8 slice 3 received flits with 8 13
node 9 slice 3 received flits with 8 13
node 13 slice 3 received flits with 8 13
node 8 slice 3 received flits with 8 13
node 9 slice 3 received flits with 8 13
node 13 slice 3 received flits with 8 13
node 8 slice 3 received flits with 8 13
node 9 slice 3 received flits with 8 13
node 13 slice 3 received flits with 8 13
node 8 slice 3 received flits with 8 13
node 9 slice 3 received flits with 8 13
node 13 slice 3 received flits with 8 13
node 8 slice 3 received flits with 8 13
node 9 slice 3 received flits with 8 13
node 13 slice 3 received flits with 8 13
node 8 slice 3 received flits with 8 13
node 9 slice 3 received flits with 8 13
node 13 slice 3 received flits with 8 13
node 8 slice 3 received flits with 8 13
node 9 slice 3 received flits with 8 13
node 13 slice 3 received flits with 8 13
node 8 slice 3 received flits with 8 13
node 9 slice 3 received flits with 8 13
node 13 slice 3 received flits with 8 13
node 8 slice 3 received flits with 8 13
node 9 slice 3 received flits with 8 13
node 13 slice 3 received flits with 8 13
node 8 slice 3 received flits with 8 13
node 9 slice 3 received flits with 8 13
node 13 slice 3 received flits with 8 13
node 8 slice 3 received flits with 8 13
node 9 slice 3 received flits with 8 13
node 13 slice 3 received flits with 8 13
node 8 slice 3 received flits with 8 13
node 9 slice 3 received flits with 8 13
node 13 slice 3 received flits with 8 13
node 8 slice 3 received flits with 8 13
node 9 slice 3 received flits with 8 13
node 13 slice 3 received flits with 8 13
node 8 slice 3 received flits with 8 13
node 9 slice 3 received flits with 8 13
node 13 slice 3 received flits with 8 13
node 8 slice 3 received flits with 8 13
node 9 slice 3 received flits with 8 13
node 13 slice 3 received flits with 8 13
node 8 slice 3 received flits with 8 13
node 9 slice 3 received flits with 8 13
node 13 slice 3 received flits with 8 13
Noxim simulation completed.
 ( 11000 cycles executed)
% Total received packets: 1103
% Total received flits: 13639
% Global average delay (cycles): 270.399
% Global average throughput (flits/cycle): 0.0955006
% Throughput (flits/cycle/IP): 0.532773
% Max delay (cycles): 7241
% Total energy (J): 4.30797e-06
% received flits from slice 0 706
% transmitted flits from slice 0 711
% received flits from slice 1 3906
% transmitted flits from slice 1 3913
% received flits from slice 2 1377
% transmitted flits from slice 2 1382
% received flits from slice 3 1388
% transmitted flits from slice 3 1393
% received flits from slice 4 9765
% transmitted flits from slice 4 9775
