0.0363699
0.251814
0.273316
0.311045
0.276687
0.305746
0.273316
0.0410131
0.326876
0.54232
0.526807
0.290505
0.240868
0.309449
0.280608
0.281881
0.0727196
0.208877
0.201173
0.215637
0.200699
0.102359
0.0752993
0.0806142
0.109621
0.165212
0.167741
0.181375
0.166714
0.137315
0.109375
0.118752
0.151508
0.122528
0.133589
0.146121
0.135647
0.172645
0.146862
0.154735
0.194894
0.0805959
0.100997
0.109897
0.101733
0.204592
0.180888
0.187915
0.469935
0.310707
0.343566
0.348884
0.341284
0.27504
0.215942
0.403858
0.233689
0.460347
0.495868
0.496058
0.49483
0.493281
0.460347
0.226658
