0.0365444
0.163996
0.0535417
0.0541878
0.0461568
0.0542967
0.162859
0.0359803
0.152212
0.174593
0.0618664
0.0610565
0.0613686
0.0618729
0.172704
0.145873
0.157812
0.192009
0.0803583
0.0796929
0.0792024
0.077922
0.18809
0.152051
0.15745
0.19139
0.0790047
0.0788967
0.0788592
0.0774772
0.186904
0.151509
0.157509
0.192624
0.0803976
0.0796554
0.0791099
0.0773631
0.186943
0.151906
0.157274
0.192325
0.079908
0.079314
0.0792609
0.0781728
0.186534
0.151967
0.151028
0.173876
0.064052
0.0630452
0.0630095
0.0616285
0.16769
0.146245
0.0414795
0.169306
0.0637499
0.0643
0.0641426
0.0627658
0.164499
0.0404835
0.039905
0.286426
0.286425
0.277907
0.280654
0.317366
0.277908
0.0341252
0.321427
0.31289
0.529292
0.51953
0.281522
0.28481
0.322377
0.318936
0.0735226
0.0635669
0.211041
0.202739
0.244321
0.205183
0.0731778
0.0737874
0.108338
0.100701
0.174921
0.169006
0.20496
0.172521
0.105906
0.113669
0.147551
0.133639
0.140981
0.139332
0.165442
0.137207
0.140656
0.156382
0.183468
0.165762
0.105074
0.106111
0.124001
0.101728
0.174229
0.195254
0.390631
0.414017
0.279776
0.283182
0.287761
0.275458
0.207163
0.232111
0.217936
0.42479
0.241821
0.244203
0.248947
0.244817
0.206854
0.0368574
0.0332856
0.282839
0.316597
0.282839
0.253811
0.294075
0.253811
0.0390039
0.337743
0.342526
0.372022
0.550597
0.55654
0.304456
0.243379
0.282383
0.0692394
0.0751974
0.0982595
0.206611
0.210299
0.225526
0.206718
0.0760785
0.10562
0.118144
0.128646
0.168396
0.175096
0.189697
0.164812
0.113324
0.144904
0.15698
0.163702
0.139194
0.138323
0.151701
0.122278
0.151973
0.185349
0.193974
0.195346
0.103819
0.106208
0.114452
0.0837144
0.189002
0.457573
0.689682
0.687562
0.53131
0.529398
0.5367
0.49819
0.457573
0.0397617
0.23211
0.264043
0.299684
0.300842
0.30539
0.264044
0.0434603
0.0381368
0.285421
0.320004
0.319995
0.285421
0.288059
0.288059
0.0312124
0.268573
0.260622
0.301747
0.297691
0.514261
0.483916
0.230436
0.217019
0.0724139
0.0607432
0.10572
0.100454
0.245915
0.216368
0.195222
0.185807
0.105106
0.0902752
0.13796
0.129623
0.20509
0.179685
0.157624
0.151403
0.140042
0.1259
0.177586
0.160286
0.162753
0.143961
0.117264
0.112848
0.177247
0.15671
0.212573
0.189445
0.126115
0.111716
0.0803641
0.0764519
0.213084
0.194784
0.447658
0.414269
0.280426
0.264825
0.232926
0.231381
0.0358366
0.287147
0.287147
0.257714
0.298757
0.292899
0.257714
0.0365969
0.0320775
0.286924
0.318292
0.318761
0.288917
0.286924
0.244533
0.0375481
0.438658
0.475545
0.50055
0.508071
0.476971
0.692774
0.683192
0.438658
0.189248
0.0736794
0.0950151
0.108071
0.0763988
0.220558
0.204634
0.179785
0.148744
0.110116
0.126665
0.141589
0.112567
0.183302
0.163754
0.148098
0.111468
0.149787
0.158658
0.177427
0.147844
0.147747
0.123985
0.112296
0.0758991
0.186876
0.192491
0.210392
0.181723
0.116418
0.0822244
0.0784513
0.262017
0.220625
0.259374
0.499384
0.473778
0.33576
0.300625
0.299655
0.041392
0.275937
0.308287
0.275937
0.246899
0.281977
0.246899
0.0402791
0.0403315
0.217283
0.249391
0.253633
0.21994
0.25322
0.434797
0.217514
0.217565
0.201832
0.268348
0.271411
0.237247
0.271768
0.419115
0.384374
0.177234
0.164013
0.103869
0.104509
0.0770998
0.101793
0.181316
0.182543
0.137537
0.131326
0.13733
0.142609
0.11806
0.131746
0.145901
0.14498
0.100884
0.0996964
0.172766
0.178444
0.163283
0.160487
0.111176
0.108794
0.0684535
0.0679349
0.209597
0.213706
0.204043
0.194378
0.0718813
0.070201
0.316988
0.315605
0.279762
0.277396
0.51989
0.508028
0.31407
0.308826
0.0372253
0.279667
0.311434
0.314922
0.279667
0.261609
0.261609
0.0314296
0.225579
0.43836
0.469145
0.472919
0.442884
0.474115
0.43836
0.212781
0.432917
0.241248
0.271676
0.343756
0.315761
0.339903
0.307334
0.443628
0.191669
0.197916
0.203445
0.110148
0.075508
0.101737
0.071287
0.17195
0.152842
0.154741
0.169164
0.150826
0.108085
0.13375
0.108454
0.136288
0.111037
0.115363
0.135839
0.190467
0.141894
0.165633
0.143627
0.104577
0.0741083
0.076616
0.102207
0.228246
0.172613
0.197681
0.178795
0.0720503
0.328056
0.326535
0.358969
0.291592
0.240341
0.481439
0.456733
0.277072
0.0364626
0.273308
0.309562
0.306125
0.306154
0.273306
0.216392
0.0367311
0.217146
0.440799
0.258082
0.263086
0.228518
0.256003
0.223653
0.035509
0.473817
0.521527
0.297874
0.275196
0.316165
0.345031
0.30892
0.310705
0.175943
0.188756
0.22181
0.204002
0.0762835
0.101937
0.0669294
0.0755458
0.140729
0.149488
0.183401
0.174193
0.112846
0.134657
0.100984
0.113694
0.101369
0.113736
0.147694
0.139423
0.150235
0.167308
0.133038
0.1506
0.0662808
0.0775965
0.109531
0.106001
0.187208
0.20004
0.164748
0.185127
0.297218
0.303971
0.338365
0.336874
0.26598
0.263664
0.462031
0.448792
0.0312386
0.198366
0.234822
0.234954
0.237394
0.227994
0.414831
0.216465
0.0363699
0.251814
0.273316
0.311045
0.276687
0.305746
0.273316
0.0410131
0.326876
0.54232
0.526807
0.290505
0.240868
0.309449
0.280608
0.281881
0.0727196
0.208877
0.201173
0.215637
0.200699
0.102359
0.0752993
0.0806142
0.109621
0.165212
0.167741
0.181375
0.166714
0.137315
0.109375
0.118752
0.151508
0.122528
0.133589
0.146121
0.135647
0.172645
0.146862
0.154735
0.194894
0.0805959
0.100997
0.109897
0.101733
0.204592
0.180888
0.187915
0.469935
0.310707
0.343566
0.348884
0.341284
0.27504
0.215942
0.403858
0.233689
0.460347
0.495868
0.496058
0.49483
0.493281
0.460347
0.226658
