5.35723e-05
0.000631283
0.000631283
0.000561475
0.00064737
0.000673804
0.000561475
6.48372e-05
0.000656416
0.000693027
0.00115359
0.00111363
0.000602843
0.000662326
0.000699641
0.000727163
0.000154295
0.000186426
0.000464443
0.000412172
0.000438798
0.000483815
0.000102152
0.000131787
0.000259264
0.000282882
0.000383903
0.00036148
0.000352903
0.000371486
0.000162701
0.000187407
0.000308548
0.000377289
0.00030076
0.000296515
0.000297944
0.00026656
0.000247231
0.000256469
0.000396619
0.000428685
0.000204945
0.000216892
0.000217639
0.000160909
0.000308164
0.000312153
0.000739281
0.000855131
0.000465915
0.000471526
0.000480722
0.000445839
0.000342662
0.000348764
0.000453647
0.000966116
0.000560365
0.000563886
0.000560365
0.000525141
0.000512468
3.6611e-05
