4.9508e-05
0.000257493
9.19754e-05
8.7015e-05
9.43756e-05
9.64558e-05
0.000254773
6.03889e-05
0.000224434
0.000276598
0.00010468
0.000106569
0.000104104
0.000101352
0.000265589
0.000253589
0.000228498
0.000311065
0.000130027
0.000125066
0.000132427
0.000134507
0.000301272
0.000249268
0.00022149
0.000317658
0.000134091
0.000131339
0.000127274
0.000133643
0.000304409
0.000235411
0.000203824
0.000317914
0.000139179
0.000136491
0.000137867
0.000139627
0.000313369
0.000228146
0.000198384
0.000301592
0.000114729
0.000115305
0.000112233
0.000107859
0.000292792
0.000208401
0.00017595
0.000286711
9.48237e-05
9.61358e-05
9.86e-05
9.59118e-05
0.00026799
0.000182607
3.46908e-05
0.000255157
5.44684e-05
5.49164e-05
5.14282e-05
4.62437e-05
0.000235475
3.41788e-05
