4.85799e-05
0.000455504
0.0005069
0.000488274
0.000553431
0.000558744
0.000895881
0.000440377
0.000407094
0.000588378
0.00070666
0.000697934
0.000783466
0.000767081
0.00104388
0.000949133
0.000358514
0.000485543
0.000169678
0.000142326
0.000293016
0.000281943
0.000401974
0.000360755
0.000269099
0.000384863
0.000240147
0.000202555
0.000351452
0.000367838
0.000325146
0.0002819
0.000183161
0.000270401
0.000319706
0.000267392
0.00044586
0.000460133
0.000231443
0.000209126
0.000132427
0.00016268
0.000376073
0.000322309
0.000523306
0.000504489
0.000134219
0.00012673
0.000521237
0.000566254
0.000470502
0.000422669
0.00105581
0.00100777
0.000471676
0.000470545
5.07348e-05
0.000678903
0.000718373
0.000715514
0.000678903
0.000597787
0.000597798
4.78759e-05
