0.0126245
0.0869461
0.0869461
0.234808
0.247478
0.246035
0.234808
0.0224445
0.243837
0.25499
0.300293
0.455318
0.231213
0.387524
0.407624
0.409969
0.0333726
0.0444017
0.0576607
0.144101
0.129242
0.360216
0.0994878
0.0309773
0.0517668
0.067306
0.0505255
0.133545
0.114788
0.270925
0.194351
0.0388665
0.0742527
0.0889966
0.0427835
0.112112
0.0982098
0.177883
0.282602
0.0492566
0.0894195
0.105869
0.035161
0.0975753
0.085006
0.100086
0.358046
0.0593065
0.467073
0.492355
0.401087
0.456863
0.451879
0.40882
0.377649
0.0787168
0.103037
0.217747
0.128203
0.181202
0.178159
0.129647
0.114705
0.0194102
