0.0119513
0.0619428
0.0471894
0.0496306
0.0464889
0.0531545
0.0369152
0.0400781
0.0120786
0.0249215
0.013883
0.0156874
0.0131612
0.0171096
0.0118876
0.0183833
0.012206
0.021801
0.0135009
0.0139679
0.0120786
0.0154963
0.0113144
0.0162817
0.0123334
0.0188715
0.0130976
0.0125032
0.0114418
0.013883
0.0104016
0.0138618
0.0124607
0.0158784
0.0124395
0.0107837
0.00984971
0.0114418
0.008852
0.0113144
0.012397
0.0127155
0.0119088
0.0097648
0.00895814
0.0100195
0.00806657
0.0093827
0.0120999
0.00991339
0.0111234
0.00834253
0.00759956
0.00798166
0.00653817
0.00704764
0.0293581
0.0232657
0.0294642
0.0204212
0.0153477
0.0123758
0.00753588
0.00479749
