node: 20 matching clock cycle 4956869.00000000, pushing packet into request queue 
node: 34 matching clock cycle 4956870.00000000, pushing packet into request queue 
node: 24 matching clock cycle 4956886.00000000, pushing packet into request queue 
node: 20 matching clock cycle 4956886.00000000, pushing packet into request queue 
node: 54 matching clock cycle 4956889.00000000, pushing packet into request queue 
node: 26 matching clock cycle 4956892.00000000, pushing packet into request queue 
node: 16 matching clock cycle 4956904.00000000, pushing packet into request queue 
node: 22 matching clock cycle 4956907.00000000, pushing packet into request queue 
node: 8 matching clock cycle 4956910.00000000, pushing packet into request queue 
node: 38 matching clock cycle 4956912.00000000, pushing packet into request queue 
node: 40 matching clock cycle 4956916.00000000, pushing packet into request queue 
node: 44 matching clock cycle 4956919.00000000, pushing packet into request queue 
node: 50 matching clock cycle 4956920.00000000, pushing packet into request queue 
node: 46 matching clock cycle 4956921.00000000, pushing packet into request queue 
node: 20 matching clock cycle 4956950.00000000, pushing packet into request queue 
node: 2 matching clock cycle 4956963.00000000, pushing packet into request queue 
node: 24 matching clock cycle 4956981.00000000, pushing packet into request queue 
node: 26 matching clock cycle 4956992.00000000, pushing packet into request queue 
node: 18 matching clock cycle 4956998.00000000, pushing packet into request queue 
node: 32 matching clock cycle 4956999.00000000, pushing packet into request queue 
node: 4 matching clock cycle 4957006.00000000, pushing packet into request queue 
node: 32 matching clock cycle 4957017.00000000, pushing packet into request queue 
node: 24 matching clock cycle 4957038.00000000, pushing packet into request queue 
node: 36 matching clock cycle 4957042.00000000, pushing packet into request queue 
node: 48 matching clock cycle 4957048.00000000, pushing packet into request queue 
node: 6 matching clock cycle 4957053.00000000, pushing packet into request queue 
node: 10 matching clock cycle 4957057.00000000, pushing packet into request queue 
node: 30 matching clock cycle 4957060.00000000, pushing packet into request queue 
node: 22 matching clock cycle 4957072.00000000, pushing packet into request queue 
node: 18 matching clock cycle 4957076.00000000, pushing packet into request queue 
node: 26 matching clock cycle 4957082.00000000, pushing packet into request queue 
node: 26 matching clock cycle 4957097.00000000, pushing packet into request queue 
node: 0 matching clock cycle 4957099.00000000, pushing packet into request queue 
node: 0 matching clock cycle 4957099.00000000, pushing packet into request queue 
the processing element 1stops at 4957300000.00000000
node: 18 matching clock cycle 4957103.00000000, pushing packet into request queue 
node: 20 matching clock cycle 4957105.00000000, pushing packet into request queue 
node: 28 matching clock cycle 4957123.00000000, pushing packet into request queue 
node: 22 matching clock cycle 4957134.00000000, pushing packet into request queue 
node: 32 matching clock cycle 4957135.00000000, pushing packet into request queue 
node: 32 matching clock cycle 4957143.00000000, pushing packet into request queue 
node: 30 matching clock cycle 4957144.00000000, pushing packet into request queue 
node: 30 matching clock cycle 4957148.00000000, pushing packet into request queue 
node: 28 matching clock cycle 4957160.00000000, pushing packet into request queue 
node: 4 matching clock cycle 4957168.00000000, pushing packet into request queue 
the processing element 5stops at 4957369000.00000000
node: 20 matching clock cycle 4957174.00000000, pushing packet into request queue 
node: 24 matching clock cycle 4957191.00000000, pushing packet into request queue 
node: 30 matching clock cycle 4957195.00000000, pushing packet into request queue 
node: 26 matching clock cycle 4957195.00000000, pushing packet into request queue 
node: 20 matching clock cycle 4957196.00000000, pushing packet into request queue 
node: 54 matching clock cycle 4957197.00000000, pushing packet into request queue 
the processing element 61stops at 4957398000.00000000
node: 28 matching clock cycle 4957205.00000000, pushing packet into request queue 
node: 38 matching clock cycle 4957208.00000000, pushing packet into request queue 
the processing element 43stops at 4957409000.00000000

Info: /OSCI/SystemC: Simulation stopped by user.
Noxim simulation completed.
 ( 4957409.00000000 cycles executed)
% Total received packets: 2418283
% Global average throughput (flits/cycle): 0.02072215
% Throughput (flits/cycle/IP): 9.07765315
% Max delay (cycles): 823.00000000
% Total energy (J): 1.0733790393e-03
% received flits to slice 0 902094
% transmitted flits from slice 0 902094
% average delay of slice 0 2.2159369201e+01
% received flits to slice 1 910602
% transmitted flits from slice 1 910602
% average delay of slice 1 2.2785177278e+01
% received flits to slice 2 1051866
% transmitted flits from slice 2 1051866
% average delay of slice 2 2.4010758024e+01
% received flits to slice 3 1060276
% transmitted flits from slice 3 1060284
% average delay of slice 3 2.2982581828e+01
% received flits to slice 4 1055315
% transmitted flits from slice 4 1055320
% average delay of slice 4 2.3187547616e+01
% received flits to slice 5 757530
% transmitted flits from slice 5 757531
% average delay of slice 5 2.3982440299e+01
% received flits to slice 6 758982
% transmitted flits from slice 6 758982
% average delay of slice 6 2.3241001763e+01
% received flits to slice 7 758205
% transmitted flits from slice 7 758208
% average delay of slice 7 2.1895637310e+01
% received flits to slice 8 4836560
% transmitted flits from slice 8 4836581
% average delay of slice 8 4.5257299616e+01

Info: (I804) /IEEE_Std_1666/deprecated: You can turn off warnings about
             IEEE 1666 deprecated features by placing this method call
             as the first statement in your sc_main() function:

  sc_core::sc_report_handler::set_actions( "/IEEE_Std_1666/deprecated",
                                           sc_core::SC_DO_NOTHING );

