the processing element 62stops at 1142056000.00000000
node: 6 matching clock cycle 1141860.00000000, pushing packet into request queue 
node: 38 matching clock cycle 1141868.00000000, pushing packet into request queue 
the processing element 43stops at 1142069000.00000000
node: 33 matching clock cycle 1141908.00000000, pushing packet into request queue 
node: 22 matching clock cycle 1141912.00000000, pushing packet into request queue 
the processing element 25stops at 1142113000.00000000
node: 35 matching clock cycle 1141915.00000000, pushing packet into request queue 
the processing element 40stops at 1142116000.00000000
node: 12 matching clock cycle 1141918.00000000, pushing packet into request queue 
the processing element 14stops at 1142119000.00000000
node: 51 matching clock cycle 1141931.00000000, pushing packet into request queue 
the processing element 58stops at 1142132000.00000000
node: 39 matching clock cycle 1141933.00000000, pushing packet into request queue 
node: 39 matching clock cycle 1141933.00000000, pushing packet into request queue 
the processing element 44stops at 1142134000.00000000
node: 5 matching clock cycle 1141934.00000000, pushing packet into request queue 
the processing element 6stops at 1142135000.00000000
node: 49 matching clock cycle 1141937.00000000, pushing packet into request queue 
the processing element 28stops at 1142145000.00000000
node: 40 matching clock cycle 1141958.00000000, pushing packet into request queue 
the processing element 46stops at 1142159000.00000000
the processing element 48stops at 1142174000.00000000
node: 28 matching clock cycle 1141978.00000000, pushing packet into request queue 
node: 1 matching clock cycle 1141995.00000000, pushing packet into request queue 
the processing element 2stops at 1142196000.00000000
the processing element 32stops at 1142198000.00000000
node: 9 matching clock cycle 1142000.00000000, pushing packet into request queue 
the processing element 11stops at 1142201000.00000000
node: 17 matching clock cycle 1142031.00000000, pushing packet into request queue 
the processing element 20stops at 1142232000.00000000
the processing element 34stops at 1142238000.00000000
the processing element 59stops at 1142262000.00000000
node: 53 matching clock cycle 1142066.00000000, pushing packet into request queue 
the processing element 60stops at 1142267000.00000000
node: 32 matching clock cycle 1142074.00000000, pushing packet into request queue 
the processing element 37stops at 1142275000.00000000
node: 41 matching clock cycle 1142079.00000000, pushing packet into request queue 
node: 48 matching clock cycle 1142086.00000000, pushing packet into request queue 
the processing element 55stops at 1142287000.00000000
node: 16 matching clock cycle 1142093.00000000, pushing packet into request queue 
node: 27 matching clock cycle 1142098.00000000, pushing packet into request queue 
node: 26 matching clock cycle 1142104.00000000, pushing packet into request queue 
the processing element 30stops at 1142305000.00000000
the processing element 47stops at 1142334000.00000000
the processing element 19stops at 1142338000.00000000
the processing element 31stops at 1142358000.00000000
node: 20 matching clock cycle 1142174.00000000, pushing packet into request queue 
node: 25 matching clock cycle 1142182.00000000, pushing packet into request queue 
the processing element 38stops at 1142414000.00000000
the processing element 56stops at 1142418000.00000000
node: 29 matching clock cycle 1142260.00000000, pushing packet into request queue 
the processing element 10stops at 1142490000.00000000
the processing element 29stops at 1142502000.00000000
the processing element 50stops at 1142534000.00000000
the processing element 41stops at 1142638000.00000000

Info: /OSCI/SystemC: Simulation stopped by user.
Noxim simulation completed.
 ( 1142638.00000000 cycles executed)
% Total received packets: 957268
% Global average throughput (flits/cycle): 0.03465953
% Throughput (flits/cycle/IP): 3.59338063
% Max delay (cycles): 924.00000000
% Total energy (J): 4.0501296168e-04
% received flits to slice 0 360504
% transmitted flits from slice 0 360504
% average delay of slice 0 2.4965265295e+01
% received flits to slice 1 360282
% transmitted flits from slice 1 360282
% average delay of slice 1 2.3716755208e+01
% received flits to slice 2 358596
% transmitted flits from slice 2 358596
% average delay of slice 2 2.2848408794e+01
% received flits to slice 3 356154
% transmitted flits from slice 3 356154
% average delay of slice 3 2.2438821409e+01
% received flits to slice 4 359448
% transmitted flits from slice 4 359448
% average delay of slice 4 2.2463928023e+01
% received flits to slice 5 358374
% transmitted flits from slice 5 358375
% average delay of slice 5 2.2849470107e+01
% received flits to slice 6 357984
% transmitted flits from slice 6 357984
% average delay of slice 6 2.3668929338e+01
% received flits to slice 7 360588
% transmitted flits from slice 7 360588
% average delay of slice 7 2.5013877334e+01
% received flits to slice 8 1914453
% transmitted flits from slice 8 1914480
% average delay of slice 8 1.2157810381e+02

Info: (I804) /IEEE_Std_1666/deprecated: You can turn off warnings about
             IEEE 1666 deprecated features by placing this method call
             as the first statement in your sc_main() function:

  sc_core::sc_report_handler::set_actions( "/IEEE_Std_1666/deprecated",
                                           sc_core::SC_DO_NOTHING );

