node: 19 matching clock cycle 2766.00000000, pushing packet into request queue 
node: 21 matching clock cycle 2772.00000000, pushing packet into request queue 
node: 23 matching clock cycle 2778.00000000, pushing packet into request queue 
node: 23 matching clock cycle 2778.00000000, pushing packet into request queue 
node: 25 matching clock cycle 2784.00000000, pushing packet into request queue 
the processing element 13stops at 2989000.00000000
node: 27 matching clock cycle 2790.00000000, pushing packet into request queue 
node: 29 matching clock cycle 2796.00000000, pushing packet into request queue 
node: 31 matching clock cycle 2803.00000000, pushing packet into request queue 
node: 31 matching clock cycle 2803.00000000, pushing packet into request queue 
node: 33 matching clock cycle 2808.00000000, pushing packet into request queue 
node: 35 matching clock cycle 2814.00000000, pushing packet into request queue 
the processing element 17stops at 3018000.00000000
node: 37 matching clock cycle 2820.00000000, pushing packet into request queue 
node: 39 matching clock cycle 2826.00000000, pushing packet into request queue 
node: 39 matching clock cycle 2826.00000000, pushing packet into request queue 
node: 41 matching clock cycle 2832.00000000, pushing packet into request queue 
node: 43 matching clock cycle 2838.00000000, pushing packet into request queue 
node: 45 matching clock cycle 2844.00000000, pushing packet into request queue 
node: 47 matching clock cycle 2851.00000000, pushing packet into request queue 
node: 47 matching clock cycle 2851.00000000, pushing packet into request queue 
node: 49 matching clock cycle 2856.00000000, pushing packet into request queue 
node: 51 matching clock cycle 2862.00000000, pushing packet into request queue 
the processing element 50stops at 3076000.00000000
node: 2 matching clock cycle 2882.00000000, pushing packet into request queue 
the processing element 24stops at 3106000.00000000
the processing element 21stops at 3130000.00000000
node: 53 matching clock cycle 2947.00000000, pushing packet into request queue 
node: 55 matching clock cycle 2953.00000000, pushing packet into request queue 
the processing element 20stops at 3174000.00000000
the processing element 26stops at 3186000.00000000
the processing element 33stops at 3234000.00000000
the processing element 2stops at 3294000.00000000
the processing element 22stops at 3326000.00000000
the processing element 30stops at 3346000.00000000
the processing element 35stops at 3370000.00000000
the processing element 40stops at 3402000.00000000
the processing element 42stops at 3450000.00000000
the processing element 29stops at 3486000.00000000
the processing element 23stops at 3522000.00000000
the processing element 49stops at 3546000.00000000
the processing element 56stops at 3602000.00000000
the processing element 44stops at 3634000.00000000
the processing element 4stops at 3645000.00000000
the processing element 38stops at 3670000.00000000
the processing element 52stops at 3686000.00000000
the processing element 15stops at 3710000.00000000
the processing element 58stops at 3730000.00000000
the processing element 37stops at 3778000.00000000
the processing element 57stops at 3790000.00000000
the processing element 6stops at 3822000.00000000
the processing element 31stops at 3862000.00000000
the processing element 43stops at 3886000.00000000
the processing element 51stops at 3906000.00000000
the processing element 46stops at 3946000.00000000
the processing element 39stops at 3962000.00000000

Info: /OSCI/SystemC: Simulation stopped by user.
Noxim simulation completed.
 ( 3962.00000000 cycles executed)
% Total received packets: 869
% Global average throughput (flits/cycle): 0.02581797
% Throughput (flits/cycle/IP): 0.00441441
% Max delay (cycles): 924.00000000
% Total energy (J): 4.6246445053e-07
% received flits to slice 0 354
% transmitted flits from slice 0 354
% average delay of slice 0 2.4322033898e+01
% received flits to slice 1 336
% transmitted flits from slice 1 336
% average delay of slice 1 2.4839285714e+01
% received flits to slice 2 336
% transmitted flits from slice 2 336
% average delay of slice 2 2.5696428571e+01
% received flits to slice 3 336
% transmitted flits from slice 3 336
% average delay of slice 3 2.5642857143e+01
% received flits to slice 4 330
% transmitted flits from slice 4 331
% average delay of slice 4 2.6218181818e+01
% received flits to slice 5 324
% transmitted flits from slice 5 330
% average delay of slice 5 2.7185185185e+01
% received flits to slice 6 324
% transmitted flits from slice 6 324
% average delay of slice 6 2.8000000000e+01
% received flits to slice 7 312
% transmitted flits from slice 7 312
% average delay of slice 7 3.0461538462e+01
% received flits to slice 8 1709
% transmitted flits from slice 8 1731
% average delay of slice 8 3.8935128806e+02

Info: (I804) /IEEE_Std_1666/deprecated: You can turn off warnings about
             IEEE 1666 deprecated features by placing this method call
             as the first statement in your sc_main() function:

  sc_core::sc_report_handler::set_actions( "/IEEE_Std_1666/deprecated",
                                           sc_core::SC_DO_NOTHING );

