0.370192
0.0352564
0
0
0.0176282
0
0.0352564
0
0.370192
0.175214
0
0
0.0352564
0
0.0705128
0
0.317308
0.13969
0
0
0.0528846
0
0.105769
0
0.264423
0.104167
0
0
0.0705128
0
0.141026
0
0.211538
0.0686432
0
0
0.123397
0
0.176282
0
0.158654
0.0331197
0
0
0.0528846
0
0.211538
0
0.105769
0.0152244
0
0
0.0352564
0
0.246795
0
0.0528846
0.0149573
0
0
0.0176282
0
0.0352564
0
0.370192
0.0352564
0
0
0.0176282
0
0.0352564
0
0.370192
0.175214
0
0
0.0352564
0
0.0705128
0
0.317308
0.13969
0
0
0.0528846
0
0.105769
0
0.264423
0.104167
0
0
0.0705128
0
0.141026
0
0.211538
0.0686432
0
0
0.123397
0
0.176282
0
0.158654
0.0331197
0
0
0.0528846
0
0.211538
0
0.105769
0.0152244
0
0
0.0352564
0
0.246795
0
0.0528846
0.0149573
0
0
0.0176282
0
0.0352564
0
0.370192
0.0352564
0
0
0.0176282
0
0.0352564
0
0.370192
0.175214
0
0
0.0352564
0
0.0705128
0
0.317308
0.13969
0
0
0.0528846
0
0.105769
0
0.264423
0.104167
0
0
0.0705128
0
0.141026
0
0.211538
0.0686432
0
0
0.123397
0
0.176282
0
0.158654
0.0331197
0
0
0.0528846
0
0.211538
0
0.105769
0.0152244
0
0
0.0352564
0
0.246795
0
0.0528846
0.0149573
0
0
0.0176282
0
0.0352564
0
0.370192
0.0352564
0
0
0.0176282
0
0.0352564
0
0.370192
0.175214
0
0
0.0352564
0
0.0705128
0
0.317308
0.13969
0
0
0.0528846
0
0.105769
0
0.264423
0.104167
0
0
0.0705128
0
0.141026
0
0.211538
0.0686432
0
0
0.123397
0
0.176282
0
0.158654
0.0331197
0
0
0.0528846
0
0.211538
0
0.105769
0.0152244
0
0
0.0352564
0
0.246795
0
0.0528846
0.0149573
0
0
0.0176282
0
0.0352564
0
0.370192
0.0352564
0
0
0.0176282
0
0.0352564
0
0.370192
0.175214
0
0
0.0352564
0
0.0705128
0
0.317308
0.13969
0
0
0.0528846
0
0.105769
0
0.264423
0.104167
0
0
0.0705128
0
0.141026
0
0.211538
0.0686432
0
0
0.123397
0
0.176282
0
0.158654
0.0331197
0
0
0.0528846
0
0.211538
0
0.105769
0.0152244
0
0
0.0352564
0
0.246795
0
0.0528846
0.0149573
0
0
0.0176282
0
0.0352564
0
0.361691
0.0344468
0
0
0.0172234
0
0.0344468
0
0.361691
0.174322
0
0
0.0344468
0
0.0688935
0
0.310021
0.139614
0
0
0.0516701
0
0.10334
0
0.258351
0.104906
0
0
0.0688935
0
0.137787
0
0.206681
0.0701983
0
0
0.120564
0
0.172234
0
0.15501
0.0354906
0
0
0.0516701
0
0.206681
0
0.10334
0.000782881
0
0
0.0344468
0
0.241127
0
0.0516701
0.000521921
0
0
0.0172234
0
0.0344468
0
0.370192
0.0352564
0
0
0.0176282
0
0.0352564
0
0.370192
0.175214
0
0
0.0352564
0
0.0705128
0
0.317308
0.13969
0
0
0.0528846
0
0.105769
0
0.264423
0.104167
0
0
0.0705128
0
0.141026
0
0.211538
0.0686432
0
0
0.123397
0
0.176282
0
0.158654
0.0331197
0
0
0.0528846
0
0.211538
0
0.105769
0.0152244
0
0
0.0352564
0
0.246795
0
0.0528846
0.0149573
0
0
0.0176282
0
0.0352564
0
0.0617284
0.00587889
0
0
0.00293945
0
0.00587889
0
0.0617284
0.0279248
0
0
0.00587889
0
0.0117578
0
0.0529101
0.0217519
0
0
0.00881834
0
0.0176367
0
0.0440917
0.0176367
0
0
0.0117578
0
0.0235156
0
0.0352734
0.0117578
0
0
0.0205761
0
0.0293945
0
0.026455
0.00881834
0
0
0.00881834
0
0.0352734
0
0.0176367
0.00587889
0
0
0.00587889
0
0.0411523
0
0.00881834
0.00293945
0
0
0.00293945
0
0.00587889
0
0.018936
0.00450857
0.00450857
0.00450857
0.00541028
0.00541028
0.00721371
0.00721371
0.0162308
0.012624
0.00450857
0.00450857
0.00631199
0.00541028
0.00901713
0.00721371
0.0135257
0.00901713
0.00450857
0.00450857
0.00721371
0.00541028
0.0108206
0.00721371
0.0108206
0.00721371
0.00450857
0.00450857
0.00811542
0.00541028
0.012624
0.00721371
0.00811542
0.00541028
0.00360685
0.00360685
0.00991885
0.00450857
0.0135257
0.00631199
0.00541028
0.00450857
0.00360685
0.00360685
0.00541028
0.00450857
0.0153291
0.00661256
0.00270514
0.00360685
0.00360685
0.00360685
0.00450857
0.00450857
0.0171326
0.00631199
0
0
0
0
0
0
0
0
0.037872
0.00901713
0.00901713
0.00901713
0.0108206
0.0108206
0.0144274
0.0144274
0.0324617
0.0270514
0.00901713
0.00901713
0.012624
0.0108206
0.0180343
0.0144274
0.0270514
0.0198377
0.00901713
0.00901713
0.0144274
0.0108206
0.0216411
0.0144274
0.0216411
0.0162308
0.00901713
0.00901713
0.0162308
0.0108206
0.025248
0.0144274
0.0162308
0.012624
0.00901713
0.00901713
0.0216411
0.0108206
0.0288548
0.0144274
0.0108206
0.0093177
0.00781485
0.00811542
0.0120228
0.01052
0.0324617
0.0144274
0.00541028
0.00721371
0.00721371
0.00721371
0.00901713
0.00901713
0.0342651
0.012624
0
0
0
0
0
0
0
0
0.0378378
0.00900901
0.00900901
0.00900901
0.0108108
0.0108108
0.0144144
0.0144144
0.0324324
0.027027
0.00900901
0.00900901
0.0126126
0.0108108
0.018018
0.0144144
0.027027
0.0198198
0.00900901
0.00900901
0.0144144
0.0108108
0.0216216
0.0144144
0.0216216
0.0162162
0.00900901
0.00900901
0.0162162
0.0108108
0.0252252
0.0144144
0.0162162
0.0126126
0.00900901
0.00900901
0.0216216
0.0108108
0.0288288
0.0144144
0.0108108
0.00900901
0.00720721
0.00720721
0.0108108
0.00900901
0.0309309
0.0132132
0.00540541
0.00720721
0.00720721
0.00720721
0.00900901
0.00900901
0.0342342
0.0126126
0
0
0
0
0
0
0
0
0.03177
0
0
0
0
0
0
0
0.03177
0.0151286
0
0
0
0
0
0
0.03177
0.0151286
0
0
0
0
0
0
0.03177
0.0151286
0
0
0
0
0
0
0.03177
0.0151286
0
0
0.01059
0
0
0
0.03177
0.0151286
0
0
0.01059
0
0
0
0.03177
0.0151286
0
0
0.01059
0
0.02118
0
0.0393343
0.0514372
0.0453858
0.0423601
0.0438729
0.0332829
0.0287443
0
0.0413665
0
0
0
0
0
0
0
0.0413665
0.0408767
0
0
0
0
0
0
0.0413665
0.0408767
0.0411856
0
0
0
0
0
0.0413665
0.0408767
0.0411856
0.0404486
0
0
0
0
0.0413665
0.0408767
0.0411856
0.0404486
0.0411415
0
0
0
0.0413665
0.0408767
0.0411856
0.0404486
0.0411415
0.0408855
0
0
0.0413665
0.0408767
0.0411856
0.0404486
0.0411415
0.0408855
0.0409311
0
0.0813077
0.144487
0.186154
0.202221
0.19873
0.168774
0.116353
0.0400074
0.0415738
0
0
0
0
0
0
0
0.0415738
0.0423591
0
0
0
0
0
0
0.0415738
0.0423591
0.041046
0
0
0
0
0
0.0415738
0.0423591
0.041046
0.0429054
0
0
0
0
0.0415738
0.0423591
0.041046
0.0429054
0.0417445
0
0
0
0.0415738
0.0423591
0.041046
0.0429054
0.0417445
0.0421385
0
0
0.0415738
0.0423591
0.041046
0.0429054
0.0417445
0.0421385
0.0426112
0
0.0833919
0.149361
0.191271
0.211078
0.204224
0.173607
0.119479
0.0412035
0.0271763
0
0
0
0
0
0
0
0.0271763
0.0280786
0
0
0
0
0
0
0.0271763
0.0280786
0.0278756
0
0
0
0
0
0.0271763
0.0280786
0.0278756
0.0273094
0
0
0
0
0.0271763
0.0280786
0.0278756
0.0273094
0.0274083
0
0
0
0.0271763
0.0280786
0.0278756
0.0273094
0.0274083
0.0284283
0
0
0.0271763
0.0280786
0.0278756
0.0273094
0.0274083
0.0284283
0.0259738
0
0.0545386
0.0975315
0.124144
0.135439
0.130429
0.110219
0.0748664
0.025967
0.0345893
0
0
0
0
0
0
0
0.0345896
0.0339483
0
0
0
0
0
0
0.03459
0.0339483
0.0345586
0
0
0
0
0
0.0345903
0.0339483
0.0345586
0.0339055
0
0
0
0
0.0345907
0.0339483
0.0345586
0.0339055
0.0345586
0
0
0
0.0345907
0.0339483
0.0345586
0.0339055
0.0345586
0.0338926
0
0
0.0345907
0.0339483
0.0345586
0.0339055
0.0345586
0.0338926
0.03458
0
0.0683702
0.122269
0.156433
0.170962
0.166437
0.141461
0.0976715
0.0338883
4.59918e-05
0
0
0
0
0
0
0
4.59918e-05
0.0214527
0
0
0
0
0
0
4.59918e-05
0.0214527
0.0221329
0
0
0
0
2.2727e-322
4.59918e-05
0.0214527
0.0221329
0.0219538
0
0
0
0
4.59918e-05
0.0214527
0.0221329
0.0219538
0.0216282
0
0
0
4.59918e-05
0.0214527
0.0221329
0.0219538
0.0216282
0.0214439
0
0
4.59918e-05
0.0214527
0.0221329
0.0219538
0.0216282
0.0214441
0.0221523
0
0.0221741
0.065226
0.0873638
0.087221
0.0658094
0.0437019
0.044324
0.0221341
0.0437945
0
0
0
0
0
0
0
0.0437945
0.0435859
0
0
0
0
0
0
0.0437945
0.0435859
0.0435062
0
0
0
0
0
0.0437945
0.0435859
0.0435062
0.0434694
0
0
0
0
0.0437945
0.0435859
0.0435062
0.0434694
0.0437884
0
0
0
0.0437945
0.0435859
0.0435062
0.0434694
0.0437884
0.0436718
0
0
0.0437945
0.0435859
0.0435062
0.0434694
0.0437884
0.0436718
0.0437945
0
0.0858773
0.154723
0.199125
0.218359
0.212537
0.181289
0.124905
0.0437393
0.0351259
0
0
0
0
0
0
0
0.0351259
0.0223307
0
0
0
0
0
0
0.0351259
0.0223307
0.0236496
0
0
0
0
3.31024e-322
0.0351259
0.0223307
0.0236496
0.0214324
0
0
0
0
0.0351259
0.0223307
0.0236496
0.0214324
0.0244951
0
0
0
0.0351259
0.0223307
0.0236496
0.0214324
0.0244951
0.0452792
0
0
0.0351259
0.0223307
0.0236496
0.0214324
0.0244951
0.0452792
0.0203045
0
0.0631165
0.102972
0.122349
0.138597
0.136488
0.128334
0.0751964
0.0313317
0.0419713
0
0
0
0
0
0
0
0.0419713
0.0371194
0
0
0
0
0
0
0.0419713
0.0371194
0.0404065
0
0
0
0
0
0.0419713
0.0371194
0.0404065
0.0383481
0
0
0
0
0.0419713
0.0371194
0.0404065
0.0383481
0.0357594
0
0
0
0.0419713
0.0371194
0.0404065
0.0383481
0.0357594
0.0423599
0
0
0.0419713
0.0371194
0.0404065
0.0383481
0.0357594
0.0423599
0.0422864
0
0.0795423
0.140223
0.179443
0.196813
0.190675
0.166924
0.115029
0.0373242
0.0318021
0
0
0
0
0
0
0
0.0318021
0.0151439
0
0
0
0
0
0
0.0318021
0.0151439
0
0
0
0
0
0
0.0318021
0.0151439
0
0
0
0
0
0
0.0318021
0.0151439
0
0
0.0106007
0
0
0
0.0318021
0.0151439
0
0
0.0106007
0
0
0
0.0318021
0.0151439
0
0
0.0106007
0
0.0212014
0
0.0393741
0.0514891
0.0454316
0.0424028
0.0439172
0.0333165
0.0287733
0
0.0254652
0
0
0
0
0
0
0
0.0254652
0.0361762
0
0
0
0
0
0
0.0254652
0.0361762
0.0239756
0
0
0
0
0
0.0254652
0.0361762
0.0239756
0.0292247
0
0
0
0
0.0254652
0.0361762
0.0239756
0.0292247
0.0328423
0
0
0
0.0254652
0.0361762
0.0239756
0.0292247
0.0328423
0.0285154
0
0
0.0254652
0.0361762
0.0239756
0.0292247
0.0328423
0.0285154
0.031069
0
0.0444045
0.102369
0.128556
0.152898
0.141584
0.118317
0.0848367
0.0310571
0.013857
0
0
0
0
0
0
0
0.013857
0.012804
0
0
0
0
0
0
0.013857
0.012804
0.0115826
0
0
0
0
0
0.013857
0.012804
0.0115826
0.0134779
0
0
0
0
0.013857
0.012804
0.0115826
0.0134779
0.0129725
0
0
0
0.013857
0.012804
0.0115826
0.0134779
0.0129725
0.0138149
0
0
0.013857
0.012804
0.0115826
0.0134779
0.0129725
0.0138149
0.0125513
0
0.0257766
0.050079
0.0592608
0.0644835
0.0621249
0.0528167
0.0353796
0.0121301
0.0219665
0
0
0
0
0
0
0
0.0219665
0.0115063
0
0
0
0
0
0
0.0219665
0.0115063
0
0
0
0
0
0
0.0219665
0.0115063
0
0
0
0
0
0
0.0219665
0.0115063
0
0
0.00732218
0
0
0
0.0219665
0.0115063
0
0
0.00732218
0
0
0
0.0219665
0.0115063
0
0
0.00732218
0
0.0146444
0
0.0271967
0.0366109
0.0324268
0.0303347
0.0313808
0.0230126
0.0198745
0
0
0
0
0
0
0
0
0
0
0
0
0
0
0
0
0
0
0
0
0
0
0
0
0
0
0
0
0
0
0
0
0
0
0
0
0
0
0
0
0
0
0
0
0
0
0
0
0
0
0
0
0
0
0
0
0
0
0
0
0
0
0
0
0
0
0
0
0
0
0
0
0
0
0
0
0
0
0
0
0
0
0
0
0
0
0
0
0
0
0
0
0
0
0
0
0
0
0
0
0
0
0
0
0
0
0
0
0
0
0
0
0
0
0
0
0
0
0
0
0
0
0
0
0
0
0
0
0
0
0
0
0
0
0
0
0
0
0
0
0
0
0
0
0
0
0
0
0
0
0
0
0
0
0
0
0
0
0
0
0
0
0
0
0
0
0
0
0
0
0
0
0
0
0
0
0
0
0
0
0
0
0
0
0
0
0
0
0
0
0
0
0
0.0218978
0
0
0
0
0
0
0
0.0218978
0.0114703
0
0
0
0
0
0
0.0218978
0.0114703
0
0
0
0
0
0
0.0218978
0.0114703
0
0
0
0
0
0
0.0218978
0.0114703
0
0
0.00729927
0
0
0
0.0218978
0.0114703
0
0
0.00729927
0
0
0
0.0218978
0.0114703
0
0
0.00729927
0
0.0145985
0
0.0271116
0.0364964
0.0323253
0.0302398
0.0312826
0.0229406
0.0198123
0
0.0278556
0
0
0
0
0
0
0
0.0278556
0.0275742
0
0
0
0
0
0
0.0278556
0.0275742
0.0277579
0
0
0
0
0
0.0278556
0.0275742
0.0277579
0.0272987
0
0
0
0
0.0278556
0.0275742
0.0277579
0.0272987
0.0277194
0
0
0
0.0278556
0.0275742
0.0277579
0.0272987
0.0277194
0.0275713
0
0
0.0278556
0.0275742
0.0277579
0.0272987
0.0277194
0.0275713
0.0276127
0
0.0550008
0.097471
0.125492
0.136295
0.134163
0.113632
0.0783091
0.026964
0.0269563
0
0
0
0
0
0
0
0.0269563
0.0273868
0
0
0
0
0
0
0.0269563
0.0273868
0.0266082
0
0
0
0
0
0.0269563
0.0273868
0.0266082
0.0277624
0
0
0
0
0.0269563
0.0273868
0.0266082
0.0277624
0.0270695
0
0
0
0.0269563
0.0273868
0.0266082
0.0277624
0.0270695
0.0272513
0
0
0.0269563
0.0273868
0.0266082
0.0277624
0.0270695
0.0272513
0.0274983
0
0.052839
0.0960306
0.123548
0.136651
0.132461
0.1123
0.0772195
0.0266648
0.0269184
0
0
0
0
0
0
0
0.0269184
0.0278208
0
0
0
0
0
0
0.0269187
0.0278208
0.0276113
0
0
0
0
0
0.026919
0.0278208
0.0276113
0.0270587
0
0
0
0
0.0269193
0.0278208
0.0276113
0.0270587
0.0271651
0
0
0
0.0269195
0.0278208
0.0276113
0.0270587
0.0271651
0.0281774
0
0
0.0269198
0.0278208
0.0276113
0.0270587
0.0271651
0.0281774
0.0257203
0
0.0540481
0.0966862
0.12302
0.134234
0.129222
0.109228
0.0741832
0.0257575
0.0281458
0
0
0
0
0
0
0
0.0281458
0.0275321
0
0
0
0
0
0
0.0281458
0.0275324
0.0281212
0
0
0
0
0
0.0281458
0.0275324
0.0281212
0.0274973
0
0
0
0
0.0281461
0.0275324
0.0281212
0.0274973
0.0281194
0
0
0
0.0281464
0.0275324
0.0281212
0.0274973
0.0281194
0.0274902
0
0
0.0281466
0.0275324
0.0281212
0.0274973
0.0281194
0.0274902
0.028137
0
0.0546161
0.0983298
0.126559
0.138813
0.135529
0.115335
0.0793172
0.0274765
0.0294888
0
0
0
0
0
0
0
0.0294888
0.0293442
0
0
0
0
0
0
0.0294888
0.0293442
0.0292946
0
0
0
0
0
0.0294888
0.0293442
0.0292946
0.0292698
0
0
0
0
0.0294888
0.0293442
0.0292946
0.0292698
0.0294847
0
0
0
0.0294888
0.0293449
0.0292946
0.0292698
0.0294847
0.0294144
0
0
0.0294888
0.0293456
0.0292946
0.0292698
0.0294847
0.0294144
0.0294806
0
0.0576262
0.104133
0.134053
0.147027
0.143121
0.122097
0.0841351
0.0294558
0
0
0
0
0
0
0
0
0
0
0
0
0
0
0
0
0
0
0
0
0
0
0
0
0
0
0
0
0
0
0
0
0
0
0
0
0
0
0
0
0
0
0
0
0
0
0
0
0
0
0
0
0
0
0
0
0
0
0
0
0
0
0
0
0
0
0
0
0
0
0
0
0
0
0
0
0
0
0
0
0
0
0
0
0
0
0
0
0
0
0
0
0
0
0
0
0
0
0
0
0
0
0
0
0
0
0
0
0
0
0
0
0
0
0
0
0
0
0
0
0
0
0
0
0
0
0
0
0.028253
0
0
0
0
0
0
0
0.028253
0.0249637
0
0
0
0
0
0
0.028253
0.0249637
0.0271793
0
0
0
0
0
0.028253
0.0249637
0.0271793
0.0258076
0
0
0
0
0.028253
0.0249637
0.0271793
0.0258076
0.0240481
0
0
0
0.028253
0.0249637
0.0271793
0.0258076
0.0240481
0.0285546
0
0
0.028253
0.0249637
0.0271793
0.0258076
0.0240481
0.0285546
0.0285079
0
0.0533962
0.0940808
0.120905
0.132737
0.128471
0.112143
0.076324
0.0250786
0.0217166
0
0
0
0
0
0
0
0.0217166
0.0113754
0
0
0
0
0
0
0.0217166
0.0113754
0
0
0
0
0
0
0.0217166
0.0113754
0
0
0
0
0
0
0.0217166
0.0113754
0
0
0.00723888
0
0
0
0.0217166
0.0113754
0
0
0.00723888
0
0
0
0.0217166
0.0113754
0
0
0.00723888
0
0.0144778
0
0.0268873
0.0361944
0.0320579
0.0299897
0.0310238
0.0227508
0.0196484
0
0.0185176
0
0
0
0
0
0
0
0.0185176
0.0263798
0
0
0
0
0
0
0.0185176
0.0263798
0.0173796
0
0
0
0
0
0.0185176
0.0263798
0.0173796
0.021259
0
0
0
0
0.0185176
0.0263798
0.0173796
0.021259
0.023897
0
0
0
0.0185262
0.0263798
0.0173796
0.021259
0.023897
0.0206383
0
0
0.0185348
0.0263798
0.0173796
0.021259
0.023897
0.0206383
0.0226038
0
0.032354
0.0744668
0.0934585
0.110898
0.102829
0.0859153
0.0616562
0.0225004
0.013857
0
0
0
0
0
0
0
0.013857
0.012804
0
0
0
0
0
0
0.013857
0.012804
0.0115826
0
0
0
0
0
0.013857
0.012804
0.0115826
0.0134779
0
0
0
0
0.013857
0.012804
0.0115826
0.0134779
0.0129725
0
0
0
0.013857
0.012804
0.0115826
0.0134779
0.0129725
0.0138149
0
0
0.013857
0.012804
0.0115826
0.0134779
0.0129725
0.0138149
0.0125513
0
0.0257766
0.050079
0.0592608
0.0644835
0.0621249
0.0528167
0.0353796
0.0121301
4.59918e-05
0
0
0
0
0
0
0
4.59918e-05
0.0214527
0
0
0
0
0
0
4.59918e-05
0.0214527
0.0221329
0
0
0
0
2.32211e-322
4.59918e-05
0.0214527
0.0221329
0.0219538
0
0
0
0
4.59918e-05
0.0214527
0.0221329
0.0219538
0.0216282
0
0
0
4.59918e-05
0.0214527
0.0221329
0.0219538
0.0216282
0.0214435
0
0
4.59918e-05
0.0214527
0.0221329
0.0219538
0.0216282
0.0214437
0.0221523
0
0.0221741
0.065226
0.0873638
0.087221
0.0658094
0.0437019
0.044324
0.0221341
0.0234279
0
0
0
0
0
0
0
0.0234279
0.0148815
0
0
0
0
0
0
0.0234279
0.0148815
0.0157926
0
0
0
0
2.12448e-322
0.0234279
0.0148815
0.0157926
0.014285
0
0
0
0
0.0234279
0.0148815
0.0157926
0.014285
0.0163362
0
0
0
0.0234279
0.0148815
0.0157926
0.014285
0.0163362
0.0301874
0
0
0.0234279
0.0148815
0.0157926
0.014285
0.0163362
0.0301874
0.013534
0
0.0420999
0.0685239
0.0815413
0.0924574
0.0910489
0.0856586
0.0501704
0.0209198
