0.137019
0.0328526
0.0328526
0.03125
0.0280449
0.0224359
0.0208333
0.00641026
0.121795
0.096688
0.0304487
0.0272436
0.0336538
0.0224359
0.0320513
0.00641026
0.104968
0.0769231
0.0264423
0.0272436
0.0392628
0.0224359
0.0432692
0.00641026
0.088141
0.0659722
0.0272436
0.0232372
0.0448718
0.0224359
0.0544872
0.00641026
0.0713141
0.0550214
0.0272436
0.025641
0.0633013
0.0224359
0.0657051
0.00641026
0.0544872
0.0443376
0.0264423
0.0248397
0.0360577
0.0168269
0.0763889
0.00641026
0.0376603
0.0344551
0.025641
0.0240385
0.0304487
0.0184295
0.09375
0.00560897
0.0200321
0.025641
0.0232372
0.0224359
0.0232372
0.0176282
0.0152244
0
0.137019
0.0328526
0.0328526
0.03125
0.0280449
0.0224359
0.0208333
0.00641026
0.121795
0.096688
0.0304487
0.0272436
0.0336538
0.0224359
0.0320513
0.00641026
0.104968
0.0769231
0.0264423
0.0272436
0.0392628
0.0224359
0.0432692
0.00641026
0.088141
0.0659722
0.0272436
0.0232372
0.0448718
0.0224359
0.0544872
0.00641026
0.0713141
0.0550214
0.0272436
0.025641
0.0633013
0.0224359
0.0657051
0.00641026
0.0544872
0.0443376
0.0264423
0.0248397
0.0360577
0.0168269
0.0763889
0.00641026
0.0376603
0.0344551
0.025641
0.0240385
0.0304487
0.0184295
0.09375
0.00560897
0.0200321
0.025641
0.0232372
0.0224359
0.0232372
0.0176282
0.0152244
0
0.137019
0.0328526
0.0328526
0.03125
0.0280449
0.0224359
0.0208333
0.00641026
0.121795
0.096688
0.0304487
0.0272436
0.0336538
0.0224359
0.0320513
0.00641026
0.104968
0.0769231
0.0264423
0.0272436
0.0392628
0.0224359
0.0432692
0.00641026
0.088141
0.0659722
0.0272436
0.0232372
0.0448718
0.0224359
0.0544872
0.00641026
0.0713141
0.0550214
0.0272436
0.025641
0.0633013
0.0224359
0.0657051
0.00641026
0.0544872
0.0443376
0.0264423
0.0248397
0.0360577
0.0168269
0.0763889
0.00641026
0.0376603
0.0344551
0.025641
0.0240385
0.0304487
0.0184295
0.09375
0.00560897
0.0200321
0.025641
0.0232372
0.0224359
0.0232372
0.0176282
0.0152244
0
0.137019
0.0328526
0.0328526
0.03125
0.0280449
0.0224359
0.0208333
0.00641026
0.121795
0.096688
0.0304487
0.0272436
0.0336538
0.0224359
0.0320513
0.00641026
0.104968
0.0769231
0.0264423
0.0272436
0.0392628
0.0224359
0.0432692
0.00641026
0.088141
0.0659722
0.0272436
0.0232372
0.0448718
0.0224359
0.0544872
0.00641026
0.0713141
0.0550214
0.0272436
0.025641
0.0633013
0.0224359
0.0657051
0.00641026
0.0544872
0.0443376
0.0264423
0.0248397
0.0360577
0.0168269
0.0763889
0.00641026
0.0376603
0.0344551
0.025641
0.0240385
0.0304487
0.0184295
0.09375
0.00560897
0.0200321
0.025641
0.0232372
0.0224359
0.0232372
0.0176282
0.0152244
0
0.137019
0.0328526
0.0328526
0.03125
0.0280449
0.0224359
0.0208333
0.00641026
0.121795
0.096688
0.0304487
0.0272436
0.0336538
0.0224359
0.0320513
0.00641026
0.104968
0.0769231
0.0264423
0.0272436
0.0392628
0.0224359
0.0432692
0.00641026
0.088141
0.0659722
0.0272436
0.0232372
0.0448718
0.0224359
0.0544872
0.00641026
0.0713141
0.0550214
0.0272436
0.025641
0.0633013
0.0224359
0.0657051
0.00641026
0.0544872
0.0443376
0.0264423
0.0248397
0.0360577
0.0168269
0.0763889
0.00641026
0.0376603
0.0344551
0.025641
0.0240385
0.0304487
0.0184295
0.09375
0.00560897
0.0200321
0.025641
0.0232372
0.0224359
0.0232372
0.0176282
0.0152244
0
0.133873
0.0320981
0.0320981
0.0305324
0.0274008
0.0219207
0.0203549
0.00626305
0.118998
0.0962944
0.0297495
0.026618
0.032881
0.0219207
0.0313152
0.00626305
0.102557
0.0767223
0.0258351
0.026618
0.0383612
0.0219207
0.0422756
0.00626305
0.0861169
0.065762
0.026618
0.0227035
0.0438413
0.0219207
0.0532359
0.00626305
0.0696764
0.0548017
0.026618
0.0250522
0.0618476
0.0219207
0.0641962
0.00626305
0.0532359
0.0438413
0.026618
0.0250522
0.0360125
0.0172234
0.0751566
0.00626305
0.0367954
0.032881
0.0250522
0.0234864
0.0297495
0.0180063
0.0915971
0.00548017
0.019572
0.0242693
0.0229645
0.0219207
0.0227035
0.0172234
0.0148747
0
0.137019
0.0328526
0.0328526
0.03125
0.0280449
0.0224359
0.0208333
0.00641026
0.121795
0.096688
0.0304487
0.0272436
0.0336538
0.0224359
0.0320513
0.00641026
0.104968
0.0769231
0.0264423
0.0272436
0.0392628
0.0224359
0.0432692
0.00641026
0.088141
0.0659722
0.0272436
0.0232372
0.0448718
0.0224359
0.0544872
0.00641026
0.0713141
0.0550214
0.0272436
0.025641
0.0633013
0.0224359
0.0657051
0.00641026
0.0544872
0.0443376
0.0264423
0.0248397
0.0360577
0.0168269
0.0763889
0.00641026
0.0376603
0.0344551
0.025641
0.0240385
0.0304487
0.0184295
0.09375
0.00560897
0.0200321
0.025641
0.0232372
0.0224359
0.0232372
0.0176282
0.0152244
0
0.150794
0.0361552
0.0361552
0.0352734
0.031746
0.0246914
0.0229277
0.00705467
0.134039
0.0855379
0.0335097
0.0299824
0.0379189
0.0246914
0.0352734
0.00705467
0.11552
0.0670194
0.0291005
0.0299824
0.0440917
0.0246914
0.047619
0.00705467
0.0961199
0.0582011
0.0291005
0.0246914
0.0493827
0.0238095
0.0590829
0.00646678
0.0784832
0.0520282
0.0299824
0.0282187
0.0705467
0.0246914
0.0723104
0.00705467
0.0599647
0.0485009
0.0291005
0.0273369
0.0396825
0.0185185
0.0837743
0.00617284
0.0414462
0.0405644
0.0282187
0.026455
0.0335097
0.0202822
0.104056
0.00705467
0.0220459
0.0299824
0.0273369
0.026455
0.026455
0.0202822
0.0167549
0
0.018936
0
0
0
0
0
0
0
0.0234445
0.0153291
0.00270514
0.00270514
0.00270514
0.00180343
0.00180343
0
0.0207394
0.0135257
0.00270514
0.00270514
0.00360685
0.00180343
0.00360685
4.45993e-320
0.0180343
0.0117223
0.00270514
0.00270514
0.00450857
0.00180343
0.00541028
0
0.0153291
0.00991885
0.00270514
0.00270514
0.00811542
0.00180343
0.00721371
0
0.012624
0.00811542
0.00270514
0.00270514
0.00450857
0.00180343
0.00901713
0
0.00991885
0.00631199
0.00270514
0.00270514
0.00360685
0.00180343
0.012624
0
0.00721371
0.00450857
0.00270514
0.00270514
0.00270514
0.00180343
0.00180343
0
0.037872
0
0
0
0
0
0
0
0.0468891
0.0288548
0.00541028
0.00541028
0.00541028
0.00360685
0.00360685
0
0.0414788
0.025248
0.00541028
0.00541028
0.00721371
0.00360685
0.00721371
7.10516e-320
0.0360685
0.0216411
0.00541028
0.00541028
0.00901713
0.00360685
0.0108206
0
0.0306583
0.0180343
0.00541028
0.00541028
0.0162308
0.00360685
0.0144274
0
0.025248
0.0144274
0.00541028
0.00541028
0.00901713
0.00360685
0.0180343
0
0.0198377
0.0108206
0.00541028
0.00541028
0.00721371
0.00360685
0.025248
0
0.012624
0.00721371
0.00541028
0.00541028
0.00541028
0.00360685
0.00360685
0
0.0378378
0
0
0
0
0
0
0
0.0468468
0.0288288
0.00540541
0.00540541
0.00540541
0.0036036
0.0036036
0
0.0414414
0.0252252
0.00540541
0.00540541
0.00720721
0.0036036
0.00720721
6.39469e-320
0.036036
0.0216216
0.00540541
0.00540541
0.00900901
0.0036036
0.0108108
0
0.0306306
0.018018
0.00540541
0.00540541
0.0162162
0.0036036
0.0144144
0
0.0252252
0.0144144
0.00540541
0.00540541
0.00900901
0.0036036
0.018018
0
0.0198198
0.0108108
0.00540541
0.00540541
0.00720721
0.0036036
0.0252252
0
0.0129129
0.00720721
0.00540541
0.00540541
0.00540541
0.0036036
0.0036036
0
0.0363086
0.0605144
0.0590015
0.0559758
0.0529501
0.0423601
0.0393343
0.0121029
0
0.0196672
0.00151286
0
0.01059
0
0.02118
0
0
0
0.00151286
0
0.01059
0
0.02118
4.17881e-320
0
0
0
0
0.01059
0
0.02118
0
0
0
0
0
0.01059
0
0.02118
0
0
0
0
4.27663e-320
0
0
0.02118
0
0
0
0
0
0
0
0.02118
0
0
0
0
0
0
0
0
0
0.041382
0.116133
0.17039
0.19802
0.201833
0.18532
0.143556
0.0801427
0
0.0406649
0.0404178
0.0397823
0.0406252
0.0407752
0.0399544
0.0404398
0
0
0.0404178
0.0397823
0.0406252
0.0407752
0.0399544
0.0404398
0
0
0
0.0397823
0.0406252
0.0407752
0.0399544
0.0404398
0
0
0
0
0.0406252
0.0407752
0.0399544
0.0404398
0
0
0
2.42092e-322
0
0.0407752
0.0399544
0.0404398
0
0
0
0
0
0
0.0399544
0.0404398
0
0
0
0
0
0
0
0.0404398
0.0419704
0.119558
0.173623
0.204915
0.209605
0.190116
0.14711
0.0817636
0
0.0421359
0.0416548
0.0426243
0.0405916
0.0406205
0.0416211
0.0400611
0
0
0.0416544
0.0426243
0.0405916
0.0406205
0.0416211
0.0400611
0
0
0
0.0426243
0.0405916
0.0406205
0.0416211
0.0400611
0
0
0
0
0.0405916
0.0406205
0.0416211
0.0400611
0
0
0
2.47033e-322
0
0.0406205
0.0416211
0.0400611
0
0
0
0
0
0
0.0416211
0.0400611
0
0
0
0
0
0
0
0.0400611
0.0270569
0.0784383
0.11349
0.131026
0.134918
0.123232
0.09506
0.0534197
0
0.0272821
0.0261512
0.0263218
0.0281912
0.0277989
0.0269938
0.0270296
0
0
0.0261512
0.0263218
0.0281912
0.0277989
0.0269938
0.0270296
0
0
0
0.0263218
0.0281912
0.0277989
0.0269938
0.0270296
0
0
0
0
0.0281912
0.0277989
0.0269938
0.0270296
0
0
0
1.43279e-322
0
0.0277989
0.0269938
0.0270296
0
0
0
0
0
0
0.0269938
0.0270296
0
0
0
0
0
0
0
0.0270296
0.0339462
0.0972775
0.141052
0.165427
0.17018
0.155913
0.121907
0.0686889
0
0.0341967
0.0339269
0.0341282
0.0339097
0.0341364
0.0339269
0.034126
0
0
0.0339269
0.0341282
0.0339097
0.034136
0.0339269
0.034126
0
0
0
0.0341282
0.0339097
0.0341357
0.0339269
0.034126
0
0
0
0
0.0339097
0.0341353
0.0339269
0.034126
0
0
0
4.84184e-322
0
0.0341349
0.0339269
0.034126
0
0
0
0
0
0
0.0339269
0.034126
0
0
0
0
0
0
0
0.034126
0.0215774
0.0527634
0.0535707
0.084591
0.106979
0.106706
0.0755681
0.0311425
0
0.0311364
0.0223254
0.0220155
0.0313519
0.0310747
0.0224355
5.20433e-05
0
0
0.0223254
0.0220155
0.0313519
0.0310747
0.0224355
5.20433e-05
0
0
0
0.0220155
0.0313519
0.0310747
0.0224355
5.20433e-05
0
0
0
0
0.0313519
0.0310747
0.0224355
5.20433e-05
0
0
0
7.90505e-323
0
0.0310747
0.0224355
5.20433e-05
0
0
0
0
0
0
0.0224355
5.20433e-05
0
0
0
0
0
0
0
5.20433e-05
0.0438866
0.125347
0.181604
0.21265
0.218731
0.199498
0.155172
0.086
0
0.0436718
0.0436657
0.0435982
0.0438743
0.0437639
0.0438682
0.0438314
0
0
0.0436657
0.0435982
0.0438743
0.0437639
0.0438682
0.0438314
0
0
0
0.0435982
0.0438743
0.0437639
0.0438682
0.0438314
0
0
0
0
0.0438743
0.0437639
0.0438682
0.0438314
0
0
0
2.51973e-322
0
0.0437639
0.0438682
0.0438314
0
0
0
0
0
0
0.0438682
0.0438314
0
0
0
0
0
0
0
0.0438314
0.0361705
0.0826853
0.116185
0.136538
0.13778
0.138778
0.0954277
0.0610639
0
0.0225786
0.0240459
0.0212881
0.0246373
0.0465351
0.0204447
0.0320572
0
0
0.0240459
0.0212878
0.0246373
0.0465351
0.0204447
0.0320572
0
0
0
0.0212874
0.0246373
0.0465351
0.0204447
0.0320572
0
0
0
0
0.0246373
0.0465351
0.0204447
0.0320572
0
0
0
1.38338e-322
0
0.0465351
0.0204447
0.0320572
0
0
0
0
0
0
0.0204447
0.0320572
0
0
0
0
0
0
0
0.0320572
0.0414094
0.113905
0.165911
0.19194
0.195311
0.182168
0.141919
0.0778094
0
0.0379228
0.0411049
0.0381643
0.0355336
0.0425437
0.0419765
0.0368463
0
0
0.0411049
0.0381643
0.0355336
0.0425437
0.0419765
0.0368463
0
0
0
0.0381643
0.0355336
0.0425437
0.0419765
0.0368463
0
0
0
0
0.0355336
0.0425437
0.0419765
0.0368463
0
0
0
2.47033e-322
0
0.0425437
0.0419765
0.0368463
0
0
0
0
0
0
0.0419765
0.0368463
0
0
0
0
0
0
0
0.0368463
0.0363453
0.0605755
0.0590611
0.0560323
0.0530035
0.0424028
0.0393741
0.0121151
0
0.019687
0.00151439
0
0.0106007
0
0.0212014
0
0
0
0.00151439
0
0.0106007
0
0.0212014
3.67634e-320
0
0
0
0
0.0106007
0
0.0212014
0
0
0
0
0
0.0106007
0
0.0212014
0
0
0
0
3.77417e-320
0
0
0.0212014
0
0
0
0
0
0
0
0.0212014
0
0
0
0
0
0
0
0
0
0.0251105
0.0794458
0.107606
0.117183
0.124631
0.104414
0.0817157
0.0393682
0
0.0292956
0.0241175
0.0247559
0.0295084
0.0204998
0.0279479
0.0195068
0
0
0.0241175
0.0247559
0.0295084
0.0204998
0.0279479
0.0195068
0
0
0
0.0247559
0.0295084
0.0204998
0.0279479
0.0195068
0
0
0
0
0.0295084
0.0204998
0.0279479
0.0195068
0
0
0
1.96144e-321
0
0.0204998
0.0279479
0.0195068
0
0
0
0
0
0
0.0279479
0.0195068
0
0
0
0
0
0
0
0.0195068
0.0184058
0.0506686
0.0675582
0.0841108
0.0867221
0.0801516
0.0617037
0.0345372
0
0.0171844
0.0154154
0.0181952
0.017058
0.0185322
0.0165105
0.0161735
0
0
0.0154154
0.0181952
0.017058
0.0185322
0.0165105
0.0161735
0
0
0
0.0181952
0.017058
0.0185322
0.0165105
0.0161735
0
0
0
0
0.017058
0.0185322
0.0165105
0.0161735
0
0
0
1.5316e-321
0
0.0185322
0.0165105
0.0161735
0
0
0
0
0
0
0.0165105
0.0161735
0
0
0
0
0
0
0
0.0161735
0.0251046
0.041841
0.040795
0.0387029
0.0366109
0.0292887
0.0271967
0.0083682
0
0.0135983
0.00104603
0
0.00732218
0
0.0146444
0
0
0
0.00104603
0
0.00732218
0
0.0146444
5.26427e-320
0
0
0
0
0.00732218
0
0.0146444
0
0
0
0
0
0.00732218
0
0.0146444
0
0
0
0
5.33196e-320
0
0
0.0146444
0
0
0
0
0
0
0
0.0146444
0
0
0
0
0
0
0
0
0
0
0
0
0
0
0
0
0
0
0
0
0
0
0
0
0
0
0
0
0
0
0
0
1.46347e-319
0
0
0
0
0
0
0
0
0
0
0
0
0
0
0
0
0
0
0
1.50799e-319
0
0
0
0
0
0
0
0
0
0
0
0
0
0
0
0
0
0
0
0
0
0
0
0
0
0
0
0
0
0
0
0
0
0
0
0
0
0
0
0
0
0
0
2.22992e-319
0
0
0
0
0
0
0
0
0
0
0
0
0
0
0
0
0
0
0
2.27443e-319
0
0
0
0
0
0
0
0
0
0
0
0
0
0
0
0
0
0
0
0
0
0
0
0
0
0
0
0
0
0
0
0
0
0
0
0
0
0
0
0
0
0
0
2.82003e-319
0
0
0
0
0
0
0
0
0
0
0
0
0
0
0
0
0
0
0
2.86454e-319
0
0
0
0
0
0
0
0
0
0
0
0
0
0
0
0
0
0
0
0
0.0250261
0.0417101
0.0406674
0.0385819
0.0364964
0.0291971
0.0271116
0.00834202
0
0.0135558
0.00104275
0
0.00729927
0
0.0145985
0
0
0
0.00104275
0
0.00729927
0
0.0145985
4.37643e-320
0
0
0
0
0.00729927
0
0.0145985
0
0
0
0
0
0.00729927
0
0.0145985
0
0
0
0
4.44363e-320
0
0
0.0145985
0
0
0
0
0
0
0
0.0145985
0
0
0
0
0
0
0
0
0
0.0277164
0.0778381
0.113982
0.13269
0.135276
0.124237
0.0962595
0.0537355
0
0.0272425
0.0270825
0.0266767
0.0272247
0.0273136
0.0267774
0.0270855
0
0
0.0270825
0.0266767
0.0272247
0.0273136
0.0267774
0.0270855
0
0
0
0.0266767
0.0272247
0.0273136
0.0267774
0.0270855
0
0
0
0
0.0272247
0.0273136
0.0267774
0.0270855
0
0
0
1.77864e-322
0
0.0273136
0.0267774
0.0270855
0
0
0
0
0
0
0.0267774
0.0270855
0
0
0
0
0
0
0
0.0270855
0.0273011
0.0776152
0.11336
0.133816
0.136374
0.123019
0.0947391
0.0519111
0
0.0275183
0.0271227
0.027807
0.0263526
0.0264401
0.027061
0.0260542
0
0
0.0271227
0.027807
0.0263526
0.0264401
0.027061
0.0260542
0
0
0
0.027807
0.0263526
0.0264401
0.027061
0.0260542
0
0
0
0
0.0263526
0.0264401
0.027061
0.0260542
0
0
0
1.4822e-322
0
0.0264401
0.027061
0.0260542
0
0
0
0
0
0
0.027061
0.0260542
0
0
0
0
0
0
0
0.0260542
0.0267697
0.0777236
0.112436
0.129794
0.133654
0.122116
0.0942373
0.0528972
0
0.0270435
0.0259298
0.0260892
0.0279239
0.0275386
0.026768
0.0267714
0
0
0.0259298
0.026089
0.0279239
0.0275386
0.026768
0.0267714
0
0
0
0.0260887
0.0279239
0.0275386
0.026768
0.0267714
0
0
0
0
0.0279239
0.0275386
0.026768
0.0267714
0
0
0
1.28457e-322
0
0.0275386
0.026768
0.0267714
0
0
0
0
0
0
0.026768
0.0267714
0
0
0
0
0
0
0
0.0267714
0.0277626
0.0792475
0.115416
0.135592
0.139246
0.12665
0.0983248
0.0546852
0
0.0278874
0.0277416
0.0278558
0.0277398
0.0278505
0.0277609
0.0278365
0
0
0.0277416
0.0278558
0.0277398
0.0278505
0.0277609
0.0278365
0
0
0
0.0278558
0.0277398
0.0278505
0.0277609
0.0278365
0
0
0
0
0.0277398
0.0278505
0.0277609
0.0278365
0
0
0
3.70549e-322
0
0.0278505
0.0277609
0.0278365
0
0
0
0
0
0
0.0277609
0.0278365
0
0
0
0
0
0
0
0.0278365
0.0295136
0.0843376
0.122175
0.14303
0.147072
0.134062
0.104126
0.0576179
0
0.029369
0.0293566
0.0293111
0.0295012
0.0294268
0.029493
0.0294744
0
0
0.0293566
0.0293111
0.0295012
0.0294268
0.029493
0.0294737
0
0
0
0.0293111
0.0295012
0.0294268
0.029493
0.029473
0
0
0
0
0.0295012
0.0294268
0.029493
0.0294723
0
0
0
1.97626e-322
0
0.0294268
0.029493
0.0294723
0
0
0
0
0
0
0.029493
0.0294723
0
0
0
0
0
0
0
0.0294723
0
0
0
0
0
0
0
0
0
0
0
0
0
0
0
0
0
0
0
0
0
0
0
2.82408e-319
0
0
0
0
0
0
0
0
0
0
0
0
0
0
0
0
0
0
0
2.86859e-319
0
0
0
0
0
0
0
0
0
0
0
0
0
0
0
0
0
0
0
0
0
0
0
0
0
0
0
0
0
0
0
0
0
0
0
0
0
0
0
0
0
0
0
2.07789e-319
0
0
0
0
0
0
0
0
0
0
0
0
0
0
0
0
0
0
0
2.12241e-319
0
0
0
0
0
0
0
0
0
0
0
0
0
0
0
0
0
0
0
0
0.0279298
0.0766998
0.112064
0.129587
0.131634
0.122377
0.0945871
0.050484
0
0.0255275
0.0277251
0.0257035
0.0239152
0.0286875
0.0282997
0.024786
0
0
0.0277251
0.0257035
0.0239152
0.0286875
0.0282997
0.0247854
0
0
0
0.0257035
0.0239152
0.0286875
0.0282997
0.0247848
0
0
0
0
0.0239152
0.0286875
0.0282997
0.0247842
0
0
0
1.43279e-322
0
0.0286875
0.0282997
0.0247842
0
0
0
0
0
0
0.0282997
0.0247842
0
0
0
0
0
0
0
0.0247842
0.024819
0.041365
0.0403309
0.0382627
0.0361944
0.0289555
0.0268873
0.00827301
0
0.0134436
0.00103413
0
0.00723888
0
0.0144778
0
0
0
0.00103413
0
0.00723888
0
0.0144778
2.44217e-320
0
0
0
0
0.00723888
0
0.0144778
0
0
0
0
0
0.00723888
0
0.0144778
0
0
0
0
2.50887e-320
0
0
0.0144778
0
0
0
0
0
0
0
0.0144778
0
0
0
0
0
0
0
0
0
0.0183107
0.057932
0.0784669
0.0854497
0.0908809
0.0761392
0.0595872
0.0287074
0
0.0213624
0.0175865
0.018052
0.0215176
0.0149485
0.0203797
0.0142244
0
0
0.0175865
0.018052
0.0215176
0.0149485
0.0203797
0.0142244
0
0
0
0.018052
0.0215176
0.0149485
0.0203797
0.0142244
0
0
0
0
0.0215176
0.0149485
0.0203797
0.0142244
0
0
0
1.83298e-321
0
0.0149485
0.0203797
0.0142244
0
0
0
0
0
0
0.0203797
0.0142244
0
0
0
0
0
0
0
0.0142244
0.0184058
0.0506686
0.0675582
0.0841108
0.0867221
0.0801516
0.0617037
0.0345372
0
0.0171844
0.0154154
0.0181952
0.017058
0.0185322
0.0165105
0.0161735
0
0
0.0154154
0.0181952
0.017058
0.0185322
0.0165105
0.0161735
0
0
0
0.0181952
0.017058
0.0185322
0.0165105
0.0161735
0
0
0
0
0.017058
0.0185322
0.0165105
0.0161735
0
0
0
1.66006e-321
0
0.0185322
0.0165105
0.0161735
0
0
0
0
0
0
0.0165105
0.0161735
0
0
0
0
0
0
0
0.0161735
0.0215774
0.0527634
0.0535707
0.084591
0.106979
0.106706
0.0755681
0.0311425
0
0.0311364
0.0223254
0.0220155
0.0313519
0.0310747
0.0224355
5.20433e-05
0
0
0.0223254
0.0220155
0.0313519
0.0310747
0.0224355
5.20433e-05
0
0
0
0.0220155
0.0313519
0.0310747
0.0224355
5.20433e-05
0
0
0
0
0.0313519
0.0310747
0.0224355
5.20433e-05
0
0
0
8.39912e-323
0
0.0310747
0.0224355
5.20433e-05
0
0
0
0
0
0
0.0224355
5.20433e-05
0
0
0
0
0
0
0
5.20433e-05
0.0240447
0.0550225
0.077302
0.0906774
0.0916291
0.0922473
0.0635132
0.0406453
0
0.0150103
0.0159729
0.0141494
0.0163769
0.030975
0.0135773
0.0213116
0
0
0.0159729
0.0141494
0.0163769
0.030975
0.0135773
0.0213116
0
0
0
0.0141494
0.0163769
0.030975
0.0135773
0.0213116
0
0
0
0
0.0163769
0.030975
0.0135773
0.0213116
0
0
0
8.39912e-323
0
0.030975
0.0135773
0.0213116
0
0
0
0
0
0
0.0135773
0.0213116
0
0
0
0
0
0
0
0.0213116
