0.370192
0.370192
0.405449
0.370192
0.370192
0.0352564
0
0
0.0176282
0.166132
0.236378
0.165598
0.482639
0.165064
0
0
0.0352564
0
0.0705128
0
0.264423
0.0942842
0
7.28944e-320
0.0528846
0
0.105769
0
0.211538
0.0587607
0
0
0.123397
0.123397
0.264423
0.123397
0.282051
0.0232372
0
0
0.0528846
0
0.176282
0
0.158654
0.00534188
0
0
0.0352564
5.23512e-320
0.246795
0.246795
0.352564
0.25187
0.246795
0
0.0176282
0
0.0352564
0
0.0528846
0
0
0
0.370192
0.370192
0.405449
0.370192
0.370192
0.0352564
0
0
0.0176282
0.166132
0.236378
0.165598
0.482639
0.165064
0
0
0.0352564
0
0.0705128
0
0.264423
0.0942842
0
7.77017e-320
0.0528846
0
0.105769
0
0.211538
0.0587607
0
0
0.123397
0.123397
0.264423
0.123397
0.282051
0.0232372
0
0
0.0528846
0
0.176282
0
0.158654
0.00534188
0
0
0.0352564
5.71535e-320
0.246795
0.246795
0.352564
0.25187
0.246795
0
0.0176282
0
0.0352564
0
0.0528846
0
0
0
0.370192
0.370192
0.405449
0.370192
0.370192
0.0352564
0
0
0.0176282
0.166132
0.236378
0.165598
0.482639
0.165064
0
0
0.0352564
0
0.0705128
0
0.264423
0.0942842
0
6.80674e-320
0.0528846
0
0.105769
0
0.211538
0.0587607
0
0
0.123397
0.123397
0.264423
0.123397
0.282051
0.0232372
0
0
0.0528846
0
0.176282
0
0.158654
0.00534188
0
0
0.0352564
4.75242e-320
0.246795
0.246795
0.352564
0.25187
0.246795
0
0.0176282
0
0.0352564
0
0.0528846
0
0
0
0.370192
0.370192
0.405449
0.370192
0.370192
0.0352564
0
0
0.0176282
0.166132
0.236378
0.165598
0.482639
0.165064
0
0
0.0352564
0
0.0705128
0
0.264423
0.0942842
0
6.22127e-320
0.0528846
0
0.105769
0
0.211538
0.0587607
0
0
0.123397
0.123397
0.264423
0.123397
0.282051
0.0232372
0
0
0.0528846
0
0.176282
0
0.158654
0.00534188
0
0
0.0352564
4.16695e-320
0.246795
0.246795
0.352564
0.25187
0.246795
0
0.0176282
0
0.0352564
0
0.0528846
0
0
0
0.370192
0.370192
0.405449
0.370192
0.370192
0.0352564
0
0
0.0176282
0.166132
0.236378
0.165598
0.482639
0.165064
0
0
0.0352564
0
0.0705128
0
0.264423
0.0942842
0
5.5365e-320
0.0528846
0
0.105769
0
0.211538
0.0587607
0
0
0.123397
0.123397
0.264423
0.123397
0.282051
0.0232372
0
0
0.0528846
0
0.176282
0
0.158654
0.00534188
0
0
0.0352564
3.48217e-320
0.246795
0.246795
0.352564
0.25187
0.246795
0
0.0176282
0
0.0352564
0
0.0528846
0
0
0
0.361691
0.361691
0.396138
0.361691
0.361691
0.0344468
0
0
0.0172234
0.172756
0.241388
0.172234
0.481994
0.171712
0
0
0.0344468
0
0.0688935
0
0.258351
0.102557
0
7.19656e-320
0.0516701
0
0.10334
0
0.206681
0.0678497
0
0
0.120564
0.120564
0.258351
0.120564
0.275574
0.033142
0
0
0.0516701
0
0.172234
0
0.15501
0.0156576
0
0
0.0344468
5.18917e-320
0.241127
0.241127
0.344468
0.256524
0.241127
0
0.0172234
0
0.0344468
0
0.0516701
0
0
0
0.370192
0.370192
0.405449
0.370192
0.370192
0.0352564
0
0
0.0176282
0.166132
0.236378
0.165598
0.482639
0.165064
0
0
0.0352564
0
0.0705128
0
0.264423
0.0942842
0
9.26422e-320
0.0528846
0
0.105769
0
0.211538
0.0587607
0
0
0.123397
0.123397
0.264423
0.123397
0.282051
0.0232372
0
0
0.0528846
0
0.176282
0
0.158654
0.00534188
0
0
0.0352564
7.20941e-320
0.246795
0.246795
0.352564
0.25187
0.246795
0
0.0176282
0
0.0352564
0
0.0528846
0
0
0
0.0617284
0.0617284
0.0676073
0.0617284
0.0617284
0.00587889
0
0
0.00293945
0.026455
0.0382128
0.026455
0.0793651
0.026455
0
0
0.00587889
0
0.0117578
0
0.0440917
0.0146972
0
5.87543e-320
0.00881834
0
0.0176367
0
0.0352734
0.00881834
0
0
0.0205761
0.0205761
0.0440917
0.0205761
0.0470312
0.00587889
0
0
0.00881834
0
0.0293945
0
0.026455
0.00293945
0
0
0.00587889
3.61458e-320
0.0411523
0.0411523
0.0587889
0.0440917
0.0411523
0
0.00293945
0
0.00587889
0
0.00881834
0.00293945
0
0
0.0216411
0.00631199
0.00721371
0.00991885
0.00270514
0.00180343
0.00180343
0
0.0162308
0.0135257
0.00541028
0.00721371
0.00360685
0.00180343
0.00360685
0
0.0135257
0.0108206
0.00541028
0.00721371
0.00450857
0.00180343
0.00541028
6.08195e-320
0.0108206
0.00631199
0
0
0.00270514
0
0.00541028
0
0.0108206
0.00901713
0.00450857
0.00721371
0.00811542
0.00180343
0.00721371
0
0.00811542
0.00721371
0.00450857
0.00721371
0.00450857
0.00180343
0.00901713
0
0.00541028
0.00541028
0.00450857
0.00721371
0.00360685
0.00180343
0.012624
0
0.00270514
0.00360685
0.00360685
0.00631199
0.00270514
0.00180343
0.00180343
0
0.0432822
0.012624
0.0144274
0.0198377
0.00541028
0.00360685
0.00360685
0
0.0324617
0.0270514
0.0108206
0.0144274
0.00721371
0.00360685
0.00721371
0
0.0270514
0.0216411
0.0108206
0.0144274
0.00901713
0.00360685
0.0108206
8.72816e-320
0.0216411
0.012624
0
0
0.00541028
0
0.0108206
0
0.0216411
0.0180343
0.00901713
0.0144274
0.0162308
0.00360685
0.0144274
0
0.0162308
0.0144274
0.00901713
0.0144274
0.00901713
0.00360685
0.0180343
0
0.0108206
0.0108206
0.00901713
0.0144274
0.00721371
0.00360685
0.025248
0
0.00541028
0.00721371
0.00721371
0.012624
0.00541028
0.00360685
0.00360685
0
0.0432432
0.0126126
0.0144144
0.0198198
0.00540541
0.0036036
0.0036036
0
0.0324324
0.027027
0.0108108
0.0144144
0.00720721
0.0036036
0.00720721
0
0.027027
0.0216216
0.0108108
0.0144144
0.00900901
0.0036036
0.0108108
8.01622e-320
0.0216216
0.0126126
0
0
0.00540541
0
0.0108108
0
0.0216216
0.018018
0.00900901
0.0144144
0.0162162
0.0036036
0.0144144
0
0.0162162
0.0144144
0.00900901
0.0144144
0.00900901
0.0036036
0.018018
0
0.0108108
0.0108108
0.00900901
0.0144144
0.00720721
0.0036036
0.0252252
0
0.00540541
0.00720721
0.00720721
0.0126126
0.00540541
0.0036036
0.0036036
0
0.03177
0
0
0
0
0
0
0
0.03177
0.02118
0
0
0
0
0
0
0.03177
0.02118
0
0
0
0
0
5.53996e-320
0.0393343
0.0574887
0.0514372
0.0438729
0.0529501
0.0423601
0.0393343
0.0121029
0
0
0
0
0.01059
0
0.02118
0
0
0
0
0
0
0
0.02118
0
0
3.60026e-320
0
0
0
0
0.02118
0
0
0
0
0
0
0
0
0
0.0419314
0
0
0
0
0
0
0
0.0419314
0.0416754
0
0
0
0
0
0
0.0419314
0.0416754
0.0423197
0
0
0
0
3.85371e-322
0.0835186
0.148772
0.190337
0.18517
0.209833
0.19216
0.150577
0.0827419
0
0
0
0
0.0419181
0.0415916
0.0421167
0.0407178
0
0
0
0
0
0.0415916
0.0421167
0.0407178
0
1.63042e-322
0
0
0
0
0.0421167
0.0407178
0
0
0
0
0
0
0
0.0407178
0.0423092
0
0
0
0
0
0
0
0.0423092
0.0411064
0
0
0
0
0
0
0.0423092
0.0411064
0.0424116
0
0
0
0
4.5454e-322
0.0844608
0.150458
0.193657
0.187335
0.210839
0.19213
0.149204
0.0831293
0
0
0
0
0.0423959
0.0425534
0.0414294
0.0414662
0
0
0
0
0
0.0425534
0.0414294
0.0414662
0
1.33398e-322
0
0
0
0
0.0414294
0.0414662
0
0
0
0
0
0
0
0.0414662
0.0260028
0
0
0
0
0
0
0
0.0260028
0.0260574
0
0
0
0
0
0
0.0260028
0.0260574
0.0279626
0
0
0
0
2.32211e-322
0.0532596
0.0947257
0.124165
0.121443
0.136293
0.125989
0.098531
0.0538373
0
0
0
0
0.0273793
0.0273981
0.0277051
0.0278222
0
0
0
0
0
0.0273981
0.0277051
0.0278219
0
9.38725e-323
0
0
0
0
0.0277051
0.0278216
0
0
0
0
0
0
0
0.0278214
0.03449
0
0
0
0
0
0
0
0.03449
0.0340853
0
0
0
0
0
0
0.03449
0.0340853
0.0344729
0
0
0
0
9.93072e-322
0.0687017
0.122104
0.156253
0.151382
0.171789
0.156814
0.122703
0.0681
0
0
0
0
0.0344708
0.0340297
0.0344943
0.03401
0
0
0
0
0
0.0340297
0.0344943
0.0340097
0
2.07508e-322
0
0
0
0
0.0344943
0.0340093
0
0
0
0
0
0
0
0.034009
0.0415661
0
0
0
0
0
0
0
0.0415663
3.38887e-05
0
0
0
0
0
0
0.0415665
3.38887e-05
0.0223278
0
0
0
0
1.28457e-322
0.0636923
0.105105
0.149478
0.149465
0.169204
0.127649
0.0864573
0.0445987
0
0
0
0
0.0418412
0.0413829
0.0225275
0.0220845
0
0
0
0
0
0.0413829
0.0225275
0.0220845
0
4.44659e-323
0
0
0
0
0.0225275
0.0220845
0
0
0
0
0
0
0
0.0220845
0.0442179
0
0
0
0
0
0
0
0.0442179
0.0440154
0
0
0
0
0
0
0.0442179
0.0440154
0.044089
0
0
0
0
4.34778e-322
0.0882947
0.15749
0.201579
0.195216
0.2205
0.201554
0.157496
0.0881842
0
0
0
0
0.0441749
0.0440461
0.0441259
0.0440829
0
0
0
0
0
0.0440461
0.0441259
0.0440829
0
1.72923e-322
0
0
0
0
0.0441259
0.0440829
0
0
0
0
0
0
0
0.0440829
0.035825
0
0
0
0
0
0
0
0.035825
0.0214141
0
0
0
0
0
0
0.035825
0.0214141
0.0233448
0
0
0
0
1.97626e-322
0.0614927
0.102831
0.122508
0.11772
0.137577
0.133759
0.0959768
0.0541277
0
0
0
0
0.0236679
0.045454
0.0199407
0.0304923
0
0
0
0
0
0.045454
0.0199407
0.0304923
0
8.89318e-323
0
0
0
0
0.0199407
0.0304923
0
0
0
0
0
0
0
0.0304923
0.0413622
0
0
0
0
0
0
0
0.0413622
0.0376392
0
0
0
0
0
0
0.0413622
0.0376392
0.0401072
0
0
0
0
4.05134e-322
0.0804822
0.139708
0.179674
0.172454
0.193053
0.179579
0.138684
0.077006
0
0
0
0
0.0351292
0.041966
0.0407321
0.0368306
0
0
0
0
0
0.041966
0.0407321
0.0368306
0
1.72923e-322
0
0
0
0
0.0407321
0.0368306
0
0
0
0
0
0
0
0.0368306
0.0318021
0
0
0
0
0
0
0
0.0318021
0.0212014
0
0
0
0
0
0
0.0318021
0.0212014
0
0
0
0
0
5.03898e-320
0.0393741
0.0575467
0.0514891
0.0439172
0.0530035
0.0424028
0.0393741
0.0121151
0
0
0
0
0.0106007
0
0.0212014
0
0
0
0
0
0
0
0.0212014
0
0
3.0973e-320
0
0
0
0
0.0212014
0
0
0
0
0
0
0
0
0
0.0256071
0
0
0
0
0
0
0
0.0256071
0.0378077
0
0
0
0
0
0
0.0256071
0.0378077
0.0261036
0
0
0
0
2.63337e-321
0.056747
0.118317
0.147897
0.150734
0.167049
0.143286
0.114132
0.0537678
0
0
0
0
0.0376658
0.0315655
0.0361053
0.031069
0
0
0
0
0
0.0315655
0.0361053
0.031069
0
1.60077e-321
0
0
0
0
0.0361053
0.031069
0
0
0
0
0
0
0
0.031069
0.0158366
0
0
0
0
0
0
0
0.0158366
0.0142361
0
0
0
0
0
0
0.0158366
0.0142361
0.0130989
0
0
0
0
1.92192e-321
0.0335264
0.0528588
0.0691166
0.0659998
0.0736232
0.0635569
0.0472149
0.0263241
0
0
0
0
0.013857
0.0161314
0.0133937
0.0141097
0
0
0
0
0
0.0161314
0.0133937
0.0141097
0
1.3241e-321
0
0
0
0
0.0133937
0.0141097
0
0
0
0
0
0
0
0.0141097
0.0219665
0
0
0
0
0
0
0
0.0219665
0.0146444
0
0
0
0
0
0
0.0219665
0.0146444
0
0
0
0
0
6.20546e-320
0.0271967
0.039749
0.0355649
0.0303347
0.0366109
0.0292887
0.0271967
0.0083682
0
0
0
0
0.00732218
0
0.0146444
0
0
0
0
0
0
0
0.0146444
0
0
4.86408e-320
0
0
0
0
0.0146444
0
0
0
0
0
0
0
0
0
0
0
0
0
0
0
0
0
0
0
0
0
0
0
0
0
0
0
0
0
0
0
0
2.00106e-319
0
0
0
0
0
0
0
0
0
0
0
0
0
0
0
0
0
0
0
0
0
0
0
0
0
1.23482e-319
0
0
0
0
0
0
0
0
0
0
0
0
0
0
0
0
0
0
0
0
0
0
0
0
0
0
0
0
0
0
0
0
0
0
0
0
0
2.76751e-319
0
0
0
0
0
0
0
0
0
0
0
0
0
0
0
0
0
0
0
0
0
0
0
0
0
2.00121e-319
0
0
0
0
0
0
0
0
0
0
0
0
0
0
0
0
0
0
0
0
0
0
0
0
0
0
0
0
0
0
0
0
0
0
0
0
0
3.35762e-319
0
0
0
0
0
0
0
0
0
0
0
0
0
0
0
0
0
0
0
0
0
0
0
0
0
2.59137e-319
0
0
0
0
0
0
0
0
0
0
0
0
0
0
0.0218978
0
0
0
0
0
0
0
0.0218978
0.0145985
0
0
0
0
0
0
0.0218978
0.0145985
0
0
0
0
0
5.31466e-320
0.0271116
0.0396246
0.0354536
0.0302398
0.0364964
0.0291971
0.0271116
0.00834202
0
0
0
0
0.00729927
0
0.0145985
0
0
0
0
0
0
0
0.0145985
0
0
3.97772e-320
0
0
0
0
0.0145985
0
0
0
0
0
0
0
0
0
0.0281459
0
0
0
0
0
0
0
0.0281459
0.0279741
0
0
0
0
0
0
0.0281459
0.0279741
0.0284066
0
0
0
0
2.71736e-322
0.0560608
0.0998614
0.127761
0.124293
0.140848
0.128985
0.101073
0.0555394
0
0
0
0
0.028137
0.0279178
0.0282703
0.0273313
0
0
0
0
0
0.0279178
0.0282703
0.0273313
0
1.23516e-322
0
0
0
0
0.0282703
0.0273313
0
0
0
0
0
0
0
0.0273313
0.0289184
0
0
0
0
0
0
0
0.0289184
0.0279594
0
0
0
0
0
0
0.0289184
0.0279597
0.0290385
0
0
0
0
2.81617e-322
0.0561097
0.101607
0.131855
0.127562
0.144398
0.131195
0.10133
0.055813
0
0
0
0
0.02915
0.0289682
0.0283021
0.0282753
0
0
0
0
0
0.0289682
0.0283018
0.0282753
0
7.41098e-323
0
0
0
0
0.0283016
0.0282753
0
0
0
0
0
0
0
0.0282753
0.0257946
0
0
0
0
0
0
0
0.0257946
0.0258403
0
0
0
0
0
0
0.0257946
0.0258403
0.0277515
0
0
0
0
2.17389e-322
0.0528415
0.0939418
0.123197
0.120517
0.135275
0.124997
0.097879
0.053367
0
0
0
0
0.0271736
0.0271466
0.02752
0.027591
0
0
0
0
0
0.0271466
0.02752
0.027591
0
7.90505e-323
0
0
0
0
0.02752
0.027591
0
0
0
0
0
0
0
0.027591
0.0294861
0
0
0
0
0
0
0
0.0294864
0.0292937
0
0
0
0
0
0
0.0294867
0.029294
0.0294656
0
0
0
0
7.90505e-322
0.0574497
0.10403
0.134243
0.129882
0.147452
0.134275
0.104634
0.0579857
0
0
0
0
0.0294656
0.0292389
0.0294832
0.0292319
0
0
0
0
0
0.0292389
0.0294832
0.0292319
0
1.43279e-322
0
0
0
0
0.0294832
0.0292319
0
0
0
0
0
0
0
0.0292319
0.0297864
0
0
0
0
0
0
0
0.0297864
0.02965
0
0
0
0
0
0
0.0297864
0.02965
0.0296996
0
0
0
0
3.21143e-322
0.0594778
0.10609
0.135789
0.131503
0.148535
0.135773
0.106094
0.0594034
0
0
0
0
0.0297575
0.0296707
0.0297244
0.0296955
0
0
0
0
0
0.0296707
0.0297244
0.0296955
0
1.4822e-322
0
0
0
0
0.0297244
0.0296955
0
0
0
0
0
0
0
0.0296955
0
0
0
0
0
0
0
0
0
0
0
0
0
0
0
0
0
0
0
0
0
0
0
3.36167e-319
0
0
0
0
0
0
0
0
0
0
0
0
0
0
0
0
0
0
0
0
0
0
0
0
0
2.59538e-319
0
0
0
0
0
0
0
0
0
0
0
0
0
0
0
0
0
0
0
0
0
0
0
0
0
0
0
0
0
0
0
0
0
0
0
0
0
2.61544e-319
0
0
0
0
0
0
0
0
0
0
0
0
0
0
0
0
0
0
0
0
0
0
0
0
0
1.84919e-319
0
0
0
0
0
0
0
0
0
0
0
0
0
0
0.0282853
0
0
0
0
0
0
0
0.0282853
0.0257394
0
0
0
0
0
0
0.0282853
0.0257394
0.0274271
0
0
0
0
2.51973e-322
0.0550409
0.0955423
0.122872
0.117935
0.132022
0.122808
0.0948421
0.0526601
0
0
0
0
0.0240229
0.0286982
0.027858
0.0251864
0
0
0
0
0
0.0286982
0.027858
0.0251864
0
9.38725e-323
0
0
0
0
0.027858
0.0251864
0
0
0
0
0
0
0
0.0251864
0.0217166
0
0
0
0
0
0
0
0.0217166
0.0144778
0
0
0
0
0
0
0.0217166
0.0144778
0
0
0
0
0
3.37249e-320
0.0268873
0.0392968
0.0351603
0.0299897
0.0361944
0.0289555
0.0268873
0.00827301
0
0
0
0
0.00723888
0
0.0144778
0
0
0
0
0
0
0
0.0144778
0
0
2.04642e-320
0
0
0
0
0.0144778
0
0
0
0
0
0
0
0
0
0.0186727
0
0
0
0
0
0
0
0.0186727
0.0275694
0
0
0
0
0
0
0.0186727
0.0275694
0.0190348
0
0
0
0
2.32211e-321
0.04138
0.0862773
0.107847
0.109916
0.121812
0.104485
0.0832256
0.0392076
0
0
0
0
0.027466
0.0230176
0.026328
0.0226556
0
0
0
0
0
0.0230176
0.026328
0.0226556
0
1.57113e-321
0
0
0
0
0.026328
0.0226556
0
0
0
0
0
0
0
0.0226556
0.0158366
0
0
0
0
0
0
0
0.0158366
0.0142361
0
0
0
0
0
0
0.0158366
0.0142361
0.0130989
0
0
0
0
2.05037e-321
0.0335264
0.0528588
0.0691166
0.0659998
0.0736232
0.0635569
0.0472149
0.0263241
0
0
0
0
0.013857
0.0161314
0.0133937
0.0141097
0
0
0
0
0
0.0161314
0.0133937
0.0141097
0
1.45255e-321
0
0
0
0
0.0133937
0.0141097
0
0
0
0
0
0
0
0.0141097
0.0327074
0
0
0
0
0
0
0
0.0327074
3.38887e-05
0
0
0
0
0
0
0.0327074
3.38887e-05
0.0223278
0
0
0
0
1.28457e-322
0.0548331
0.0865275
0.130901
0.130888
0.141104
0.108409
0.0769351
0.0445987
0
0
0
0
0.0323189
0.0316653
0.0225275
0.0220845
0
0
0
0
0
0.0316653
0.0225275
0.0220845
0
4.44659e-323
0
0
0
0
0.0225275
0.0220845
0
0
0
0
0
0
0
0.0220845
0.023878
0
0
0
0
0
0
0
0.023878
0.0142755
0
0
0
0
0
0
0.023878
0.0142755
0.0155485
0
0
0
0
1.23516e-322
0.0410005
0.068448
0.0816037
0.0784341
0.0916955
0.0891658
0.0639839
0.036082
0
0
0
0
0.0157709
0.0302999
0.0132872
0.0203152
0
0
0
0
0
0.0302999
0.0132872
0.0203152
0
4.94066e-323
0
0
0
0
0.0132872
0.0203152
0
0
0
0
0
0
0
0.0203152
