0.370192
0.370192
0.387821
0.370192
0.405449
0.370192
0.370192
0.0352564
0
0.167735
0.202724
0.167201
0.237447
0.166667
0.483707
0.166132
0
0
0.0352564
0
0.105769
0
0.264423
0.0953526
0
0
0.0528846
0
0.141026
0
0.211538
0.0598291
0
0
0.123397
0.123397
0.264423
0
0.158654
0.0243056
0
0
0.0528846
0
0.176282
0
0.105769
0.00641026
0
0
0.0352564
0
0.246795
0.246795
0.299679
0
0
0
0.0176282
0
0.0352564
0
0.0528846
0
0.370192
0.370192
0.387821
0.370192
0.405449
0.370192
0.370192
0.0352564
0
0.167735
0.202724
0.167201
0.237447
0.166667
0.483707
0.166132
0
0
0.0352564
0
0.105769
0
0.264423
0.0953526
0
0
0.0528846
0
0.141026
0
0.211538
0.0598291
0
0
0.123397
0.123397
0.264423
0
0.158654
0.0243056
0
0
0.0528846
0
0.176282
0
0.105769
0.00641026
0
0
0.0352564
0
0.246795
0.246795
0.299679
0
0
0
0.0176282
0
0.0352564
0
0.0528846
0
0.370192
0.370192
0.387821
0.370192
0.405449
0.370192
0.370192
0.0352564
0
0.167735
0.202724
0.167201
0.237447
0.166667
0.483707
0.166132
0
0
0.0352564
0
0.105769
0
0.264423
0.0953526
0
0
0.0528846
0
0.141026
0
0.211538
0.0598291
0
0
0.123397
0.123397
0.264423
0
0.158654
0.0243056
0
0
0.0528846
0
0.176282
0
0.105769
0.00641026
0
0
0.0352564
0
0.246795
0.246795
0.299679
0
0
0
0.0176282
0
0.0352564
0
0.0528846
0
0.370192
0.370192
0.387821
0.370192
0.405449
0.370192
0.370192
0.0352564
0
0.167735
0.202724
0.167201
0.237447
0.166667
0.483707
0.166132
0
0
0.0352564
0
0.105769
0
0.264423
0.0953526
0
0
0.0528846
0
0.141026
0
0.211538
0.0598291
0
0
0.123397
0.123397
0.264423
0
0.158654
0.0243056
0
0
0.0528846
0
0.176282
0
0.105769
0.00641026
0
0
0.0352564
0
0.246795
0.246795
0.299679
0
0
0
0.0176282
0
0.0352564
0
0.0528846
0
0.370192
0.370192
0.387821
0.370192
0.405449
0.370192
0.370192
0.0352564
0
0.167735
0.202724
0.167201
0.237447
0.166667
0.483707
0.166132
0
0
0.0352564
0
0.105769
0
0.264423
0.0953526
0
0
0.0528846
0
0.141026
0
0.211538
0.0598291
0
0
0.123397
0.123397
0.264423
0
0.158654
0.0243056
0
0
0.0528846
0
0.176282
0
0.105769
0.00641026
0
0
0.0352564
0
0.246795
0.246795
0.299679
0
0
0
0.0176282
0
0.0352564
0
0.0528846
0
0.361691
0.361691
0.378914
0.361691
0.396138
0.361691
0.361691
0.0344468
0
0.175365
0.209551
0.174843
0.243476
0.174322
0.484081
0.1738
0
0
0.0344468
0
0.10334
0
0.258351
0.104645
0
0
0.0516701
0
0.137787
0
0.206681
0.0699374
0
0
0.120564
0.120564
0.258351
0
0.15501
0.0352296
0
0
0.0516701
0
0.172234
0
0.10334
0.0177453
0
0
0.0344468
0
0.241127
0.241127
0.292797
0.00026096
0
0
0.0172234
0
0.0344468
0
0.0516701
0
0.370192
0.370192
0.387821
0.370192
0.405449
0.370192
0.370192
0.0352564
0
0.167735
0.202724
0.167201
0.237447
0.166667
0.483707
0.166132
0
0
0.0352564
0
0.105769
0
0.264423
0.0953526
0
0
0.0528846
0
0.141026
0
0.211538
0.0598291
0
0
0.123397
0.123397
0.264423
0
0.158654
0.0243056
0
0
0.0528846
0
0.176282
0
0.105769
0.00641026
0
0
0.0352564
0
0.246795
0.246795
0.299679
0
0
0
0.0176282
0
0.0352564
0
0.0528846
0
0.0617284
0.0617284
0.0646678
0.0617284
0.0676073
0.0617284
0.0617284
0.00587889
0
0.026455
0.0323339
0.0261611
0.0376249
0.0255732
0.0781893
0.0249853
0
0
0.00587889
0
0.0176367
0
0.0440917
0.0129336
0
0
0.00881834
0
0.0235156
0
0.0352734
0.00676073
0
0
0.0205761
0.0205761
0.0440917
0
0.026455
0.00587889
0
0
0.00881834
0
0.0293945
0
0.0176367
0.00293945
0
0
0.00587889
0
0.0411523
0.0411523
0.0499706
0.00293945
0
0
0.00293945
0
0.00587889
0
0.00881834
0
0.018936
0.00450857
0.00450857
0.00450857
0.00541028
0.00721371
0.00180343
0
0.0162308
0.0153291
0.00450857
0.00450857
0.00631199
0.00721371
0.00360685
0
0.0135257
0.0117223
0.00450857
0.00450857
0.00721371
0.00721371
0.00541028
7.15407e-320
0.0108206
0.00991885
0.00450857
0.00450857
0.00811542
0.00721371
0.00721371
0
0.00811542
0.00811542
0.00450857
0.00450857
0.0108206
0.00721371
0.00901713
0
0.00541028
0.00360685
0
0
0.00180343
0
0.00901713
0
0.00541028
0.00631199
0.00450857
0.00450857
0.00631199
0.00721371
0.012624
0
0.00270514
0.00450857
0.00450857
0.00450857
0.00541028
0.00721371
0.00180343
0
0.037872
0.00901713
0.00901713
0.00901713
0.0108206
0.0144274
0.00360685
0
0.0324617
0.0288548
0.00901713
0.00901713
0.012624
0.0144274
0.00721371
0
0.0270514
0.0216411
0.00901713
0.00901713
0.0144274
0.0144274
0.0108206
9.80029e-320
0.0216411
0.0180343
0.00901713
0.00901713
0.0162308
0.0144274
0.0144274
0
0.0162308
0.0144274
0.00901713
0.00901713
0.0216411
0.0144274
0.0180343
0
0.0108206
0.00541028
0
0
0.00360685
0
0.0180343
0
0.0108206
0.0108206
0.00901713
0.00901713
0.012624
0.0144274
0.025248
0
0.00541028
0.00721371
0.00721371
0.00721371
0.00901713
0.012624
0.00360685
0
0.0378378
0.00900901
0.00900901
0.00900901
0.0108108
0.0144144
0.0036036
0
0.0324324
0.0288288
0.00900901
0.00900901
0.0126126
0.0144144
0.00720721
0
0.027027
0.0216216
0.00900901
0.00900901
0.0144144
0.0144144
0.0108108
9.08735e-320
0.0216216
0.018018
0.00900901
0.00900901
0.0162162
0.0144144
0.0144144
0
0.0162162
0.0144144
0.00900901
0.00900901
0.0216216
0.0144144
0.018018
0
0.0108108
0.00540541
0
0
0.0036036
0
0.018018
0
0.0108108
0.0108108
0.00900901
0.00900901
0.0126126
0.0144144
0.0252252
0
0.00540541
0.00720721
0.00720721
0.00720721
0.00900901
0.0126126
0.0036036
0
0.03177
0
0
0
0
0
0
0
0.03177
0.0181543
0
0
0
0
0
0
0.03177
0.0181543
0
0
0
0
0
6.43965e-320
0.03177
0.0181543
0
0
0
0
0
0
0.03177
0.0181543
0
0
0.01059
0
0
0
0.0393343
0.0544629
0.0484115
0.0453858
0.0453858
0.0302572
0.0365608
0.01059
0
0
0
0
0
0
0.02118
0
0
0
0
0
0
0
0
0
0.0393895
0
0
0
0
0
0
0
0.0393895
0.040581
0
0
0
0
0
0
0.0393895
0.040581
0.0398176
0
0
0
0
4.89125e-322
0.0393895
0.040581
0.0398176
0.040078
0
0
0
0
0.0393895
0.040581
0.0398176
0.040078
0.0394778
0
0
0
0.0784525
0.14236
0.180633
0.197588
0.189922
0.151142
0.140564
0.0756768
0
0
0
0
0
0
0.0395087
0.0383481
0
0
0
0
0
0
0
0.0383481
0.0411536
0
0
0
0
0
0
0
0.0411536
0.0405417
0
0
0
0
0
0
0.0411536
0.0405417
0.041306
0
0
0
0
5.97819e-322
0.0411536
0.0405417
0.041306
0.0419126
0
0
0
0
0.0411536
0.0405417
0.041306
0.0419126
0.0423223
0
0
0
0.0825778
0.147331
0.189456
0.20762
0.202556
0.161271
0.148273
0.0828745
0
0
0
0
0
0
0.041158
0.0414819
0
0
0
0
0
0
0
0.0414819
0.0277051
0
0
0
0
0
0
0
0.0277051
0.026825
0
0
0
0
0
0
0.0277051
0.026825
0.0264531
0
0
0
0
2.96439e-322
0.0277051
0.026825
0.0264531
0.0269665
0
0
0
0
0.0277051
0.026825
0.0264531
0.0269665
0.0263252
0
0
0
0.0543015
0.0952357
0.121182
0.13283
0.130355
0.103048
0.0960425
0.0546904
0
0
0
0
0
0
0.0280377
0.0280616
0
0
0
0
0
0
0
0.0280616
0.0342695
0
0
0
0
0
0
0
0.0342695
0.0340361
0
0
0
0
0
0
0.0342695
0.0340361
0.0342438
0
0
0
0
1.33892e-321
0.0342695
0.0340361
0.0342438
0.0339911
0
0
0
0
0.0342695
0.0340361
0.0342438
0.0339911
0.0342438
0
0
0
0.067781
0.121714
0.156499
0.171263
0.165217
0.131138
0.121509
0.0682306
0
0
0
0
0
0
0.0342545
0.033974
0
0
0
0
0
0
0
0.033974
0.0217868
0
0
0
0
0
0
0
0.0217868
0.0212664
0
0
0
0
0
0
0.0217868
0.0212664
0.0221426
0
0
0
0
1.77864e-322
0.0217868
0.0212664
0.0221426
0.0219683
0
0
0
0
0.0217868
0.0212664
0.0221426
0.0219683
6.77773e-05
0
0
0
0.0438822
0.0651873
0.0880295
0.109371
0.109505
0.109445
0.0881275
0.0442465
0
0
0
0
0
0
0.0221136
0.0221087
0
0
0
0
0
0
0
0.0221087
0.0442363
0
0
0
0
0
0
0
0.0442363
0.043997
0
0
0
0
0
0
0.0442363
0.043997
0.0441075
0
0
0
0
5.58294e-322
0.0442363
0.043997
0.0441075
0.0440031
0
0
0
0
0.0442363
0.043997
0.0441075
0.0440031
0.0441749
0
0
0
0.0883131
0.157496
0.201603
0.220445
0.214218
0.170055
0.157502
0.0881842
0
0
0
0
0
0
0.0441259
0.0440829
0
0
0
0
0
0
0
0.0440829
0.0344288
0
0
0
0
0
0
0
0.0344288
0.0213633
0
0
0
0
0
0
0.0344288
0.0213633
0.023422
0
0
0
0
2.61855e-322
0.0344288
0.0213633
0.023422
0.020461
0
0
0
0
0.0344288
0.0213633
0.023422
0.020461
0.0242166
0
0
0
0.0587024
0.100754
0.120958
0.13571
0.133918
0.116439
0.0951266
0.0523332
0
0
0
0
0
0
0.0203187
0.0303968
0
0
0
0
0
0
0
0.0303968
0.0413884
0
0
0
0
0
0
0
0.0413884
0.0378125
0
0
0
0
0
0
0.0413884
0.0378125
0.0399024
0
0
0
0
5.08888e-322
0.0413884
0.0378125
0.0399024
0.0383218
0
0
0
0
0.0413884
0.0378125
0.0399024
0.0383218
0.0352553
0
0
0
0.0802354
0.140948
0.180855
0.196188
0.188931
0.152899
0.139078
0.0759611
0
0
0
0
0
0
0.0413044
0.0372139
0
0
0
0
0
0
0
0.0372139
0.0318021
0
0
0
0
0
0
0
0.0318021
0.0181726
0
0
0
0
0
0
0.0318021
0.018425
0
0
0
0
0
5.93966e-320
0.0318021
0.0186774
0
0
0
0
0
0
0.0318021
0.0189298
0
0
0.0106007
0
0
0
0.0393741
0.0555275
0.0497224
0.046946
0.046946
0.0318021
0.0378597
0.0106007
0
0
0
0
0
0
0.0212014
0
0
0
0
0
0
0
0
0
0.0244721
0
0
0
0
0
0
0
0.0244721
0.0271676
0
0
0
0
0
0
0.0244721
0.0271676
0.0219895
0
0
0
0
3.11261e-321
0.0244721
0.0271676
0.0219895
0.0196486
0
0
0
0
0.0244721
0.0271676
0.0219895
0.0196486
0.0303596
0
0
0
0.0519944
0.0935616
0.11626
0.119949
0.133568
0.10257
0.0915045
0.0519235
0
0
0
0
0
0
0.0303596
0.0253943
0
0
0
0
0
0
0
0.0253943
0.0146994
0
0
0
0
0
0
0
0.0146994
0.0135201
0
0
0
0
0
0
0.0146994
0.0135201
0.0121301
0
0
0
0
2.19859e-321
0.0146994
0.0135201
0.0121301
0.0144045
0
0
0
0
0.0146994
0.0135201
0.0121301
0.0144045
0.0133937
0
0
0
0.0264083
0.0514268
0.0616616
0.0708434
0.0641887
0.0509635
0.0450669
0.0251869
0
0
0
0
0
0
0.0130568
0.0133095
0
0
0
0
0
0
0
0.0133095
0.0219665
0
0
0
0
0
0
0
0.0219665
0.0125523
0
0
0
0
0
0
0.0219665
0.0125523
0
0
0
0
0
6.82749e-320
0.0219665
0.0125523
0
0
0
0
0
0
0.0219665
0.0125523
0
0
0.00732218
0
0
0
0.0271967
0.0376569
0.0334728
0.0313808
0.0313808
0.0209205
0.0252789
0.00732218
0
0
0
0
0
0
0.0146444
0
0
0
0
0
0
0
0
0
0
0
0
0
0
0
0
0
0
0
0
0
0
0
0
0
0
0
0
0
0
0
0
2.35694e-319
0
0
0
0
0
0
0
0
0
0
0
0
0
0
0
0
0
0
0
0
0
0
0
0
0
0
0
0
0
0
0
0
0
0
0
0
0
0
0
0
0
0
0
0
0
0
0
0
0
0
0
0
0
0
0
0
0
0
0
0
0
0
0
3.12338e-319
0
0
0
0
0
0
0
0
0
0
0
0
0
0
0
0
0
0
0
0
0
0
0
0
0
0
0
0
0
0
0
0
0
0
0
0
0
0
0
0
0
0
0
0
0
0
0
0
0
0
0
0
0
0
0
0
0
0
0
0
0
0
0
3.7135e-319
0
0
0
0
0
0
0
0
0
0
0
0
0
0
0
0
0
0
0
0
0
0
0
0
0
0
0
0
0
0
0
0
0
0
0
0
0
0
0
0
0.0218978
0
0
0
0
0
0
0
0.0218978
0.0135558
0
0
0
0
0
0
0.0218978
0.0135558
0
0
0
0
0
5.93472e-320
0.0218978
0.0135558
0
0
0
0
0
0
0.0218978
0.0135558
0
0
0.00729927
0
0
0
0.0271116
0.0385819
0.0344108
0.0323253
0.0323253
0.0218978
0.0260688
0.00729927
0
0
0
0
0
0
0.0145985
0
0
0
0
0
0
0
0
0
0.0264397
0
0
0
0
0
0
0
0.0264397
0.0272395
0
0
0
0
0
0
0.0264397
0.0272395
0.0267271
0
0
0
0
3.40905e-322
0.0264397
0.0272395
0.0267271
0.0269018
0
0
0
0
0.0264397
0.0272395
0.0267271
0.0269018
0.026499
0
0
0
0.0526603
0.0955574
0.121248
0.132628
0.127483
0.101452
0.0943519
0.0507971
0
0
0
0
0
0
0.0265197
0.0257407
0
0
0
0
0
0
0
0.0257407
0.0278928
0
0
0
0
0
0
0
0.0278928
0.0274417
0
0
0
0
0
0
0.0278928
0.0274417
0.0278894
0
0
0
0
3.7549e-322
0.0278928
0.0274417
0.0278894
0.0284588
0
0
0
0
0.0278928
0.0274417
0.0278894
0.0284588
0.0285531
0
0
0
0.0552848
0.0991469
0.128076
0.140764
0.137317
0.108806
0.0998004
0.0556775
0
0
0
0
0
0
0.0278928
0.0280437
0
0
0
0
0
0
0
0.0280437
0.0275251
0
0
0
0
0
0
0
0.0275251
0.0266058
0
0
0
0
0
0
0.0275251
0.0266058
0.0262627
0
0
0
0
2.81617e-322
0.0275251
0.0266058
0.0262627
0.0267613
0
0
0
0
0.0275251
0.0266058
0.0262627
0.0267613
0.0260853
0
0
0
0.053945
0.0945938
0.120262
0.131696
0.129159
0.102089
0.0951281
0.0541759
0
0
0
0
0
0
0.0277735
0.0278158
0
0
0
0
0
0
0
0.0278158
0.0292688
0
0
0
0
0
0
0
0.0292688
0.0291212
0
0
0
0
0
0
0.0292688
0.0291212
0.0292407
0
0
0
0
1.07706e-321
0.0292688
0.0291212
0.0292407
0.029086
0
0
0
0
0.0292688
0.0291212
0.0292407
0.029086
0.0292301
0
0
0
0.0573003
0.10304
0.1334
0.146502
0.14185
0.111789
0.103247
0.0574392
0
0
0
0
0
0
0.0292495
0.0290755
0
0
0
0
0
0
0
0.0290755
0.0297988
0
0
0
0
0
0
0
0.0297988
0.0296376
0
0
0
0
0
0
0.0297988
0.0296376
0.029712
0
0
0
0
4.05134e-322
0.0297988
0.0296376
0.029712
0.0296418
0
0
0
0
0.0297988
0.0296376
0.029712
0.0296418
0.0297575
0
0
0
0.0594902
0.106094
0.135806
0.148498
0.144303
0.114554
0.106098
0.0594034
0
0
0
0
0
0
0.0297244
0.0296955
0
0
0
0
0
0
0
0.0296955
0
0
0
0
0
0
0
0
0
0
0
0
0
0
0
0
0
0
0
0
0
0
0
3.71755e-319
0
0
0
0
0
0
0
0
0
0
0
0
0
0
0
0
0
0
0
0
0
0
0
0
0
0
0
0
0
0
0
0
0
0
0
0
0
0
0
0
0
0
0
0
0
0
0
0
0
0
0
0
0
0
0
0
0
0
0
0
0
0
0
2.97131e-319
0
0
0
0
0
0
0
0
0
0
0
0
0
0
0
0
0
0
0
0
0
0
0
0
0
0
0
0
0
0
0
0
0
0
0
0
0
0
0
0
0.0283032
0
0
0
0
0
0
0
0.0283032
0.0258579
0
0
0
0
0
0
0.0283032
0.0258579
0.027287
0
0
0
0
3.21143e-322
0.0283032
0.0258579
0.027287
0.0262062
0
0
0
0
0.0283032
0.0258579
0.027287
0.0262062
0.0241091
0
0
0
0.0548685
0.0963897
0.123684
0.134169
0.129207
0.104566
0.095115
0.0519455
0
0
0
0
0
0
0.028253
0.0254485
0
0
0
0
0
0
0
0.0254485
0.0217166
0
0
0
0
0
0
0
0.0217166
0.0124095
0
0
0
0
0
0
0.0217166
0.0124095
0
0
0
0
0
3.9876e-320
0.0217166
0.0124095
0
0
0
0
0
0
0.0217166
0.0124095
0
0
0.00723888
0
0
0
0.0268873
0.0372285
0.033092
0.0310238
0.0320579
0.0217166
0.0258532
0.00723888
0
0
0
0
0
0
0.0144778
0
0
0
0
0
0
0
0
0
0.0178451
0
0
0
0
0
0
0
0.0178451
0.0198107
0
0
0
0
0
0
0.0178451
0.0198107
0.0160348
0
0
0
0
2.6729e-321
0.0178451
0.0198107
0.0160348
0.0143278
0
0
0
0
0.0178451
0.0198107
0.0160348
0.0143278
0.0221383
0
0
0
0.0379144
0.0682253
0.0847773
0.087467
0.0973982
0.0747944
0.0667253
0.0378627
0
0
0
0
0
0
0.0221383
0.0185176
0
0
0
0
0
0
0
0.0185176
0.0146994
0
0
0
0
0
0
0
0.0146994
0.0135201
0
0
0
0
0
0
0.0146994
0.0135201
0.0121301
0
0
0
0
2.32705e-321
0.0146994
0.0135201
0.0121301
0.0144045
0
0
0
0
0.0146994
0.0135201
0.0121301
0.0144045
0.0133937
0
0
0
0.0264083
0.0514268
0.0616616
0.0708434
0.0641887
0.0509635
0.0450669
0.0251869
0
0
0
0
0
0
0.0130568
0.0133095
0
0
0
0
0
0
0
0.0133095
0.0217868
0
0
0
0
0
0
0
0.0217868
0.0212664
0
0
0
0
0
0
0.0217868
0.0212664
0.0221426
0
0
0
0
1.77864e-322
0.0217868
0.0212664
0.0221426
0.0219683
0
0
0
0
0.0217868
0.0212664
0.0221426
0.0219683
6.77773e-05
0
0
0
0.0438822
0.0651873
0.0880295
0.109371
0.109505
0.109445
0.0881275
0.0442465
0
0
0
0
0
0
0.0221136
0.0221087
0
0
0
0
0
0
0
0.0221087
0.0229913
0
0
0
0
0
0
0
0.0229913
0.0142674
0
0
0
0
0
0
0.0229913
0.0142674
0.0156367
0
0
0
0
1.67982e-322
0.0229913
0.0142674
0.0156367
0.0136682
0
0
0
0
0.0229913
0.0142674
0.0156367
0.0136682
0.016167
0
0
0
0.0391838
0.0673675
0.0807876
0.0906042
0.0893764
0.0776837
0.0634332
0.0349134
0
0
0
0
0
0
0.0135679
0.0202799
0
0
0
0
0
0
0
0.0202799
