0.423077
0.458333
0.423077
0.423077
0.0352564
0
0
0.0176282
0
0.208868
0.173344
0.490385
0.17281
0
0
0.0352564
0
0.0705128
0
0.264423
0.10203
0
0
0.0528846
0
0.105769
0
0.211538
0.0665064
0
0
0.0705128
0
0.141026
0
0.211538
0.15438
0.123397
0.123397
0.123397
0
0.176282
0
0.158654
0.0307158
0
0
0.0352564
0
0.246795
0.246795
0.352564
0.259615
0.246795
0.246795
0.0176282
0
0.0352564
0
0.0528846
0
0
0
0
0.423077
0.458333
0.423077
0.423077
0.0352564
0
0
0.0176282
0
0.208868
0.173344
0.490385
0.17281
0
0
0.0352564
0
0.0705128
0
0.264423
0.10203
0
0
0.0528846
0
0.105769
0
0.211538
0.0665064
0
0
0.0705128
0
0.141026
0
0.211538
0.15438
0.123397
0.123397
0.123397
0
0.176282
0
0.158654
0.0307158
0
0
0.0352564
0
0.246795
0.246795
0.352564
0.259615
0.246795
0.246795
0.0176282
0
0.0352564
0
0.0528846
0
0
0
0
0.423077
0.458333
0.423077
0.423077
0.0352564
0
0
0.0176282
0
0.208868
0.173344
0.490385
0.17281
0
0
0.0352564
0
0.0705128
0
0.264423
0.10203
0
0
0.0528846
0
0.105769
0
0.211538
0.0665064
0
0
0.0705128
0
0.141026
0
0.211538
0.15438
0.123397
0.123397
0.123397
0
0.176282
0
0.158654
0.0307158
0
0
0.0352564
0
0.246795
0.246795
0.352564
0.259615
0.246795
0.246795
0.0176282
0
0.0352564
0
0.0528846
0
0
0
0
0.423077
0.458333
0.423077
0.423077
0.0352564
0
0
0.0176282
0
0.208868
0.173344
0.490385
0.17281
0
0
0.0352564
0
0.0705128
0
0.264423
0.10203
0
0
0.0528846
0
0.105769
0
0.211538
0.0665064
0
0
0.0705128
0
0.141026
0
0.211538
0.15438
0.123397
0.123397
0.123397
0
0.176282
0
0.158654
0.0307158
0
0
0.0352564
0
0.246795
0.246795
0.352564
0.259615
0.246795
0.246795
0.0176282
0
0.0352564
0
0.0528846
0
0
0
0
0.423077
0.458333
0.423077
0.423077
0.0352564
0
0
0.0176282
0
0.208868
0.173344
0.490385
0.17281
0
0
0.0352564
0
0.0705128
0
0.264423
0.10203
0
0
0.0528846
0
0.105769
0
0.211538
0.0665064
0
0
0.0705128
0
0.141026
0
0.211538
0.15438
0.123397
0.123397
0.123397
0
0.176282
0
0.158654
0.0307158
0
0
0.0352564
0
0.246795
0.246795
0.352564
0.259615
0.246795
0.246795
0.0176282
0
0.0352564
0
0.0528846
0
0
0
0
0.413361
0.447808
0.413361
0.413361
0.0344468
0
0
0.0172234
0
0.204071
0.169363
0.479123
0.168841
0
0
0.0344468
0
0.0688935
0
0.258351
0.0996868
0
0
0.0516701
0
0.10334
0
0.206681
0.0649791
0
0
0.0688935
0
0.137787
0
0.206681
0.150835
0.120564
0.120564
0.120564
0
0.172234
0
0.15501
0.0300104
0
0
0.0344468
0
0.241127
0.241127
0.344468
0.253653
0.241127
0.241127
0.0172234
0
0.0344468
0
0.0516701
0
0
0
0
0.423077
0.458333
0.423077
0.423077
0.0352564
0
0
0.0176282
0
0.208868
0.173344
0.490385
0.17281
0
0
0.0352564
0
0.0705128
0
0.264423
0.10203
0
0
0.0528846
0
0.105769
0
0.211538
0.0665064
0
0
0.0705128
0
0.141026
0
0.211538
0.15438
0.123397
0.123397
0.123397
0
0.176282
0
0.158654
0.0307158
0
0
0.0352564
0
0.246795
0.246795
0.352564
0.259615
0.246795
0.246795
0.0176282
0
0.0352564
0
0.0528846
0
0
0
0
0.0705467
0.0764256
0.0705467
0.0705467
0.00587889
0
0
0.00293945
0
0.0352734
0.0293945
0.0823045
0.0293945
0
0
0.00587889
0
0.0117578
0
0.0440917
0.0176367
0
0
0.00881834
0
0.0176367
0
0.0352734
0.0117578
0
0
0.0117578
0
0.0235156
0
0.0352734
0.026455
0.0205761
0.0205761
0.0205761
0
0.0293945
0
0.026455
0.00587889
0
0
0.00587889
0
0.0411523
0.0411523
0.0587889
0.0440917
0.0411523
0.0411523
0.00293945
0
0.00587889
0
0.00881834
0
0
0
0
0.018936
0.00450857
0.00721371
0.00270514
0.00270514
0.00180343
0.00180343
0
0.0162308
0.0153291
0.00721371
0.00270514
0.00360685
0.00180343
0.00360685
0
0.0135257
0.00901713
0
0
0.00180343
0
0.00360685
5.53946e-320
0.0135257
0.0117223
0.00721371
0.00270514
0.00450857
0.00180343
0.00541028
0
0.0108206
0.00991885
0.00721371
0.00270514
0.00811542
0.00180343
0.00721371
0
0.00811542
0.00811542
0.00721371
0.00270514
0.00450857
0.00180343
0.00901713
0
0.00541028
0.00631199
0.00721371
0.00270514
0.00360685
0.00180343
0.012624
0
0.00270514
0.00450857
0.00721371
0.00270514
0.00270514
0.00180343
0.00180343
0
0.037872
0.00901713
0.0144274
0.00541028
0.00541028
0.00360685
0.00360685
0
0.0324617
0.0288548
0.0144274
0.00541028
0.00721371
0.00360685
0.00721371
0
0.0270514
0.0162308
0
0
0.00360685
0
0.00721371
8.18568e-320
0.0270514
0.0216411
0.0144274
0.00541028
0.00901713
0.00360685
0.0108206
0
0.0216411
0.0180343
0.0144274
0.00541028
0.0162308
0.00360685
0.0144274
0
0.0162308
0.0144274
0.0144274
0.00541028
0.00901713
0.00360685
0.0180343
0
0.0108206
0.0108206
0.0144274
0.00541028
0.00721371
0.00360685
0.025248
0
0.00541028
0.00721371
0.012624
0.00541028
0.00541028
0.00360685
0.00360685
0
0.0378378
0.00900901
0.0144144
0.00540541
0.00540541
0.0036036
0.0036036
0
0.0324324
0.0288288
0.0144144
0.00540541
0.00720721
0.0036036
0.00720721
0
0.027027
0.0162162
0
0
0.0036036
0
0.00720721
7.47373e-320
0.027027
0.0216216
0.0144144
0.00540541
0.00900901
0.0036036
0.0108108
0
0.0216216
0.018018
0.0144144
0.00540541
0.0162162
0.0036036
0.0144144
0
0.0162162
0.0144144
0.0144144
0.00540541
0.00900901
0.0036036
0.018018
0
0.0108108
0.0108108
0.0144144
0.00540541
0.00720721
0.0036036
0.0252252
0
0.00540541
0.00720721
0.0126126
0.00540541
0.00540541
0.0036036
0.0036036
0
0.03177
0
0
0
0
0
0
0
0.03177
0.02118
0
0
0
0
0
0
0.0393343
0.0574887
0.0468986
0.0514372
0.0529501
0.0423601
0.0393343
0.0121029
0
0
0
0
0.01059
0
0.02118
0
0
0
0
0
0.01059
0
0.02118
0
0
0
0
0
0
0
0.02118
0
0
0
0
0
0
0
0.02118
0
0
0
0
0
0
0
0
0
0.0419623
0
0
0
0
0
0
0
0.0419623
0.041874
0
0
0
0
0
0
0.0792336
0.146499
0.159284
0.200394
0.208143
0.18889
0.146327
0.0802354
0
0
0
0.0402368
0.0411018
0.0411194
0.0415342
0.0399279
0
0
0
0
0.0411018
0.0411194
0.0415342
0.0399279
0
0
0
0
0
0.0411194
0.0415342
0.0399279
0
0
0
0
0
0
0.0415342
0.0399279
0
0
0
0
0
0
0
0.0399279
0.0420098
0
0
0
0
0
0
0
0.0420098
0.0428029
0
0
0
0
0
0
0.0843899
0.150887
0.161537
0.203457
0.20867
0.190478
0.148636
0.082885
0
0
0
0.0424825
0.0418654
0.0414373
0.0415134
0.0414058
0
0
0
0
0.0418654
0.0414373
0.041513
0.0414058
0
0
0
0
0
0.0414373
0.0415126
0.0414058
0
0
0
0
0
0
0.0415121
0.0414058
0
0
0
0
0
0
0
0.0414058
0.0268625
0
0
0
0
0
0
0
0.0268625
0.0271377
0
0
0
0
0
0
0.0542605
0.0977925
0.106417
0.134747
0.138863
0.125849
0.0989822
0.0550622
0
0
0
0.0275004
0.0262962
0.0259158
0.0277273
0.0277443
0
0
0
0
0.0262962
0.0259156
0.0277273
0.0277443
0
0
0
0
0
0.0259153
0.0277273
0.0277443
0
0
0
0
0
0
0.0277273
0.0277443
0
0
0
0
0
0
0
0.0277443
0.035565
0
0
0
0
0
0
0
0.035565
0.0332481
0
0
0
0
0
0
0.0694233
0.122744
0.132994
0.166198
0.172401
0.156806
0.123114
0.0673463
0
0
0
0.0331924
0.0355393
0.033186
0.0355436
0.0331753
0
0
0
0
0.0355393
0.033186
0.0355436
0.0331753
0
0
0
0
0
0.033186
0.0355436
0.0331753
0
0
0
0
0
0
0.0355436
0.0331753
0
0
0
0
0
0
0
0.0331753
0.0311715
0
0
0
0
0
0
0
0.0311715
0.0412304
0
0
0
0
0
0
0.0624544
0.126095
0.148334
0.148379
0.158856
0.136603
0.085817
0.0636695
0
0
0
3.87299e-05
0.0416516
0.0312635
0.0221245
0.0224295
0
0
0
0
0.0416516
0.0312635
0.0221245
0.0224295
0
0
0
0
0
0.0312635
0.0221245
0.0224295
0
0
0
0
0
0
0.0221245
0.0224295
0
0
0
0
0
0
0
0.0224295
0.0442118
0
0
0
0
0
0
0
0.0442118
0.0440093
0
0
0
0
0
0
0.0882885
0.15749
0.170086
0.214132
0.220513
0.201548
0.157502
0.0881781
0
0
0
0.043997
0.0441811
0.0440461
0.044132
0.044089
0
0
0
0
0.0441811
0.0440461
0.044132
0.044089
0
0
0
3.7549e-322
0
0.0440461
0.044132
0.044089
0
0
0
0
0
0
0.044132
0.044089
0
0
0
0
0
0
0
0.044089
0.0362152
0
0
0
0
0
0
0
0.0362152
0.0226619
0
0
0
0
0
0
0.0644802
0.104185
0.109137
0.137339
0.138457
0.140697
0.0970474
0.0615496
0
0
0
0.0215137
0.0249991
0.0471306
0.0204854
0.0322767
0
0
0
0
0.0249991
0.0471306
0.0204854
0.0322767
0
0
0
0
0
0.0471306
0.0204854
0.0322767
0
0
0
0
0
0
0.0204854
0.0322767
0
0
0
0
0
0
0
0.0322767
0.0412099
0
0
0
0
0
0
0
0.0412099
0.0379963
0
0
0
0
0
0
0.0806817
0.140811
0.152972
0.189656
0.194277
0.181596
0.138847
0.0770323
0
0
0
0.0378178
0.0352395
0.0422916
0.0412887
0.0372559
0
0
0
0
0.0352395
0.0422916
0.0412887
0.0372559
0
0
0
0
0
0.0422916
0.0412887
0.0372559
0
0
0
0
0
0
0.0412887
0.0372559
0
0
0
0
0
0
0
0.0372559
0.0318021
0
0
0
0
0
0
0
0.0318021
0.0212014
0
0
0
0
0
0
0.0393741
0.0575467
0.046946
0.0514891
0.0530035
0.0424028
0.0393741
0.0121151
0
0
0
0
0.0106007
0
0.0212014
0
0
0
0
0
0.0106007
0
0.0212014
0
0
0
0
0
0
0
0.0212014
0
0
0
0
0
0
0
0.0212014
0
0
0
0
0
0
0
0
0
0.0285154
0
0
0
0
0
0
0
0.0285154
0.0341191
0
0
0
0
0
0
0.0590878
0.100797
0.112785
0.143215
0.143995
0.137611
0.0988107
0.063131
0
0
0
0.0302887
0.0304306
0.0280188
0.0260327
0.0257489
0
0
0
0
0.0304306
0.0280188
0.0260327
0.0257489
0
0
0
0
0
0.0280188
0.0260327
0.0257489
0
0
0
0
0
0
0.0260327
0.0257489
0
0
0
0
0
0
0
0.0257489
0.0161314
0
0
0
0
0
0
0
0.0161314
0.014194
0
0
0
0
0
0
0.0282194
0.0489839
0.0541224
0.0727388
0.0730336
0.0705065
0.0520164
0.0260293
0
0
0
0.0152469
0.0143203
0.0157523
0.0136464
0.0138149
0
0
0
0
0.0143203
0.0157523
0.0136464
0.0138149
0
0
0
0
0
0.0157523
0.0136464
0.0138149
0
0
0
0
0
0
0.0136464
0.0138149
0
0
0
0
0
0
0
0.0138149
0.0219665
0
0
0
0
0
0
0
0.0219665
0.0146444
0
0
0
0
0
0
0.0271967
0.039749
0.0324268
0.0355649
0.0366109
0.0292887
0.0271967
0.0083682
0
0
0
0
0.00732218
0
0.0146444
0
0
0
0
0
0.00732218
0
0.0146444
0
0
0
0
0
0
0
0.0146444
0
0
0
0
0
0
0
0.0146444
0
0
0
0
0
0
0
0
0
0
0
0
0
0
0
0
0
0
0
0
0
0
0
0
0
0
0
0
0
0
0
0
1.82113e-319
0
0
0
0
0
0
0
0
0
0
0
0
0
0
0
0
0
0
0
0
0
0
0
0
0
0
0
0
0
0
0
0
0
0
0
0
0
0
0
0
0
0
0
0
0
0
0
0
0
0
0
0
0
0
0
0
0
0
0
0
0
0
0
2.58752e-319
0
0
0
0
0
0
0
0
0
0
0
0
0
0
0
0
0
0
0
0
0
0
0
0
0
0
0
0
0
0
0
0
0
0
0
0
0
0
0
0
0
0
0
0
0
0
0
0
0
0
0
0
0
0
0
0
0
0
0
0
0
0
0
3.17763e-319
0
0
0
0
0
0
0
0
0
0
0
0
0
0
0
0
0
0
0
0
0
0
0
0
0
0
0
0
0
0
0
0
0
0
0
0
0
0
0
0
0.0218978
0
0
0
0
0
0
0
0.0218978
0.0145985
0
0
0
0
0
0
0.0271116
0.0396246
0.0323253
0.0354536
0.0364964
0.0291971
0.0271116
0.00834202
0
0
0
0
0.00729927
0
0.0145985
0
0
0
0
0
0.00729927
0
0.0145985
0
0
0
0
0
0
0
0.0145985
0
0
0
0
0
0
0
0.0145985
0
0
0
0
0
0
0
0
0
0.0281666
0
0
0
0
0
0
0
0.0281666
0.0281074
0
0
0
0
0
0
0.0531846
0.0983359
0.106917
0.134512
0.139714
0.12679
0.0982204
0.053857
0
0
0
0.0270085
0.027589
0.0276009
0.0278793
0.0268011
0
0
0
0
0.027589
0.0276009
0.0278793
0.0268011
0
0
0
0
0
0.0276009
0.0278793
0.0268011
0
0
0
0
0
0
0.0278793
0.0268011
0
0
0
0
0
0
0
0.0268011
0.0285257
0
0
0
0
0
0
0
0.0285257
0.0290419
0
0
0
0
0
0
0.0561732
0.101685
0.109252
0.138281
0.142109
0.129575
0.100613
0.0553928
0
0
0
0.028644
0.0283147
0.028241
0.028301
0.0282667
0
0
0
0
0.0283147
0.028241
0.028301
0.0282667
0
0
0
0
0
0.028241
0.028301
0.0282667
0
0
0
0
0
0
0.028301
0.0282667
0
0
0
0
0
0
0
0.0282667
0.0266616
0
0
0
0
0
0
0
0.0266616
0.0269133
0
0
0
0
0
0
0.0537929
0.0968465
0.105435
0.133688
0.137844
0.124947
0.0982829
0.054675
0
0
0
0.0272598
0.0261174
0.0257203
0.0275116
0.0275775
0
0
0
0
0.0261174
0.0257203
0.0275116
0.0275775
0
0
0
0
0
0.0257203
0.0275116
0.0275775
0
0
0
0
0
0
0.0275116
0.0275775
0
0
0
0
0
0
0
0.0275775
0.030151
0
0
0
0
0
0
0
0.030151
0.0281352
0
0
0
0
0
0
0.0583267
0.102947
0.112149
0.141407
0.146537
0.132369
0.10279
0.0561439
0
0
0
0.0281018
0.0301299
0.0280948
0.0301458
0.0280807
0
0
0
0
0.0301299
0.0280948
0.0301458
0.0280807
0
0
0
0
0
0.0280948
0.0301458
0.0280807
0
0
0
0
0
0
0.0301458
0.0280807
0
0
0
0
0
0
0
0.0280807
0.0297823
0
0
0
0
0
0
0
0.0297823
0.0296459
0
0
0
0
0
0
0.0594736
0.10609
0.114575
0.144245
0.148544
0.135768
0.106098
0.0593992
0
0
0
0.0296376
0.0297616
0.0296707
0.0297285
0.0296996
0
0
0
0
0.0297616
0.0296707
0.0297285
0.0296996
0
0
0
2.86558e-322
0
0.0296707
0.0297285
0.0296996
0
0
0
0
0
0
0.0297285
0.0296996
0
0
0
0
0
0
0
0.0296996
0
0
0
0
0
0
0
0
0
0
0
0
0
0
0
0
0
0
0
0
0
0
0
3.18168e-319
0
0
0
0
0
0
0
0
0
0
0
0
0
0
0
0
0
0
0
0
0
0
0
0
0
0
0
0
0
0
0
0
0
0
0
0
0
0
0
0
0
0
0
0
0
0
0
0
0
0
0
0
0
0
0
0
0
0
0
0
0
0
0
2.4355e-319
0
0
0
0
0
0
0
0
0
0
0
0
0
0
0
0
0
0
0
0
0
0
0
0
0
0
0
0
0
0
0
0
0
0
0
0
0
0
0
0
0.028156
0
0
0
0
0
0
0
0.028156
0.0259728
0
0
0
0
0
0
0.0551486
0.0962569
0.104545
0.129616
0.132754
0.124057
0.0948133
0.0525099
0
0
0
0.0258471
0.0240768
0.0288957
0.0282242
0.0254449
0
0
0
0
0.0240768
0.0288957
0.0282242
0.0254449
0
0
0
0
0
0.0288957
0.0282242
0.0254449
0
0
0
0
0
0
0.0282242
0.0254449
0
0
0
0
0
0
0
0.0254449
0.0217166
0
0
0
0
0
0
0
0.0217166
0.0144778
0
0
0
0
0
0
0.0268873
0.0392968
0.0320579
0.0351603
0.0361944
0.0289555
0.0268873
0.00827301
0
0
0
0
0.00723888
0
0.0144778
0
0
0
0
0
0.00723888
0
0.0144778
0
0
0
0
0
0
0
0.0144778
0
0
0
0
0
0
0
0.0144778
0
0
0
0
0
0
0
0
0
0.0207935
0
0
0
0
0
0
0
0.0207935
0.0250349
0
0
0
0
0
0
0.0430869
0.0736564
0.082398
0.104691
0.105364
0.101019
0.0722857
0.0461042
0
0
0
0.02219
0.0222935
0.0204831
0.0191383
0.0188365
0
0
0
0
0.0222935
0.0204831
0.0191383
0.0188279
0
0
0
0
0
0.0204831
0.0191383
0.0188279
0
0
0
0
0
0
0.0191383
0.0188279
0
0
0
0
0
0
0
0.0188279
0.0161314
0
0
0
0
0
0
0
0.0161314
0.014194
0
0
0
0
0
0
0.0282194
0.0489839
0.0541224
0.0727388
0.0730336
0.0705065
0.0520164
0.0260293
0
0
0
0.0152469
0.0143203
0.0157523
0.0136464
0.0138149
0
0
0
0
0.0143203
0.0157523
0.0136464
0.0138149
0
0
0
0
0
0.0157523
0.0136464
0.0138149
0
0
0
0
0
0
0.0136464
0.0138149
0
0
0
0
0
0
0
0.0138149
0.0311715
0
0
0
0
0
0
0
0.0311715
0.0302904
0
0
0
0
0
0
0.0624544
0.115155
0.137394
0.137439
0.138453
0.116201
0.074877
0.0527296
0
0
0
3.87299e-05
0.0321894
0.0312635
0.0221245
0.0224295
0
0
0
0
0.0321894
0.0312635
0.0221245
0.0224295
0
0
0
0
0
0.0312635
0.0221245
0.0224295
0
0
0
0
0
0
0.0221245
0.0224295
0
0
0
0
0
0
0
0.0224295
0.0241586
0
0
0
0
0
0
0
0.0241586
0.0151147
0
0
0
0
0
0
0.0430137
0.0694973
0.0727998
0.0916074
0.0923585
0.0938524
0.0647361
0.0410587
0
0
0
0.0143501
0.0166765
0.0314387
0.0136628
0.0215312
0
0
0
0
0.0166765
0.0314387
0.0136628
0.0215312
0
0
0
0
0
0.0314387
0.0136628
0.0215312
0
0
0
0
0
0
0.0136628
0.0215312
0
0
0
0
0
0
0
0.0215312
