0.370192
0.370192
0.370192
0.387821
0.370192
0.405449
0.370192
0.370192
0.163194
0.163462
0
0.0352564
0
0.0705128
0
0.317308
0.127671
0
0
0.0528846
0
0.105769
0
0.264423
0.0921474
0
0
0.0528846
0
0.141026
0
0.211538
0.0566239
0
0
0.123397
0.123397
0.176282
0
0.158654
0.0211004
0
0
0.0528846
0
0.176282
0
0.105769
0.00320513
0
0
0.0352564
0
0.246795
0.246795
0.0528846
0
0
0
0.0176282
0
0.0352564
0
0
0.370192
0.370192
0.370192
0.387821
0.370192
0.405449
0.370192
0.370192
0.163194
0.163462
0
0.0352564
0
0.0705128
0
0.317308
0.127671
0
0
0.0528846
0
0.105769
0
0.264423
0.0921474
0
0
0.0528846
0
0.141026
0
0.211538
0.0566239
0
0
0.123397
0.123397
0.176282
0
0.158654
0.0211004
0
0
0.0528846
0
0.176282
0
0.105769
0.00320513
0
0
0.0352564
0
0.246795
0.246795
0.0528846
0
0
0
0.0176282
0
0.0352564
0
0
0.370192
0.370192
0.370192
0.387821
0.370192
0.405449
0.370192
0.370192
0.163194
0.163462
0
0.0352564
0
0.0705128
0
0.317308
0.127671
0
0
0.0528846
0
0.105769
0
0.264423
0.0921474
0
0
0.0528846
0
0.141026
0
0.211538
0.0566239
0
0
0.123397
0.123397
0.176282
0
0.158654
0.0211004
0
0
0.0528846
0
0.176282
0
0.105769
0.00320513
0
0
0.0352564
0
0.246795
0.246795
0.0528846
0
0
0
0.0176282
0
0.0352564
0
0
0.370192
0.370192
0.370192
0.387821
0.370192
0.405449
0.370192
0.370192
0.163194
0.163462
0
0.0352564
0
0.0705128
0
0.317308
0.127671
0
0
0.0528846
0
0.105769
0
0.264423
0.0921474
0
0
0.0528846
0
0.141026
0
0.211538
0.0566239
0
0
0.123397
0.123397
0.176282
0
0.158654
0.0211004
0
0
0.0528846
0
0.176282
0
0.105769
0.00320513
0
0
0.0352564
0
0.246795
0.246795
0.0528846
0
0
0
0.0176282
0
0.0352564
0
0
0.370192
0.370192
0.370192
0.387821
0.370192
0.405449
0.370192
0.370192
0.163194
0.163462
0
0.0352564
0
0.0705128
0
0.317308
0.127671
0
0
0.0528846
0
0.105769
0
0.264423
0.0921474
0
0
0.0528846
0
0.141026
0
0.211538
0.0566239
0
0
0.123397
0.123397
0.176282
0
0.158654
0.0211004
0
0
0.0528846
0
0.176282
0
0.105769
0.00320513
0
0
0.0352564
0
0.246795
0.246795
0.0528846
0
0
0
0.0176282
0
0.0352564
0
0
0.361691
0.361691
0.361691
0.378914
0.361691
0.396138
0.361691
0.361691
0.170929
0.17119
0
0.0344468
0
0.0688935
0
0.310021
0.136221
0
0
0.0516701
0
0.10334
0
0.258351
0.101514
0
0
0.0516701
0
0.137787
0
0.206681
0.0668058
0
0
0.120564
0.120564
0.172234
0
0.15501
0.0320981
0
0
0.0516701
0
0.172234
0
0.10334
0.0146138
0
0
0.0344468
0
0.241127
0.241127
0.0516701
0
0
0
0.0172234
0
0.0344468
0
0
0.370192
0.370192
0.370192
0.387821
0.370192
0.405449
0.370192
0.370192
0.163194
0.163462
0
0.0352564
0
0.0705128
0
0.317308
0.127671
0
0
0.0528846
0
0.105769
0
0.264423
0.0921474
0
0
0.0528846
0
0.141026
0
0.211538
0.0566239
0
0
0.123397
0.123397
0.176282
0
0.158654
0.0211004
0
0
0.0528846
0
0.176282
0
0.105769
0.00320513
0
0
0.0352564
0
0.246795
0.246795
0.0528846
0
0
0
0.0176282
0
0.0352564
0
0
0.0617284
0.0617284
0.0617284
0.0676073
0.0617284
0.0676073
0.0617284
0.0617284
0.0205761
0.0205761
0
0.00881834
0
0.0117578
0
0.0529101
0.0146972
0
0
0.0117578
0
0.0176367
0
0.0440917
0.00881834
0
0
0.0117578
0
0.0235156
0
0.0352734
0.00881834
0
0
0.0235156
0.0235156
0.0293945
0
0.026455
0.00587889
0
0
0.00881834
0
0.0293945
0
0.0176367
0.00293945
0
0
0.00587889
0
0.0411523
0.0411523
0.00881834
0
0
0
0.00293945
0
0.00587889
0
0
0.018936
0.00450857
0.00450857
0.00450857
0.00541028
0.00541028
0.00721371
0
0.0162308
0.012624
0.00450857
0.00450857
0.00631199
0.00541028
0.00901713
0
0.0135257
0.00901713
0.00450857
0.00450857
0.00721371
0.00541028
0.0108206
7.68964e-320
0.0108206
0.00721371
0.00450857
0.00450857
0.00811542
0.00541028
0.012624
0
0.00811542
0.00541028
0.00360685
0.00360685
0.00991885
0.00450857
0.0135257
0
0.00541028
0.00450857
0.00360685
0.00360685
0.00541028
0.00450857
0.0153291
0
0.00270514
0.000901713
0
0
0.000901713
0
0.012624
0
0.00270514
0.00360685
0.00360685
0.00360685
0.00450857
0.00450857
0.00631199
0
0.037872
0.00901713
0.00901713
0.00901713
0.0108206
0.0108206
0.0144274
0
0.0324617
0.0288548
0.00901713
0.00901713
0.012624
0.0108206
0.0180343
0
0.0270514
0.0216411
0.00901713
0.00901713
0.0144274
0.0108206
0.0216411
1.03359e-319
0.0216411
0.0180343
0.00901713
0.00901713
0.0162308
0.0108206
0.025248
0
0.0162308
0.0144274
0.00901713
0.00901713
0.0216411
0.0108206
0.0288548
0
0.0108206
0.0108206
0.00901713
0.00901713
0.012624
0.0108206
0.0324617
0
0.00541028
0.00180343
0
0
0.00180343
0
0.025248
0
0.00541028
0.00721371
0.00721371
0.00721371
0.00901713
0.00901713
0.012624
0
0.0378378
0.00900901
0.00900901
0.00900901
0.0108108
0.0108108
0.0144144
0
0.0324324
0.0288288
0.00900901
0.00900901
0.0126126
0.0108108
0.018018
0
0.027027
0.0216216
0.00900901
0.00900901
0.0144144
0.0108108
0.0216216
9.62242e-320
0.0216216
0.018018
0.00900901
0.00900901
0.0162162
0.0108108
0.0252252
0
0.0162162
0.0144144
0.00900901
0.00900901
0.0216216
0.0108108
0.0288288
0
0.0108108
0.0108108
0.00900901
0.00900901
0.0126126
0.0108108
0.0324324
0
0.00540541
0.0018018
0
0
0.0018018
0
0.0252252
0
0.00540541
0.00720721
0.00720721
0.00720721
0.00900901
0.00900901
0.0126126
0
0.03177
0
0
0
0
0
0
0
0.03177
0.0181543
0
0
0
0
0
0
0.03177
0.0181543
0
0
0
0
0
6.88876e-320
0.03177
0.0181543
0
0
0
0
0
0
0.03177
0.0181543
0
0
0.01059
0
0
0
0.03177
0.0181543
0
0
0.01059
0
0
0
0.0393343
0.0544629
0.0484115
0.0453858
0.0453858
0.0332829
0.0287443
0.01059
0
0
0
0
0
0
0
0
0.0418475
0
0
0
0
0
0
0
0.0418475
0.0425051
0
0
0
0
0
0
0.0418475
0.0425051
0.04213
0
0
0
0
5.38532e-322
0.0418475
0.0425051
0.04213
0.0411194
0
0
0
0
0.0418475
0.0425051
0.04213
0.0411194
0.0422535
0
0
0
0.0418475
0.0425051
0.04213
0.0411194
0.0422535
0.0417063
0
0
0.0817887
0.148045
0.188918
0.206989
0.199309
0.171962
0.110384
0.0811893
0
0
0
0
0
0
0
0.0408105
0.0419126
0
0
0
0
0
0
0
0.0419126
0.0413506
0
0
0
0
0
0
0.0419126
0.0413506
0.0422961
0
0
0
0
6.71929e-322
0.0419126
0.0413506
0.0422961
0.0409462
0
0
0
0
0.0419126
0.0413506
0.0422961
0.0409462
0.0414819
0
0
0
0.0419126
0.0413506
0.0422961
0.0409462
0.0414819
0.0419284
0
0
0.083384
0.148565
0.189924
0.206916
0.201409
0.172483
0.112943
0.0834234
0
0
0
0
0
0
0
0.0415239
0.0275328
0
0
0
0
0
0
0
0.0275328
0.0272735
0
0
0
0
0
0
0.0275328
0.0272735
0.0265128
0
0
0
0
3.31024e-322
0.0275328
0.0272735
0.0265128
0.026083
0
0
0
0
0.0275328
0.0272735
0.0265128
0.026083
0.027306
0
0
0
0.0275328
0.0272735
0.0265128
0.026083
0.027306
0.027132
0
0
0.0541053
0.095572
0.120942
0.132198
0.127775
0.107387
0.0703381
0.0531092
0
0
0
0
0
0
0
0.0270586
0.0345843
0
0
0
0
0
0
0
0.0345843
0.0340254
0
0
0
0
0
0
0.0345843
0.0340254
0.0345543
0
0
0
0
1.51678e-321
0.0345843
0.0340254
0.0345543
0.0339826
0
0
0
0
0.0345843
0.0340254
0.0345543
0.0339826
0.0345372
0
0
0
0.0345843
0.0340254
0.0345543
0.0339826
0.0345372
0.0339654
0
0
0.0687742
0.122176
0.15715
0.170928
0.167401
0.142037
0.093209
0.0685347
0
0
0
0
0
0
0
0.0339697
0.0216415
0
0
0
0
0
0
0
0.0216415
0.0216452
0
0
0
0
0
0
0.0216415
0.0216452
5.0833e-05
0
0
0
0
2.02567e-322
0.0216415
0.0216452
5.0833e-05
0.0221317
0
0
0
0
0.0216415
0.0216452
5.0833e-05
0.0221317
0.0216403
0
0
0
0.0216415
0.0216452
5.0833e-05
0.0221317
0.0216403
0.0216222
0
0
0.0432698
0.0870757
0.087135
0.0876361
0.0871435
0.0876397
0.0659994
0.0438193
0
0
0
0
0
0
0
0.0221717
0.0441259
0
0
0
0
0
0
0
0.0441259
0.043905
0
0
0
0
0
0
0.0441259
0.043905
0.0439234
0
0
0
0
6.17582e-322
0.0441259
0.043905
0.0439234
0.0438314
0
0
0
0
0.0441259
0.043905
0.0439234
0.0438314
0.0440952
0
0
0
0.0441259
0.043905
0.0439234
0.0438314
0.0440952
0.0439725
0
0
0.0878161
0.157031
0.201115
0.219982
0.213841
0.182313
0.119413
0.0878897
0
0
0
0
0
0
0
0.0440584
0.0365912
0
0
0
0
0
0
0
0.0365912
0.0229709
0
0
0
0
0
0
0.0365912
0.0229709
0.0240175
0
0
0
0
3.0138e-322
0.0365912
0.0229709
0.0240175
0.0216499
0
0
0
0
0.0365912
0.0229709
0.0240175
0.0216499
0.0248751
0
0
0
0.0365912
0.0229709
0.0240175
0.0216499
0.0248751
0.0462587
0
0
0.0659698
0.0984802
0.128741
0.138593
0.142796
0.127542
0.0751354
0.0623585
0
0
0
0
0
0
0
0.0320023
0.0411994
0
0
0
0
0
0
0
0.0411994
0.0376812
0
0
0
0
0
0
0.0411994
0.0376812
0.0398341
0
0
0
0
5.58294e-322
0.0411994
0.0376812
0.0398341
0.0385319
0
0
0
0
0.0411994
0.0376812
0.0398341
0.0385319
0.0352553
0
0
0
0.0411994
0.0376812
0.0398341
0.0385319
0.0352553
0.0419818
0
0
0.0798678
0.139787
0.179779
0.195484
0.187881
0.164362
0.106895
0.0764704
0
0
0
0
0
0
0
0.0370669
0.0318021
0
0
0
0
0
0
0
0.0318021
0.0181726
0
0
0
0
0
0
0.0318021
0.0181726
0
0
0
0
0
6.38926e-320
0.0318021
0.0181726
0
0
0
0
0
0
0.0318021
0.0181726
0
0
0.0106007
0
0
0
0.0318021
0.0181726
0
0
0.0106007
0
0
0
0.0393741
0.0545179
0.0484604
0.0454316
0.0454316
0.0333165
0.0287733
0.0106007
0
0
0
0
0
0
0
0
0.0335517
0
0
0
0
0
0
0
0.0335517
0.0364599
0
0
0
0
0
0
0.0335517
0.0364599
0.0317783
0
0
0
0
3.34482e-321
0.0335517
0.0364599
0.0317783
0.0324167
0
0
0
0
0.0335517
0.0364718
0.0317783
0.0324167
0.0305015
0
0
0
0.0335517
0.0364836
0.0317783
0.0324167
0.0305015
0.0328423
0
0
0.0715012
0.130199
0.154281
0.170028
0.163077
0.127905
0.0932306
0.0718913
0
0
0
0
0
0
0
0.033126
0.0146151
0
0
0
0
0
0
0
0.0146151
0.0137307
0
0
0
0
0
0
0.0146151
0.0137307
0.0122144
0
0
0
0
2.33693e-321
0.0146151
0.0137307
0.0122144
0.0144888
0
0
0
0
0.0146151
0.0137307
0.0122144
0.0144888
0.0136885
0
0
0
0.0146151
0.0137307
0.0122144
0.0144888
0.0136885
0.0148257
0
0
0.0321365
0.0508792
0.0617879
0.0683163
0.0688639
0.0549647
0.0348742
0.0249342
0
0
0
0
0
0
0
0.0129725
0.0219665
0
0
0
0
0
0
0
0.0219665
0.0115063
0
0
0
0
0
0
0.0219665
0.0115063
0
0
0
0
0
7.13826e-320
0.0219665
0.0115063
0
0
0
0
0
0
0.0219665
0.0115063
0
0
0.00732218
0
0
0
0.0219665
0.0115063
0
0
0.00732218
0
0
0
0.0271967
0.0366109
0.0324268
0.0303347
0.0313808
0.0230126
0.0198745
0.00732218
0
0
0
0
0
0
0
0
0
0
0
0
0
0
0
0
0
0
0
0
0
0
0
0
0
0
0
0
0
0
0
2.53451e-319
0
0
0
0
0
0
0
0
0
0
0
0
0
0
0
0
0
0
0
0
0
0
0
0
0
0
0
0
0
0
0
0
0
0
0
0
0
0
0
0
0
0
0
0
0
0
0
0
0
0
0
0
0
0
0
0
0
0
0
0
0
0
0
3.3009e-319
0
0
0
0
0
0
0
0
0
0
0
0
0
0
0
0
0
0
0
0
0
0
0
0
0
0
0
0
0
0
0
0
0
0
0
0
0
0
0
0
0
0
0
0
0
0
0
0
0
0
0
0
0
0
0
0
0
0
0
0
0
0
0
3.89101e-319
0
0
0
0
0
0
0
0
0
0
0
0
0
0
0
0
0
0
0
0
0
0
0
0
0
0
0
0
0
0
0
0
0
0
0
0
0
0
0
0
0.0218978
0
0
0
0
0
0
0
0.0218978
0.0114703
0
0
0
0
0
0
0.0218978
0.0114703
0
0
0
0
0
6.2445e-320
0.0218978
0.0114703
0
0
0
0
0
0
0.0218978
0.0114703
0
0
0.00729927
0
0
0
0.0218978
0.0114703
0
0
0.00729927
0
0
0
0.0271116
0.0364964
0.0323253
0.0304136
0.0312826
0.0229406
0.0198123
0.00729927
0
0
0
0
0
0
0
0
0.0282051
0
0
0
0
0
0
0
0.0282051
0.0286346
0
0
0
0
0
0
0.0282051
0.0286346
0.0283621
0
0
0
0
3.7549e-322
0.0282051
0.0286346
0.0283621
0.0277194
0
0
0
0
0.0282051
0.0286346
0.0283621
0.0277194
0.0284747
0
0
0
0.0282051
0.0286346
0.0283621
0.0277194
0.0284747
0.0281577
0
0
0.0550151
0.0996486
0.127125
0.139577
0.134278
0.116043
0.0743162
0.0546123
0
0
0
0
0
0
0
0.0275061
0.0277659
0
0
0
0
0
0
0
0.0277659
0.0275412
0
0
0
0
0
0
0.0277659
0.0275412
0.0280317
0
0
0
0
4.24896e-322
0.0277659
0.0275412
0.0280317
0.0272119
0
0
0
0
0.0277659
0.0275412
0.0280317
0.0272119
0.0275618
0
0
0
0.0277659
0.0275412
0.0280317
0.0272119
0.0275618
0.0279271
0
0
0.0543569
0.0978366
0.126043
0.137859
0.134068
0.114221
0.074343
0.0544221
0
0
0
0
0
0
0
0.0276012
0.0273206
0
0
0
0
0
0
0
0.0273206
0.0270418
0
0
0
0
0
0
0.0273206
0.0270418
0.0263016
0
0
0
0
3.16202e-322
0.0273206
0.0270418
0.0263016
0.0258724
0
0
0
0
0.0273206
0.0270418
0.0263016
0.0258724
0.0270806
0
0
0
0.0273206
0.0270418
0.0263016
0.0258724
0.0270806
0.0269133
0
0
0.0536712
0.0948845
0.120034
0.131126
0.126721
0.106476
0.0697506
0.0526809
0
0
0
0
0
0
0
0.0268322
0.0288118
0
0
0
0
0
0
0
0.0288118
0.0284006
0
0
0
0
0
0
0.0288118
0.0284006
0.0287858
0
0
0
0
1.22034e-321
0.0288118
0.0284006
0.0287861
0.0283672
0
0
0
0
0.0288118
0.0284006
0.0287864
0.0283672
0.0287767
0
0
0
0.0288118
0.0284006
0.0287867
0.0283672
0.0287767
0.0283619
0
0
0.0565467
0.101211
0.130695
0.143059
0.139557
0.118314
0.0765779
0.0555763
0
0
0
0
0
0
0
0.0283602
0.0296913
0
0
0
0
0
0
0
0.0296913
0.0295508
0
0
0
0
0
0
0.0296913
0.0295508
0.0295508
0
0
0
0
4.44659e-322
0.0296913
0.0295508
0.0295508
0.0294971
0
0
0
0
0.0296913
0.0295508
0.0295508
0.0294971
0.0296707
0
0
0
0.0296913
0.0295508
0.0295508
0.0294971
0.0296707
0.0295922
0
0
0.0589859
0.10562
0.135319
0.148044
0.14391
0.122679
0.0803245
0.0591065
0
0
0
0
0
0
0
0.0296542
0
0
0
0
0
0
0
0
0
0
0
0
0
0
0
0
0
0
0
0
0
0
0
3.89507e-319
0
0
0
0
0
0
0
0
0
0
0
0
0
0
0
0
0
0
0
0
0
0
0
0
0
0
0
0
0
0
0
0
0
0
0
0
0
0
0
0
0
0
0
0
0
0
0
0
0
0
0
0
0
0
0
0
0
0
0
0
0
0
0
3.14888e-319
0
0
0
0
0
0
0
0
0
0
0
0
0
0
0
0
0
0
0
0
0
0
0
0
0
0
0
0
0
0
0
0
0
0
0
0
0
0
0
0
0.028156
0
0
0
0
0
0
0
0.028156
0.0257214
0
0
0
0
0
0
0.028156
0.0257214
0.0272116
0
0
0
0
3.60668e-322
0.028156
0.0257214
0.0272116
0.0263175
0
0
0
0
0.028156
0.0257214
0.0272116
0.0263175
0.0240876
0
0
0
0.028156
0.0257214
0.0272116
0.0263175
0.0240876
0.0286695
0
0
0.0545962
0.0955243
0.122844
0.133555
0.128334
0.112211
0.0728911
0.0520389
0
0
0
0
0
0
0
0.0253013
0.0217166
0
0
0
0
0
0
0
0.0217166
0.0115477
0
0
0
0
0
0
0.0217166
0.0117201
0
0
0
0
0
4.29442e-320
0.0217166
0.0118925
0
0
0
0
0
0
0.0217166
0.0120648
0
0
0.00723888
0
0
0
0.0217166
0.0122372
0
0
0.00723888
0
0
0
0.0268873
0.0372285
0.033092
0.0310238
0.0310238
0.0227508
0.0196484
0.00723888
0
0
0
0
0
0
0
0
0.0251384
0
0
0
0
0
0
0
0.0251384
0.0273108
0
0
0
0
0
0
0.0251384
0.0273108
0.0239487
0
0
0
0
2.84088e-321
0.0251384
0.0273108
0.0239487
0.0243625
0
0
0
0
0.0251384
0.0273108
0.0239487
0.0243625
0.0235349
0
0
0
0.0251384
0.0273108
0.0239487
0.0243625
0.0235349
0.0250349
0
0
0.0530268
0.099519
0.11695
0.129675
0.123261
0.0965706
0.0703978
0.0545699
0
0
0
0
0
0
0
0.0256039
0.0146151
0
0
0
0
0
0
0
0.0146151
0.0137307
0
0
0
0
0
0
0.0146151
0.0137307
0.0122144
0
0
0
0
2.46539e-321
0.0146151
0.0137307
0.0122144
0.0144888
0
0
0
0
0.0146151
0.0137307
0.0122144
0.0144888
0.0136885
0
0
0
0.0146151
0.0137307
0.0122144
0.0144888
0.0136885
0.0148257
0
0
0.0321365
0.0508792
0.0617879
0.0683163
0.0688639
0.0549647
0.0348742
0.0249342
0
0
0
0
0
0
0
0.0129725
0.0216415
0
0
0
0
0
0
0
0.0216415
0.0216452
0
0
0
0
0
0
0.0216415
0.0216452
5.0833e-05
0
0
0
0
2.02567e-322
0.0216415
0.0216452
5.0833e-05
0.0221317
0
0
0
0
0.0216415
0.0216452
5.0833e-05
0.0221317
0.0216403
0
0
0
0.0216415
0.0216452
5.0833e-05
0.0221317
0.0216403
0.0216222
0
0
0.0432698
0.0870757
0.087135
0.0876361
0.0871435
0.0876397
0.0659994
0.0438193
0
0
0
0
0
0
0
0.0221717
0.0244067
0
0
0
0
0
0
0
0.0244067
0.0153194
0
0
0
0
0
0
0.0244067
0.0153194
0.0160203
0
0
0
0
1.92686e-322
0.0244067
0.0153194
0.0160203
0.0144423
0
0
0
0
0.0244067
0.0153194
0.0160203
0.0144423
0.016587
0
0
0
0.0244067
0.0153194
0.0160203
0.0144423
0.016587
0.0308476
0
0
0.043941
0.0656423
0.0858407
0.0924265
0.095242
0.0850824
0.0501406
0.0416336
0
0
0
0
0
0
0
0.0213482
