0.370192
0.370192
0.0352564
0.0352564
0
0.0176282
0
0.0352564
0
0.484509
0.166934
0.0352564
0
0.0352564
0
0.0705128
0
0.317308
0.13141
0.0352564
0
0.0528846
0
0.105769
0
0.264423
0.0958868
0
0
0.0705128
0
0.141026
0
0.211538
0.0603632
0
0.123397
0.123397
0
0.176282
0
0.158654
0.0248397
0
0
0.0352564
0
0.211538
0
0.105769
0.00694444
0
0
0.0352564
0.246795
0.246795
0
0.0528846
0
0
0
0.0176282
0
0
0.370192
0.370192
0.0352564
0.0352564
0
0.0176282
0
0.0352564
0
0.484509
0.166934
0.0352564
0
0.0352564
0
0.0705128
0
0.317308
0.13141
0.0352564
0
0.0528846
0
0.105769
0
0.264423
0.0958868
0
0
0.0705128
0
0.141026
0
0.211538
0.0603632
0
0.123397
0.123397
0
0.176282
0
0.158654
0.0248397
0
0
0.0352564
0
0.211538
0
0.105769
0.00694444
0
0
0.0352564
0.246795
0.246795
0
0.0528846
0
0
0
0.0176282
0
0
0.370192
0.370192
0.0352564
0.0352564
0
0.0176282
0
0.0352564
0
0.484509
0.166934
0.0352564
0
0.0352564
0
0.0705128
0
0.317308
0.13141
0.0352564
0
0.0528846
0
0.105769
0
0.264423
0.0958868
0
0
0.0705128
0
0.141026
0
0.211538
0.0603632
0
0.123397
0.123397
0
0.176282
0
0.158654
0.0248397
0
0
0.0352564
0
0.211538
0
0.105769
0.00694444
0
0
0.0352564
0.246795
0.246795
0
0.0528846
0
0
0
0.0176282
0
0
0.370192
0.370192
0.0352564
0.0352564
0
0.0176282
0
0.0352564
0
0.484509
0.166934
0.0352564
0
0.0352564
0
0.0705128
0
0.317308
0.13141
0.0352564
0
0.0528846
0
0.105769
0
0.264423
0.0958868
0
0
0.0705128
0
0.141026
0
0.211538
0.0603632
0
0.123397
0.123397
0
0.176282
0
0.158654
0.0248397
0
0
0.0352564
0
0.211538
0
0.105769
0.00694444
0
0
0.0352564
0.246795
0.246795
0
0.0528846
0
0
0
0.0176282
0
0
0.370192
0.370192
0.0352564
0.0352564
0
0.0176282
0
0.0352564
0
0.484509
0.166934
0.0352564
0
0.0352564
0
0.0705128
0
0.317308
0.13141
0.0352564
0
0.0528846
0
0.105769
0
0.264423
0.0958868
0
0
0.0705128
0
0.141026
0
0.211538
0.0603632
0
0.123397
0.123397
0
0.176282
0
0.158654
0.0248397
0
0
0.0352564
0
0.211538
0
0.105769
0.00694444
0
0
0.0352564
0.246795
0.246795
0
0.0528846
0
0
0
0.0176282
0
0
0.361691
0.361691
0.0344468
0.0344468
0
0.0172234
0
0.0344468
0
0.484864
0.174582
0.0344468
0
0.0344468
0
0.0688935
0
0.310021
0.139875
0.0344468
0
0.0516701
0
0.10334
0
0.258351
0.105167
0
0
0.0688935
0
0.137787
0
0.206681
0.0704593
0
0.120564
0.120564
0
0.172234
0
0.15501
0.0357516
0
0
0.0344468
0
0.206681
0
0.10334
0.0182672
0
0
0.0344468
0.241127
0.241127
0
0.0516701
0.000782881
0
0
0.0172234
0
0
0.370192
0.370192
0.0352564
0.0352564
0
0.0176282
0
0.0352564
0
0.484509
0.166934
0.0352564
0
0.0352564
0
0.0705128
0
0.317308
0.13141
0.0352564
0
0.0528846
0
0.105769
0
0.264423
0.0958868
0
0
0.0705128
0
0.141026
0
0.211538
0.0603632
0
0.123397
0.123397
0
0.176282
0
0.158654
0.0248397
0
0
0.0352564
0
0.211538
0
0.105769
0.00694444
0
0
0.0352564
0.246795
0.246795
0
0.0528846
0
0
0
0.0176282
0
0
0.0617284
0.0617284
0.00587889
0.00587889
0
0.00293945
0
0.00587889
0
0.0764256
0.0235156
0.00587889
0
0.00587889
0
0.0117578
0
0.0529101
0.0176367
0.00587889
0
0.00881834
0
0.0176367
0
0.0440917
0.0117578
0
0
0.0117578
0
0.0235156
0
0.0352734
0.00881834
0
0.0205761
0.0205761
0
0.0293945
0
0.026455
0.00587889
0
0
0.00587889
0
0.0352734
0
0.0176367
0.00293945
0
0
0.00587889
0.0411523
0.0411523
0
0.00881834
0
0
0
0.00293945
0
0
0.205591
0.186354
0.161106
0.134656
0.107003
0.0817553
0.0565074
0.0312594
0.04208
0.120228
0.0922753
0.0799519
0.0688308
0.0565074
0.0432822
0.0360685
0.0396754
0.0408777
0.0348662
0.0372708
0.0360685
0.0372708
0.0312594
0.0324617
0.0372708
0.0384731
0.0372708
0.0300571
0.0348662
0.0348662
0.0300571
0.0312594
0.0396754
0.0480914
0.0565074
0.0625188
0.0913736
0.0529005
0.0396754
0.0321611
0.0312594
0.0324617
0.0312594
0.0300571
0.0300571
0.0240457
0.0240457
0.0246468
0.0300571
0.0468891
0.0637211
0.0781485
0.0961827
0.113015
0.139465
0.0216411
0.00841599
0.00961827
0.00841599
0.00721371
0.00721371
0.00841599
0.00721371
0
0.205591
0.186354
0.161106
0.134656
0.105801
0.0817553
0.0553051
0.0312594
0.0408777
0.120228
0.0958822
0.084761
0.0736399
0.0625188
0.0504959
0.0396754
0.0384731
0.0384731
0.033664
0.0372708
0.0360685
0.0360685
0.0360685
0.0360685
0.0360685
0.0372708
0.0360685
0.0300571
0.0348662
0.033664
0.0348662
0.033664
0.0384731
0.0468891
0.0553051
0.0625188
0.0913736
0.0516982
0.0432822
0.0348662
0.0300571
0.0312594
0.0300571
0.0300571
0.0300571
0.0228434
0.0264503
0.025248
0.0288548
0.0453862
0.0625188
0.0781485
0.0961827
0.111812
0.139465
0.0216411
0.00721371
0.00781485
0.00721371
0.00721371
0.00721371
0.00721371
0.00721371
0
0.205405
0.186186
0.160961
0.134535
0.105706
0.0816817
0.0552553
0.0312312
0.042042
0.12042
0.0948949
0.0840841
0.0732733
0.0624625
0.0504505
0.0396396
0.0396396
0.0384384
0.0336336
0.0372372
0.036036
0.036036
0.036036
0.036036
0.0372372
0.036036
0.036036
0.03003
0.0348348
0.0336336
0.0348348
0.0336336
0.0396396
0.0456456
0.0552553
0.0624625
0.0912913
0.0516517
0.0432432
0.0348348
0.0312312
0.03003
0.03003
0.03003
0.03003
0.0228228
0.0264264
0.0249249
0.0297297
0.0444444
0.0624625
0.0780781
0.0960961
0.111712
0.139339
0.0216216
0.00780781
0.00720721
0.00720721
0.00720721
0.00720721
0.00720721
0.00720721
0
0.172466
0.156329
0.135149
0.11296
0.089763
0.068583
0.0463944
0.0262229
0.0383258
0.114473
0.0872416
0.073878
0.0635401
0.0514372
0.0423601
0.0322743
0.0363086
0.0353001
0.0322743
0.0322743
0.0320222
0.0292486
0.0312658
0.02824
0.0342915
0.0332829
0.0342915
0.0262229
0.0297529
0.0272315
0.0292486
0.0262229
0.0353001
0.0413515
0.0494201
0.0534544
0.0769037
0.0413515
0.0360565
0.0272315
0.02824
0.0272315
0.02824
0.0252143
0.0252143
0.0181543
0.0206757
0.0201715
0.0262229
0.0393343
0.0544629
0.0655572
0.0796773
0.0927887
0.116994
0.0181543
0.00806858
0.00706001
0.00806858
0.00605144
0.00605144
0.00605144
0.00605144
0
0.219463
0.219292
0.1933
0.163524
0.135511
0.110184
0.0807737
0.0530489
0.0779142
0.266939
0.237465
0.204517
0.177943
0.15286
0.125977
0.094745
0.110246
0.141077
0.298562
0.232713
0.205856
0.179782
0.153234
0.12229
0.130566
0.160124
0.188288
0.309106
0.216897
0.191322
0.164713
0.133617
0.133663
0.162424
0.193618
0.21667
0.311101
0.189197
0.159315
0.129336
0.121197
0.150886
0.179178
0.205579
0.232436
0.298745
0.141828
0.108427
0.0940632
0.124742
0.154104
0.17979
0.2053
0.235334
0.264374
0.0760887
0.0517545
0.0787276
0.107471
0.132196
0.160341
0.187125
0.214846
0.213681
0.222731
0.222722
0.194852
0.167128
0.139464
0.11173
0.0831809
0.0554843
0.0793396
0.270134
0.238308
0.210246
0.182143
0.154583
0.126394
0.098823
0.116295
0.143051
0.302171
0.239212
0.211065
0.183375
0.15581
0.126868
0.136528
0.163467
0.19118
0.317575
0.220801
0.192992
0.166045
0.137538
0.140364
0.167106
0.193867
0.221494
0.316754
0.189622
0.16241
0.133542
0.127346
0.15433
0.181693
0.210718
0.238065
0.301883
0.142734
0.114115
0.0994612
0.126912
0.154798
0.184537
0.210741
0.238789
0.270137
0.0787968
0.0561549
0.0832265
0.110077
0.138618
0.165381
0.192162
0.219847
0.219467
0.144702
0.144648
0.126227
0.10734
0.0904399
0.0725259
0.0548916
0.0367332
0.0513314
0.177359
0.156134
0.135529
0.119539
0.099157
0.0840241
0.0641494
0.0748138
0.0950569
0.197547
0.154888
0.136292
0.112697
0.102041
0.0787786
0.0876887
0.107265
0.124076
0.208332
0.143838
0.121502
0.110128
0.0870548
0.0905067
0.110553
0.126256
0.147764
0.206601
0.122689
0.107152
0.0863793
0.0829976
0.102783
0.118535
0.140795
0.155689
0.196045
0.0923798
0.0725214
0.0638236
0.0825058
0.0990788
0.11937
0.136313
0.154099
0.175074
0.0508902
0.0356267
0.0535632
0.0715173
0.0895885
0.107758
0.126274
0.144239
0.144604
0.182636
0.182245
0.159079
0.136503
0.113953
0.0912954
0.0681935
0.0454914
0.0645818
0.222312
0.196156
0.172973
0.149337
0.12785
0.104039
0.0810185
0.0935109
0.118127
0.248352
0.195551
0.172078
0.149883
0.127212
0.104242
0.109452
0.133218
0.156287
0.260472
0.18247
0.160265
0.137261
0.113802
0.113375
0.138521
0.160151
0.182355
0.260645
0.15669
0.134241
0.110791
0.103118
0.127059
0.149504
0.172718
0.195505
0.247845
0.117425
0.0944356
0.080794
0.105027
0.128186
0.149667
0.173129
0.195621
0.222164
0.0653556
0.0448012
0.0681036
0.0910827
0.114197
0.13648
0.159139
0.182589
0.182384
0.140567
0.140574
0.141033
0.126155
0.0994245
0.0775373
0.04363
0.0351555
0.0425069
0.139576
0.133566
0.140045
0.1325
0.111859
0.0774913
0.0776091
0.0780964
0.0439617
0.118516
0.130354
0.122794
0.115054
0.07354
0.0923716
0.0928348
0.0863992
0.0734981
0.138587
0.10781
0.115135
0.101614
0.0799014
0.0925112
0.100469
0.100356
0.0936998
0.170225
0.112861
0.0863225
0.0792446
0.0796497
0.0920085
0.119926
0.134239
0.149087
0.154841
0.0500503
0.0649307
0.0588114
0.0589187
0.0734852
0.0882171
0.103089
0.10341
0.104137
0.0294807
0.0296679
0.0442804
0.0593512
0.073728
0.0887915
0.103237
0.103715
0.103718
0.235227
0.235367
0.205929
0.176454
0.146976
0.117497
0.0877752
0.0573538
0.0835377
0.284499
0.251339
0.222008
0.192672
0.163337
0.133747
0.103333
0.121046
0.150727
0.318309
0.25149
0.222094
0.192705
0.163091
0.132954
0.141725
0.171538
0.20107
0.334703
0.234507
0.205174
0.175601
0.145753
0.145757
0.175914
0.205638
0.235101
0.335815
0.201425
0.171701
0.141859
0.132921
0.163165
0.192848
0.22222
0.251576
0.318407
0.150587
0.121007
0.103347
0.133838
0.163615
0.193046
0.222464
0.251886
0.285006
0.0834293
0.0572485
0.0875645
0.117346
0.146743
0.176135
0.205528
0.234581
0.234679
0.190603
0.184792
0.160809
0.140814
0.110134
0.0907758
0.0629441
0.0424719
0.0528596
0.154953
0.142169
0.128122
0.110579
0.0961986
0.0801328
0.0673687
0.0761563
0.0948675
0.181443
0.152597
0.12745
0.117737
0.0971494
0.0851227
0.0876563
0.105817
0.11129
0.182251
0.13209
0.119704
0.105335
0.090222
0.094818
0.108241
0.121624
0.144847
0.194994
0.126297
0.104986
0.0929612
0.0914756
0.123356
0.146275
0.187547
0.211395
0.295067
0.116672
0.0829129
0.0664559
0.0765539
0.0891422
0.107913
0.118876
0.132769
0.141978
0.0522364
0.0399092
0.0621292
0.0760316
0.104994
0.120323
0.146912
0.164544
0.167198
0.221218
0.220466
0.192243
0.164188
0.136187
0.108717
0.0813276
0.054824
0.0743998
0.248476
0.219118
0.194714
0.170161
0.144158
0.117325
0.096594
0.108493
0.136945
0.28966
0.227309
0.201331
0.175534
0.144802
0.122335
0.126238
0.153347
0.177918
0.293503
0.206442
0.181853
0.153623
0.132282
0.12893
0.154222
0.176518
0.200476
0.279553
0.174253
0.148404
0.127165
0.119793
0.15009
0.17684
0.205724
0.233016
0.299829
0.137062
0.11011
0.0927083
0.122169
0.148481
0.177095
0.203748
0.232461
0.265466
0.0752014
0.0501471
0.0766472
0.0996606
0.125996
0.150308
0.175454
0.200883
0.197949
0.17264
0.156487
0.135285
0.113074
0.0898536
0.0686522
0.0464412
0.0262494
0.0383645
0.114589
0.0873296
0.0739525
0.0646138
0.0514891
0.0424028
0.0323069
0.0363453
0.0353357
0.0323069
0.0312973
0.0330641
0.0292781
0.0312973
0.0282686
0.0343261
0.0333165
0.0343261
0.0252398
0.0307925
0.027259
0.0292781
0.025997
0.0353357
0.0413932
0.04947
0.0524987
0.0779909
0.0413932
0.0363453
0.0267542
0.0282686
0.027259
0.0282686
0.0242302
0.0262494
0.0181726
0.0212014
0.0201918
0.0262494
0.0393741
0.0545179
0.0656234
0.0807673
0.0928824
0.117113
0.0181726
0.00807673
0.00706714
0.00807673
0.00605755
0.00605755
0.00605755
0.00605755
0
0.153075
0.158561
0.138841
0.113589
0.0970373
0.0713593
0.0577401
0.0341428
0.0523018
0.213794
0.184617
0.16777
0.147235
0.107867
0.0966117
0.066725
0.0768922
0.0949566
0.196676
0.167155
0.154754
0.128165
0.105786
0.0885253
0.0947556
0.118081
0.133639
0.220793
0.166789
0.132646
0.112312
0.0961861
0.0960206
0.119642
0.140543
0.166694
0.245998
0.137517
0.10886
0.0975575
0.0834772
0.108292
0.127444
0.149292
0.17374
0.197148
0.0885726
0.0781217
0.0705081
0.0962807
0.108292
0.140638
0.16589
0.170856
0.195824
0.0579174
0.0318256
0.0630364
0.0735819
0.103693
0.118081
0.135259
0.151775
0.149162
0.084209
0.0848829
0.0702538
0.0638237
0.0527886
0.0424274
0.0318136
0.0215085
0.0310975
0.0959742
0.0826366
0.0758345
0.0619985
0.052564
0.0470605
0.0331333
0.0411709
0.0505423
0.099119
0.0830718
0.0683444
0.0611842
0.0555403
0.040125
0.0505984
0.0594714
0.0705065
0.117181
0.0781721
0.0648626
0.0577867
0.043354
0.0518339
0.0627847
0.0695518
0.079211
0.109929
0.0615493
0.0543049
0.040855
0.0450949
0.0591345
0.0643852
0.0788179
0.0875505
0.108778
0.047959
0.0347057
0.0356885
0.0454038
0.0512162
0.0613246
0.0734899
0.0781721
0.089516
0.0235302
0.0176898
0.0313643
0.0367835
0.0466674
0.0558352
0.0643782
0.0737075
0.073876
0.119247
0.108089
0.0934449
0.0781032
0.0620642
0.0474198
0.0327755
0.0181311
0.0264993
0.0798466
0.0610181
0.0517782
0.0460251
0.0369596
0.0299861
0.0223152
0.0251046
0.0244073
0.0223152
0.0209205
0.0228382
0.0209205
0.0216179
0.0195258
0.0237099
0.0230126
0.0237099
0.0167364
0.0212692
0.0195258
0.0202232
0.0181311
0.0244073
0.0285914
0.0341702
0.0355649
0.0538703
0.0292887
0.0249303
0.0188285
0.0195258
0.0188285
0.0195258
0.0160391
0.0181311
0.0125523
0.0142957
0.013947
0.0181311
0.0271967
0.0376569
0.0446304
0.055788
0.0641562
0.0808926
0.0125523
0.0055788
0.00488145
0.0055788
0.0041841
0.00488145
0.0041841
0.0041841
0
0
0
0
0
0
0
0
0
0
0
0
0
0
0
0
0
0
0
0
0
0
0
0
0
0
0
0
0
0
0
0
0
0
0
0
0
0
0
0
0
0
0
0
0
0
0
0
0
0
0
0
0
0
0
0
0
0
0
0
0
0
0
0
0
0
0
0
0
0
0
0
0
0
0
0
0
0
0
0
0
0
0
0
0
0
0
0
0
0
0
0
0
0
0
0
0
0
0
0
0
0
0
0
0
0
0
0
0
0
0
0
0
0
0
0
0
0
0
0
0
0
0
0
0
0
0
0
0
0
0
0
0
0
0
0
0
0
0
0
0
0
0
0
0
0
0
0
0
0
0
0
0
0
0
0
0
0
0
0
0
0
0
0
0
0
0
0
0
0
0
0
0
0
0
0
0
0
0
0
0
0
0
0
0
0
0
0
0
0
0
0
0
0.118874
0.107751
0.0931526
0.0778589
0.06187
0.0472715
0.0319778
0.0180744
0.0264164
0.0792492
0.0604797
0.0512687
0.0441432
0.0356274
0.0285019
0.0215502
0.0250261
0.0243309
0.0222454
0.0222454
0.0222454
0.0208551
0.0215502
0.0187696
0.0236357
0.0229406
0.0236357
0.0180744
0.0208551
0.0194647
0.0201599
0.0173792
0.0243309
0.0285019
0.0340633
0.0368439
0.053528
0.0291971
0.0250261
0.0180744
0.0194647
0.0187696
0.0194647
0.0172054
0.0180744
0.012513
0.0145985
0.0139034
0.0180744
0.0271116
0.0375391
0.0448384
0.0556135
0.0639555
0.0806396
0.012513
0.00556135
0.00486618
0.00556135
0.00417101
0.00486618
0.00417101
0.00417101
0
0.147406
0.147269
0.129587
0.109861
0.0910274
0.0739835
0.0542104
0.0356084
0.0523453
0.179318
0.1593
0.137432
0.119576
0.102663
0.0845503
0.0635963
0.0740758
0.0947498
0.200355
0.156365
0.138362
0.120759
0.102842
0.0820858
0.0877691
0.107564
0.126296
0.207728
0.145818
0.128536
0.110546
0.0896885
0.0898682
0.109086
0.129872
0.145599
0.20914
0.127145
0.106916
0.0868153
0.0815289
0.101353
0.120209
0.138192
0.156379
0.20084
0.0951763
0.0727828
0.0633569
0.0838344
0.103431
0.120976
0.138221
0.158336
0.177568
0.0510765
0.0349874
0.0528874
0.0721549
0.0887762
0.108076
0.125712
0.144293
0.14354
0.149097
0.149087
0.130994
0.112153
0.0932707
0.0739657
0.0546765
0.0352958
0.0508295
0.180116
0.160432
0.1416
0.122516
0.103057
0.0834811
0.0632166
0.0749356
0.0949518
0.202977
0.161896
0.142967
0.123171
0.103778
0.082029
0.0879453
0.108874
0.12876
0.213553
0.14987
0.129959
0.110994
0.0895011
0.0907006
0.111232
0.130482
0.149626
0.213437
0.127517
0.108518
0.0873264
0.0820619
0.10235
0.121895
0.141893
0.161066
0.202279
0.0948514
0.0744722
0.0635258
0.0837155
0.103265
0.123644
0.141812
0.159972
0.180302
0.0510027
0.0355007
0.0546033
0.0728034
0.0921501
0.11062
0.128444
0.146965
0.146902
0.143438
0.143404
0.125079
0.106335
0.0895765
0.0718624
0.0544441
0.0363757
0.0508705
0.175859
0.154737
0.134338
0.118475
0.0982778
0.0833439
0.0634918
0.0741517
0.0942305
0.195754
0.153534
0.135053
0.111681
0.101223
0.0779934
0.086967
0.10639
0.123021
0.206574
0.14257
0.120405
0.109323
0.0862108
0.0897861
0.109687
0.125151
0.146497
0.204802
0.121607
0.106288
0.0855382
0.0823249
0.102035
0.117536
0.13958
0.154295
0.194262
0.0915509
0.071843
0.0632777
0.0818813
0.0982204
0.118352
0.135104
0.152735
0.17355
0.0504593
0.0353212
0.0531305
0.0708631
0.0888231
0.106783
0.125184
0.142995
0.143384
0.153235
0.152688
0.133984
0.115019
0.0955802
0.0756061
0.0557198
0.0360983
0.0527262
0.185513
0.165264
0.146144
0.126297
0.10657
0.0858462
0.0652464
0.0766957
0.0972759
0.208797
0.166339
0.14636
0.125926
0.104908
0.0844906
0.0895474
0.110401
0.131957
0.219995
0.155135
0.134818
0.113737
0.0928023
0.0928409
0.114168
0.135216
0.155189
0.220234
0.13182
0.111063
0.0901104
0.0842601
0.104767
0.125669
0.146384
0.166083
0.20822
0.0973251
0.0767604
0.0654309
0.0863333
0.106896
0.126315
0.146108
0.165332
0.185716
0.0526384
0.0358792
0.0555347
0.0753181
0.0952662
0.114594
0.133968
0.152933
0.152803
0.158392
0.158519
0.138681
0.118826
0.0989684
0.0791108
0.059008
0.0384285
0.0562072
0.191594
0.169273
0.149515
0.129754
0.109992
0.0899895
0.0694203
0.0814356
0.101523
0.21435
0.169367
0.149564
0.129767
0.109762
0.0893909
0.0953341
0.115558
0.135424
0.225399
0.157927
0.138168
0.118208
0.0980344
0.0980206
0.118517
0.138502
0.158348
0.226149
0.135642
0.115594
0.0954251
0.0893413
0.109937
0.129886
0.149672
0.169447
0.21443
0.101392
0.081397
0.0693707
0.0901865
0.110188
0.130013
0.149829
0.169648
0.191929
0.0561032
0.0383899
0.0590286
0.0790254
0.0988279
0.118628
0.138427
0.15801
0.158031
0
0
0
0
0
0
0
0
0
0
0
0
0
0
0
0
0
0
0
0
0
0
0
0
0
0
0
0
0
0
0
0
0
0
0
0
0
0
0
0
0
0
0
0
0
0
0
0
0
0
0
0
0
0
0
0
0
0
0
0
0
0
0
0
0
0
0
0
0
0
0
0
0
0
0
0
0
0
0
0
0
0
0
0
0
0
0
0
0
0
0
0
0
0
0
0
0
0
0
0
0
0
0
0
0
0
0
0
0
0
0
0
0
0
0
0
0
0
0
0
0
0
0
0
0
0
0
0
0.150541
0.149782
0.130892
0.111705
0.0925583
0.0737732
0.0550433
0.0355472
0.0507546
0.16885
0.149275
0.132585
0.115794
0.0980116
0.0794875
0.0631945
0.0740037
0.0931328
0.197335
0.154854
0.137089
0.119445
0.0981026
0.0812243
0.0860995
0.104327
0.121508
0.19998
0.140614
0.123796
0.103982
0.0884228
0.0878949
0.104916
0.120579
0.136958
0.190465
0.118597
0.10026
0.0853035
0.0816037
0.102065
0.120778
0.140523
0.159188
0.204292
0.0923213
0.0740019
0.0630329
0.0829701
0.101428
0.12101
0.139247
0.158892
0.179924
0.0504894
0.0338595
0.0517875
0.0679752
0.0859846
0.10261
0.119803
0.135864
0.134593
0.11789
0.10686
0.0923819
0.0772148
0.0613582
0.0468804
0.0324026
0.0179249
0.0261979
0.0785936
0.0592899
0.0501551
0.0444674
0.0353326
0.029645
0.0213719
0.024819
0.024819
0.0220614
0.0206825
0.0227508
0.0199931
0.0220614
0.0186143
0.0234402
0.0234402
0.0234402
0.016546
0.0213719
0.0184419
0.0206825
0.0179249
0.0241296
0.0289555
0.0337815
0.0351603
0.0537746
0.0279214
0.0255084
0.0186143
0.0193037
0.0193037
0.0193037
0.0158566
0.0186143
0.0124095
0.0151672
0.0137883
0.0179249
0.0275767
0.0372285
0.0448121
0.0558428
0.0634264
0.0799724
0.0124095
0.00551534
0.00551534
0.00551534
0.0041365
0.00482592
0.0041365
0.0041365
0
0.112071
0.116002
0.101485
0.0830618
0.0708633
0.0521388
0.0422076
0.0250004
0.0382076
0.156589
0.134873
0.122812
0.107416
0.07876
0.0704495
0.0487595
0.0561734
0.0698633
0.143865
0.122554
0.112959
0.0939844
0.0772168
0.0647253
0.0692081
0.0868549
0.0976224
0.162072
0.121761
0.0971051
0.0819669
0.0703719
0.0702081
0.0883291
0.102829
0.123071
0.180313
0.100588
0.0794496
0.0713978
0.0610614
0.0804583
0.0934154
0.110519
0.127244
0.144554
0.0646563
0.0573458
0.0516388
0.072553
0.0790703
0.104002
0.121175
0.124933
0.14314
0.0427594
0.0232418
0.046656
0.0544492
0.0762427
0.0869756
0.0995362
0.11158
0.109726
0.084195
0.0848689
0.0702327
0.0637956
0.0527886
0.0424274
0.0318136
0.0215085
0.0310835
0.0959742
0.0826366
0.0758134
0.0619985
0.052564
0.0470605
0.0331333
0.0411639
0.0505423
0.099119
0.0830578
0.0683444
0.0611842
0.0555403
0.040125
0.0505984
0.0594714
0.0705065
0.117174
0.0781721
0.0648626
0.0577867
0.043354
0.0518339
0.0627847
0.0695518
0.079211
0.109929
0.0615493
0.0543049
0.040855
0.0450949
0.0591064
0.0643852
0.0788179
0.0875505
0.108778
0.047959
0.0347057
0.0356674
0.0453757
0.0512162
0.0613246
0.0734829
0.0781721
0.089516
0.0235302
0.0176758
0.0313292
0.0367555
0.0466463
0.0558071
0.0643501
0.0736794
0.073876
0.12771
0.127717
0.128175
0.113297
0.086567
0.0705859
0.04363
0.0351555
0.0377947
0.127571
0.126272
0.132752
0.1193
0.0976143
0.070198
0.0703158
0.0733843
0.0439617
0.118516
0.130354
0.116888
0.101794
0.07354
0.0850783
0.0881224
0.07992
0.0734981
0.138587
0.101903
0.101874
0.0952665
0.0799014
0.0877987
0.0939894
0.0947543
0.0936998
0.157569
0.0932529
0.0799748
0.0792446
0.0796497
0.0855294
0.107844
0.122158
0.137006
0.14276
0.0500503
0.0649307
0.0588114
0.0589187
0.0734852
0.0882171
0.103089
0.10341
0.104137
0.0294805
0.0296679
0.0442804
0.0593512
0.073728
0.0887915
0.103237
0.103715
0.103718
0.127098
0.123219
0.107238
0.0937322
0.0734591
0.0604326
0.0419851
0.0283195
0.0352726
0.103319
0.0948376
0.0852973
0.0737492
0.0640713
0.0534453
0.0449257
0.0508243
0.0632559
0.121023
0.101646
0.0850027
0.0784607
0.0647905
0.0567673
0.058503
0.0704933
0.0742553
0.121466
0.0881034
0.0798047
0.0702556
0.0601728
0.0633239
0.0721581
0.0811459
0.096553
0.130042
0.0842143
0.0700111
0.0619849
0.0610183
0.0822418
0.097547
0.125029
0.140962
0.19677
0.0777919
0.0553139
0.0443124
0.0509445
0.0594674
0.0719796
0.0792805
0.0885625
0.0946622
0.0348598
0.0266359
0.0413093
0.0507127
0.070066
0.0802457
0.0980246
0.10973
0.111499
