0.370192
0.370192
0.370192
0.0176282
0
0
0.0176282
0
0.0352564
0.147436
0.464476
0.146902
0
0
0.0352564
0
0.0705128
0
0.264423
0.09375
0
0
0.0528846
6.32404e-320
0.105769
0
0.264423
0.0582265
0
0
0.0705128
0
0.141026
0
0.211538
0.0579594
0.123397
0.123397
0.123397
0
0.176282
0
0.158654
0.0224359
0
0
0.0352564
0
0.246795
0.246795
0.352564
0.246795
0.246795
0.246795
0.264423
0
0.0352564
0
0.0528846
0
0
0
0.0176282
0
0.370192
0.370192
0.370192
0.0176282
0
0
0.0176282
0
0.0352564
0.147436
0.464476
0.146902
0
0
0.0352564
0
0.0705128
0
0.264423
0.09375
0
0
0.0528846
6.80427e-320
0.105769
0
0.264423
0.0582265
0
0
0.0705128
0
0.141026
0
0.211538
0.0579594
0.123397
0.123397
0.123397
0
0.176282
0
0.158654
0.0224359
0
0
0.0352564
0
0.246795
0.246795
0.352564
0.246795
0.246795
0.246795
0.264423
0
0.0352564
0
0.0528846
0
0
0
0.0176282
0
0.370192
0.370192
0.370192
0.0176282
0
0
0.0176282
0
0.0352564
0.147436
0.464476
0.146902
0
0
0.0352564
0
0.0705128
0
0.264423
0.09375
0
0
0.0528846
5.84134e-320
0.105769
0
0.264423
0.0582265
0
0
0.0705128
0
0.141026
0
0.211538
0.0579594
0.123397
0.123397
0.123397
0
0.176282
0
0.158654
0.0224359
0
0
0.0352564
0
0.246795
0.246795
0.352564
0.246795
0.246795
0.246795
0.264423
0
0.0352564
0
0.0528846
0
0
0
0.0176282
0
0.370192
0.370192
0.370192
0.0176282
0
0
0.0176282
0
0.0352564
0.147436
0.464476
0.146902
0
0
0.0352564
0
0.0705128
0
0.264423
0.09375
0
0
0.0528846
5.25587e-320
0.105769
0
0.264423
0.0582265
0
0
0.0705128
0
0.141026
0
0.211538
0.0579594
0.123397
0.123397
0.123397
0
0.176282
0
0.158654
0.0224359
0
0
0.0352564
0
0.246795
0.246795
0.352564
0.246795
0.246795
0.246795
0.264423
0
0.0352564
0
0.0528846
0
0
0
0.0176282
0
0.370192
0.370192
0.370192
0.0176282
0
0
0.0176282
0
0.0352564
0.147436
0.464476
0.146902
0
0
0.0352564
0
0.0705128
0
0.264423
0.09375
0
0
0.0528846
4.5711e-320
0.105769
0
0.264423
0.0582265
0
0
0.0705128
0
0.141026
0
0.211538
0.0579594
0.123397
0.123397
0.123397
0
0.176282
0
0.158654
0.0224359
0
0
0.0352564
0
0.246795
0.246795
0.352564
0.246795
0.246795
0.246795
0.264423
0
0.0352564
0
0.0528846
0
0
0
0.0176282
0
0.361691
0.361691
0.361691
0.0172234
0
0
0.0172234
0
0.0344468
0.155532
0.465292
0.15501
0
0
0.0344468
0
0.0688935
0
0.258351
0.103079
0
0
0.0516701
6.25339e-320
0.10334
0
0.258351
0.0683716
0
0
0.0688935
0
0.137787
0
0.206681
0.0681106
0.120564
0.120564
0.120564
0
0.172234
0
0.15501
0.0334029
0
0
0.0344468
0
0.241127
0.241127
0.344468
0.241127
0.241127
0.241127
0.258351
0
0.0344468
0
0.0516701
0
0
0
0.0172234
0
0.370192
0.370192
0.370192
0.0176282
0
0
0.0176282
0
0.0352564
0.147436
0.464476
0.146902
0
0
0.0352564
0
0.0705128
0
0.264423
0.09375
0
0
0.0528846
8.29833e-320
0.105769
0
0.264423
0.0582265
0
0
0.0705128
0
0.141026
0
0.211538
0.0579594
0.123397
0.123397
0.123397
0
0.176282
0
0.158654
0.0224359
0
0
0.0352564
0
0.246795
0.246795
0.352564
0.246795
0.246795
0.246795
0.264423
0
0.0352564
0
0.0528846
0
0
0
0.0176282
0
0.0617284
0.0617284
0.0617284
0.00587889
0
0
0.00293945
0
0.00587889
0.026455
0.0793651
0.026455
0
0
0.00587889
0
0.0117578
0
0.0440917
0.0146972
0
0
0.00881834
4.81269e-320
0.0176367
0
0.0440917
0.00881834
0
0
0.0117578
0
0.0235156
0
0.0352734
0.00881834
0.0205761
0.0205761
0.0205761
0
0.0293945
0
0.026455
0.00587889
0
0
0.00587889
0
0.0411523
0.0411523
0.0587889
0.0440917
0.0411523
0.0411523
0.0440917
0
0.00587889
0
0.00881834
0.00293945
0
0
0.00293945
0
0.018936
0.00721371
0.00270514
0.00270514
0.00270514
0.00180343
0.00180343
0
0.0162308
0.012624
0
0
0.000901713
0
0.00180343
0
0.0162308
0.0162308
0.00270514
0.00270514
0.00360685
0.00180343
0.00360685
4.9955e-320
0.0135257
0.0144274
0.00270514
0.00270514
0.00450857
0.00180343
0.00541028
0
0.0108206
0.012624
0.00270514
0.00270514
0.00811542
0.00180343
0.00721371
0
0.00811542
0.0108206
0.00270514
0.00270514
0.00450857
0.00180343
0.00901713
0
0.00541028
0.00901713
0.00270514
0.00270514
0.00360685
0.00180343
0.012624
0
0.00270514
0.00721371
0.00270514
0.00270514
0.00270514
0.00180343
0.00180343
0
0.037872
0.0144274
0.00541028
0.00541028
0.00541028
0.00360685
0.00360685
0
0.0324617
0.0234445
0
0
0.00180343
0
0.00360685
0
0.0324617
0.0306583
0.00541028
0.00541028
0.00721371
0.00360685
0.00721371
7.64122e-320
0.0270514
0.0270514
0.00541028
0.00541028
0.00901713
0.00360685
0.0108206
0
0.0216411
0.0234445
0.00541028
0.00541028
0.0162308
0.00360685
0.0144274
0
0.0162308
0.0198377
0.00541028
0.00541028
0.00901713
0.00360685
0.0180343
0
0.0108206
0.0162308
0.00541028
0.00541028
0.00721371
0.00360685
0.025248
0
0.00541028
0.0129246
0.00541028
0.00541028
0.00541028
0.00360685
0.00360685
0
0.0378378
0.0144144
0.00540541
0.00540541
0.00540541
0.0036036
0.0036036
0
0.0324324
0.0234234
0
0
0.0018018
0
0.0036036
0
0.0324324
0.0306306
0.00540541
0.00540541
0.00720721
0.0036036
0.00720721
6.92976e-320
0.027027
0.027027
0.00540541
0.00540541
0.00900901
0.0036036
0.0108108
0
0.0216216
0.0234234
0.00540541
0.00540541
0.0162162
0.0036036
0.0144144
0
0.0162162
0.0198198
0.00540541
0.00540541
0.00900901
0.0036036
0.018018
0
0.0108108
0.0162162
0.00540541
0.00540541
0.00720721
0.0036036
0.0252252
0
0.00540541
0.0126126
0.00540541
0.00540541
0.00540541
0.0036036
0.0036036
0
0.03177
0
0
0
0
0
0
0
0.0393343
0.0529501
0.0544629
0.0514372
0.0529501
0.0423601
0.0393343
0.0121029
0
0
0
0
0.01059
0
0.02118
4.62841e-320
0
0
0
0
0.01059
0
0.02118
0
0
0
0
0
0.01059
0
0.02118
0
0
0
0
4.7287e-320
0
0
0.02118
0
0
0
0
0
0
0
0.02118
0
0
0
0
0
0
0
0
0
0.0400912
0
0
0
0
0
0
0
0.081493
0.110305
0.167677
0.194777
0.201347
0.183365
0.143693
0.0783952
0
0
0.0391954
0.0403339
0.0398794
0.0407046
0.0395396
0.0399676
0
0
0
0.0403339
0.0398794
0.0407046
0.0395396
0.0399676
0
0
0
0
0.0398794
0.0407046
0.0395396
0.0399676
0
0
0
2.91499e-322
0
0.0407046
0.0395396
0.0399676
0
0
0
0
0
0
0.0395396
0.0399676
0
0
0
0
0
0
0
0.0399676
0.040413
0
0
0
0
0
0
0
0.0826644
0.113035
0.173429
0.201687
0.208069
0.191169
0.149075
0.0825279
0
0
0.0429185
0.0410328
0.0421017
0.0421674
0.0420334
0.0403973
0
0
0
0.0410328
0.0421017
0.0421674
0.0420334
0.0403973
0
0
0
0
0.0421017
0.0421674
0.0420334
0.0403973
0
0
0
3.16202e-322
0
0.0421674
0.0420334
0.0403973
0
0
0
0
0
0
0.0420334
0.0403973
0
0
0
0
0
0
0
0.0403973
0.0278569
0
0
0
0
0
0
0
0.0550656
0.0754585
0.113353
0.130971
0.136443
0.127531
0.0993702
0.0550506
0
0
0.0273452
0.0270331
0.0272667
0.0274083
0.0262672
0.0266083
0
0
0
0.0270331
0.0272667
0.0274083
0.0262672
0.0266083
0
0
0
0
0.0272667
0.0274083
0.0262672
0.0266083
0
0
0
1.72923e-322
0
0.0274083
0.0262672
0.0266083
0
0
0
0
0
0
0.0262672
0.0266083
0
0
0
0
0
0
0
0.0266083
0.0334215
0
0
0
0
0
0
0
0.0664812
0.0913953
0.140285
0.165422
0.168534
0.155194
0.120573
0.0679715
0
0
0.0333851
0.0345018
0.0333894
0.0344965
0.0334087
0.0344879
0
0
0
0.0345015
0.0333894
0.0344965
0.0334087
0.0344879
0
0
0
0
0.0333894
0.0344965
0.0334087
0.0344879
0
0
0
6.62048e-322
0
0.0344965
0.0334087
0.0344879
0
0
0
0
0
0
0.0334087
0.0344879
0
0
0
0
0
0
0
0.0344879
0.0313361
0
0
0
0
0
0
0
0.0537087
0.0848621
0.107451
0.0986136
0.107296
0.098547
0.0985156
0.0448432
0
0
0.0225626
0.0224609
0.031232
3.75196e-05
0.0225154
0.0223762
0
0
0
0.0224609
0.031232
3.75196e-05
0.0225154
0.0223762
0
0
0
0
0.031232
3.75196e-05
0.0225154
0.0223762
0
0
0
1.03754e-322
0
3.75196e-05
0.0225154
0.0223762
0
0
0
0
0
0
0.0225154
0.0223762
0
0
0
0
0
0
0
0.0223762
0.0441504
0
0
0
0
0
0
0
0.0882221
0.119548
0.182443
0.213788
0.22012
0.201131
0.157024
0.0876689
0
0
0.0439847
0.0439111
0.0441197
0.0439909
0.0440768
0.0440522
0
0
0
0.0439111
0.0441197
0.0439909
0.0440768
0.0440512
0
0
0
0
0.0441197
0.0439909
0.0440768
0.0440502
0
0
0
3.11261e-322
0
0.0439909
0.0440768
0.0440492
0
0
0
0
0
0
0.0440768
0.0440481
0
0
0
0
0
0
0
0.0440471
0.0359531
0
0
0
0
0
0
0
0.0599116
0.0750033
0.116578
0.131285
0.141859
0.13611
0.0981916
0.059369
0
0
0.023609
0.0212556
0.025184
0.0455474
0.0206419
0.0314597
0
0
0
0.0212556
0.025184
0.0455474
0.0206419
0.0314597
0
0
0
0
0.025184
0.0455474
0.0206419
0.0314597
0
0
0
1.72923e-322
0
0.0455474
0.0206419
0.0314597
0
0
0
0
0
0
0.0206419
0.0314597
0
0
0
0
0
0
0
0.0314597
0.0416562
0
0
0
0
0
0
0
0.0796158
0.106858
0.163222
0.191289
0.196776
0.182777
0.141525
0.0797365
0
0
0.0403382
0.0383218
0.0350347
0.0427905
0.041462
0.0373924
0
0
0
0.0383218
0.0350347
0.0427905
0.041462
0.0373924
0
0
0
0
0.0350347
0.0427905
0.041462
0.0373924
0
0
0
2.96439e-322
0
0.0427905
0.041462
0.0373924
0
0
0
0
0
0
0.041462
0.0373924
0
0
0
0
0
0
0
0.0373924
0.0318021
0
0
0
0
0
0
0
0.0393741
0.0530035
0.0545179
0.0514891
0.0530035
0.0424028
0.0393741
0.0121151
0
0
0
0
0.0106007
0
0.0212014
4.12644e-320
0
0
0
0
0.0106007
0
0.0212014
0
0
0
0
0
0.0106007
0
0.0212014
0
0
0
0
4.22673e-320
0
0
0.0212014
0
0
0
0
0
0
0
0.0212014
0
0
0
0
0
0
0
0
0
0.0335517
0
0
0
0
0
0
0
0.0612867
0.0894474
0.129809
0.15953
0.174225
0.145615
0.123543
0.0587686
0
0
0.0313527
0.0274514
0.0377367
0.028941
0.0375239
0.0318729
0
0
0
0.0274514
0.0377367
0.028941
0.0375239
0.0318611
0
0
0
0
0.0377367
0.028941
0.0375239
0.0318492
0
0
0
2.19859e-321
0
0.028941
0.0375239
0.0318492
0
0
0
0
0
0
0.0375239
0.0318492
0
0
0
0
0
0
0
0.0318492
0.016679
0
0
0
0
0
0
0
0.0343266
0.0442245
0.0663789
0.0770349
0.0745499
0.0677267
0.0536169
0.0267874
0
0
0.0139834
0.0160893
0.0154575
0.0164684
0.01491
0.0144888
0
0
0
0.0160893
0.0154575
0.0164684
0.01491
0.0144888
0
0
0
0
0.0154575
0.0164684
0.01491
0.0144888
0
0
0
1.66994e-321
0
0.0164684
0.01491
0.0144888
0
0
0
0
0
0
0.01491
0.0144888
0
0
0
0
0
0
0
0.0144888
0.0219665
0
0
0
0
0
0
0
0.0271967
0.0366109
0.0376569
0.0355649
0.0366109
0.0292887
0.0271967
0.0083682
0
0
0
0
0.00732218
0
0.0146444
5.57504e-320
0
0
0
0
0.00732218
0
0.0146444
0
0
0
0
0
0.00732218
0
0.0146444
0
0
0
0
5.6447e-320
0
0
0.0146444
0
0
0
0
0
0
0
0.0146444
0
0
0
0
0
0
0
0
0
0
0
0
0
0
0
0
0
0
0
0
0
0
0
0
0
0
0
0
0
0
0
0
1.64114e-319
0
0
0
0
0
0
0
0
0
0
0
0
0
0
0
0
0
0
0
1.68254e-319
0
0
0
0
0
0
0
0
0
0
0
0
0
0
0
0
0
0
0
0
0
0
0
0
0
0
0
0
0
0
0
0
0
0
0
0
0
0
0
0
0
0
0
2.40753e-319
0
0
0
0
0
0
0
0
0
0
0
0
0
0
0
0
0
0
0
2.44894e-319
0
0
0
0
0
0
0
0
0
0
0
0
0
0
0
0
0
0
0
0
0
0
0
0
0
0
0
0
0
0
0
0
0
0
0
0
0
0
0
0
0
0
0
2.99769e-319
0
0
0
0
0
0
0
0
0
0
0
0
0
0
0
0
0
0
0
3.03905e-319
0
0
0
0
0
0
0
0
0
0
0
0
0
0
0
0
0
0
0
0
0.0218978
0
0
0
0
0
0
0
0.0271116
0.0364964
0.0375391
0.0354536
0.0364964
0.0291971
0.0271116
0.00834202
0
0
0
0
0.00729927
0
0.0145985
4.68621e-320
0
0
0
0
0.00729927
0
0.0145985
0
0
0
0
0
0.00729927
0
0.0145985
0
0
0
0
4.75538e-320
0
0
0.0145985
0
0
0
0
0
0
0
0.0145985
0
0
0
0
0
0
0
0
0
0.0269077
0
0
0
0
0
0
0
0.0546987
0.0740407
0.112551
0.130741
0.135152
0.123081
0.096452
0.0526218
0
0
0.0263094
0.0270736
0.0267685
0.0273224
0.0265404
0.0268278
0
0
0
0.0270736
0.0267685
0.0273224
0.0265404
0.0268278
0
0
0
0
0.0267685
0.0273224
0.0265404
0.0268278
0
0
0
2.12448e-322
0
0.0273224
0.0265404
0.0268278
0
0
0
0
0
0
0.0265404
0.0268278
0
0
0
0
0
0
0
0.0268278
0.0267828
0
0
0
0
0
0
0
0.0534719
0.0740086
0.115144
0.134578
0.138785
0.126941
0.0977971
0.0533518
0
0
0.0286423
0.027404
0.0279888
0.0282238
0.0279031
0.0268191
0
0
0
0.027404
0.0279888
0.0282238
0.0279031
0.0268191
0
0
0
0
0.0279888
0.0282238
0.0279031
0.0268191
0
0
0
1.92686e-322
0
0.0282238
0.0279031
0.0268191
0
0
0
0
0
0
0.0279031
0.0268191
0
0
0
0
0
0
0
0.0268191
0.0275809
0
0
0
0
0
0
0
0.0545415
0.074751
0.112216
0.129674
0.135121
0.126224
0.0983285
0.0544486
0
0
0.0270722
0.0267579
0.0270012
0.0270874
0.0260208
0.0263624
0
0
0
0.0267579
0.0270012
0.0270874
0.0260205
0.0263624
0
0
0
0
0.0270012
0.0270871
0.0260202
0.0263624
0
0
0
1.63042e-322
0
0.0270868
0.02602
0.0263624
0
0
0
0
0
0
0.0260197
0.0263624
0
0
0
0
0
0
0
0.0263624
0.0281686
0
0
0
0
0
0
0
0.055049
0.0761052
0.117567
0.13893
0.14208
0.129978
0.100702
0.0561035
0
0
0.0281493
0.028857
0.0281273
0.0288479
0.0281449
0.0288435
0
0
0
0.0288567
0.028127
0.0288476
0.0281446
0.0288435
0
0
0
0
0.0281267
0.0288473
0.0281443
0.0288435
0
0
0
5.18769e-322
0
0.028847
0.028144
0.0288435
0
0
0
0
0
0
0.028144
0.0288435
0
0
0
0
0
0
0
0.0288435
0.0297409
0
0
0
0
0
0
0
0.0594288
0.0805312
0.122898
0.144014
0.148279
0.135487
0.10578
0.0590603
0
0
0.0296294
0.0295798
0.0297203
0.0296335
0.0296955
0.0296748
0
0
0
0.0295798
0.0297203
0.0296335
0.0296955
0.0296748
0
0
0
0
0.0297203
0.0296335
0.0296955
0.0296748
0
0
0
2.42092e-322
0
0.0296335
0.0296955
0.0296748
0
0
0
0
0
0
0.0296955
0.0296748
0
0
0
0
0
0
0
0.0296748
0
0
0
0
0
0
0
0
0
0
0
0
0
0
0
0
0
0
0
0
0
0
0
3.00175e-319
0
0
0
0
0
0
0
0
0
0
0
0
0
0
0
0
0
0
0
3.0431e-319
0
0
0
0
0
0
0
0
0
0
0
0
0
0
0
0
0
0
0
0
0
0
0
0
0
0
0
0
0
0
0
0
0
0
0
0
0
0
0
0
0
0
0
2.25551e-319
0
0
0
0
0
0
0
0
0
0
0
0
0
0
0
0
0
0
0
2.29691e-319
0
0
0
0
0
0
0
0
0
0
0
0
0
0
0
0
0
0
0
0
0.0282602
0
0
0
0
0
0
0
0.0542186
0.072611
0.110922
0.129871
0.133386
0.123569
0.0951329
0.0526565
0
0
0.0273517
0.025962
0.0237213
0.0290178
0.0281273
0.025348
0
0
0
0.025962
0.0237213
0.0290178
0.0281273
0.025348
0
0
0
0
0.0237213
0.0290178
0.0281273
0.025348
0
0
0
1.77864e-322
0
0.0290178
0.0281273
0.025348
0
0
0
0
0
0
0.0281273
0.025348
0
0
0
0
0
0
0
0.025348
0.0217166
0
0
0
0
0
0
0
0.0268873
0.0361944
0.0372285
0.0351603
0.0361944
0.0289555
0.0268873
0.00827301
0
0
0
0
0.00723888
0
0.0144778
2.74948e-320
0
0
0
0
0.00723888
0
0.0144778
0
0
0
0
0
0.00723888
0
0.0144778
0
0
0
0
2.81815e-320
0
0
0.0144778
0
0
0
0
0
0
0
0.0144778
0
0
0
0
0
0
0
0
0
0.0245177
0
0
0
0
0
0
0
0.0447422
0.0652166
0.0946568
0.116442
0.127088
0.106243
0.090105
0.04288
0
0
0.0228625
0.0200176
0.0275694
0.0211555
0.0273625
0.0232763
0
0
0
0.0200176
0.0275694
0.0211555
0.0273625
0.0232763
0
0
0
0
0.0275694
0.0211555
0.0273625
0.0232763
0
0
0
2.00591e-321
0
0.0211555
0.0273625
0.0232763
0
0
0
0
0
0
0.0273625
0.0232763
0
0
0
0
0
0
0
0.0232763
0.016679
0
0
0
0
0
0
0
0.0343266
0.0442245
0.0663789
0.0770349
0.0745499
0.0677267
0.0536169
0.0267874
0
0
0.0139834
0.0160893
0.0154575
0.0164684
0.01491
0.0144888
0
0
0
0.0160893
0.0154575
0.0164684
0.01491
0.0144888
0
0
0
0
0.0154575
0.0164684
0.01491
0.0144888
0
0
0
1.7984e-321
0
0.0164684
0.01491
0.0144888
0
0
0
0
0
0
0.01491
0.0144888
0
0
0
0
0
0
0
0.0144888
0.0313361
0
0
0
0
0
0
0
0.0537087
0.0848621
0.107451
0.0986136
0.107296
0.098547
0.0985156
0.0448432
0
0
0.0225626
0.0224609
0.031232
3.75196e-05
0.0225154
0.0223762
0
0
0
0.0224609
0.031232
3.75196e-05
0.0225154
0.0223762
0
0
0
0
0.031232
3.75196e-05
0.0225154
0.0223762
0
0
0
1.08694e-322
0
3.75196e-05
0.0225154
0.0223762
0
0
0
0
0
0
0.0225154
0.0223762
0
0
0
0
0
0
0
0.0223762
0.0239891
0
0
0
0
0
0
0
0.0399715
0.050047
0.0778145
0.0876067
0.094655
0.0908116
0.0655129
0.0396095
0
0
0.0157546
0.0141847
0.016808
0.030388
0.0137753
0.0209917
0
0
0
0.0141847
0.016808
0.030388
0.0137753
0.0209917
0
0
0
0
0.016808
0.030388
0.0137753
0.0209917
0
0
0
1.08694e-322
0
0.030388
0.0137753
0.0209917
0
0
0
0
0
0
0.0137753
0.0209917
0
0
0
0
0
0
0
0.0209917
