0.370192
0.387821
0.370192
0.405449
0.370192
0.370192
0.0352564
0
0
0.179487
0.161592
0.231838
0.161058
0.478098
0.160524
0
0
0.0352564
0
0.105769
0
0.264423
0.0897436
7.76572e-320
0
0.0528846
0
0.105769
0
0.211538
0.0542201
0
0
0.123397
0.123397
0.264423
0.123397
0.158654
0.0186966
0
0
0.0528846
0
0.176282
0
0.105769
0.000801282
0
0
0.0352564
0
0.246795
0.246795
0.352564
0.246795
0
0
0.0176282
0
0.0352564
0
0.0528846
0
0
0.370192
0.387821
0.370192
0.405449
0.370192
0.370192
0.0352564
0
0
0.179487
0.161592
0.231838
0.161058
0.478098
0.160524
0
0
0.0352564
0
0.105769
0
0.264423
0.0897436
8.24645e-320
0
0.0528846
0
0.105769
0
0.211538
0.0542201
0
0
0.123397
0.123397
0.264423
0.123397
0.158654
0.0186966
0
0
0.0528846
0
0.176282
0
0.105769
0.000801282
0
0
0.0352564
0
0.246795
0.246795
0.352564
0.246795
0
0
0.0176282
0
0.0352564
0
0.0528846
0
0
0.370192
0.387821
0.370192
0.405449
0.370192
0.370192
0.0352564
0
0
0.179487
0.161592
0.231838
0.161058
0.478098
0.160524
0
0
0.0352564
0
0.105769
0
0.264423
0.0897436
7.28302e-320
0
0.0528846
0
0.105769
0
0.211538
0.0542201
0
0
0.123397
0.123397
0.264423
0.123397
0.158654
0.0186966
0
0
0.0528846
0
0.176282
0
0.105769
0.000801282
0
0
0.0352564
0
0.246795
0.246795
0.352564
0.246795
0
0
0.0176282
0
0.0352564
0
0.0528846
0
0
0.370192
0.387821
0.370192
0.405449
0.370192
0.370192
0.0352564
0
0
0.179487
0.161592
0.231838
0.161058
0.478098
0.160524
0
0
0.0352564
0
0.105769
0
0.264423
0.0897436
6.69805e-320
0
0.0528846
0
0.105769
0
0.211538
0.0542201
0
0
0.123397
0.123397
0.264423
0.123397
0.158654
0.0186966
0
0
0.0528846
0
0.176282
0
0.105769
0.000801282
0
0
0.0352564
0
0.246795
0.246795
0.352564
0.246795
0
0
0.0176282
0
0.0352564
0
0.0528846
0
0
0.370192
0.387821
0.370192
0.405449
0.370192
0.370192
0.0352564
0
0
0.179487
0.161592
0.231838
0.161058
0.478098
0.160524
0
0
0.0352564
0
0.105769
0
0.264423
0.0897436
6.01278e-320
0
0.0528846
0
0.105769
0
0.211538
0.0542201
0
0
0.123397
0.123397
0.264423
0.123397
0.158654
0.0186966
0
0
0.0528846
0
0.176282
0
0.105769
0.000801282
0
0
0.0352564
0
0.246795
0.246795
0.352564
0.246795
0
0
0.0176282
0
0.0352564
0
0.0528846
0
0
0.361691
0.378914
0.361691
0.396138
0.361691
0.361691
0.0344468
0
0
0.183716
0.166232
0.234864
0.16571
0.47547
0.165188
0
0
0.0344468
0
0.10334
0
0.258351
0.0960334
7.66197e-320
0
0.0516701
0
0.10334
0
0.206681
0.0613257
0
0
0.120564
0.120564
0.258351
0.120564
0.15501
0.026618
0
0
0.0516701
0
0.172234
0
0.10334
0.00913361
0
0
0.0344468
0
0.241127
0.241127
0.344468
0.241127
0
0
0.0172234
0
0.0344468
0
0.0516701
0
0
0.370192
0.387821
0.370192
0.405449
0.370192
0.370192
0.0352564
0
0
0.179487
0.161592
0.231838
0.161058
0.478098
0.160524
0
0
0.0352564
0
0.105769
0
0.264423
0.0897436
9.7405e-320
0
0.0528846
0
0.105769
0
0.211538
0.0542201
0
0
0.123397
0.123397
0.264423
0.123397
0.158654
0.0186966
0
0
0.0528846
0
0.176282
0
0.105769
0.000801282
0
0
0.0352564
0
0.246795
0.246795
0.352564
0.246795
0
0
0.0176282
0
0.0352564
0
0.0528846
0
0
0.0617284
0.0646678
0.0617284
0.0676073
0.0617284
0.0617284
0.00587889
0
0
0.0323339
0.0293945
0.0411523
0.0293945
0.0823045
0.0293945
0
0
0.00587889
0
0.0176367
0
0.0440917
0.0176367
6.39963e-320
0
0.00881834
0
0.0176367
0
0.0352734
0.0117578
0
0
0.0205761
0.0205761
0.0440917
0.0205761
0.026455
0.00587889
0
0
0.00881834
0
0.0293945
0
0.0176367
0.00293945
0
0
0.00587889
0
0.0411523
0.0411523
0.0587889
0.0411523
0
0
0.00293945
0
0.00587889
0
0.00881834
0
0
0.018936
0.00450857
0.00450857
0.00450857
0.00721371
0.00180343
0.00180343
0
0.0162308
0.0144274
0.00450857
0.00450857
0.00811542
0.00180343
0.00360685
0
0.0135257
0.0108206
0.00450857
0.00450857
0.00901713
0.00180343
0.00541028
6.61801e-320
0.0108206
0.00901713
0.00450857
0.00450857
0.00991885
0.00180343
0.00721371
0
0.00811542
0.00450857
0
0
0.00631199
0
0.00721371
0
0.00811542
0.00721371
0.00450857
0.00450857
0.00901713
0.00180343
0.00901713
0
0.00541028
0.00541028
0.00450857
0.00450857
0.00811542
0.00180343
0.012624
0
0.00270514
0.00360685
0.00360685
0.00360685
0.00631199
0.00180343
0.00180343
0
0.037872
0.00901713
0.00901713
0.00901713
0.0144274
0.00360685
0.00360685
0
0.0324617
0.0288548
0.00901713
0.00901713
0.0162308
0.00360685
0.00721371
0
0.0270514
0.0216411
0.00901713
0.00901713
0.0180343
0.00360685
0.0108206
9.26422e-320
0.0216411
0.0180343
0.00901713
0.00901713
0.0198377
0.00360685
0.0144274
0
0.0162308
0.00901713
0
0
0.012624
0
0.0144274
0
0.0162308
0.0144274
0.00901713
0.00901713
0.0180343
0.00360685
0.0180343
0
0.0108206
0.0108206
0.00901713
0.00901713
0.0162308
0.00360685
0.025248
0
0.00541028
0.00721371
0.00721371
0.00721371
0.012624
0.00360685
0.00360685
0
0.0378378
0.00900901
0.00900901
0.00900901
0.0144144
0.0036036
0.0036036
0
0.0324324
0.0288288
0.00900901
0.00900901
0.0162162
0.0036036
0.00720721
0
0.027027
0.0216216
0.00900901
0.00900901
0.018018
0.0036036
0.0108108
8.55178e-320
0.0216216
0.018018
0.00900901
0.00900901
0.0198198
0.0036036
0.0144144
0
0.0162162
0.00900901
0
0
0.0126126
0
0.0144144
0
0.0162162
0.0144144
0.00900901
0.00900901
0.018018
0.0036036
0.018018
0
0.0108108
0.0108108
0.00900901
0.00900901
0.0162162
0.0036036
0.0252252
0
0.00540541
0.00720721
0.00720721
0.00720721
0.0126126
0.0036036
0.0036036
0
0.03177
0
0
0
0
0
0
0
0.03177
0.02118
0
0
0
0
0
0
0.03177
0.02118
0
0
0
0
0
5.99005e-320
0.03177
0.02118
0
0
0
0
0
0
0.0393343
0.0574887
0.0514372
0.0484115
0.0453858
0.0423601
0.0393343
0.0121029
0
0
0
0
0
0
0.02118
0
0
4.05381e-320
0
0
0
0
0.02118
0
0
0
0
0
0
0
0
0
0.0412253
0
0
0
0
0
0
0
0.0412253
0.0408546
0
0
0
0
0
0
0.0412253
0.0408546
0.0408326
0
0
0
0
4.34778e-322
0.0412253
0.0408546
0.0408326
0.0405854
0
0
0
0
0.0812194
0.143821
0.186639
0.201925
0.180139
0.188263
0.146791
0.0834038
0
0
0
0
0
0.0411724
0.0412253
0.040303
0
2.12448e-322
0
0
0
0
0.0412253
0.040303
0
0
0
0
0
0
0
0.040303
0.0427583
0
0
0
0
0
0
0
0.0427583
0.041755
0
0
0
0
0
0
0.0427583
0.041755
0.0414767
0
0
0
0
5.2865e-322
0.0427583
0.041755
0.0414767
0.0406783
0
0
0
0
0.0843374
0.148791
0.188997
0.205474
0.182263
0.18869
0.148376
0.0824832
0
0
0
0
0
0.0405233
0.0417498
0.0416605
0
2.02567e-322
0
0
0
0
0.0417498
0.0416605
0
0
0
0
0
0
0
0.0416605
0.0268659
0
0
0
0
0
0
0
0.0268659
0.0265214
0
0
0
0
0
0
0.0268659
0.0265214
0.0278876
0
0
0
0
2.66795e-322
0.0268659
0.0265214
0.0278876
0.0278432
0
0
0
0
0.0532474
0.0932912
0.120159
0.13414
0.119854
0.123507
0.0973268
0.0543765
0
0
0
0
0
0.0265214
0.0267277
0.0266203
0
1.23516e-322
0
0
0
0
0.0267277
0.0266203
0
0
0
0
0
0
0
0.0266203
0.0330896
0
0
0
0
0
0
0
0.0330896
0.0360211
0
0
0
0
0
0
0.0330896
0.0360211
0.0330746
0
0
0
0
1.16599e-321
0.0330896
0.0360211
0.0330746
0.0359783
0
0
0
0
0.0678067
0.124553
0.156904
0.172645
0.15214
0.158626
0.123716
0.0703163
0
0
0
0
0
0.0359654
0.0330811
0.0359461
0
3.85371e-322
0
0
0
0
0.0330811
0.0359461
0
0
0
0
0
0
0
0.0359461
0.0417254
0
0
0
0
0
0
0
0.0417254
0.0413466
0
0
0
0
0
0
0.0417254
0.0413466
0.0222261
0
0
0
0
1.5316e-322
0.0417254
0.0413466
0.0222261
0.0223266
0
0
0
0
0.0830821
0.105438
0.127804
0.149997
0.149119
0.149113
0.065951
0.0436958
0
0
0
0
0
0.0414846
6.17258e-05
0.0222201
0
6.91692e-323
0
0
0
0
6.17258e-05
0.0222201
0
0
0
0
0
0
0
0.0222201
0.0442179
0
0
0
0
0
0
0
0.0442179
0.0440031
0
0
0
0
0
0
0.0442179
0.0440031
0.044089
0
0
0
0
4.94066e-322
0.0442179
0.0440031
0.044089
0.043997
0
0
0
0
0.0882947
0.15749
0.201585
0.220439
0.195321
0.201567
0.157508
0.0881842
0
0
0
0
0
0.0440584
0.044132
0.044089
0
2.32211e-322
0
0
0
0
0.044132
0.044089
0
0
0
0
0
0
0
0.044089
0.0355954
0
0
0
0
0
0
0
0.0355954
0.0209711
0
0
0
0
0
0
0.0355954
0.0209711
0.0233671
0
0
0
0
2.32211e-322
0.0355954
0.0209711
0.0233671
0.0204854
0
0
0
0
0.0660633
0.0970881
0.124648
0.133793
0.121484
0.137301
0.0927126
0.061552
0
0
0
0
0
0.0471651
0.0195526
0.0307809
0
1.23516e-322
0
0
0
0
0.0195526
0.0307809
0
0
0
0
0
0
0
0.0307809
0.04163
0
0
0
0
0
0
0
0.04163
0.0380698
0
0
0
0
0
0
0.04163
0.0380698
0.0405063
0
0
0
0
4.5454e-322
0.04163
0.0380698
0.0405063
0.0380488
0
0
0
0
0.081002
0.141347
0.180745
0.196136
0.172853
0.181669
0.140349
0.0764232
0
0
0
0
0
0.0420343
0.0415145
0.0369933
0
2.2233e-322
0
0
0
0
0.0415145
0.0369933
0
0
0
0
0
0
0
0.0369933
0.0318021
0
0
0
0
0
0
0
0.0318021
0.019687
0
0
0
0
0
0
0.0318021
0.019687
0
0
0
0
0
5.48907e-320
0.0318021
0.019687
0
0
0
0
0
0
0.0393741
0.0560323
0.0499748
0.046946
0.0439172
0.0408884
0.0378597
0.0108531
0
0
0
0
0
0
0.0212014
0
0
3.55134e-320
0
0
0
0
0.0212014
0
0
0
0
0
0
0
0
0
0.0333389
0
0
0
0
0
0
0
0.0333389
0.0389426
0
0
0
0
0
0
0.0333389
0.0389426
0.0287282
0
0
0
0
2.87052e-321
0.0333389
0.0389426
0.0287282
0.0305724
0
0
0
0
0.0596553
0.116615
0.144847
0.158608
0.149528
0.147471
0.111153
0.0604355
0
0
0
0
0
0.0241884
0.0334807
0.0260327
0
1.83792e-321
0
0
0
0
0.0334807
0.0260327
0
0
0
0
0
0
0
0.0260327
0.0160893
0
0
0
0
0
0
0
0.0160893
0.0143624
0
0
0
0
0
0
0.0160893
0.0143624
0.0135201
0
0
0
0
2.05531e-321
0.0160893
0.0143624
0.0135201
0.0153312
0
0
0
0
0.0339476
0.0583763
0.0722825
0.0737496
0.06322
0.0627567
0.0471728
0.0260293
0
0
0
0
0
0.0157523
0.0138149
0.0138149
0
1.46243e-321
0
0
0
0
0.0138149
0.0138149
0
0
0
0
0
0
0
0.0138149
0.0219665
0
0
0
0
0
0
0
0.0219665
0.0142957
0
0
0
0
0
0
0.0219665
0.01447
0
0
0
0
0
6.51673e-320
0.0219665
0.0146444
0
0
0
0
0
0
0.0271967
0.039749
0.0355649
0.0334728
0.0313808
0.0292887
0.0271967
0.0083682
0
0
0
0
0
0
0.0146444
0
0
5.17781e-320
0
0
0
0
0.0146444
0
0
0
0
0
0
0
0
0
0
0
0
0
0
0
0
0
0
0
0
0
0
0
0
0
0
0
0
0
0
0
0
2.17922e-319
0
0
0
0
0
0
0
0
0
0
0
0
0
0
0
0
0
0
0
0
0
0
0
0
0
1.41416e-319
0
0
0
0
0
0
0
0
0
0
0
0
0
0
0
0
0
0
0
0
0
0
0
0
0
0
0
0
0
0
0
0
0
0
0
0
0
2.94562e-319
0
0
0
0
0
0
0
0
0
0
0
0
0
0
0
0
0
0
0
0
0
0
0
0
0
2.18056e-319
0
0
0
0
0
0
0
0
0
0
0
0
0
0
0
0
0
0
0
0
0
0
0
0
0
0
0
0
0
0
0
0
0
0
0
0
0
3.53578e-319
0
0
0
0
0
0
0
0
0
0
0
0
0
0
0
0
0
0
0
0
0
0
0
0
0
2.77067e-319
0
0
0
0
0
0
0
0
0
0
0
0
0
0
0.0218978
0
0
0
0
0
0
0
0.0218978
0.0135558
0
0
0
0
0
0
0.0218978
0.0135558
0
0
0
0
0
5.62494e-320
0.0218978
0.0135558
0
0
0
0
0
0
0.0271116
0.0385819
0.0344108
0.0323253
0.0302398
0.0281543
0.0260688
0.00729927
0
0
0
0
0
0
0.0145985
0
0
4.29047e-320
0
0
0
0
0.0145985
0
0
0
0
0
0
0
0
0
0.027672
0
0
0
0
0
0
0
0.027672
0.0274231
0
0
0
0
0
0
0.027672
0.0274231
0.0274083
0
0
0
0
3.06321e-322
0.027672
0.0274231
0.0274083
0.0272425
0
0
0
0
0.0545175
0.0965379
0.125279
0.13554
0.120916
0.126369
0.0985314
0.0559837
0
0
0
0
0
0.0276364
0.027672
0.0270529
0
1.58101e-322
0
0
0
0
0.027672
0.0270529
0
0
0
0
0
0
0
0.0270529
0.0295067
0
0
0
0
0
0
0
0.0295067
0.028536
0
0
0
0
0
0
0.0295067
0.028536
0.028596
0
0
0
0
3.31024e-322
0.0295067
0.028536
0.028596
0.0279665
0
0
0
0
0.0569656
0.101371
0.129636
0.141443
0.125383
0.130082
0.101929
0.0563876
0
0
0
0
0
0.0278962
0.0286251
0.0286286
0
1.18576e-322
0
0
0
0
0.0286251
0.0286286
0
0
0
0
0
0
0
0.0286286
0.0266024
0
0
0
0
0
0
0
0.0266024
0.0262729
0
0
0
0
0
0
0.0266024
0.0262729
0.027591
0
0
0
0
2.51973e-322
0.0266024
0.0262729
0.027591
0.0275859
0
0
0
0
0.0527806
0.0924378
0.119011
0.132877
0.118712
0.122309
0.0963888
0.0538115
0
0
0
0
0
0.0262813
0.0264689
0.0263776
0
1.13635e-322
0
0
0
0
0.0264689
0.0263776
0
0
0
0
0
0
0
0.0263776
0.0280649
0
0
0
0
0
0
0
0.0280649
0.030376
0
0
0
0
0
0
0.0280649
0.030376
0.0280509
0
0
0
0
9.33784e-322
0.0280649
0.030376
0.0280509
0.0303356
0
0
0
0
0.056868
0.104051
0.132927
0.146745
0.128581
0.133859
0.103435
0.0584989
0
0
0
0
0
0.0303198
0.0280597
0.0303092
0
2.91499e-322
0
0
0
0
0.0280597
0.0303092
0
0
0
0
0
0
0
0.0303092
0.0297864
0
0
0
0
0
0
0
0.0297864
0.0296418
0
0
0
0
0
0
0.0297864
0.0296418
0.0296996
0
0
0
0
3.65609e-322
0.0297864
0.0296418
0.0296996
0.0296376
0
0
0
0
0.0594778
0.10609
0.135793
0.148494
0.131574
0.135781
0.106102
0.0594034
0
0
0
0
0
0.0296789
0.0297285
0.0296996
0
1.87745e-322
0
0
0
0
0.0297285
0.0296996
0
0
0
0
0
0
0
0.0296996
0
0
0
0
0
0
0
0
0
0
0
0
0
0
0
0
0
0
0
0
0
0
0
3.53978e-319
0
0
0
0
0
0
0
0
0
0
0
0
0
0
0
0
0
0
0
0
0
0
0
0
0
2.77472e-319
0
0
0
0
0
0
0
0
0
0
0
0
0
0
0
0
0
0
0
0
0
0
0
0
0
0
0
0
0
0
0
0
0
0
0
0
0
2.7936e-319
0
0
0
0
0
0
0
0
0
0
0
0
0
0
0
0
0
0
0
0
0
0
0
0
0
2.02853e-319
0
0
0
0
0
0
0
0
0
0
0
0
0
0
0.0284684
0
0
0
0
0
0
0
0.0284684
0.0260338
0
0
0
0
0
0
0.0284684
0.0260338
0.0277
0
0
0
0
2.86558e-322
0.0284684
0.0260338
0.0277
0.0260194
0
0
0
0
0.0553928
0.0966626
0.123605
0.13413
0.118208
0.124237
0.0959804
0.0522615
0
0
0
0
0
0.0287449
0.028393
0.0252977
0
1.28457e-322
0
0
0
0
0.028393
0.0252977
0
0
0
0
0
0
0
0.0252977
0.0217166
0
0
0
0
0
0
0
0.0217166
0.0134436
0
0
0
0
0
0
0.0217166
0.0134436
0
0
0
0
0
3.68029e-320
0.0217166
0.0134436
0
0
0
0
0
0
0.0268873
0.0382627
0.0341262
0.0320579
0.0299897
0.0280938
0.0268873
0.00827301
0
0
0
0
0
0
0.0144778
0
0
2.35669e-320
0
0
0
0
0.0144778
0
0
0
0
0
0
0
0
0
0.0243108
0
0
0
0
0
0
0
0.0243108
0.028397
0
0
0
0
0
0
0.0243108
0.028397
0.0209486
0
0
0
0
2.49997e-321
0.0243108
0.028397
0.0209486
0.0222935
0
0
0
0
0.0435008
0.0850359
0.105623
0.115657
0.109036
0.107485
0.0810014
0.0440266
0
0
0
0
0
0.0175865
0.0244142
0.0189831
0
1.74405e-321
0
0
0
0
0.0244142
0.0189831
0
0
0
0
0
0
0
0.0189831
0.0160893
0
0
0
0
0
0
0
0.0160893
0.0143624
0
0
0
0
0
0
0.0160893
0.0143624
0.0135201
0
0
0
0
2.18377e-321
0.0160893
0.0143624
0.0135201
0.0153312
0
0
0
0
0.0339476
0.0583763
0.0722825
0.0737496
0.06322
0.0627567
0.0471728
0.0260293
0
0
0
0
0
0.0157523
0.0138149
0.0138149
0
1.59089e-321
0
0
0
0
0.0138149
0.0138149
0
0
0
0
0
0
0
0.0138149
0.0312986
0
0
0
0
0
0
0
0.0312986
0.0342784
0
0
0
0
0
0
0.0312986
0.0342784
0.0222261
0
0
0
0
1.5316e-322
0.0312986
0.0342784
0.0222261
0.0223266
0
0
0
0
0.0655867
0.0879423
0.108974
0.131167
0.130289
0.130283
0.065951
0.0436958
0
0
0
0
0
0.0330814
6.17258e-05
0.0222201
0
6.91692e-323
0
0
0
0
6.17258e-05
0.0222201
0
0
0
0
0
0
0
0.0222201
0.0237505
0
0
0
0
0
0
0
0.0237505
0.0140017
0
0
0
0
0
0
0.0237505
0.0140017
0.0155987
0
0
0
0
1.4822e-322
0.0237505
0.0140017
0.0155987
0.013679
0
0
0
0
0.0442121
0.0648852
0.08324
0.0893149
0.0810763
0.0916047
0.0618457
0.0410289
0
0
0
0
0
0.0314699
0.0130554
0.0205511
0
7.41098e-323
0
0
0
0
0.0130554
0.0205511
0
0
0
0
0
0
0
0.0205511
