5.04361e-05
0.000491794
0.000622301
0.000673036
0.000730022
0.000701859
0.000622301
8.87112e-05
0.000613511
0.00105487
0.0011126
0.000563075
0.000685197
0.000816151
0.000724624
0.000773908
0.000136331
0.000411105
0.000462181
0.000415842
0.000476412
0.000210513
0.000104264
0.000183119
0.000228627
0.000317402
0.000389408
0.000365107
0.000368691
0.000275713
0.00016699
0.000266902
0.000275798
0.000220178
0.000307012
0.000283415
0.000301763
0.000342598
0.000243774
0.000364061
0.00035126
0.000130357
0.000209809
0.000205585
0.000198928
0.000372169
0.000298691
0.000455653
0.000796715
0.000522282
0.000569369
0.000565848
0.000576793
0.000445455
0.000338502
0.000794155
0.000401248
0.000909706
0.000957582
0.000957582
0.000935052
0.000920971
0.000909706
0.000508457
