0.000391733
0.000839001
0.000912927
0.000876359
0.000901342
0.000952418
0.000839001
0.000447268
0.000830169
0.000484903
0.000710586
0.000832473
0.000841988
0.000912074
0.000761982
0.00108103
0.000345265
0.000404598
0.000531008
0.000159245
0.000193744
0.000314905
0.000136587
0.000370441
0.000255146
0.000313775
0.000457082
0.000210641
0.000233171
0.000415628
0.00023283
0.000289751
0.0001678
0.000217276
0.000356018
0.000275478
0.00030012
0.000520597
0.000329285
0.000209212
0.000117108
0.000131381
0.000243689
0.000328987
0.000351516
0.000566361
0.000415884
0.000126069
0.000476881
0.000501161
0.000574767
0.000424738
0.000451493
0.00110304
0.000918837
0.000498686
5.21429e-05
0.000664224
0.000718458
0.000701539
0.000695907
0.000664224
0.000467344
4.71932e-05
