0.000115555
0.000674038
0.000835772
0.000777709
0.00085149
0.000840773
0.00065358
0.000215963
0.000670489
0.00102635
0.00107348
0.00105526
0.0010906
0.0010827
0.00104445
0.000741342
0.000297127
0.000439975
0.000436093
0.000369194
0.000448882
0.000414778
0.000382317
0.000304987
0.000293222
0.000443833
0.000444667
0.00041192
0.00044169
0.000412873
0.000379507
0.00028822
0.000243923
0.000417541
0.000445286
0.000403061
0.000425209
0.000408967
0.000383365
0.000296794
0.000286648
0.000410348
0.000443381
0.00040025
0.000408443
0.000359668
0.000316156
0.000256069
0.000534334
0.000821316
0.000859302
0.00082284
0.000835748
0.000823792
0.000789545
0.000536573
0.000157661
0.000749153
0.000863565
0.000840797
0.000813361
0.000801691
0.000687423
0.000132321
