0.0621642
0.192936
0.239597
0.243024
0.241835
0.243997
0.192006
0.0592452
0.193498
0.271036
0.298518
0.298485
0.297112
0.298215
0.266949
0.194017
0.09183
0.100976
0.125864
0.125485
0.122599
0.127788
0.096868
0.0891921
0.0932246
0.101409
0.125431
0.125626
0.122382
0.128653
0.0943814
0.0934084
0.0917111
0.101949
0.124782
0.123355
0.123031
0.128004
0.0941652
0.0895164
0.0936571
0.102057
0.125193
0.124653
0.122815
0.125734
0.0965004
0.0930841
0.193379
0.274063
0.29482
0.294712
0.292874
0.298712
0.269587
0.192222
0.0515692
0.192763
0.238386
0.239792
0.237737
0.23644
0.192482
0.0531909
