0.0353632
0.119703
0.0509898
0.0473763
0.0442178
0.0431558
0.1086
0.0301222
0.117648
0.12304
0.0521484
0.0522863
0.0529621
0.0501071
0.116696
0.112186
0.119404
0.135205
0.0581894
0.0600099
0.0614167
0.0616834
0.131054
0.111745
0.114131
0.135522
0.0586445
0.061003
0.0636511
0.0641338
0.135605
0.110724
0.114917
0.133509
0.0554447
0.0577342
0.0597341
0.0596927
0.129799
0.107234
0.110131
0.128723
0.0540793
0.0560791
0.0573618
0.056686
0.129826
0.106379
0.106655
0.109386
0.0336254
0.0355425
0.0370321
0.0393906
0.112544
0.099166
0.0226744
0.107993
0.0359701
0.0346874
0.0332944
0.0355701
0.110296
0.0277913
0.0126245
0.0869461
0.0869461
0.234808
0.247478
0.246035
0.234808
0.0224445
0.243837
0.25499
0.300293
0.455318
0.231213
0.387524
0.407624
0.409969
0.0333726
0.0444017
0.0576607
0.144101
0.129242
0.360216
0.0994878
0.0309773
0.0517668
0.067306
0.0505255
0.133545
0.114788
0.270925
0.194351
0.0388665
0.0742527
0.0889966
0.0427835
0.112112
0.0982098
0.177883
0.282602
0.0492566
0.0894195
0.105869
0.035161
0.0975753
0.085006
0.100086
0.358046
0.0593065
0.467073
0.492355
0.401087
0.456863
0.451879
0.40882
0.377649
0.0787168
0.103037
0.217747
0.128203
0.181202
0.178159
0.129647
0.114705
0.0194102
0.0174058
0.219719
0.230643
0.219719
0.367379
0.387368
0.367379
0.0203665
0.457161
0.45723
0.543868
0.642166
0.800091
0.439733
0.142032
0.162399
0.032614
0.0327243
0.121565
0.129463
0.34532
0.392586
0.12345
0.0411836
0.0442178
0.0507002
0.134686
0.122935
0.270557
0.287623
0.110218
0.0607133
0.058856
0.0663957
0.153379
0.111855
0.176596
0.195344
0.088638
0.0753883
0.0649246
0.0764824
0.167713
0.103809
0.0989821
0.106329
0.0813557
0.0980259
0.234596
0.326848
0.415311
0.32854
0.260636
0.262668
0.303511
0.234596
0.0558309
0.0922515
0.240224
0.325331
0.255101
0.254071
0.240224
0.0158151
0.0176724
0.364114
0.378753
0.372004
0.364114
0.22188
0.22188
0.101538
0.202442
0.287604
0.285655
0.207297
0.533713
0.338176
0.18477
0.171272
0.0417536
0.117473
0.110172
0.105391
0.323492
0.140156
0.160652
0.0697334
0.0602536
0.138704
0.120829
0.18751
0.255551
0.130861
0.144037
0.0627546
0.0809971
0.153949
0.129665
0.26299
0.16889
0.119468
0.11385
0.0475096
0.1006
0.169267
0.140625
0.345973
0.0932446
0.108646
0.0985684
0.0335611
0.170499
0.175639
0.32203
0.538752
0.193321
0.27589
0.248536
0.200097
0.0698989
0.210221
0.210221
0.370128
0.37821
0.389437
0.370128
0.0244582
0.0185827
0.248453
0.26756
0.262824
0.312513
0.248453
0.058525
0.0931618
0.263404
0.364482
0.301314
0.290253
0.34567
0.43599
0.321929
0.263404
0.0657981
0.114429
0.116645
0.105814
0.100315
0.152294
0.0470958
0.0858611
0.0398595
0.132672
0.197468
0.180761
0.121703
0.136249
0.035023
0.0717931
0.0328806
0.147843
0.262172
0.247396
0.138198
0.118117
0.0221135
0.0525667
0.0182793
0.157434
0.344208
0.320687
0.15439
0.0928584
0.0149324
0.0373953
0.183069
0.171768
0.366542
0.696672
0.592872
0.445176
0.373116
0.381603
0.0113004
0.342378
0.349697
0.342378
0.240095
0.250908
0.240095
0.0150611
0.0176356
0.109501
0.131155
0.193247
0.176025
0.119211
0.179805
0.0703035
0.122433
0.401721
0.43828
0.501503
0.494938
0.424478
0.511222
0.451235
0.104793
0.373695
0.109234
0.1126
0.103874
0.03186
0.0940997
0.0495141
0.0778525
0.271808
0.186848
0.134778
0.117261
0.0516932
0.0783582
0.0423329
0.0580928
0.179474
0.250448
0.151273
0.125757
0.0647774
0.0559412
0.035492
0.0327243
0.0909459
0.324384
0.16947
0.13395
0.0745239
0.033984
0.0270603
0.37068
0.365448
0.354488
0.244407
0.444891
0.33425
0.261436
0.262769
0.0161921
0.209467
0.22554
0.217237
0.209467
0.10357
0.10357
0.018362
0.393731
0.485449
0.604476
0.58285
0.493826
0.501641
0.485449
0.0917182
0.700442
0.394154
0.283614
0.395919
0.307769
0.322554
0.371461
0.359664
0.306288
0.369539
0.141039
0.122622
0.0404939
0.0571549
0.0989546
0.0760503
0.215278
0.274778
0.121776
0.135973
0.0580468
0.0746894
0.116894
0.0584146
0.145554
0.180099
0.105924
0.148717
0.0762434
0.0928492
0.123569
0.0429765
0.064051
0.0914884
0.085714
0.160551
0.0919757
0.106761
0.133279
0.0317865
0.257988
0.271624
0.322223
0.252968
0.121022
0.240637
0.261923
0.133049
0.00502037
0.130272
0.137591
0.156054
0.147108
0.130272
0.140901
0.0120268
0.438399
0.571255
0.262585
0.142262
0.150905
0.144119
0.132856
0.0213503
0.619234
0.39888
0.266024
0.138143
0.184825
0.227976
0.225521
0.159493
0.353209
0.11134
0.119376
0.111671
0.0618903
0.0989637
0.101106
0.0887115
0.258797
0.0974466
0.106899
0.0904034
0.0746343
0.110494
0.126282
0.161911
0.1818
0.077264
0.0927481
0.0702667
0.0923067
0.122971
0.1408
0.23867
0.0858703
0.0624603
0.0825418
0.0485762
0.109372
0.132718
0.162675
0.314389
0.148551
0.184641
0.203628
0.162123
0.135541
0.234624
0.407229
0.549013
0.0130107
0.172605
0.185009
0.180531
0.184779
0.255027
0.582454
0.409849
0.0155484
0.116655
0.119192
0.136451
0.128635
0.14103
0.119192
0.0188861
0.128709
0.229815
0.213687
0.113161
0.266217
0.376463
0.279302
0.285103
0.0390596
0.0976489
0.0833785
0.0805373
0.170656
0.128562
0.0859807
0.0959111
0.0451281
0.087176
0.0672876
0.0660463
0.150179
0.149209
0.176402
0.185846
0.0579089
0.0724183
0.0479785
0.0516289
0.127578
0.178563
0.250172
0.265491
0.0636741
0.0610352
0.03894
0.0373309
0.108655
0.196277
0.311162
0.351554
0.336866
0.328117
0.292206
0.297305
0.363816
0.273169
0.319088
0.670642
0.0734573
0.504933
0.5109
0.51764
0.573701
0.573627
0.504933
0.431476
