0.0155484
0.116655
0.119192
0.136451
0.128635
0.14103
0.119192
0.0188861
0.128709
0.229815
0.213687
0.113161
0.266217
0.376463
0.279302
0.285103
0.0390596
0.0976489
0.0833785
0.0805373
0.170656
0.128562
0.0859807
0.0959111
0.0451281
0.087176
0.0672876
0.0660463
0.150179
0.149209
0.176402
0.185846
0.0579089
0.0724183
0.0479785
0.0516289
0.127578
0.178563
0.250172
0.265491
0.0636741
0.0610352
0.03894
0.0373309
0.108655
0.196277
0.311162
0.351554
0.336866
0.328117
0.292206
0.297305
0.363816
0.273169
0.319088
0.670642
0.0734573
0.504933
0.5109
0.51764
0.573701
0.573627
0.504933
0.431476
