0.0716597
0.292102
0.251848
0.252328
0.253092
0.252819
0.293255
0.0722562
0.308954
0.326689
0.304324
0.305344
0.307843
0.305873
0.326632
0.31022
0.158105
0.175556
0.15383
0.154534
0.157344
0.154919
0.174907
0.159226
0.160581
0.176064
0.156814
0.155577
0.157038
0.154738
0.176526
0.159343
0.160807
0.176133
0.158045
0.154954
0.156339
0.152871
0.178071
0.158364
0.161289
0.175337
0.156225
0.153245
0.154215
0.151332
0.17869
0.157722
0.313145
0.325379
0.305026
0.303674
0.306251
0.303481
0.328854
0.309505
0.0749941
0.293888
0.251507
0.252423
0.253258
0.25206
0.293073
0.0715407
