0.0381484
0.339967
0.378785
0.386064
0.379244
0.339967
0.248169
0.0452781
0.502747
0.546661
0.580125
0.596822
0.58189
0.804952
0.750916
0.502747
0.1919
0.0834781
0.124364
0.132683
0.126094
0.262717
0.200446
0.22742
0.15352
0.121807
0.172628
0.171343
0.170698
0.214375
0.161911
0.179594
0.114909
0.160496
0.217314
0.211108
0.215843
0.169173
0.123377
0.135011
0.0762711
0.200369
0.261692
0.250206
0.260498
0.123791
0.0843274
0.0906335
0.283255
0.2449
0.338526
0.632847
0.637219
0.416755
0.383392
0.383289
0.0383543
0.339697
0.378333
0.339697
0.337506
0.376196
0.337506
0.0447634
