0.0344645
0.146197
0.053519
0.0535072
0.0535376
0.0534814
0.146171
0.0343978
0.131049
0.150822
0.0547828
0.0548201
0.0548035
0.0547822
0.151052
0.131049
0.1354
0.16686
0.0707121
0.0707541
0.0707598
0.0707702
0.16683
0.1354
0.13514
0.166041
0.0696139
0.0693914
0.0693749
0.0693958
0.165669
0.134825
0.134746
0.165311
0.0687526
0.068736
0.0687523
0.068785
0.165298
0.134746
0.134733
0.165198
0.0686474
0.0686028
0.0686003
0.0686307
0.165224
0.134733
0.130832
0.149823
0.0533927
0.0533902
0.0534041
0.0533924
0.149787
0.130831
0.0344457
0.146001
0.0535307
0.0535212
0.0535609
0.0535374
0.145989
0.0344176
