0.0151823
0.116517
0.130725
0.116517
0.116225
0.131565
0.116225
0.0149197
0.133276
0.132217
0.147472
0.219805
0.2192
0.118094
0.0880354
0.102955
0.0296392
0.0294087
0.0437078
0.0868584
0.0867604
0.0878655
0.073627
0.0297571
0.0444012
0.0441343
0.0585634
0.0720002
0.0720704
0.0734727
0.0587056
0.0437226
0.0593799
0.0586848
0.0727325
0.0571637
0.0577877
0.0591424
0.0444255
0.0587671
0.0749791
0.0731815
0.0868046
0.0422101
0.0440571
0.0444593
0.0295127
0.0730316
0.177112
0.264549
0.278722
0.20571
0.206393
0.207073
0.191753
0.177112
0.0146857
0.0874373
0.116231
0.130554
0.13078
0.13088
0.116231
0.0144153
