5.47244e-06
0.468449
0.468449
0.468448
0.468448
0.347232
0.347232
0
0.347221
0.347221
0.347215
0.347221
0.815663
0.694436
0.347215
0.347363
0.207288
0.20769
0.207044
0.206962
0.468443
0.34721
0.347215
0.347363
0.29547
0.295589
0.294817
0.294833
0.260597
0.259224
0.259355
0.259437
0.380994
0.380959
0.380236
0.380455
0.174428
0.173963
0.173887
0.174045
0.46893
0.468693
0.468337
0.46838
0.0866506
0.0858625
0.0858297
0.0859008
0.46893
0.468693
0.93703
0.937073
0.468693
0.468693
0.468693
0.468704
0
0.468337
0.468337
0.468391
0.468391
0.468391
0.468391
1.09449e-05
