0.0403315
0.217283
0.249391
0.253633
0.21994
0.25322
0.434797
0.217514
0.217565
0.201832
0.268348
0.271411
0.237247
0.271768
0.419115
0.384374
0.177234
0.164013
0.103869
0.104509
0.0770998
0.101793
0.181316
0.182543
0.137537
0.131326
0.13733
0.142609
0.11806
0.131746
0.145901
0.14498
0.100884
0.0996964
0.172766
0.178444
0.163283
0.160487
0.111176
0.108794
0.0684535
0.0679349
0.209597
0.213706
0.204043
0.194378
0.0718813
0.070201
0.316988
0.315605
0.279762
0.277396
0.51989
0.508028
0.31407
0.308826
0.0372253
0.279667
0.311434
0.314922
0.279667
0.261609
0.261609
0.0314296
