0.0253914
0.0826112
0.0929755
0.0929131
0.09113
0.0902027
0.070281
0.0232428
0.0767269
0.110437
0.111471
0.112246
0.118371
0.125009
0.104757
0.0747834
0.0368835
0.042322
0.0485628
0.0413769
0.0454959
0.0600549
0.0434364
0.0285029
0.0370529
0.0386666
0.0483578
0.0446489
0.046013
0.0549552
0.0432759
0.0326442
0.0376591
0.0351004
0.0478407
0.0480101
0.0467441
0.0510146
0.0452195
0.036041
0.0381762
0.0312311
0.0476802
0.0523876
0.0475375
0.0474127
0.0436771
0.0396696
0.0771014
0.0989355
0.109679
0.116526
0.118425
0.115848
0.102823
0.0777032
0.0303306
0.0803377
0.100665
0.0995863
0.101209
0.102314
0.0718234
0.0266574
0.0119539
0.0187278
0.0259135
0.0271089
0.0269761
0.0273745
0.0212514
0.0086334
0.0158058
0.0195912
0.0189935
0.0215171
0.0251033
0.0310802
0.031492
0.0233766
0.0102273
0.00723877
0.0100944
0.0138134
0.0123524
0.011157
0.00904515
0.0110242
0.010307
0.00777006
0.0103601
0.0138134
0.0123524
0.011157
0.00903186
0.0107585
0.0100413
0.00843417
0.0115555
0.0139463
0.0127509
0.0128837
0.0103601
0.0116883
0.0112367
0.0103601
0.0132822
0.0146104
0.013415
0.012618
0.00970925
0.0115555
0.0185552
0.031306
0.0374158
0.0399394
0.0379471
0.0309076
0.0225398
0.0201889
0.00597697
0.0209858
0.0217827
0.0225797
0.0269628
0.0261658
0.0249704
0.00544568
