0.225579
0.43836
0.469145
0.472919
0.442884
0.474115
0.43836
0.212781
0.432917
0.241248
0.271676
0.343756
0.315761
0.339903
0.307334
0.443628
0.191669
0.197916
0.203445
0.110148
0.075508
0.101737
0.071287
0.17195
0.152842
0.154741
0.169164
0.150826
0.108085
0.13375
0.108454
0.136288
0.111037
0.115363
0.135839
0.190467
0.141894
0.165633
0.143627
0.104577
0.0741083
0.076616
0.102207
0.228246
0.172613
0.197681
0.178795
0.0720503
0.328056
0.326535
0.358969
0.291592
0.240341
0.481439
0.456733
0.277072
0.0364626
0.273308
0.309562
0.306125
0.306154
0.273306
0.216392
0.0367311
