0.011257
0.0926541
0.0190504
0.0177515
0.0155867
0.0134219
0.00995815
0.0103911
0.0298744
0.08183
0.0177515
0.0160196
0.0142878
0.0125559
0.0108241
0.0376678
0.0337711
0.0740367
0.0220811
0.0203493
0.0186174
0.0168856
0.0151537
0.0342041
0.034637
0.0575841
0.0177515
0.0160196
0.0142878
0.0125559
0.01169
0.0281426
0.0303074
0.0411315
0.0129889
0.012123
0.011257
0.00995815
0.00865926
0.0212152
0.0264107
0.0298744
0.01169
0.0103911
0.00909222
0.00779333
0.00649444
0.0155867
0.0212152
0.0164526
0.00707173
0.00562852
0.00432963
0.00303074
0.00173185
0.0108241
0.00129889
0.00779333
0.00649444
0.00519555
0.00389667
0.00259778
0.00129889
0.00129889
