0.019914
0.0670997
0.0651574
0.0960984
0.0775303
0.0921268
0.0564756
0.0543547
0.0214628
0.03069
0.02513
0.0327493
0.0258383
0.0324556
0.023828
0.029027
0.0227431
0.029345
0.0267007
0.0315827
0.0275664
0.0313243
0.0253527
0.0278275
0.0243119
0.0280228
0.0279707
0.0301559
0.02923
0.0299937
0.0269287
0.0263582
0.0259169
0.0266142
0.0295249
0.0288872
0.0306856
0.0285643
0.0284327
0.025058
0.0271451
0.0251667
0.0310179
0.0272304
0.032046
0.0270854
0.0297877
0.0234317
0.0286565
0.0237531
0.0324022
0.0261456
0.0330471
0.0256787
0.0310378
0.0220141
0.0541795
0.0566474
0.0925926
0.078409
0.0966342
0.0660762
0.0679379
0.0200745
