0.0712204
0.200869
0.370347
0.560432
0.752943
0.92571
1.05696
1.12874
1.2402
1.41255
1.62422
1.85426
2.08687
2.30141
2.47591
2.59021
2.7422
2.95466
3.20776
3.48148
3.75963
4.01865
4.23746
4.3944
4.59041
4.84907
5.1498
5.47183
5.79667
6.10042
6.36228
6.56172
6.80044
7.10251
7.44792
7.81605
8.1862
8.53399
8.83768
9.07779
9.36106
9.70872
10.099
10.5108
10.9225
11.31
11.6543
11.936
12.2635
12.6566
13.0953
13.5573
14.0191
14.4588
14.8533
15.1812
15.4716
15.7618
16.0518
16.342
16.6328
16.9231
17.2132
17.5033
1.1837
1.31335
1.48283
1.67291
1.86542
2.03819
2.16944
2.24122
2.35268
2.52503
2.7367
2.96674
3.19935
3.41389
3.58839
3.70269
3.85468
4.06714
4.32024
4.59396
4.87211
5.13113
5.34993
5.50688
5.70289
5.96155
6.26228
6.58431
6.90915
7.2129
7.47476
7.6742
7.91292
8.21499
8.5604
8.92853
9.29867
9.64647
9.95015
10.1903
10.4735
10.8212
11.2114
11.6233
12.035
12.4224
12.7667
13.0485
13.3759
13.7691
14.2078
14.6698
15.1316
15.5713
15.9657
16.2937
16.584
16.8742
17.1643
17.4545
17.7452
18.0356
18.3257
18.6158
