3.44988e-05
0.000603782
0.000687565
0.000650954
0.000603782
0.000572014
0.000572014
0.000101064
0.000480636
0.000513087
0.000634889
0.000589765
0.000960099
0.000920949
0.000446137
0.000526741
9.96987e-05
0.000129674
0.000272534
0.000190799
0.000430819
0.000409847
0.000391178
0.000425677
0.000166584
0.000206459
0.000369694
0.000266262
0.000340998
0.000312644
0.000313348
0.000322842
0.000203942
0.0002688
0.000483111
0.000351452
0.000287469
0.000222525
0.000222525
0.000248916
0.000255338
0.000308228
0.000575385
0.000440206
0.000206779
0.000135179
0.000126026
0.000147852
0.000292653
0.000368072
0.00102794
0.000893534
0.000500713
0.000453967
0.000413132
0.000427213
3.7315e-05
0.000720464
0.000720464
0.000583941
0.000623581
0.000596614
0.000583941
5.91408e-05
