0.0292954
0.104473
0.123373
0.121112
0.119128
0.116338
0.0881409
0.0302889
0.0832638
0.123898
0.140166
0.143467
0.146109
0.148761
0.13869
0.105322
0.0456769
0.046698
0.0608554
0.0611993
0.0600018
0.059425
0.0472206
0.0468306
0.0451664
0.0466661
0.0603991
0.0602385
0.0598989
0.0591013
0.0466687
0.0462951
0.0449271
0.0466997
0.0600254
0.0600104
0.0594336
0.0585339
0.0462727
0.0462813
0.0446236
0.045856
0.0592769
0.0596807
0.0591193
0.0583583
0.045435
0.0455797
0.0835514
0.121908
0.136386
0.137998
0.139026
0.140065
0.128912
0.0950334
0.0281947
0.0985387
0.116308
0.113574
0.11142
0.108561
0.0813457
0.0288916
