0.00819509
0.0410374
0.013943
0.0139288
0.0139805
0.0139185
0.0365125
0.00941932
0.030474
0.0418213
0.0139069
0.0139107
0.013841
0.0139043
0.0370587
0.0377496
0.0320796
0.045615
0.0180431
0.018118
0.017914
0.0179992
0.0408644
0.0380518
0.0322134
0.0452551
0.0177758
0.0177151
0.0178017
0.0177784
0.0402342
0.0374487
0.0324278
0.045361
0.0181219
0.0180935
0.018069
0.0179837
0.0403181
0.0371956
0.0323013
0.0447945
0.0177552
0.0178391
0.0178327
0.0177281
0.0397706
0.0365008
0.0307193
0.0409251
0.0142065
0.0142078
0.0141161
0.0141161
0.0361509
0.0354677
0.0081783
0.0392188
0.0135427
0.0135401
0.0136525
0.0135918
0.0344824
0.00921786
