0.00486039
0.0174122
0.0192888
0.0268716
0.0247542
0.0260023
0.0141289
0.0120966
0.00508652
0.00691907
0.00618194
0.00772375
0.00636108
0.00792052
0.00554759
0.00639339
0.00545949
0.00659309
0.00651673
0.00738896
0.00667826
0.0075681
0.00584715
0.00603804
0.00579722
0.0062583
0.00685153
0.00707179
0.00703067
0.00725093
0.00618194
0.00576785
0.00606447
0.00585302
0.00703655
0.00658722
0.00719807
0.00673699
0.00628473
0.00527154
0.00623774
0.00537726
0.00707179
0.00601454
0.00723625
0.00618488
0.00641101
0.00491618
0.00644919
0.00512763
0.00737721
0.0057238
0.00752993
0.00592057
0.00665476
0.00458433
0.0128543
0.0150129
0.0232506
0.0211096
0.0260963
0.0173124
0.0154886
0.00422604
