0.0119522
0.0504222
0.0186591
0.0187342
0.0187951
0.0187905
0.0505271
0.0120518
0.0451831
0.0517388
0.0186023
0.018593
0.018526
0.0185035
0.0515163
0.045181
0.0464853
0.0571904
0.0239652
0.0239253
0.0238914
0.0239341
0.0570403
0.0466564
0.0465495
0.0570016
0.0237349
0.0236948
0.0236829
0.0236305
0.0567611
0.0466059
0.0466078
0.0571583
0.0240181
0.0240025
0.0239287
0.0239022
0.0570864
0.0469047
0.0465957
0.0572426
0.0239332
0.0239624
0.023914
0.0239097
0.0570815
0.0467904
0.0452186
0.0518886
0.0186254
0.0185722
0.0186396
0.0186732
0.0518326
0.0452575
0.0120081
0.0504955
0.0185863
0.01865
0.0185991
0.0186468
0.0504461
0.0119076
0.0141241
0.117524
0.117524
0.117794
0.13245
0.132754
0.117794
0.0144378
0.131364
0.13165
0.219675
0.21974
0.117239
0.117169
0.131775
0.131607
0.0277922
0.0288098
0.0877597
0.0872579
0.0878663
0.087784
0.0295257
0.0286538
0.0424589
0.0435692
0.0730116
0.0726467
0.0728314
0.0732023
0.0438439
0.043232
0.0571706
0.0581413
0.0586119
0.0583216
0.0584681
0.0587402
0.0585296
0.0575866
0.0720487
0.0734667
0.0448034
0.0435345
0.0435067
0.0441958
0.072463
0.0721076
0.159715
0.175884
0.117916
0.116992
0.116043
0.11701
0.0876661
0.086139
0.0864683
0.174687
0.102741
0.102963
0.102854
0.102611
0.0882182
0.0140313
0.0151823
0.116517
0.130725
0.116517
0.116225
0.131565
0.116225
0.0149197
0.133276
0.132217
0.147472
0.219805
0.2192
0.118094
0.0880354
0.102955
0.0296392
0.0294087
0.0437078
0.0868584
0.0867604
0.0878655
0.073627
0.0297571
0.0444012
0.0441343
0.0585634
0.0720002
0.0720704
0.0734727
0.0587056
0.0437226
0.0593799
0.0586848
0.0727325
0.0571637
0.0577877
0.0591424
0.0444255
0.0587671
0.0749791
0.0731815
0.0868046
0.0422101
0.0440571
0.0444593
0.0295127
0.0730316
0.177112
0.264549
0.278722
0.20571
0.206393
0.207073
0.191753
0.177112
0.0146857
0.0874373
0.116231
0.130554
0.13078
0.13088
0.116231
0.0144153
0.0152404
0.116841
0.13186
0.131587
0.116841
0.117122
0.117122
0.0146268
0.101671
0.100592
0.116323
0.116162
0.188822
0.189155
0.0864311
0.0869632
0.0294945
0.0295361
0.0444402
0.043765
0.0881086
0.0879097
0.0719811
0.0723365
0.0442461
0.0441325
0.0588954
0.0581214
0.0738216
0.0733159
0.058189
0.058098
0.0589612
0.0595411
0.0738827
0.0725211
0.0591246
0.0588676
0.0438101
0.0438127
0.0735559
0.0743091
0.0889229
0.0873446
0.0442794
0.0447245
0.0294035
0.0294381
0.0885554
0.0882607
0.191554
0.190163
0.117413
0.117875
0.103064
0.102669
0.0149995
0.117301
0.117301
0.116765
0.13084
0.131506
0.116765
0.0144084
0.014547
0.116381
0.131331
0.131359
0.131786
0.116381
0.0878317
0.0143477
0.175837
0.19038
0.205713
0.205815
0.205479
0.277166
0.263668
0.175837
0.0732942
0.0292379
0.0446768
0.044747
0.0444627
0.0872882
0.0737509
0.0736478
0.0590072
0.0436463
0.0595948
0.059405
0.0594102
0.0726554
0.0584828
0.0586587
0.0443847
0.0580061
0.0743776
0.0735447
0.0735031
0.0580546
0.0435336
0.0447574
0.0297996
0.0725514
0.0890564
0.0886343
0.0882208
0.0432051
0.0292466
0.0301619
0.102543
0.0874382
0.11784
0.220605
0.220988
0.146596
0.132711
0.13294
0.0151043
0.117437
0.131939
0.117437
0.117712
0.13214
0.117712
0.0151
0.0145635
0.0870369
0.101394
0.102543
0.101398
0.100781
0.175263
0.088226
0.0874235
0.0894663
0.118761
0.119685
0.118745
0.117917
0.176503
0.163234
0.07286
0.0745041
0.0441984
0.0452133
0.044123
0.0439167
0.0726467
0.0737674
0.0578198
0.0597343
0.0595229
0.0595107
0.058722
0.0579212
0.0584256
0.0588962
0.0435778
0.0453901
0.0739884
0.0742502
0.0734251
0.073068
0.0442166
0.0440103
0.0293428
0.0303343
0.0886793
0.0892964
0.0880778
0.0883621
0.0290507
0.0292674
0.132678
0.132742
0.11786
0.117914
0.220798
0.220804
0.1331
0.13235
0.0148183
0.117532
0.131818
0.13191
0.117532
0.117887
0.117887
0.0144361
0.0876098
0.174315
0.188565
0.188406
0.188503
0.189569
0.174315
0.0867049
0.161149
0.0883257
0.116729
0.144858
0.144395
0.147257
0.130224
0.188572
0.0728236
0.0735013
0.0886611
0.0431237
0.0422925
0.0452636
0.0282395
0.0718433
0.0582055
0.0581777
0.0743013
0.0580503
0.0574965
0.0594379
0.0430535
0.0568906
0.0439531
0.0432112
0.0598228
0.0728305
0.0719239
0.0740318
0.0581899
0.0432996
0.0292223
0.0287491
0.0445165
0.0873377
0.0848935
0.0888709
0.0733852
0.029049
0.130419
0.130419
0.145645
0.116194
0.113237
0.21643
0.200732
0.128067
0.0142246
0.118293
0.13299
0.132836
0.132369
0.118293
0.0874945
0.0148296
0.0872033
0.174902
0.102146
0.102717
0.102224
0.102485
0.0876991
0.0143841
0.188551
0.20354
0.115841
0.116273
0.145577
0.145315
0.130666
0.130657
0.0727109
0.07325
0.0863479
0.086867
0.0436463
0.0438491
0.0285229
0.0285498
0.0579333
0.0582722
0.0718294
0.0726658
0.0586093
0.0584039
0.0428151
0.0428558
0.0431705
0.0439557
0.057812
0.0583303
0.0732023
0.0730896
0.056485
0.0580295
0.0285888
0.0290663
0.0431696
0.044695
0.088044
0.0874893
0.0711829
0.0721033
0.131813
0.131632
0.145902
0.146577
0.116966
0.1167
0.202285
0.188804
0.0148478
0.0855843
0.100013
0.100245
0.099802
0.10008
0.172268
0.0866841
0.0141076
0.0881255
0.115262
0.129784
0.130287
0.129962
0.115262
0.0146892
0.130909
0.204926
0.218058
0.116801
0.116309
0.146149
0.130922
0.130998
0.0288193
0.0735837
0.086913
0.0885684
0.087218
0.0445347
0.0296661
0.0294945
0.0435657
0.0592429
0.0722801
0.0740066
0.072918
0.0596503
0.0446326
0.0441386
0.0571143
0.0444619
0.0581925
0.05934
0.058527
0.0738298
0.0593452
0.0593071
0.0719516
0.029855
0.0432138
0.0441221
0.04331
0.0877771
0.0741488
0.0741626
0.188649
0.131683
0.14634
0.146461
0.145969
0.116698
0.0891959
0.163359
0.086802
0.175529
0.190342
0.190908
0.190139
0.190104
0.175529
0.088727
