0.0141076
0.0881255
0.115262
0.129784
0.130287
0.129962
0.115262
0.0146892
0.130909
0.204926
0.218058
0.116801
0.116309
0.146149
0.130922
0.130998
0.0288193
0.0735837
0.086913
0.0885684
0.087218
0.0445347
0.0296661
0.0294945
0.0435657
0.0592429
0.0722801
0.0740066
0.072918
0.0596503
0.0446326
0.0441386
0.0571143
0.0444619
0.0581925
0.05934
0.058527
0.0738298
0.0593452
0.0593071
0.0719516
0.029855
0.0432138
0.0441221
0.04331
0.0877771
0.0741488
0.0741626
0.188649
0.131683
0.14634
0.146461
0.145969
0.116698
0.0891959
0.163359
0.086802
0.175529
0.190342
0.190908
0.190139
0.190104
0.175529
0.088727
