0.0642303
0.0659206
0.0659206
0.0819781
0.0819781
0.0659206
0.0659206
0.00169027
0.134377
0.0735268
0.0160576
0.0321151
0.0321151
0.0160576
0.0160576
0.0177478
0.0608497
0.0583143
0
0.0160576
0.0160576
0
0
0.00169027
0.0447922
0.0422568
0
0.0160576
0.0160576
0
0
0.00169027
0.0287346
0.0270443
0
0.0160576
0.0160576
0.000845135
0
0.00169027
0.012677
0.0118319
0
0.0160576
0.0160576
0.000845135
0
0.00169027
0.0160576
0.0160576
0.0160576
0.0160576
0.0160576
0.0169027
0.0169027
0.0160576
0
0.0135222
0.0135222
0.0135222
0.0135222
0.0135222
0.000845135
0
