0.0208726
0.0708792
0.0650922
0.0928006
0.0731761
0.0849031
0.0471226
0.0495243
0.0234379
0.0378974
0.0294779
0.0368755
0.0304746
0.0377583
0.0230236
0.0273851
0.0253587
0.0350249
0.0297791
0.0347773
0.0311557
0.0345625
0.0249123
0.0244094
0.0274279
0.0311679
0.0329688
0.0337293
0.0320347
0.0307834
0.026396
0.0232812
0.0281456
0.0261032
0.0323756
0.0303646
0.0341153
0.0279339
0.027953
0.0224564
0.030188
0.0237811
0.0335734
0.0290865
0.0347666
0.0258173
0.0292387
0.0212686
0.0318796
0.0215583
0.0348575
0.0279377
0.0364711
0.0236435
0.0305824
0.0203697
0.0556935
0.0539951
0.0915332
0.0753798
0.0969335
0.063357
0.067331
0.0200334
