0.0202881
0.0719621
0.0675344
0.100804
0.0794073
0.0965154
0.0531202
0.0563923
0.0222594
0.0356324
0.028096
0.0375205
0.0288838
0.0383403
0.0246888
0.0319349
0.0238885
0.0335347
0.0293727
0.0354504
0.0303926
0.0362338
0.026226
0.0301391
0.0255838
0.0313774
0.0309701
0.0336738
0.032199
0.0339016
0.0277182
0.0283865
0.0274067
0.0295603
0.0326607
0.0320655
0.0340538
0.032012
0.0292337
0.0268515
0.0294322
0.027426
0.0344498
0.0302575
0.0358445
0.0298654
0.0306206
0.025222
0.031356
0.025469
0.0360091
0.0285242
0.0375576
0.0276408
0.032025
0.0230827
0.056967
0.0575791
0.0943408
0.0787778
0.0992665
0.0653775
0.0680803
0.0208578
