0.0685058
0.18772
0.340944
0.509165
0.679994
0.831022
0.948593
1.01218
1.1148
1.26993
1.459
1.66354
1.87241
2.05902
2.21377
2.31161
2.45089
2.64182
2.86692
3.10575
3.3515
3.57259
3.76311
3.89267
4.06849
4.2935
4.55294
4.82514
5.10575
5.35755
5.58132
5.74376
5.9522
6.20593
6.49338
6.79526
7.11209
7.39779
7.65767
7.8523
8.09885
8.39291
8.72109
9.06111
9.41474
9.73426
10.03
10.2571
10.5422
10.8752
11.2461
11.631
12.0321
12.3949
12.7334
12.9971
13.2497
13.4937
13.7388
13.9801
14.238
14.4763
14.7293
14.9609
4.58286
4.70207
4.8553
5.02352
5.19435
5.34538
5.46295
5.52654
5.62915
5.78429
5.97335
6.17789
6.38677
6.57338
6.72812
6.82596
6.96525
7.15617
7.38127
7.6201
7.86585
8.08694
8.27746
8.40702
8.58284
8.80785
9.0673
9.3395
9.6201
9.8719
10.0957
10.2581
10.4665
10.7203
11.0077
11.3096
11.6264
11.9121
12.172
12.3667
12.6132
12.9073
13.2354
13.5755
13.9291
14.2486
14.5444
14.7715
15.0566
15.3896
15.7605
16.1453
16.5464
16.9093
17.2478
17.5115
17.764
18.008
18.2532
18.4944
18.7523
18.9907
19.2436
19.4753
