0.000208703
0.000979123
0.00085317
0.000820685
0.000859883
0.000865904
0.000975011
0.000268304
0.00102164
0.00114304
0.00107889
0.00106855
0.00109193
0.00109068
0.0011666
0.00116855
0.000496883
0.000619845
0.00052282
0.000474113
0.00051791
0.00051828
0.000597757
0.000557906
0.000485669
0.000626003
0.000528618
0.00048789
0.000487861
0.000504902
0.000598673
0.000534103
0.00044196
0.000614389
0.000536383
0.000494545
0.000509102
0.000505555
0.000606993
0.000529553
0.000447231
0.000581427
0.000511606
0.000483418
0.000484529
0.000458426
0.000585821
0.000521271
0.000816954
0.000991039
0.000892241
0.000874469
0.000890477
0.000869256
0.000965755
0.000859318
0.00020009
0.00106763
0.000871799
0.000855304
0.000835223
0.000800897
0.00100524
0.000229915
