0.0865135
0.313304
0.251394
0.253099
0.250022
0.240317
0.276831
0.074684
0.308645
0.346233
0.288534
0.292201
0.29957
0.278499
0.317776
0.289413
0.174586
0.211466
0.147928
0.15347
0.159533
0.149779
0.183371
0.149742
0.176681
0.204092
0.154036
0.156937
0.153592
0.141779
0.184262
0.155627
0.169312
0.186203
0.141811
0.150402
0.153559
0.134027
0.17933
0.160253
0.171326
0.183412
0.139585
0.151716
0.14726
0.131133
0.177764
0.162715
0.305499
0.312873
0.263752
0.277372
0.27994
0.270283
0.306757
0.29968
0.0734225
0.302989
0.23722
0.236028
0.235747
0.231706
0.281153
0.0689951
