0.000610705
0.00181273
0.00192421
0.000702796
0.000697949
0.00207446
0.00207446
0.00199206
0.00211808
0.00202599
0.0018515
0.0013959
0.000261731
0.00200176
0.00207446
0.00130865
0.250446
0.374523
0.479761
0.257609
0.366674
0.485497
0.551182
0.465861
0.488602
0.578158
0.488346
0.379504
0.251543
0.479497
0.367733
0.254641
0.238913
0.355867
0.488868
0.239867
0.362212
0.486504
0.568723
0.494324
0.49445
0.570287
0.484974
0.363787
0.238525
0.488695
0.357192
0.239518
0.248498
0.364488
0.484058
0.244355
0.374474
0.495981
0.573337
0.498026
0.498051
0.577163
0.488022
0.367827
0.247716
0.483809
0.362183
0.244818
0.223586
0.336412
0.461748
0.215655
0.328893
0.437764
0.522693
0.433927
0.455367
0.521239
0.454739
0.330121
0.216906
0.425583
0.329691
0.218841
0.000610705
0.00181273
0.00192421
0.000702796
0.000697949
0.00207446
0.00207446
0.00199206
0.00211808
0.00202599
0.0018515
0.0013959
0.000261731
0.00200176
0.00207446
0.00130865
0.000610705
0.00181273
0.00192421
0.000702796
0.000697949
0.00207446
0.00207446
0.00199206
0.00211808
0.00202599
0.0018515
0.0013959
0.000261731
0.00200176
0.00207446
0.00130865
0.000610705
0.00181273
0.00192421
0.000702796
0.000697949
0.00207446
0.00207446
0.00199206
0.00211808
0.00202599
0.0018515
0.0013959
0.000261731
0.00200176
0.00207446
0.00130865
0.000610705
0.00181273
0.00192421
0.000702796
0.000697949
0.00207446
0.00207446
0.00199206
0.00211808
0.00202599
0.0018515
0.0013959
0.000261731
0.00200176
0.00207446
0.00130865
0.000610705
0.00181273
0.00192421
0.000702796
0.000697949
0.00207446
0.00207446
0.00199206
0.00211808
0.00202599
0.0018515
0.0013959
0.000261731
0.00200176
0.00207446
0.00130865
0.000610705
0.00181273
0.00192421
0.000702796
0.000697949
0.00207446
0.00207446
0.00199206
0.00211808
0.00202599
0.0018515
0.0013959
0.000261731
0.00200176
0.00207446
0.00130865
0.000610705
0.00181273
0.00192421
0.000702796
0.000697949
0.00207446
0.00207446
0.00199206
0.00211808
0.00202599
0.0018515
0.0013959
0.000261731
0.00200176
0.00207446
0.00130865
0.000697898
0.00175928
0.00196284
0.000741517
0.000697898
0.00210823
0.00210823
0.00203069
0.0021567
0.00205977
0.00197253
0.00136187
0.000174474
0.00204038
0.00211308
0.00113408
0.000697898
0.00175928
0.00196284
0.000741517
0.000697898
0.00210823
0.00210823
0.00203069
0.0021567
0.00205977
0.00197253
0.00136187
0.000174474
0.00204038
0.00211308
0.00113408
0.000697898
0.00175928
0.00196284
0.000741517
0.000697898
0.00210823
0.00210823
0.00203069
0.0021567
0.00205977
0.00197253
0.00136187
0.000174474
0.00204038
0.00211308
0.00113408
0.000697898
0.00175928
0.00196284
0.000741517
0.000697898
0.00210823
0.00210823
0.00203069
0.0021567
0.00205977
0.00197253
0.00136187
0.000174474
0.00204038
0.00211308
0.00113408
0.000697898
0.00175928
0.00196284
0.000741517
0.000697898
0.00210823
0.00210823
0.00203069
0.0021567
0.00205977
0.00197253
0.00136187
0.000174474
0.00204038
0.00211308
0.00113408
0.000697898
0.00175928
0.00196284
0.000741517
0.000697898
0.00210823
0.00210823
0.00203069
0.0021567
0.00205977
0.00197253
0.00136187
0.000174474
0.00204038
0.00211308
0.00113408
0.000697898
0.00175928
0.00196284
0.000741517
0.000697898
0.00210823
0.00210823
0.00203069
0.0021567
0.00205977
0.00197253
0.00136187
0.000174474
0.00204038
0.00211308
0.00113408
0.255688
0.370958
0.479759
0.252489
0.364439
0.495025
0.569364
0.493267
0.496533
0.581518
0.492393
0.379236
0.246625
0.479495
0.366453
0.251702
0.223633
0.336384
0.461632
0.215525
0.32876
0.437711
0.522584
0.43386
0.455309
0.521229
0.454738
0.330139
0.216781
0.425514
0.329565
0.218811
0.241684
0.35608
0.488868
0.240287
0.362548
0.486953
0.569134
0.494324
0.49445
0.570663
0.483659
0.363561
0.239098
0.488695
0.356222
0.239292
0.241684
0.35608
0.488868
0.240287
0.362548
0.486953
0.569134
0.494324
0.49445
0.570663
0.483659
0.363561
0.239098
0.488695
0.356222
0.239292
0.000697898
0.00175928
0.00196284
0.000741517
0.000697898
0.00210823
0.00210823
0.00203069
0.0021567
0.00205977
0.00197253
0.00136187
0.000174474
0.00204038
0.00211308
0.00113408
0.255462
0.371332
0.479758
0.252729
0.364796
0.495378
0.569695
0.493626
0.496645
0.58137
0.492313
0.379238
0.247374
0.479494
0.365644
0.25174
0.262797
0.362024
0.462349
0.246888
0.354306
0.470401
0.541592
0.463033
0.476758
0.56182
0.475705
0.364386
0.245396
0.462188
0.353238
0.24462
0.223633
0.336384
0.461632
0.215525
0.32876
0.437711
0.522584
0.43386
0.455309
0.521229
0.454738
0.330139
0.216781
0.425514
0.329565
0.218811
0.241684
0.35608
0.488868
0.240287
0.362548
0.486953
0.569134
0.494324
0.49445
0.570663
0.483659
0.363561
0.239098
0.488695
0.356222
0.239292
0.262183
0.332028
0.48301
0.2494
0.390329
0.518993
0.62198
0.49811
0.498266
0.613454
0.536922
0.385026
0.238487
0.482568
0.334591
0.232224
0.260811
0.364378
0.484061
0.24417
0.373281
0.495461
0.574285
0.498076
0.498055
0.577363
0.488323
0.36766
0.247465
0.483869
0.362454
0.245697
0.255305
0.372546
0.479759
0.251819
0.363132
0.49226
0.564126
0.487311
0.4965
0.581253
0.49059
0.378032
0.246506
0.479494
0.36589
0.251531
0.045093
0.0963752
0.149426
0.157383
0.175951
0.170646
0.147657
0.0380196
0.178309
0.220455
0.235191
0.23077
0.232538
0.217507
0.184498
0.125848
0.0512822
0.0539347
0.060124
0.0671974
0.0557031
0.0689657
0.0430299
0.0604187
0.0468613
0.0442088
0.0539347
0.060124
0.0486297
0.0627765
0.0359565
0.0533453
0.035367
0.0415563
0.0468613
0.0521664
0.0442088
0.0557031
0.0315356
0.047156
0.0291778
0.0371354
0.0433246
0.0433246
0.0389037
0.0521664
0.023578
0.0433246
0.0468613
0.0778075
0.0990277
0.105217
0.113175
0.104333
0.0786917
0.0459771
0.0159152
0.0459771
0.0822284
0.0866492
0.0972593
0.0848809
0.0486297
0.0176835
0
0
0
0
0
0
0
0
0
0
0
0
0
0
0
0
0
0
0
0
0
0
0
0
0
0
0
0
0
0
0
0
0
0
0
0
0
0
0
0
0
0
0
0
0
0
0
0
0
0
0
0
0
0
0
0
0
0
0
0
0
0
0
0
0
0
0
0
0
0
0
0
0
0
0
0
0
0
0
0
0
0
0
0
0
0
0
0
0
0
0
0
0
0
0
0
0
0
0
0
0
0
0
0
0
0
0
0
0
0
0
0
0
0
0
0
0
0
0
0
0
0
0
0
0
0
0
0
0
0
0
0
0
0
0
0
0
0
0
0
0
0
0
0
0
0
0
0
0
0
0
0
0
0
0
0
0
0
0
0
0
0
0
0
0
0
0
0
0
0
0
0
0
0
0
0
0
0
0
0
0
0
0
0
0
0
0
0
0
0
0
0
0
0
0
0
0
0
0
0
0
0
0
0
0
0
0
0
0
0
0
0
0
0
0
0
0
0
0
0
0
0
0
0
0
0
0
0
0
0
0
0
0
0
0
0
0
0
0
0
0
0
0
0
0
0
0
0
0
0
0
0
0
0
0
0
0
0
0
0
0
0
0
0
0
0
0
0
0
0
0
0
0
0
0
0
0
0
0
0
0
0
0
0
0
0
0
0
0
0
0
0
0
0
0
0
0
0
0
0
0
0
0
0
0
0
0
0
0
0
0
0
0
0
0
0
0
0
0
0
0.0417559
0.0572805
0.103319
0.111349
0.127409
0.108137
0.0642398
0.0256959
0.0835118
0.124732
0.135974
0.13758
0.144004
0.130086
0.107066
0.0888651
0.0433619
0.0353319
0.0273019
0.0465739
0.0337259
0.0487152
0.0256959
0.0380086
0.0465739
0.0289079
0.0289079
0.0417559
0.0321199
0.0465739
0.0256959
0.0347966
0.0385439
0.0321199
0.0289079
0.0385439
0.0321199
0.0465739
0.0256959
0.0347966
0.0353319
0.0337259
0.0337259
0.0369379
0.0321199
0.0465739
0.0208779
0.0364026
0.0481799
0.0845824
0.0894004
0.10546
0.0974304
0.0990364
0.0690578
0.0481799
0.01606
0.0642398
0.102784
0.118844
0.117238
0.109208
0.0626338
0.0208779
0.0418455
0.0579399
0.102468
0.110515
0.126609
0.107296
0.0643777
0.0252146
0.083691
0.123927
0.135193
0.136803
0.14324
0.128755
0.106223
0.0853004
0.0434549
0.0354077
0.0273605
0.0466738
0.0337983
0.0482833
0.0257511
0.0364807
0.0466738
0.02897
0.02897
0.0402361
0.0321888
0.0450644
0.0257511
0.0332618
0.0386266
0.0321888
0.02897
0.0386266
0.0321888
0.0450644
0.0257511
0.0337983
0.0354077
0.0337983
0.0337983
0.0370172
0.0321888
0.0450644
0.0209227
0.0354077
0.0482833
0.083691
0.0885193
0.104614
0.0965665
0.098176
0.069206
0.0482833
0.0160944
0.0643777
0.103004
0.119099
0.117489
0.109442
0.0627682
0.0209227
0.0410959
0.0712329
0.119178
0.123744
0.145662
0.130594
0.0794521
0.0328767
0.0972603
0.139726
0.158904
0.160731
0.172603
0.158904
0.131507
0.0890411
0.0424658
0.0383562
0.0410959
0.0525114
0.0369863
0.0561644
0.030137
0.0479452
0.0452055
0.0328767
0.0410959
0.0511416
0.0356164
0.0561644
0.0287671
0.0465753
0.0369863
0.0342466
0.039726
0.0456621
0.0356164
0.0561644
0.0287671
0.0479452
0.0342466
0.0342466
0.0438356
0.0424658
0.0342466
0.0589041
0.0246575
0.0465753
0.0671233
0.0968037
0.118721
0.127397
0.130594
0.125114
0.0894977
0.0607306
0.0191781
0.0575342
0.106393
0.116438
0.127397
0.113699
0.0726027
0.0178082
0.0425435
0.0713632
0.119396
0.123971
0.145929
0.130833
0.0823422
0.0329369
0.0974382
0.141354
0.160567
0.162397
0.174291
0.160567
0.13312
0.0905764
0.0425435
0.0384263
0.0411711
0.0526075
0.037054
0.0562672
0.0301921
0.0480329
0.0452882
0.0329369
0.0411711
0.0512351
0.0356816
0.0562672
0.0288198
0.0452882
0.037054
0.0343092
0.0397987
0.0457457
0.0356816
0.0567246
0.0288198
0.0466606
0.0343092
0.0343092
0.0439158
0.0439158
0.0343092
0.0594694
0.0247027
0.0452882
0.0658737
0.0965233
0.117109
0.126715
0.129918
0.124428
0.0882891
0.0590119
0.0192132
0.0576395
0.107045
0.116651
0.12763
0.113907
0.0727356
0.0178408
0.0371445
0.0626814
0.116077
0.119559
0.138131
0.139292
0.124202
0.0307603
0.131747
0.175856
0.186303
0.183401
0.188624
0.178758
0.148578
0.102728
0.0510737
0.0533952
0.0562972
0.0603598
0.0528149
0.0644225
0.0359837
0.0557168
0.0481718
0.0446895
0.0533952
0.0539756
0.0475914
0.0597795
0.0307603
0.0510737
0.0388857
0.0429483
0.0499129
0.0487522
0.0458503
0.0533952
0.0290192
0.0446895
0.0359837
0.0412072
0.0499129
0.0446895
0.0429483
0.0522345
0.0255369
0.0435287
0.0957632
0.126524
0.139872
0.133488
0.134068
0.122848
0.0932482
0.0675179
0.01509
0.0377249
0.0690656
0.0725479
0.0841555
0.0806732
0.062101
0.0179919
0.0501867
0.110082
0.165945
0.169529
0.183869
0.183719
0.15997
0.042121
0.155489
0.215982
0.230919
0.228081
0.231665
0.222704
0.195071
0.135474
0.0681105
0.074832
0.0857356
0.0864824
0.0743839
0.079761
0.0552651
0.0721434
0.0631815
0.0676624
0.0790142
0.0802091
0.0663181
0.070351
0.0440627
0.0618372
0.0506348
0.0591486
0.0669156
0.0681105
0.0563107
0.0618372
0.0373413
0.0497386
0.0434653
0.0506348
0.0606423
0.0595967
0.0504854
0.0573562
0.0351008
0.04705
0.120986
0.15056
0.163704
0.160568
0.155937
0.148021
0.123077
0.0848394
0.0210605
0.0645258
0.0899178
0.0970874
0.106049
0.101718
0.0833458
0.0219567
0.0435218
0.0690345
0.113057
0.122061
0.143072
0.125063
0.0750375
0.0310155
0.0915458
0.136068
0.151076
0.154077
0.164582
0.148074
0.122561
0.090045
0.0450225
0.0385193
0.0355178
0.0510255
0.0390195
0.0510255
0.030015
0.0445223
0.048024
0.0325163
0.0355178
0.0450225
0.0375188
0.0490245
0.0285143
0.04002
0.0390195
0.034017
0.034017
0.0405203
0.0375188
0.0490245
0.0285143
0.0385193
0.036018
0.0345173
0.0385193
0.0375188
0.036018
0.0505253
0.024012
0.0370185
0.0510255
0.0850425
0.094047
0.106053
0.101551
0.10005
0.0705353
0.048024
0.018009
0.06003
0.102051
0.115558
0.117059
0.106553
0.0645323
0.0195098
0.0435218
0.0690345
0.117559
0.125063
0.146073
0.128064
0.0750375
0.0315158
0.0930465
0.136568
0.152076
0.153077
0.165083
0.150075
0.123062
0.0915458
0.0435218
0.0390195
0.0365183
0.0510255
0.0390195
0.054027
0.030015
0.0455228
0.0465233
0.0330165
0.0365183
0.0495248
0.0375188
0.0555278
0.0285143
0.0405203
0.0390195
0.0345173
0.0350175
0.0450225
0.0375188
0.0535268
0.0285143
0.0390195
0.036018
0.0345173
0.0395198
0.042021
0.036018
0.0550275
0.024012
0.0375188
0.0585293
0.0895448
0.10055
0.115058
0.107554
0.106053
0.072036
0.0495248
0.018009
0.06003
0.103552
0.118559
0.12006
0.109555
0.066033
0.0195098
0.0435218
0.0690345
0.117559
0.125563
0.146573
0.128564
0.0750375
0.0315158
0.0935468
0.138069
0.153577
0.154577
0.165583
0.150575
0.123562
0.090045
0.0450225
0.0390195
0.0365183
0.0510255
0.0390195
0.054027
0.030015
0.0450225
0.048024
0.0330165
0.0365183
0.0450225
0.0375188
0.0550275
0.0285143
0.0405203
0.0390195
0.0345173
0.0350175
0.0405203
0.0375188
0.0550275
0.0285143
0.0390195
0.036018
0.0345173
0.0395198
0.0375188
0.036018
0.058029
0.024012
0.0375188
0.0585293
0.0925463
0.103552
0.113557
0.109055
0.107554
0.0705353
0.0495248
0.018009
0.06003
0.103052
0.115558
0.117059
0.106553
0.0630315
0.0195098
0.042021
0.0690345
0.114057
0.123062
0.144072
0.126063
0.0735368
0.0310155
0.0915458
0.132566
0.150075
0.151576
0.163082
0.148074
0.122561
0.090045
0.0435218
0.0365183
0.036018
0.0510255
0.0390195
0.0525263
0.030015
0.0445223
0.0465233
0.0305153
0.036018
0.0455228
0.0375188
0.0510255
0.0285143
0.04002
0.0390195
0.032016
0.0345173
0.0410205
0.0375188
0.0495248
0.0285143
0.0385193
0.036018
0.0345173
0.0390195
0.038019
0.036018
0.0510255
0.024012
0.0370185
0.0510255
0.0855428
0.096048
0.107054
0.102051
0.10055
0.0705353
0.048024
0.018009
0.06003
0.102051
0.116058
0.117559
0.107054
0.0645323
0.0195098
0.0435218
0.0690345
0.117059
0.125563
0.146573
0.128564
0.0750375
0.0315158
0.0915458
0.136568
0.151576
0.152576
0.164582
0.149575
0.124062
0.090045
0.0450225
0.0390195
0.036018
0.0505253
0.0390195
0.0525263
0.030015
0.0450225
0.048024
0.0330165
0.036018
0.0445223
0.0375188
0.0510255
0.0285143
0.0405203
0.0390195
0.0345173
0.0345173
0.0405203
0.0375188
0.0510255
0.0285143
0.0390195
0.036018
0.0345173
0.0390195
0.0375188
0.036018
0.0525263
0.024012
0.0375188
0.0555278
0.0870435
0.0975488
0.108054
0.103552
0.102051
0.0705353
0.0495248
0.018009
0.06003
0.102551
0.115558
0.117059
0.106553
0.0630315
0.0195098
0.0435218
0.0690345
0.114557
0.123062
0.144072
0.126063
0.072036
0.0315158
0.0915458
0.132066
0.150575
0.153077
0.164082
0.149075
0.123562
0.090045
0.0450225
0.0345173
0.0365183
0.0525263
0.0390195
0.0525263
0.030015
0.0450225
0.048024
0.0285143
0.0365183
0.0475238
0.0375188
0.0525263
0.0285143
0.0405203
0.0390195
0.030015
0.0350175
0.0430215
0.0375188
0.0525263
0.0285143
0.0390195
0.036018
0.0345173
0.0395198
0.04002
0.036018
0.054027
0.024012
0.0375188
0.0555278
0.0885443
0.0995498
0.110555
0.105053
0.103552
0.0705353
0.0495248
0.018009
0.06003
0.102551
0.116558
0.118059
0.107554
0.066033
0.0195098
0.0435218
0.0690345
0.117059
0.125563
0.146573
0.128564
0.0750375
0.0315158
0.0915458
0.136568
0.153077
0.154577
0.165083
0.150075
0.123062
0.090045
0.0450225
0.0390195
0.0375188
0.0510255
0.0390195
0.0525263
0.030015
0.0455228
0.048024
0.0330165
0.0375188
0.0455228
0.0375188
0.0510255
0.0285143
0.0405203
0.0390195
0.0345173
0.036018
0.0410205
0.0375188
0.0510255
0.0285143
0.0390195
0.036018
0.0345173
0.0405203
0.038019
0.036018
0.0510255
0.024012
0.0375188
0.054027
0.0855428
0.096048
0.107054
0.102051
0.10055
0.0705353
0.0495248
0.018009
0.06003
0.102551
0.116058
0.117559
0.107054
0.0645323
0.0195098
0.0435218
0.0690345
0.117559
0.126063
0.147074
0.129065
0.0750375
0.0315158
0.0915458
0.136568
0.153077
0.154077
0.164582
0.149575
0.124062
0.0930465
0.0450225
0.0390195
0.0375188
0.0510255
0.0390195
0.0525263
0.030015
0.0450225
0.048024
0.0330165
0.0375188
0.0495248
0.0375188
0.0510255
0.0285143
0.0405203
0.0390195
0.036018
0.036018
0.0450225
0.0375188
0.0510255
0.0285143
0.0390195
0.036018
0.036018
0.0405203
0.042021
0.036018
0.0525263
0.024012
0.0375188
0.0555278
0.0885443
0.0995498
0.114057
0.106553
0.105053
0.0735368
0.0510255
0.018009
0.06003
0.102551
0.118559
0.12006
0.109555
0.066033
0.0195098
0.0501942
0.109949
0.16582
0.169405
0.183747
0.183747
0.159994
0.0421273
0.155512
0.216014
0.230953
0.228115
0.231551
0.222737
0.194951
0.135345
0.0681207
0.0748431
0.0857484
0.0864954
0.0742456
0.0797729
0.055124
0.0721542
0.0631909
0.0676725
0.079026
0.0802211
0.0661787
0.0703615
0.0439199
0.0618464
0.0506424
0.0591575
0.0669256
0.0681207
0.0563191
0.0618464
0.0371975
0.049746
0.0434718
0.0506424
0.0606513
0.0596056
0.050493
0.0573648
0.0349567
0.0470571
0.121004
0.150583
0.163729
0.160592
0.155961
0.148043
0.122946
0.0847027
0.0210636
0.0645354
0.0899313
0.0971019
0.106065
0.101733
0.0833582
0.02196
0.0650501
0.195952
0.250191
0.251052
0.244577
0.242111
0.19723
0.0645155
0.197061
0.272329
0.303191
0.301617
0.297815
0.30034
0.268438
0.197606
0.0987337
0.0960604
0.124962
0.125823
0.124694
0.126892
0.0931791
0.0969019
0.0946643
0.0998921
0.127041
0.129803
0.125348
0.127902
0.0945158
0.0988327
0.0948128
0.0999812
0.127576
0.128585
0.125348
0.128378
0.0947831
0.0970208
0.0973673
0.0978128
0.128496
0.13109
0.12508
0.128942
0.0960901
0.0984168
0.198487
0.274112
0.305508
0.307142
0.302052
0.298666
0.272646
0.196507
0.0595847
0.192032
0.240686
0.245438
0.247636
0.248765
0.194764
0.060456
0.059555
0.189507
0.244973
0.240517
0.239983
0.237398
0.192923
0.0630303
0.190556
0.261587
0.297458
0.291726
0.2943
0.293854
0.266557
0.193428
0.0923474
0.0921791
0.124397
0.121823
0.125318
0.12315
0.0947831
0.0953178
0.0893474
0.0921197
0.125496
0.122922
0.125823
0.123803
0.0968029
0.0952287
0.0885157
0.0922088
0.125734
0.122506
0.12615
0.121397
0.0975158
0.0943376
0.0908623
0.0919712
0.128249
0.123694
0.125823
0.121278
0.0977831
0.0954069
0.193853
0.266854
0.301983
0.298755
0.297656
0.286934
0.270151
0.19321
0.0572976
0.186834
0.236161
0.237448
0.243953
0.239824
0.189091
0.0597927
0.059555
0.189507
0.244973
0.240517
0.239983
0.237398
0.192923
0.0630303
0.190556
0.261587
0.297458
0.291726
0.2943
0.293854
0.266557
0.193428
0.0923474
0.0921791
0.124397
0.121823
0.125318
0.12315
0.0947831
0.0953178
0.0893474
0.0921197
0.125496
0.122922
0.125823
0.123803
0.0968029
0.0952287
0.0885157
0.0922088
0.125734
0.122506
0.12615
0.121397
0.0975158
0.0943376
0.0908623
0.0919712
0.128249
0.123694
0.125823
0.121278
0.0977831
0.0954069
0.193853
0.266854
0.301983
0.298755
0.297656
0.286934
0.270151
0.19321
0.0572976
0.186834
0.236161
0.237448
0.243953
0.239824
0.189091
0.0597927
0.059555
0.189507
0.244973
0.240517
0.239983
0.237398
0.192923
0.0630303
0.190556
0.261587
0.297458
0.291726
0.2943
0.293854
0.266557
0.193428
0.0923474
0.0921791
0.124397
0.121823
0.125318
0.12315
0.0947831
0.0953178
0.0893474
0.0921197
0.125496
0.122922
0.125823
0.123803
0.0968029
0.0952287
0.0885157
0.0922088
0.125734
0.122506
0.12615
0.121397
0.0975158
0.0943376
0.0908623
0.0919712
0.128249
0.123694
0.125823
0.121278
0.0977831
0.0954069
0.193853
0.266854
0.301983
0.298755
0.297656
0.286934
0.270151
0.19321
0.0572976
0.186834
0.236161
0.237448
0.243953
0.239824
0.189091
0.0597927
0.059555
0.189507
0.244973
0.240517
0.239983
0.237398
0.192923
0.0630303
0.190556
0.261587
0.297458
0.291726
0.2943
0.293854
0.266557
0.193428
0.0923474
0.0921791
0.124397
0.121823
0.125318
0.12315
0.0947831
0.0953178
0.0893474
0.0921197
0.125496
0.122922
0.125823
0.123803
0.0968029
0.0952287
0.0885157
0.0922088
0.125734
0.122506
0.12615
0.121397
0.0975158
0.0943376
0.0908623
0.0919712
0.128249
0.123694
0.125823
0.121278
0.0977831
0.0954069
0.193853
0.266854
0.301983
0.298755
0.297656
0.286934
0.270151
0.19321
0.0572976
0.186834
0.236161
0.237448
0.243953
0.239824
0.189091
0.0597927
0.059555
0.189507
0.244973
0.240517
0.239983
0.237398
0.192923
0.0630303
0.190556
0.261587
0.297458
0.291726
0.2943
0.293854
0.266557
0.193428
0.0923474
0.0921791
0.124397
0.121823
0.125318
0.12315
0.0947831
0.0953178
0.0893474
0.0921197
0.125496
0.122922
0.125823
0.123803
0.0968029
0.0952287
0.0885157
0.0922088
0.125734
0.122506
0.12615
0.121397
0.0975158
0.0943376
0.0908623
0.0919712
0.128249
0.123694
0.125823
0.121278
0.0977831
0.0954069
0.193853
0.266854
0.301983
0.298755
0.297656
0.286934
0.270151
0.19321
0.0572976
0.186834
0.236161
0.237448
0.243953
0.239824
0.189091
0.0597927
0.059555
0.189507
0.244973
0.240517
0.239983
0.237398
0.192923
0.0630303
0.190556
0.261587
0.297458
0.291726
0.2943
0.293854
0.266557
0.193428
0.0923474
0.0921791
0.124397
0.121823
0.125318
0.12315
0.0947831
0.0953178
0.0893474
0.0921197
0.125496
0.122922
0.125823
0.123803
0.0968029
0.0952287
0.0885157
0.0922088
0.125734
0.122506
0.12615
0.121397
0.0975158
0.0943376
0.0908623
0.0919712
0.128249
0.123694
0.125823
0.121278
0.0977831
0.0954069
0.193853
0.266854
0.301983
0.298755
0.297656
0.286934
0.270151
0.19321
0.0572976
0.186834
0.236161
0.237448
0.243953
0.239824
0.189091
0.0597927
0.0930306
0.275042
0.334657
0.329934
0.31432
0.306161
0.232398
0.0931791
0.233834
0.336053
0.372707
0.369816
0.348954
0.347419
0.336162
0.237864
0.134972
0.123239
0.157992
0.160002
0.135774
0.130308
0.129031
0.132001
0.136813
0.132358
0.16515
0.16814
0.136427
0.129457
0.128823
0.132783
0.135744
0.129922
0.164556
0.167754
0.136823
0.129813
0.129477
0.131833
0.133724
0.130308
0.167764
0.168259
0.137586
0.12815
0.125526
0.127734
0.240715
0.341211
0.38235
0.38639
0.359598
0.345548
0.334518
0.2372
0.0874761
0.229755
0.310815
0.321092
0.318597
0.321122
0.272716
0.0827929
0.135962
0.273131
0.335449
0.326894
0.312676
0.304082
0.232666
0.092793
0.233359
0.331835
0.369974
0.365162
0.347667
0.345607
0.334231
0.237388
0.134734
0.121872
0.158942
0.159091
0.136219
0.129922
0.128259
0.130279
0.137734
0.130783
0.16512
0.167616
0.137051
0.129259
0.128704
0.130991
0.136397
0.128585
0.163546
0.167972
0.136912
0.129467
0.129863
0.130724
0.134853
0.130486
0.166665
0.168655
0.13714
0.127179
0.126001
0.126566
0.239775
0.340479
0.382004
0.386014
0.35931
0.34431
0.335498
0.237963
0.0879217
0.2332
0.313785
0.32234
0.320082
0.321865
0.2723
0.0822582
0.174814
0.268696
0.331251
0.326974
0.314538
0.306468
0.236567
0.0914464
0.236893
0.340221
0.37836
0.376261
0.35339
0.349786
0.341092
0.240022
0.133506
0.125348
0.158536
0.163427
0.136655
0.130833
0.128873
0.131288
0.135249
0.133863
0.165229
0.171705
0.137368
0.129922
0.128477
0.132645
0.132793
0.131645
0.165982
0.173606
0.137605
0.128774
0.129942
0.13312
0.132437
0.132675
0.168992
0.174081
0.138536
0.126556
0.126655
0.130467
0.242715
0.345528
0.383826
0.391311
0.362261
0.345964
0.336914
0.239745
0.0857434
0.236052
0.318726
0.326845
0.323993
0.323558
0.268824
0.0827236
0.119051
0.263329
0.334102
0.311825
0.311369
0.296755
0.240101
0.125823
0.244319
0.36533
0.386519
0.373964
0.348954
0.343013
0.360875
0.247131
0.147388
0.137586
0.151308
0.146912
0.101407
0.107229
0.1381
0.168774
0.162002
0.148635
0.158972
0.154754
0.103011
0.107585
0.133823
0.168061
0.162002
0.143823
0.155586
0.151625
0.101942
0.107961
0.13311
0.168596
0.162714
0.141001
0.159685
0.151447
0.103011
0.109922
0.122773
0.161823
0.248577
0.354093
0.386707
0.369954
0.338944
0.328627
0.342805
0.242963
0.0946346
0.237408
0.32331
0.322775
0.312261
0.307983
0.263082
0.0962386
0.12004
0.204068
0.28076
0.232744
0.268756
0.238746
0.189396
0.096032
0.186062
0.260754
0.282094
0.282094
0.33011
0.296099
0.228076
0.192731
0.114038
0.0926976
0.09003
0.114038
0.096032
0.134045
0.048016
0.102034
0.12004
0.0566856
0.09003
0.084028
0.096032
0.152051
0.042014
0.0856952
0.12004
0.0650217
0.09003
0.078026
0.096032
0.134045
0.042014
0.0860287
0.102034
0.0563521
0.096032
0.0773591
0.09003
0.122041
0.03001
0.0740247
0.192064
0.232077
0.286095
0.285428
0.292097
0.258086
0.172057
0.187396
0.06002
0.192064
0.258419
0.251751
0.239747
0.209737
0.204068
0.0363454
0.0706938
0.267923
0.321528
0.310053
0.325924
0.310082
0.24121
0.166734
0.241181
0.370786
0.357023
0.327518
0.341172
0.343746
0.375568
0.24224
0.167012
0.145645
0.156536
0.102179
0.106734
0.106239
0.174616
0.159309
0.185626
0.138714
0.149209
0.110298
0.114655
0.0945554
0.155506
0.155546
0.198002
0.126833
0.141586
0.115843
0.121783
0.0892088
0.144516
0.165388
0.218854
0.123467
0.134655
0.121981
0.12515
0.0812879
0.129071
0.16321
0.24123
0.35937
0.357885
0.33234
0.343033
0.307884
0.335766
0.24022
0.222121
0.24127
0.312736
0.298082
0.303429
0.296102
0.267201
0.0251488
0.082553
0.264842
0.279116
0.268388
0.294572
0.280935
0.228384
0.110374
0.219111
0.367761
0.305482
0.251841
0.289845
0.316211
0.354396
0.219656
0.126375
0.145922
0.16547
0.0636421
0.089099
0.101827
0.201837
0.103464
0.165651
0.117738
0.138194
0.0800073
0.114556
0.0854623
0.148195
0.139467
0.226384
0.0931903
0.117283
0.101827
0.128193
0.0654605
0.106373
0.152196
0.26457
0.055005
0.0772798
0.121829
0.145468
0.0518229
0.0909174
0.161287
0.219293
0.259478
0.259478
0.286753
0.324939
0.255841
0.249477
0.218747
0.262751
0.219565
0.241658
0.246204
0.277116
0.263478
0.249477
0.0145468
0.082553
0.264842
0.279116
0.268388
0.294572
0.280935
0.228384
0.110374
0.219111
0.367761
0.305482
0.251841
0.289845
0.316211
0.354396
0.219656
0.126375
0.145922
0.16547
0.0636421
0.089099
0.101827
0.201837
0.103464
0.165651
0.117738
0.138194
0.0800073
0.114556
0.0854623
0.148195
0.139467
0.226384
0.0931903
0.117283
0.101827
0.128193
0.0654605
0.106373
0.152196
0.26457
0.055005
0.0772798
0.121829
0.145468
0.0518229
0.0909174
0.161287
0.219293
0.259478
0.259478
0.286753
0.324939
0.255841
0.249477
0.218747
0.262751
0.219565
0.241658
0.246204
0.277116
0.263478
0.249477
0.0145468
0.0872807
0.251659
0.29239
0.288754
0.300573
0.293299
0.22402
0.145468
0.223475
0.355123
0.339667
0.296027
0.306028
0.31421
0.346031
0.22402
0.16456
0.132376
0.167833
0.0900082
0.0927357
0.0963724
0.193654
0.132103
0.189108
0.104191
0.14965
0.103646
0.109828
0.089099
0.17547
0.142104
0.210928
0.0978271
0.130921
0.116374
0.130739
0.0745522
0.148195
0.143922
0.23093
0.0763706
0.104555
0.128193
0.137103
0.0654605
0.118193
0.145741
0.223748
0.275752
0.295754
0.313028
0.327393
0.258478
0.287572
0.223293
0.225475
0.223929
0.26366
0.250023
0.26166
0.249841
0.244931
0.00545504
0.0845531
0.251659
0.300573
0.288754
0.316938
0.296936
0.22402
0.136376
0.223475
0.337303
0.333667
0.28639
0.305482
0.322757
0.359669
0.22402
0.161833
0.111828
0.156378
0.0900082
0.0963724
0.102737
0.187835
0.115465
0.196381
0.0990999
0.136376
0.106373
0.112738
0.0900082
0.172743
0.121193
0.220929
0.083644
0.121829
0.129103
0.120011
0.0727339
0.149104
0.130285
0.231657
0.0754614
0.104555
0.146377
0.128193
0.0609146
0.125466
0.129375
0.223748
0.293936
0.291208
0.304846
0.307573
0.255751
0.27848
0.223293
0.234385
0.223929
0.259842
0.264388
0.264388
0.257114
0.244931
0.0100009
0.152741
0.234203
0.32512
0.299664
0.332576
0.300755
0.222384
0.110919
0.241022
0.362124
0.393763
0.36376
0.362124
0.351214
0.320302
0.251659
0.171834
0.142649
0.142558
0.139831
0.101827
0.140013
0.0875534
0.130012
0.17547
0.144468
0.148195
0.131648
0.100827
0.14274
0.0811892
0.141831
0.160015
0.147104
0.143649
0.120011
0.0999182
0.13183
0.0848259
0.148195
0.15365
0.145831
0.13183
0.109646
0.103555
0.130921
0.0711883
0.140922
0.252477
0.368852
0.387126
0.363124
0.368943
0.353578
0.286572
0.226839
0.0663697
0.209928
0.279571
0.270479
0.291754
0.281753
0.234112
0.0809164
0.157287
0.234203
0.319665
0.286935
0.325302
0.298936
0.222384
0.116374
0.241022
0.360305
0.395581
0.359214
0.363942
0.351214
0.316665
0.251659
0.170925
0.145377
0.141649
0.132558
0.104555
0.144559
0.0875534
0.13183
0.17547
0.148104
0.149923
0.126193
0.103646
0.143649
0.0811892
0.143649
0.163651
0.148013
0.147195
0.114556
0.100918
0.136376
0.0820984
0.146377
0.152741
0.144377
0.134467
0.106373
0.101827
0.132739
0.0693699
0.140013
0.252477
0.363397
0.386581
0.356305
0.362669
0.349941
0.278389
0.226839
0.068188
0.209928
0.28048
0.272661
0.290845
0.28448
0.234112
0.0781889
0.158196
0.234203
0.322575
0.289663
0.324393
0.2953
0.222384
0.111828
0.241022
0.363033
0.396672
0.357214
0.353941
0.345759
0.314847
0.251659
0.173652
0.147195
0.147286
0.131466
0.100918
0.140013
0.0919174
0.129103
0.177289
0.150832
0.153559
0.12783
0.100827
0.141831
0.0830075
0.141831
0.163651
0.150741
0.151832
0.115283
0.0980998
0.135467
0.0830075
0.143649
0.15456
0.14765
0.14274
0.102555
0.101737
0.13183
0.0693699
0.138194
0.252477
0.368852
0.394763
0.35876
0.366215
0.348123
0.282935
0.226839
0.0700064
0.209928
0.283208
0.271752
0.294481
0.28448
0.234112
0.0790981
0.194745
0.222748
0.324029
0.307664
0.35676
0.312574
0.215656
0.115647
0.23884
0.37558
0.400127
0.369306
0.382398
0.348032
0.313483
0.263115
0.184926
0.171288
0.120829
0.135831
0.1031
0.138558
0.0914629
0.130375
0.191472
0.153287
0.130648
0.127648
0.1031
0.137467
0.0849168
0.123829
0.170197
0.15656
0.119193
0.116192
0.0981907
0.129284
0.0914629
0.127102
0.166924
0.15165
0.114283
0.1031
0.0965542
0.129284
0.0849168
0.115647
0.286117
0.393399
0.38549
0.379216
0.37758
0.380853
0.315665
0.24384
0.0782798
0.192654
0.263024
0.271206
0.272843
0.267479
0.215747
0.0583689
0.193108
0.222748
0.328939
0.310937
0.35676
0.31421
0.215656
0.112374
0.23884
0.380489
0.398491
0.361124
0.374216
0.349668
0.31512
0.263115
0.180016
0.174561
0.124102
0.135831
0.0998273
0.14074
0.0930994
0.122193
0.186562
0.154923
0.133921
0.129284
0.0965542
0.139104
0.0881898
0.123829
0.163651
0.153287
0.122466
0.117829
0.0900082
0.130921
0.0914629
0.125466
0.155469
0.146741
0.112647
0.104737
0.0932812
0.129284
0.0849168
0.117283
0.286117
0.395036
0.392036
0.384126
0.371034
0.374307
0.314029
0.24384
0.0782798
0.192654
0.254841
0.271206
0.271206
0.265842
0.215747
0.0583689
0.171437
0.248155
0.346636
0.318539
0.325063
0.29849
0.225725
0.112291
0.24025
0.377208
0.399495
0.370018
0.348921
0.330063
0.326635
0.252869
0.186771
0.17058
0.164579
0.149674
0.114863
0.110291
0.0991
0.130863
0.198771
0.173151
0.167151
0.146245
0.111434
0.109434
0.0870994
0.118006
0.186009
0.157722
0.169722
0.14515
0.103719
0.111148
0.0956712
0.122292
0.199724
0.157722
0.168865
0.146007
0.101148
0.106005
0.0870994
0.11372
0.26287
0.391447
0.418877
0.402019
0.366589
0.337445
0.308967
0.241345
0.104576
0.218058
0.315825
0.31611
0.29949
0.286633
0.247774
0.0600029
0.169722
0.248155
0.321777
0.303967
0.313777
0.283109
0.225725
0.113482
0.24025
0.369446
0.384018
0.363541
0.338016
0.330492
0.339064
0.252869
0.182723
0.150007
0.139721
0.15096
0.1101
0.121434
0.130006
0.143483
0.188723
0.153388
0.147436
0.142388
0.105815
0.129149
0.112863
0.126006
0.169722
0.137102
0.150007
0.144102
0.105815
0.131721
0.126577
0.12772
0.172294
0.143102
0.14915
0.139054
0.109243
0.122292
0.108577
0.119149
0.26287
0.379399
0.399162
0.392304
0.372113
0.362303
0.328016
0.241345
0.0951474
0.218058
0.302919
0.307205
0.296062
0.299109
0.247774
0.0711462
0.166294
0.247012
0.332587
0.318491
0.318872
0.289966
0.226868
0.10029
0.241345
0.374161
0.399495
0.38478
0.348683
0.334349
0.344207
0.252869
0.174008
0.158627
0.154817
0.155531
0.101529
0.115863
0.124006
0.148293
0.184294
0.156055
0.160817
0.148674
0.100671
0.119291
0.114577
0.129435
0.158579
0.144912
0.158246
0.143531
0.102386
0.127006
0.122292
0.126006
0.160293
0.150055
0.15996
0.141435
0.102386
0.124054
0.111148
0.114005
0.262917
0.381256
0.406591
0.400067
0.369589
0.353445
0.325444
0.241345
0.0882899
0.218058
0.309491
0.318063
0.299205
0.289395
0.246631
0.0625744
