0.0534285
0.343299
0.381112
0.343299
0.326668
0.361849
0.326668
0.039752
0.348868
0.339123
0.372233
0.596652
0.580214
0.295439
0.264077
0.303829
0.0950051
0.0877637
0.115083
0.256337
0.24338
0.223056
0.220926
0.0799406
0.134175
0.131796
0.153965
0.2125
0.202329
0.184347
0.178682
0.119405
0.181359
0.173657
0.19142
0.171527
0.160258
0.147833
0.135975
0.158305
0.223277
0.217738
0.228629
0.125133
0.120063
0.112571
0.0852815
0.197125
0.506769
0.76759
0.773459
0.589758
0.586591
0.581807
0.549613
0.506769
0.0471106
0.260821
0.303795
0.345378
0.342854
0.341837
0.303795
0.0392562
