0.0543419
0.343578
0.382389
0.386656
0.380561
0.343578
0.252972
0.0357366
0.50969
0.549412
0.588999
0.600187
0.584005
0.810892
0.762663
0.50969
0.231906
0.0798234
0.116534
0.13576
0.1122
0.257064
0.210705
0.187705
0.185208
0.118682
0.155369
0.177051
0.151029
0.215154
0.169147
0.14956
0.143504
0.157232
0.193705
0.224196
0.189869
0.1729
0.128572
0.113329
0.0925764
0.197158
0.232929
0.266015
0.228187
0.13165
0.079494
0.0752374
0.282799
0.234725
0.310837
0.619848
0.576959
0.398853
0.350194
0.34798
0.0480743
0.351854
0.390571
0.351854
0.302515
0.348108
0.302515
0.0371425
