0.264057
0.52275
0.565459
0.561238
0.561027
0.566045
0.52275
0.258693
0.4371
0.219213
0.34213
0.421998
0.417544
0.429466
0.379921
0.558
0.217887
0.182337
0.255776
0.121043
0.113678
0.131358
0.0767136
0.21587
0.172921
0.145471
0.214366
0.159671
0.15373
0.173739
0.113921
0.171877
0.13177
0.108942
0.172231
0.200973
0.191759
0.216989
0.159294
0.129608
0.0868325
0.0724749
0.129582
0.238781
0.232022
0.260232
0.196566
0.0862652
0.356225
0.349669
0.399941
0.31348
0.310867
0.614319
0.544465
0.354043
0.0427446
0.347904
0.391181
0.385505
0.387779
0.347904
0.233598
0.0431756
