0.0876098
0.174315
0.188565
0.188406
0.188503
0.189569
0.174315
0.0867049
0.161149
0.0883257
0.116729
0.144858
0.144395
0.147257
0.130224
0.188572
0.0728236
0.0735013
0.0886611
0.0431237
0.0422925
0.0452636
0.0282395
0.0718433
0.0582055
0.0581777
0.0743013
0.0580503
0.0574965
0.0594379
0.0430535
0.0568906
0.0439531
0.0432112
0.0598228
0.0728305
0.0719239
0.0740318
0.0581899
0.0432996
0.0292223
0.0287491
0.0445165
0.0873377
0.0848935
0.0888709
0.0733852
0.029049
0.130419
0.130419
0.145645
0.116194
0.113237
0.21643
0.200732
0.128067
0.0142246
0.118293
0.13299
0.132836
0.132369
0.118293
0.0874945
0.0148296
