0.0145635
0.0870369
0.101394
0.102543
0.101398
0.100781
0.175263
0.088226
0.0874235
0.0894663
0.118761
0.119685
0.118745
0.117917
0.176503
0.163234
0.07286
0.0745041
0.0441984
0.0452133
0.044123
0.0439167
0.0726467
0.0737674
0.0578198
0.0597343
0.0595229
0.0595107
0.058722
0.0579212
0.0584256
0.0588962
0.0435778
0.0453901
0.0739884
0.0742502
0.0734251
0.073068
0.0442166
0.0440103
0.0293428
0.0303343
0.0886793
0.0892964
0.0880778
0.0883621
0.0290507
0.0292674
0.132678
0.132742
0.11786
0.117914
0.220798
0.220804
0.1331
0.13235
0.0148183
0.117532
0.131818
0.13191
0.117532
0.117887
0.117887
0.0144361
