0.00442405
0.0376618
0.0305624
0.0570646
0.0511371
0.0579751
0.030102
0.0376258
0.00518071
0.01287
0.00758851
0.0134736
0.0304032
0.0303164
0.0284807
0.032451
0.0156511
0.020976
0.0205092
0.0183873
0.0298025
0.0232432
0.0202229
0.0219893
0.0201034
0.0205625
0.0221264
0.0177176
0.0211076
0.0187026
0.0177692
0.0175494
0.0244217
0.0228448
0.0264315
0.0199747
0.0187779
0.0145372
0.0154505
0.0132378
0.0288619
0.025257
0.0308933
0.022334
0.0163841
0.0102742
0.0129926
0.00878719
0.0331715
0.0275458
0.0351949
0.0245872
0.0139896
0.00605087
0.0106609
0.00445013
0.0376196
0.0299771
0.0631653
0.0506407
0.058292
0.0251203
0.0313121
0.00444503
