0.0263103
0.072869
0.0627466
0.0892067
0.0719347
0.0827687
0.0458486
0.046986
0.0251455
0.035252
0.01888
0.0269449
0.0322066
0.037809
0.019053
0.0216221
0.025442
0.0310481
0.0212992
0.027291
0.0311726
0.0333423
0.0219866
0.0216242
0.0232538
0.0272166
0.0247847
0.0283387
0.0306651
0.029112
0.0266331
0.0225922
0.0232596
0.0239454
0.0279958
0.0288984
0.0293114
0.0250215
0.0293072
0.0231857
0.0212117
0.0196971
0.0311357
0.0293188
0.0278565
0.0204383
0.0325911
0.0243943
0.0204626
0.0158387
0.0334183
0.0293494
0.0265276
0.0163299
0.0347039
0.0242002
0.0475668
0.0448785
0.0777197
0.0698087
0.0905298
0.0637621
0.0738808
0.0263303
