0.00865513
0.0378719
0.0136678
0.0137877
0.0140018
0.0141588
0.0383315
0.00870651
0.0325252
0.0389852
0.0138676
0.0141331
0.0143415
0.0145156
0.0398815
0.0330961
0.0340325
0.0433498
0.0181666
0.0181038
0.0183607
0.0183522
0.0437381
0.0342637
0.0341895
0.04317
0.0177242
0.0178127
0.018218
0.0180011
0.04313
0.0342494
0.0342351
0.0427884
0.0178069
0.0176043
0.0173445
0.0171961
0.0424335
0.0342608
0.0344549
0.0427875
0.0179725
0.0180353
0.0174387
0.0173788
0.0422994
0.0342009
0.0334016
0.0382601
0.0134965
0.013448
0.0131397
0.0129684
0.0378148
0.033296
0.00884638
0.0372068
0.014076
0.0141331
0.0141559
0.0143329
0.037792
0.00926601
