0.011287
0.0469536
0.0171445
0.0169439
0.0164224
0.0166497
0.0428613
0.010819
0.0409757
0.0473013
0.0167835
0.0171
0.0170643
0.0176928
0.0441987
0.0398925
0.0424601
0.05245
0.0214106
0.0209425
0.0208489
0.021317
0.0475955
0.0396919
0.0418584
0.0516476
0.0208489
0.0201936
0.0201535
0.020207
0.0471542
0.0397721
0.042313
0.0523163
0.021638
0.0210897
0.0212234
0.020996
0.0481572
0.0392639
0.042313
0.0518616
0.0214775
0.0213571
0.0212501
0.0210362
0.0481037
0.0393174
0.040735
0.0454825
0.0162753
0.0163421
0.0159409
0.0156467
0.0426741
0.038943
0.0103777
0.0440382
0.0163823
0.0160613
0.0160613
0.016302
0.0425404
0.011394
0.00231109
0.00812868
0.00302833
0.00251033
0.00247048
0.00298848
0.00856699
0.00159386
0.00577774
0.00641528
0.00191263
0.0028291
0.0028291
0.00231109
0.00836776
0.0077435
0.00641528
0.0072919
0.00203217
0.00251033
0.0034268
0.00344008
0.00947017
0.00731847
0.00665436
0.00725206
0.00195248
0.00247048
0.00326741
0.00326741
0.00956315
0.00709267
0.00745129
0.00828806
0.00370572
0.00398465
0.00490111
0.0050605
0.0108781
0.00761067
0.00896545
0.00972254
0.00466204
0.00466204
0.00585743
0.00585743
0.0114359
0.00792945
0.00773021
0.00932407
0.00482142
0.00366587
0.00366587
0.00486127
0.0117547
0.00792945
0.00219156
0.00792945
0.00338695
0.00458234
0.00458234
0.00338695
0.00992177
0.00251033
