0.0801041
0.121225
0.215085
0.0798763
0.1206
0.163136
0.18833
0.162418
0.162898
0.190482
0.160436
0.123144
0.0810057
0.216059
0.122306
0.0833176
0.0498932
0.0753982
0.133117
0.0498101
0.0749921
0.0995557
0.116022
0.100331
0.0997495
0.117206
0.100782
0.0760757
0.0492176
0.132325
0.0736556
0.0497732
0.14477
0.217693
0.364486
0.14268
0.218157
0.292206
0.341411
0.281376
0.281981
0.336206
0.29065
0.218095
0.142832
0.363654
0.218383
0.145532
0.0780313
0.116182
0.206984
0.0771262
0.11697
0.155834
0.181373
0.155282
0.155389
0.181453
0.155005
0.116341
0.0779275
0.207214
0.116497
0.0778732
0.0372114
0.0547083
0.100882
0.0352498
0.0558096
0.0727925
0.089397
0.0722229
0.0758074
0.0841145
0.0754033
0.0547449
0.0372105
0.0959681
0.0567318
0.0373321
0.0801041
0.121225
0.215085
0.0798763
0.1206
0.163136
0.18833
0.162418
0.162898
0.190482
0.160436
0.123144
0.0810057
0.216059
0.122306
0.0833176
0.0801041
0.121225
0.215085
0.0798763
0.1206
0.163136
0.18833
0.162418
0.162898
0.190482
0.160436
0.123144
0.0810057
0.216059
0.122306
0.0833176
0.0801041
0.121225
0.215085
0.0798763
0.1206
0.163136
0.18833
0.162418
0.162898
0.190482
0.160436
0.123144
0.0810057
0.216059
0.122306
0.0833176
0.0801041
0.121225
0.215085
0.0798763
0.1206
0.163136
0.18833
0.162418
0.162898
0.190482
0.160436
0.123144
0.0810057
0.216059
0.122306
0.0833176
0.0801041
0.121225
0.215085
0.0798763
0.1206
0.163136
0.18833
0.162418
0.162898
0.190482
0.160436
0.123144
0.0810057
0.216059
0.122306
0.0833176
0.0801041
0.121225
0.215085
0.0798763
0.1206
0.163136
0.18833
0.162418
0.162898
0.190482
0.160436
0.123144
0.0810057
0.216059
0.122306
0.0833176
0.0801041
0.121225
0.215085
0.0798763
0.1206
0.163136
0.18833
0.162418
0.162898
0.190482
0.160436
0.123144
0.0810057
0.216059
0.122306
0.0833176
0.0800983
0.121216
0.215098
0.0798802
0.120591
0.163134
0.188331
0.162392
0.162886
0.190483
0.160434
0.123126
0.0809998
0.216058
0.122307
0.0833116
0.0800983
0.121216
0.215098
0.0798802
0.120591
0.163134
0.188331
0.162392
0.162886
0.190483
0.160434
0.123126
0.0809998
0.216058
0.122307
0.0833116
0.0800983
0.121216
0.215098
0.0798802
0.120591
0.163134
0.188331
0.162392
0.162886
0.190483
0.160434
0.123126
0.0809998
0.216058
0.122307
0.0833116
0.0800983
0.121216
0.215098
0.0798802
0.120591
0.163134
0.188331
0.162392
0.162886
0.190483
0.160434
0.123126
0.0809998
0.216058
0.122307
0.0833116
0.0800983
0.121216
0.215098
0.0798802
0.120591
0.163134
0.188331
0.162392
0.162886
0.190483
0.160434
0.123126
0.0809998
0.216058
0.122307
0.0833116
0.0800983
0.121216
0.215098
0.0798802
0.120591
0.163134
0.188331
0.162392
0.162886
0.190483
0.160434
0.123126
0.0809998
0.216058
0.122307
0.0833116
0.0800983
0.121216
0.215098
0.0798802
0.120591
0.163134
0.188331
0.162392
0.162886
0.190483
0.160434
0.123126
0.0809998
0.216058
0.122307
0.0833116
0.04992
0.0754408
0.133105
0.0498167
0.0749852
0.0995264
0.11596
0.100303
0.0997182
0.117164
0.100719
0.0760238
0.0492005
0.132311
0.0736403
0.049789
0.0372218
0.05472
0.100885
0.0352499
0.0558158
0.0727945
0.0893975
0.0722294
0.0758162
0.084119
0.0754052
0.0547521
0.0372101
0.0959671
0.0567299
0.0373303
0.144772
0.217706
0.364561
0.142642
0.218191
0.292206
0.341373
0.281453
0.281936
0.336281
0.290648
0.218095
0.142838
0.363668
0.218399
0.145546
0.144772
0.217706
0.364561
0.142642
0.218191
0.292206
0.341373
0.281453
0.281936
0.336281
0.290648
0.218095
0.142838
0.363668
0.218399
0.145546
0.0800983
0.121216
0.215098
0.0798802
0.120591
0.163134
0.188331
0.162392
0.162886
0.190483
0.160434
0.123126
0.0809998
0.216058
0.122307
0.0833116
0.0499192
0.0754589
0.133131
0.0498141
0.074983
0.0995305
0.115969
0.100297
0.0997069
0.117149
0.100709
0.0760078
0.0491944
0.132298
0.0736459
0.0497957
0.0373226
0.0548654
0.101078
0.0353141
0.0559098
0.0728688
0.08949
0.0723552
0.0759562
0.0842507
0.0755714
0.0548858
0.0373081
0.0961631
0.056874
0.0374233
0.0372218
0.05472
0.100885
0.0352499
0.0558158
0.0727945
0.0893975
0.0722294
0.0758162
0.084119
0.0754052
0.0547521
0.0372101
0.0959671
0.0567299
0.0373303
0.144772
0.217706
0.364561
0.142642
0.218191
0.292206
0.341373
0.281453
0.281936
0.336281
0.290648
0.218095
0.142838
0.363668
0.218399
0.145546
0.0695582
0.10386
0.18195
0.0711764
0.0857332
0.128788
0.163327
0.132036
0.131096
0.160011
0.131658
0.0873797
0.0723719
0.181479
0.104225
0.067597
0.0780278
0.116153
0.206977
0.0771158
0.116965
0.155813
0.181377
0.15528
0.155381
0.181479
0.15502
0.116367
0.0778963
0.207219
0.116505
0.0778734
0.049928
0.0754574
0.133117
0.0498247
0.074987
0.0995332
0.115962
0.100316
0.0997176
0.117165
0.100711
0.0760201
0.0492067
0.132317
0.0736416
0.0497915
0.0557031
0.145005
0.060124
0.0539347
0.0521664
0.045093
0.176835
0.0344829
0.19275
0.134395
0.0663132
0.0663132
0.0636607
0.0521664
0.172414
0.137047
0.155026
0.142942
0.0725024
0.0848809
0.0848809
0.0839967
0.179488
0.1285
0.141468
0.135279
0.075155
0.0866492
0.0857651
0.0866492
0.164457
0.116416
0.114943
0.1229
0.0680815
0.0813442
0.0813442
0.08046
0.148542
0.102564
0.0963752
0.115827
0.0742708
0.0813442
0.0813442
0.08046
0.132332
0.0913648
0.075155
0.0831125
0.045093
0.0486297
0.0592398
0.0592398
0.107869
0.0671974
0.0194519
0.0698499
0.0282936
0.0212202
0.0327145
0.0327145
0.0769233
0.0167993
0
0
0
0
0
0
0
0
0
0
0
0
0
0
0
0
0
0
0
0
0
0
0
0
0
0
0
0
0
0
0
0
0
0
0
0
0
0
0
0
0
0
6.07147e-318
0
0
0
0
0
0
0
0
0
0
0
0
0
0
0
0
0
0
0
0
0
0
0
0
0
0
0
0
0
0
0
0
0
0
0
0
0
0
0
0
0
0
0
0
0
0
0
0
0
0
0
0
0
0
0
0
0
0
0
0
0
0
0
6.47473e-320
0
0
0
0
0
0
0
0
0
0
0
0
0
0
0
0
0
0
0
0
0
0
0
0
0
0
0
0
0
0
0
0
0
0
0
0
0
0
0
0
0
0
0
0
0
0
0
0
0
0
0
0
0
0
0
0
0
0
0
0
0
0
0
9.9327e-320
0
0
0
0
0
0
0
0
0
0
0
0
0
0
0
0
0
0
0
0
0
0
0
0
0
0
0
0
0
0
0
0
0
0
0
0
0
0
0
0
0
0
0
0
0
0
0
0
0
0
0
0
0
0
0
0
0
0
0
0
0
0
0
7.88875e-320
0
0
0
0
0
0
0
0
0
0
0
0
0
0
0
0
0
0
0
0
0
0
0
0
0
0
0
0
0
0
0
0
0
0
0
0
0
0
0
0
0
0
0
0
0
0
0
0
0
0
0
0
0
0
0
0
0
0
0
0
0
0
0
2.06589e-319
0
0
0
0
0
0
0
0
0
0
0
0
0
0
0
0
0
0
0
0
0
0.0492505
0.104925
0.0546039
0.0465739
0.0465739
0.0369379
0.0963597
0.0401499
0.109208
0.102784
0.0770878
0.0802998
0.0770878
0.0578158
0.109208
0.109208
0.104925
0.120985
0.0770878
0.101178
0.103319
0.103854
0.133298
0.10439
0.111884
0.108672
0.0674518
0.0835118
0.0835118
0.0835118
0.114026
0.0840471
0.0963597
0.0979657
0.0465739
0.0599572
0.0604925
0.0594218
0.0979657
0.0674518
0.0856531
0.102784
0.0546039
0.0594218
0.0578158
0.0529979
0.0926124
0.0594218
0.0706638
0.0819058
0.01606
0.014454
0.012848
0.0117773
0.0711991
0.0497859
0.011242
0.0738758
0.00963597
0.00642398
0.00481799
0.00321199
0.0642398
0.001606
0.0482833
0.104614
0.054721
0.0466738
0.0466738
0.0370172
0.0965665
0.0402361
0.109442
0.103004
0.0772532
0.0804721
0.0772532
0.0579399
0.109442
0.10515
0.104614
0.120708
0.0788627
0.103004
0.104614
0.104077
0.132511
0.100858
0.111052
0.106223
0.0659871
0.0804721
0.0804721
0.0804721
0.112661
0.0820815
0.0954936
0.097103
0.0461373
0.0595494
0.0595494
0.0584764
0.098176
0.0675966
0.0847639
0.103004
0.054721
0.0595494
0.0574034
0.0520386
0.0917382
0.0595494
0.070279
0.0820815
0.0160944
0.014485
0.0128755
0.0112661
0.0708155
0.0498927
0.0112661
0.0740343
0.00965665
0.00643777
0.00482833
0.00321888
0.0643777
0.00160944
0.0479452
0.115982
0.0520548
0.0447489
0.0456621
0.0383562
0.109589
0.0356164
0.120091
0.109589
0.0671233
0.069863
0.0671233
0.0506849
0.115068
0.105479
0.116438
0.123288
0.0671233
0.0876712
0.0890411
0.0890411
0.134247
0.10137
0.128767
0.123288
0.0712329
0.090411
0.090411
0.090411
0.130137
0.090411
0.119178
0.115068
0.0575342
0.0712329
0.0712329
0.0684932
0.115068
0.0753425
0.113699
0.121918
0.0726027
0.0808219
0.0794521
0.0753425
0.119178
0.0767123
0.0945205
0.0876712
0.0388128
0.043379
0.0547945
0.0534247
0.109589
0.0680365
0.0164384
0.0753425
0.0178082
0.00821918
0.0178082
0.0164384
0.0849315
0.00821918
0.0494053
0.117109
0.0535224
0.0466606
0.0480329
0.0411711
0.113907
0.037054
0.119396
0.109332
0.0672461
0.0699909
0.0672461
0.0507777
0.116651
0.107045
0.115279
0.123513
0.0672461
0.0878317
0.089204
0.089204
0.135865
0.101555
0.12763
0.122141
0.0699909
0.089204
0.089204
0.089204
0.130375
0.089204
0.119854
0.116194
0.0590119
0.074108
0.074108
0.0713632
0.116651
0.0754803
0.113907
0.122141
0.0727356
0.0809698
0.0795974
0.0754803
0.119396
0.0768527
0.094236
0.0878317
0.037054
0.0411711
0.0526075
0.0516926
0.10796
0.0658737
0.0164684
0.0754803
0.0178408
0.00823422
0.0178408
0.0164684
0.0850869
0.00823422
0.0429483
0.105049
0.0644225
0.0562972
0.0562972
0.054556
0.17102
0.0365641
0.154962
0.0911201
0.0597795
0.0615206
0.0603598
0.0539756
0.175856
0.122848
0.154382
0.100406
0.0679048
0.0795125
0.0800929
0.0806732
0.178758
0.125363
0.149739
0.0928613
0.0632618
0.0725479
0.0708067
0.074289
0.154382
0.12072
0.131167
0.0853163
0.0539756
0.0626814
0.0632618
0.0624879
0.136583
0.107371
0.126524
0.0858967
0.0580383
0.062101
0.062101
0.0609402
0.125363
0.102147
0.1213
0.0667441
0.0377249
0.0400464
0.047011
0.047011
0.109112
0.0887986
0.0237957
0.0597795
0.0266976
0.0220546
0.0295995
0.0295995
0.0874444
0.0187657
0.0412248
0.156087
0.0690067
0.065422
0.0636296
0.0591486
0.207916
0.03764
0.175952
0.145183
0.0666169
0.065422
0.0646751
0.0607916
0.217476
0.161314
0.181031
0.155041
0.0878267
0.0958925
0.0963406
0.0972367
0.228678
0.17177
0.172069
0.146826
0.0949963
0.0994772
0.0958925
0.0976848
0.210456
0.169231
0.150112
0.137715
0.0896191
0.0981329
0.100672
0.102763
0.194473
0.148768
0.142196
0.122629
0.0757282
0.0794623
0.0778193
0.0766243
0.165795
0.125467
0.140702
0.0896191
0.0448096
0.0488424
0.05646
0.0569081
0.13891
0.108439
0.0228529
0.084242
0.0304705
0.0250934
0.0309186
0.0304705
0.108887
0.0206124
0.0510255
0.115558
0.054027
0.046023
0.0455228
0.036018
0.106553
0.0375188
0.115558
0.108054
0.072036
0.0750375
0.072036
0.054027
0.118559
0.108054
0.111056
0.124562
0.0735368
0.096048
0.0975488
0.0975488
0.141071
0.103552
0.118559
0.112556
0.066033
0.0825413
0.0825413
0.0825413
0.127564
0.0855428
0.105053
0.106053
0.0535268
0.0675338
0.0675338
0.0645323
0.114057
0.0705353
0.0970485
0.109555
0.0615308
0.0675338
0.0665333
0.0625313
0.111556
0.0645323
0.08004
0.084042
0.0255128
0.0290145
0.0325163
0.0315158
0.090045
0.0495248
0.0135068
0.072036
0.012006
0.006003
0.0090045
0.0070035
0.0695348
0.00150075
0.0510255
0.115558
0.054027
0.0465233
0.046023
0.0365183
0.106553
0.0375188
0.117059
0.108054
0.072036
0.0750375
0.072036
0.054027
0.118559
0.109555
0.112556
0.124562
0.0735368
0.096048
0.0975488
0.0975488
0.141071
0.105053
0.123062
0.117059
0.0705353
0.0915458
0.0915458
0.0915458
0.132066
0.0885443
0.111056
0.109555
0.0570285
0.0705353
0.070035
0.0665333
0.115558
0.072036
0.104552
0.110555
0.0630315
0.0690345
0.0675338
0.0630315
0.113057
0.066033
0.088044
0.084042
0.026013
0.0290145
0.0325163
0.0315158
0.0915458
0.0510255
0.0150075
0.0735368
0.0135068
0.006003
0.00850425
0.00650325
0.0705353
0.00150075
0.0510255
0.115558
0.054027
0.046023
0.0455228
0.036018
0.106553
0.0375188
0.118559
0.108054
0.072036
0.0750375
0.072036
0.054027
0.118559
0.108054
0.114057
0.124562
0.0735368
0.096048
0.0975488
0.0975488
0.141071
0.103552
0.123562
0.116558
0.0705353
0.0855428
0.0855428
0.0855428
0.126063
0.0855428
0.112556
0.111056
0.0585293
0.072036
0.072036
0.0690345
0.114057
0.072036
0.105053
0.111556
0.064032
0.0705353
0.0690345
0.0645323
0.110055
0.066033
0.0875438
0.084042
0.026013
0.0290145
0.0325163
0.0315158
0.0885443
0.0510255
0.0145073
0.0735368
0.0135068
0.006003
0.0090045
0.0070035
0.068034
0.00150075
0.0495248
0.114057
0.0525263
0.0450225
0.0450225
0.036018
0.105053
0.0375188
0.115558
0.108054
0.072036
0.0750375
0.072036
0.054027
0.117059
0.108054
0.111056
0.124562
0.0735368
0.096048
0.0975488
0.0975488
0.13957
0.103552
0.117059
0.111556
0.0655328
0.084042
0.0845423
0.0855428
0.127564
0.0855428
0.104052
0.105053
0.0525263
0.066033
0.066033
0.0630315
0.114057
0.0705353
0.096048
0.109555
0.0615308
0.0675338
0.0665333
0.0625313
0.112556
0.0645323
0.0795398
0.084042
0.0265133
0.0295148
0.0325163
0.0315158
0.0905453
0.0495248
0.0135068
0.072036
0.012006
0.006003
0.0090045
0.00750375
0.070035
0.00150075
0.0510255
0.115558
0.054027
0.046023
0.0455228
0.036018
0.106553
0.0375188
0.115558
0.108054
0.072036
0.0750375
0.072036
0.054027
0.118559
0.108054
0.111056
0.124562
0.0735368
0.096048
0.0975488
0.0975488
0.141071
0.103552
0.11906
0.113557
0.0675338
0.0825413
0.0825413
0.0825413
0.126063
0.0855428
0.108054
0.109555
0.0570285
0.0705353
0.0705353
0.0675338
0.114057
0.072036
0.10055
0.109555
0.062031
0.0685343
0.0675338
0.0630315
0.110055
0.066033
0.084042
0.084042
0.026013
0.0290145
0.0325163
0.0315158
0.0885443
0.0510255
0.014007
0.0730365
0.0135068
0.006003
0.0090045
0.0070035
0.068034
0.00150075
0.0510255
0.115558
0.054027
0.0465233
0.0465233
0.0375188
0.105053
0.0375188
0.115558
0.108054
0.072036
0.0750375
0.072036
0.054027
0.117059
0.108054
0.111056
0.124562
0.0735368
0.096048
0.0975488
0.0975488
0.13957
0.103552
0.12056
0.115058
0.0690345
0.0870435
0.0870435
0.0870435
0.127564
0.0855428
0.108054
0.103552
0.0510255
0.0650325
0.0655328
0.0630315
0.114557
0.0705353
0.10055
0.109555
0.062031
0.070035
0.0690345
0.0645323
0.116058
0.066033
0.084042
0.084042
0.0265133
0.0295148
0.0325163
0.0315158
0.0925463
0.0510255
0.014007
0.0730365
0.0135068
0.006003
0.0090045
0.00750375
0.0715358
0.00150075
0.0510255
0.115558
0.054027
0.046023
0.0455228
0.036018
0.106553
0.0375188
0.115558
0.108054
0.072036
0.0750375
0.072036
0.054027
0.118559
0.108054
0.111056
0.124562
0.0735368
0.096048
0.0975488
0.0975488
0.141071
0.103552
0.12006
0.114057
0.0675338
0.0855428
0.0855428
0.0855428
0.129065
0.0855428
0.108554
0.109055
0.0570285
0.0705353
0.0705353
0.0675338
0.116558
0.072036
0.0990495
0.108054
0.0605303
0.0670335
0.066033
0.0615308
0.112056
0.066033
0.0825413
0.084042
0.026013
0.0290145
0.0325163
0.0315158
0.090045
0.0510255
0.014007
0.0730365
0.0135068
0.006003
0.0090045
0.0070035
0.0695348
0.00150075
0.0510255
0.115558
0.054027
0.046023
0.0455228
0.036018
0.106553
0.0375188
0.115558
0.108054
0.072036
0.0750375
0.072036
0.054027
0.118559
0.111056
0.111056
0.124562
0.0735368
0.096048
0.0975488
0.0975488
0.141071
0.106553
0.12006
0.114057
0.0675338
0.0885443
0.0885443
0.0885443
0.132066
0.090045
0.108554
0.110555
0.0585293
0.072036
0.072036
0.0690345
0.11906
0.0750375
0.10055
0.109555
0.062031
0.0685343
0.0675338
0.0630315
0.113557
0.0675338
0.084042
0.084042
0.0265133
0.0295148
0.0325163
0.0315158
0.092046
0.0525263
0.014007
0.0730365
0.0135068
0.006003
0.0090045
0.00750375
0.0715358
0.00150075
0.041231
0.155961
0.069017
0.0654317
0.0636391
0.0591575
0.207947
0.0376457
0.175978
0.145055
0.0666268
0.0654317
0.0646848
0.0606513
0.217359
0.161189
0.181058
0.154915
0.0878399
0.0959068
0.0963549
0.0972513
0.228563
0.171646
0.172094
0.146699
0.0950105
0.0994921
0.0959068
0.0976994
0.210338
0.169107
0.150134
0.137586
0.0896325
0.0981476
0.100687
0.102779
0.194353
0.14879
0.142068
0.122498
0.0755901
0.0793248
0.0776815
0.0764864
0.16582
0.125486
0.140723
0.0896325
0.0448163
0.0488497
0.0564685
0.0569166
0.13893
0.108306
0.0228563
0.0842546
0.0304751
0.0250971
0.0309232
0.0304751
0.108903
0.0206155
0.0694462
0.270062
0.102536
0.101169
0.0986445
0.0949019
0.26424
0.0595253
0.242765
0.272527
0.1001
0.0957336
0.092288
0.0908623
0.27232
0.233289
0.24223
0.288924
0.12009
0.122882
0.121189
0.123476
0.304072
0.237804
0.244309
0.301458
0.132477
0.133754
0.129566
0.131645
0.307399
0.249032
0.244339
0.297656
0.124021
0.124981
0.126803
0.125407
0.2973
0.249062
0.248498
0.300894
0.130041
0.133467
0.133051
0.135249
0.303775
0.251527
0.241072
0.277904
0.103159
0.10411
0.106605
0.103813
0.272854
0.239557
0.0576243
0.257755
0.0902682
0.0902682
0.0917534
0.0927633
0.264508
0.0634165
0.0644264
0.260082
0.0998327
0.0964168
0.0963277
0.0917534
0.257408
0.0582481
0.236854
0.267716
0.102179
0.097694
0.0952584
0.0940702
0.270597
0.230022
0.235874
0.285062
0.12117
0.125991
0.123556
0.1261
0.300538
0.235398
0.238448
0.290052
0.127338
0.127991
0.124278
0.127249
0.297033
0.2422
0.236775
0.283399
0.117506
0.119288
0.1211
0.118833
0.286795
0.243715
0.241725
0.289508
0.125437
0.126061
0.127368
0.128734
0.291864
0.245557
0.233933
0.264458
0.0954465
0.0960505
0.0974861
0.095496
0.261834
0.235814
0.0580699
0.252864
0.0931197
0.0918425
0.0954663
0.0937633
0.260537
0.065466
0.0644264
0.260082
0.0998327
0.0964168
0.0963277
0.0917534
0.257408
0.0582481
0.236854
0.267716
0.102179
0.097694
0.0952584
0.0940702
0.270597
0.230022
0.235874
0.285062
0.12117
0.125991
0.123556
0.1261
0.300538
0.235398
0.238448
0.290052
0.127338
0.127991
0.124278
0.127249
0.297033
0.2422
0.236775
0.283399
0.117506
0.119288
0.1211
0.118833
0.286795
0.243715
0.241725
0.289508
0.125437
0.126061
0.127368
0.128734
0.291864
0.245557
0.233933
0.264458
0.0954465
0.0960505
0.0974861
0.095496
0.261834
0.235814
0.0580699
0.252864
0.0931197
0.0918425
0.0954663
0.0937633
0.260537
0.065466
0.180437
0.514596
0.23844
0.223868
0.226392
0.209677
0.522358
0.16996
0.473737
0.513929
0.213677
0.204534
0.196771
0.195724
0.519215
0.486833
0.447926
0.508358
0.213629
0.220725
0.22363
0.226487
0.556931
0.494833
0.490738
0.552074
0.240678
0.238869
0.223153
0.220249
0.532787
0.47688
0.469594
0.512643
0.200486
0.212629
0.213772
0.216248
0.533121
0.480832
0.471546
0.537454
0.218248
0.218248
0.218248
0.219391
0.507215
0.436926
0.443402
0.481166
0.162627
0.15415
0.154626
0.152055
0.456117
0.408543
0.125006
0.463832
0.171103
0.164389
0.148959
0.151864
0.453022
0.106957
0.180437
0.514596
0.23844
0.223868
0.226392
0.209677
0.522358
0.16996
0.473737
0.513929
0.213677
0.204534
0.196771
0.195724
0.519215
0.486833
0.447926
0.508358
0.213629
0.220725
0.22363
0.226487
0.556931
0.494833
0.490738
0.552074
0.240678
0.238869
0.223153
0.220249
0.532787
0.47688
0.469594
0.512643
0.200486
0.212629
0.213772
0.216248
0.533121
0.480832
0.471546
0.537454
0.218248
0.218248
0.218248
0.219391
0.507215
0.436926
0.443402
0.481166
0.162627
0.15415
0.154626
0.152055
0.456117
0.408543
0.125006
0.463832
0.171103
0.164389
0.148959
0.151864
0.453022
0.106957
0.000431139
0.000958086
0.00184432
0.000886229
0.000886229
0.000886229
0.000886229
0.00039521
0.000431139
0.000263474
0
0
0
0
0.000251498
0.00039521
0.000191617
0.000263474
0
0
0
0
0.000251498
0.000203593
0.000191617
0.000263474
0
0
0
0
0.000251498
0.000203593
0.000191617
0.000263474
0
0
0
0
0.000251498
0.000203593
0.000191617
0.000263474
9.88131e-323
0
0
0
0.000251498
0.000203593
0.000191617
0.000263474
0
0
0
0
0.000251498
0.000203593
0
0.000263474
0
0
0
0
0.000251498
0
0.00531738
0.020002
0.00722157
0.00722756
0.00748504
0.00786828
0.0199521
0.00510181
0.0176587
0.0202915
0.00743714
0.00748504
0.00796409
0.00731139
0.0201917
0.0176467
0.0177964
0.0220539
0.00958685
0.0093593
0.00945511
0.00977846
0.0217905
0.0178923
0.0182216
0.0216467
0.00837127
0.00874253
0.00868864
0.00871259
0.0218863
0.0184312
0.0179521
0.0221138
0.00897008
0.00927547
0.00868265
0.00844313
0.021527
0.0179461
0.0182216
0.0226587
0.00916169
0.00927547
0.00909583
0.00902397
0.0216408
0.0169402
0.0174491
0.0205689
0.00726349
0.00731139
0.00728744
0.00813175
0.0202815
0.0176108
0.00476648
0.0196228
0.00716169
0.00692217
0.00744313
0.00658684
0.0190659
0.00411378
