0.0163539
0.136082
0.144003
0.168483
0.17541
0.159958
0.135755
0.0245548
0.135977
0.15652
0.172824
0.159857
0.246306
0.240383
0.15248
0.136211
0.0478118
0.068383
0.105165
0.0517563
0.0795765
0.104632
0.0805031
0.0887765
0.0641923
0.0848163
0.134081
0.0806694
0.0477158
0.0882421
0.0641207
0.0723717
0.0799168
0.100484
0.162327
0.108971
0.0320603
0.0726855
0.0486121
0.0567351
0.0962647
0.116739
0.191243
0.137845
0.0158054
0.0562896
0.0322072
0.0403332
0.13617
0.173141
0.327369
0.302129
0.164691
0.152495
0.128276
0.136454
0.0165217
0.231945
0.248266
0.248108
0.248486
0.232054
0.232015
0.0288261
