0.0152404
0.116841
0.13186
0.131587
0.116841
0.117122
0.117122
0.0146268
0.101671
0.100592
0.116323
0.116162
0.188822
0.189155
0.0864311
0.0869632
0.0294945
0.0295361
0.0444402
0.043765
0.0881086
0.0879097
0.0719811
0.0723365
0.0442461
0.0441325
0.0588954
0.0581214
0.0738216
0.0733159
0.058189
0.058098
0.0589612
0.0595411
0.0738827
0.0725211
0.0591246
0.0588676
0.0438101
0.0438127
0.0735559
0.0743091
0.0889229
0.0873446
0.0442794
0.0447245
0.0294035
0.0294381
0.0885554
0.0882607
0.191554
0.190163
0.117413
0.117875
0.103064
0.102669
0.0149995
0.117301
0.117301
0.116765
0.13084
0.131506
0.116765
0.0144084
