0.0694318
0.191393
0.349133
0.503189
0.67349
0.827929
0.948087
1.01375
1.12552
1.29516
1.50685
1.73508
1.96145
2.16355
2.32708
2.43133
2.58523
2.79825
3.0549
3.32646
3.59968
3.84967
4.06095
4.20628
4.4035
4.65941
4.96081
5.27504
5.59414
5.88872
6.14654
6.33403
6.57325
6.87494
7.22452
7.58518
7.95155
8.29001
8.59033
8.81941
9.10528
9.45472
9.85295
10.2591
10.6697
11.0532
11.3977
11.6692
11.9999
12.3934
12.8407
13.2974
13.7576
14.1883
14.5805
14.8959
15.1894
15.4799
15.7794
16.064
16.3506
16.6286
16.9148
17.1909
1.40699
1.52895
1.68669
1.84074
2.01104
2.16548
2.28564
2.35131
2.46308
2.63272
2.84441
3.07264
3.29901
3.50111
3.66464
3.76889
3.92279
4.13581
4.39246
4.66401
4.93723
5.18722
5.3985
5.54384
5.74105
5.99697
6.29836
6.6126
6.9317
7.22628
7.48409
7.67159
7.91081
8.2125
8.56208
8.92273
9.2891
9.62756
9.92789
10.157
10.4428
10.7923
11.1905
11.5967
12.0073
12.3908
12.7352
13.0067
13.3375
13.731
14.1782
14.635
15.0952
15.5258
15.9181
16.2335
16.527
16.8175
17.1169
17.4016
17.6881
17.9662
18.2524
18.5285
