0
0.0169027
0.0169027
0.0169027
0.0169027
0.0160576
0.0160576
0
0.000845135
0.000845135
0.000845135
0.0169027
0.0169027
0.000845135
0.000845135
0.0143673
0
0
0.0160576
0.0321151
0
0
0.000845135
0.0143673
0
0
0.0321151
0.0481727
0
0
0.000845135
0.0143673
0
0
0.0481727
0.0642303
0
0
0.000845135
0.0143673
0.000845135
0
0.0616949
0.0769073
0
0
0
0.0143673
0.012677
0.012677
0.0870489
0.0904295
0.012677
0.012677
0.012677
0.0270443
0.0118319
0.0743719
0.0743719
0.0777525
0.0777525
0.0777525
0.0777525
0.0143673
