0.0152124
0.0278895
0.012677
0.012677
0.012677
0.0287346
0.012677
0
0.0862038
0.0853587
0.0726816
0.0769073
0.0929649
0.0929649
0.0769073
0.0769073
0.0135222
0.012677
0.0726816
0.0608497
0.0160576
0.0160576
0
0
0.0135222
0.012677
0.0566241
0.0447922
0.0160576
0.0160576
0
0
0.0135222
0.012677
0.0405665
0.0287346
0.0160576
0.0177478
0
0
0.0135222
0.012677
0.0245089
0.012677
0.0160576
0.0177478
0
0
0.0295797
0.0287346
0.0287346
0.0160576
0.0160576
0.0177478
0.0177478
0.0177478
0.0135222
0
0
0
0
0
0.012677
0.012677
