0.0365444
0.163996
0.0535417
0.0541878
0.0461568
0.0542967
0.162859
0.0359803
0.152212
0.174593
0.0618664
0.0610565
0.0613686
0.0618729
0.172704
0.145873
0.157812
0.192009
0.0803583
0.0796929
0.0792024
0.077922
0.18809
0.152051
0.15745
0.19139
0.0790047
0.0788967
0.0788592
0.0774772
0.186904
0.151509
0.157509
0.192624
0.0803976
0.0796554
0.0791099
0.0773631
0.186943
0.151906
0.157274
0.192325
0.079908
0.079314
0.0792609
0.0781728
0.186534
0.151967
0.151028
0.173876
0.064052
0.0630452
0.0630095
0.0616285
0.16769
0.146245
0.0414795
0.169306
0.0637499
0.0643
0.0641426
0.0627658
0.164499
0.0404835
