0.217146
0.440799
0.258082
0.263086
0.228518
0.256003
0.223653
0.035509
0.473817
0.521527
0.297874
0.275196
0.316165
0.345031
0.30892
0.310705
0.175943
0.188756
0.22181
0.204002
0.0762835
0.101937
0.0669294
0.0755458
0.140729
0.149488
0.183401
0.174193
0.112846
0.134657
0.100984
0.113694
0.101369
0.113736
0.147694
0.139423
0.150235
0.167308
0.133038
0.1506
0.0662808
0.0775965
0.109531
0.106001
0.187208
0.20004
0.164748
0.185127
0.297218
0.303971
0.338365
0.336874
0.26598
0.263664
0.462031
0.448792
0.0312386
0.198366
0.234822
0.234954
0.237394
0.227994
0.414831
0.216465
