0.208948
0.387031
0.309711
0.44287
0.299759
0.264752
0.16904
0.133039
0.174674
0.178078
0.09761
0.133039
0.0600121
0.0305483
0.0524804
0.0133209
0.137176
0.151592
0.0830287
0.104479
0.0811307
0.0504318
0.0696224
0.028811
0.106789
0.122886
0.0652239
0.0830287
0.0969472
0.0706166
0.0867644
0.0443011
0.0764009
0.0875477
0.0480819
0.0651336
0.118548
0.0874272
0.101346
0.0631653
0.0526411
0.0620607
0.0328379
0.0498293
0.131141
0.111167
0.115264
0.0751004
0.0295441
0.0401285
0.0156959
0.0307893
0.144396
0.124423
0.129183
0.0905905
0.144396
0.159038
0.282075
0.297379
0.411257
0.266861
0.235268
0.106081
