0.131894
0.285951
0.312944
0.388231
0.406126
0.488371
0.334314
0.232035
0.110444
0.0145812
0.040249
0.0302169
0.05001
0.154057
0.0782687
0.100141
0.0925487
0.0337116
0.0562061
0.0649829
0.0856799
0.125567
0.0670014
0.0813416
0.0710986
0.0544989
0.0754619
0.101647
0.108275
0.0938542
0.0557341
0.0687487
0.0496485
0.0670918
0.0908315
0.125236
0.14039
0.0752159
0.0409118
0.0561559
0.0343442
0.0829082
0.104092
0.148162
0.162985
0.0559148
0.0260896
0.0410022
0.0153043
0.0961639
0.117353
0.171751
0.185579
0.0405001
0.0148223
0.024523
0.11198
0.11198
0.117358
0.18567
0.371249
0.206116
0.185579
0.0125929
