0.12629
0.423112
0.587126
0.587131
0.487658
0.460851
0.299538
0.281643
0.10228
0.179183
0.146114
0.0295541
0.0500703
0.0306989
0.0298253
0.117634
0.0782687
0.153193
0.12141
0.053324
0.0699538
0.0525708
0.0453103
0.101225
0.0578128
0.123067
0.0967062
0.074533
0.0867644
0.0729363
0.0606146
0.0845752
0.0373569
0.0877285
0.0741113
0.091675
0.110203
0.0900783
0.0796545
0.0679253
0.0225346
0.0629042
0.0472987
0.112041
0.126833
0.113005
0.0951396
0.047389
0.0112673
0.0406407
0.0225949
0.129183
0.147017
0.126923
0.110444
0.0332999
0.144336
0.160153
0.291354
0.291354
0.288522
0.141504
0.110444
0.0166499
