0.0112553
0.0496253
0.0166076
0.0164125
0.0144387
0.0164683
0.048018
0.0106861
0.0454681
0.0520747
0.0189109
0.0182656
0.0182538
0.0180832
0.0504893
0.0426764
0.0466438
0.0570798
0.0243468
0.0242404
0.0240892
0.023982
0.0555097
0.0444008
0.0467885
0.0570216
0.0237869
0.0237184
0.0236568
0.0232514
0.0550131
0.0446176
0.0468575
0.0571542
0.0236013
0.0233651
0.023264
0.0231787
0.0553999
0.0446463
0.0469724
0.0579574
0.0241728
0.0239186
0.0239524
0.0235901
0.0556052
0.0446226
0.0449005
0.0513694
0.0180443
0.0180942
0.0177935
0.0176862
0.0491754
0.0426665
0.012426
0.0504049
0.0187133
0.0187006
0.0184506
0.0185874
0.048105
0.011833
