0.0304162
0.0980315
0.119844
0.119152
0.112002
0.120774
0.094693
0.0297974
0.0997706
0.136543
0.148944
0.145232
0.14186
0.14884
0.133003
0.0923005
0.0466818
0.0468186
0.0615791
0.0597176
0.0571483
0.0640493
0.0518157
0.0462905
0.0471807
0.0461688
0.0603043
0.0610307
0.0583713
0.0612182
0.0513613
0.0470045
0.0485298
0.0455517
0.059489
0.0622875
0.0589704
0.0598375
0.0506619
0.0476058
0.0503705
0.0455137
0.0594456
0.0637419
0.0590526
0.0583572
0.0483122
0.0486475
0.0949081
0.130222
0.142987
0.145254
0.141069
0.1404
0.126743
0.089823
0.0337367
0.0952933
0.116614
0.116237
0.115348
0.115561
0.0894761
0.0306843
