0.0174058
0.219719
0.230643
0.219719
0.367379
0.387368
0.367379
0.0203665
0.457161
0.45723
0.543868
0.642166
0.800091
0.439733
0.142032
0.162399
0.032614
0.0327243
0.121565
0.129463
0.34532
0.392586
0.12345
0.0411836
0.0442178
0.0507002
0.134686
0.122935
0.270557
0.287623
0.110218
0.0607133
0.058856
0.0663957
0.153379
0.111855
0.176596
0.195344
0.088638
0.0753883
0.0649246
0.0764824
0.167713
0.103809
0.0989821
0.106329
0.0813557
0.0980259
0.234596
0.326848
0.415311
0.32854
0.260636
0.262668
0.303511
0.234596
0.0558309
0.0922515
0.240224
0.325331
0.255101
0.254071
0.240224
0.0158151
