0.0176724
0.364114
0.378753
0.372004
0.364114
0.22188
0.22188
0.101538
0.202442
0.287604
0.285655
0.207297
0.533713
0.338176
0.18477
0.171272
0.0417536
0.117473
0.110172
0.105391
0.323492
0.140156
0.160652
0.0697334
0.0602536
0.138704
0.120829
0.18751
0.255551
0.130861
0.144037
0.0627546
0.0809971
0.153949
0.129665
0.26299
0.16889
0.119468
0.11385
0.0475096
0.1006
0.169267
0.140625
0.345973
0.0932446
0.108646
0.0985684
0.0335611
0.170499
0.175639
0.32203
0.538752
0.193321
0.27589
0.248536
0.200097
0.0698989
0.210221
0.210221
0.370128
0.37821
0.389437
0.370128
0.0244582
