0.000263227
0.00078801
0.00145729
0.00228519
0.00311333
0.00385734
0.00447853
0.00482933
0.00532635
0.00603256
0.00684971
0.00769744
0.00840452
0.00903289
0.00958941
0.0099281
0.0104353
0.0110926
0.0118683
0.0127389
0.0134843
0.0141937
0.0149059
0.0154222
0.0160298
0.0167727
0.0176318
0.0185753
0.0193214
0.0200682
0.0208821
0.0214979
0.0222075
0.0230676
0.0240704
0.0251851
0.026097
0.0269621
0.0279207
0.0286591
0.0294483
0.0303184
0.0313364
0.0325146
0.0334677
0.0343813
0.0354486
0.0363068
0.0372088
0.0382389
0.0393914
0.040684
0.0416929
0.0426334
0.0437385
0.0446718
0.0454889
0.046283
0.0471005
0.0480222
0.0486552
0.0492885
0.0502089
0.0510491
0.0996439
0.100169
0.100838
0.101666
0.102494
0.103238
0.103859
0.10421
0.104707
0.105413
0.10623
0.107078
0.107785
0.108414
0.10897
0.109309
0.109816
0.110473
0.111249
0.11212
0.112865
0.113574
0.114287
0.114803
0.115411
0.116153
0.117012
0.117956
0.118702
0.119449
0.120263
0.120879
0.121588
0.122448
0.123451
0.124566
0.125478
0.126343
0.127301
0.12804
0.128829
0.129699
0.130717
0.131895
0.132848
0.133762
0.134829
0.135687
0.136589
0.13762
0.138772
0.140065
0.141074
0.142014
0.143119
0.144053
0.14487
0.145664
0.146481
0.147403
0.148036
0.148669
0.14959
0.15043
