node: 10 matching clock cycle 4957354.00000000, pushing packet into request queue 
node: 44 matching clock cycle 4957362.00000000, pushing packet into request queue 
node: 50 matching clock cycle 4957364.00000000, pushing packet into request queue 
node: 50 matching clock cycle 4957364.00000000, pushing packet into request queue 
node: 40 matching clock cycle 4957366.00000000, pushing packet into request queue 
node: 26 matching clock cycle 4957392.00000000, pushing packet into request queue 
node: 18 matching clock cycle 4957398.00000000, pushing packet into request queue 
node: 20 matching clock cycle 4957400.00000000, pushing packet into request queue 
node: 20 matching clock cycle 4957401.00000000, pushing packet into request queue 
node: 22 matching clock cycle 4957430.00000000, pushing packet into request queue 
node: 30 matching clock cycle 4957436.00000000, pushing packet into request queue 
node: 32 matching clock cycle 4957438.00000000, pushing packet into request queue 
node: 28 matching clock cycle 4957441.00000000, pushing packet into request queue 
node: 32 matching clock cycle 4957444.00000000, pushing packet into request queue 
node: 30 matching clock cycle 4957460.00000000, pushing packet into request queue 
node: 32 matching clock cycle 4957466.00000000, pushing packet into request queue 
node: 26 matching clock cycle 4957491.00000000, pushing packet into request queue 
node: 30 matching clock cycle 4957494.00000000, pushing packet into request queue 
node: 48 matching clock cycle 4957498.00000000, pushing packet into request queue 
node: 24 matching clock cycle 4957499.00000000, pushing packet into request queue 
node: 30 matching clock cycle 4957505.00000000, pushing packet into request queue 
node: 20 matching clock cycle 4957507.00000000, pushing packet into request queue 
node: 42 matching clock cycle 4957511.00000000, pushing packet into request queue 
node: 12 matching clock cycle 4957512.00000000, pushing packet into request queue 
node: 22 matching clock cycle 4957515.00000000, pushing packet into request queue 
node: 22 matching clock cycle 4957518.00000000, pushing packet into request queue 
node: 18 matching clock cycle 4957519.00000000, pushing packet into request queue 
node: 26 matching clock cycle 4957525.00000000, pushing packet into request queue 
node: 28 matching clock cycle 4957538.00000000, pushing packet into request queue 
node: 18 matching clock cycle 4957581.00000000, pushing packet into request queue 
node: 28 matching clock cycle 4957603.00000000, pushing packet into request queue 
node: 28 matching clock cycle 4957605.00000000, pushing packet into request queue 
node: 24 matching clock cycle 4957607.00000000, pushing packet into request queue 
node: 20 matching clock cycle 4957616.00000000, pushing packet into request queue 
node: 22 matching clock cycle 4957618.00000000, pushing packet into request queue 
node: 24 matching clock cycle 4957640.00000000, pushing packet into request queue 
node: 20 matching clock cycle 4957679.00000000, pushing packet into request queue 
node: 26 matching clock cycle 4957688.00000000, pushing packet into request queue 
node: 18 matching clock cycle 4957695.00000000, pushing packet into request queue 
node: 32 matching clock cycle 4957725.00000000, pushing packet into request queue 
node: 32 matching clock cycle 4957746.00000000, pushing packet into request queue 
node: 30 matching clock cycle 4957756.00000000, pushing packet into request queue 
node: 32 matching clock cycle 4957762.00000000, pushing packet into request queue 
node: 30 matching clock cycle 4957792.00000000, pushing packet into request queue 
the processing element 5stops at 5426182000.00000000
the processing element 7stops at 5455762000.00000000
the processing element 58stops at 5494687000.00000000
the processing element 42stops at 6492407000.00000000
the processing element 18stops at 6534097000.00000000
the processing element 47stops at 6576867000.00000000
the processing element 39stops at 6641552000.00000000
the processing element 29stops at 6672602000.00000000
the processing element 45stops at 6677912000.00000000
the processing element 21stops at 6687612000.00000000
the processing element 37stops at 6691457000.00000000
the processing element 31stops at 6717152000.00000000
the processing element 17stops at 6738032000.00000000
the processing element 12stops at 6755942000.00000000
the processing element 2stops at 6768562000.00000000
the processing element 25stops at 6813972000.00000000
the processing element 46stops at 6823942000.00000000
the processing element 23stops at 6843772000.00000000
the processing element 63stops at 6860512000.00000000
the processing element 38stops at 6897557000.00000000
the processing element 33stops at 6900217000.00000000
the processing element 51stops at 7001962000.00000000
the processing element 61stops at 7028202000.00000000
the processing element 56stops at 7040357000.00000000
the processing element 41stops at 7044897000.00000000
the processing element 0stops at 7075442000.00000000
the processing element 40stops at 7156532000.00000000
the processing element 43stops at 7261737000.00000000
the processing element 35stops at 7268517000.00000000
the processing element 19stops at 7272142000.00000000
the processing element 27stops at 7279017000.00000000
the processing element 16stops at 7339472000.00000000
the processing element 44stops at 7365857000.00000000
the processing element 60stops at 7391637000.00000000
the processing element 52stops at 7416817000.00000000

Info: /OSCI/SystemC: Simulation stopped by user.
Noxim simulation completed.
 ( 7574532.00000000 cycles executed)
% Total received packets: 2136505
% Total received flits: 13887247
% Global average throughput (flits/cycle): 0.04212395
% Throughput (flits/cycle/IP): 2.17205440
% Max delay (cycles): 1020628.00000000
% Total energy (J): 3.9663159082e-03
% received flits to slice 0 13887247
% transmitted flits from slice 0 13887400
% average delay of slice 0 1.9135712765e+02

Info: (I804) /IEEE_Std_1666/deprecated: You can turn off warnings about
             IEEE 1666 deprecated features by placing this method call
             as the first statement in your sc_main() function:

  sc_core::sc_report_handler::set_actions( "/IEEE_Std_1666/deprecated",
                                           sc_core::SC_DO_NOTHING );

