node: 5 matching clock cycle 2724, pushing packet into request queue 
node: 5 matching clock cycle 2724, pushing packet into request queue 
node: 7 matching clock cycle 2730, pushing packet into request queue 
node: 9 matching clock cycle 2736, pushing packet into request queue 
node: 11 matching clock cycle 2742, pushing packet into request queue 
node: 11 matching clock cycle 2742, pushing packet into request queue 
node: 13 matching clock cycle 2748, pushing packet into request queue 
node: 15 matching clock cycle 2755, pushing packet into request queue 
node: 17 matching clock cycle 2760, pushing packet into request queue 
node: 19 matching clock cycle 2766, pushing packet into request queue 
node: 21 matching clock cycle 2772, pushing packet into request queue 
node: 23 matching clock cycle 2778, pushing packet into request queue 
node: 25 matching clock cycle 2784, pushing packet into request queue 
node: 27 matching clock cycle 2790, pushing packet into request queue 
node: 29 matching clock cycle 2796, pushing packet into request queue 
node: 31 matching clock cycle 2803, pushing packet into request queue 
node: 33 matching clock cycle 2808, pushing packet into request queue 
node: 35 matching clock cycle 2814, pushing packet into request queue 
node: 37 matching clock cycle 2820, pushing packet into request queue 
node: 39 matching clock cycle 2826, pushing packet into request queue 
node: 41 matching clock cycle 2832, pushing packet into request queue 
node: 43 matching clock cycle 2838, pushing packet into request queue 
node: 43 matching clock cycle 2838, pushing packet into request queue 
node: 45 matching clock cycle 2844, pushing packet into request queue 
node: 47 matching clock cycle 2851, pushing packet into request queue 
node: 49 matching clock cycle 2856, pushing packet into request queue 
node: 49 matching clock cycle 2856, pushing packet into request queue 
node: 51 matching clock cycle 2862, pushing packet into request queue 
node: 2 matching clock cycle 2882, pushing packet into request queue 
node: 53 matching clock cycle 2947, pushing packet into request queue 
node: 55 matching clock cycle 2953, pushing packet into request queue 
the processing element 0stops at 4377000.00000000
the processing element 5stops at 4567000.00000000
the processing element 2stops at 4932000.00000000
the processing element 4stops at 5072000.00000000
the processing element 9stops at 5142000.00000000
the processing element 7stops at 5197000.00000000
the processing element 10stops at 5367000.00000000
the processing element 11stops at 5472000.00000000
the processing element 12stops at 5517000.00000000
the processing element 13stops at 5692000.00000000
the processing element 17stops at 5902000.00000000
the processing element 14stops at 5962000.00000000
the processing element 18stops at 6177000.00000000
the processing element 25stops at 6352000.00000000
the processing element 16stops at 6492000.00000000
the processing element 19stops at 6617000.00000000
the processing element 20stops at 6772000.00000000
the processing element 21stops at 7177000.00000000
the processing element 33stops at 7347000.00000000
the processing element 22stops at 7597000.00000000
the processing element 26stops at 7702000.00000000
the processing element 24stops at 7842000.00000000
the processing element 23stops at 7867000.00000000
the processing element 27stops at 8032000.00000000
the processing element 41stops at 8102000.00000000
the processing element 28stops at 8277000.00000000
the processing element 29stops at 8492000.00000000
the processing element 34stops at 8612000.00000000
the processing element 30stops at 8637000.00000000
the processing element 32stops at 8862000.00000000
the processing element 3stops at 8987000.00000000
the processing element 31stops at 9042000.00000000
the processing element 35stops at 9107000.00000000
the processing element 49stops at 9277000.00000000
the processing element 36stops at 9302000.00000000
the processing element 37stops at 9467000.00000000
the processing element 38stops at 9572000.00000000
the processing element 42stops at 9747000.00000000
the processing element 39stops at 9787000.00000000
the processing element 40stops at 9967000.00000000
the processing element 43stops at 10042000.00000000
the processing element 44stops at 10187000.00000000
the processing element 45stops at 10232000.00000000
the processing element 46stops at 10327000.00000000
the processing element 58stops at 10457000.00000000
the processing element 50stops at 10502000.00000000
the processing element 47stops at 10582000.00000000
the processing element 51stops at 10647000.00000000

Info: /OSCI/SystemC: Simulation stopped by user.
Noxim simulation completed.
 ( 10647.00000000 cycles executed)
% Total received packets: 868
% Total received flits: 5612
% Global average throughput (flits/cycle): 0.03734363
% Throughput (flits/cycle/IP): 0.00092092
% Max delay (cycles): 2873.00000000
% Total energy (J): 3.1197673446e-06
% received flits to slice 0 5612
% transmitted flits from slice 0 5657
% average delay of slice 0 5.4386175115e+02

Info: (I804) /IEEE_Std_1666/deprecated: You can turn off warnings about
             IEEE 1666 deprecated features by placing this method call
             as the first statement in your sc_main() function:

  sc_core::sc_report_handler::set_actions( "/IEEE_Std_1666/deprecated",
                                           sc_core::SC_DO_NOTHING );

