node: 43 matching clock cycle 92408, pushing packet into request queue 
node: 43 matching clock cycle 92408, pushing packet into request queue 
node: 43 matching clock cycle 92412, pushing packet into request queue 
node: 43 matching clock cycle 92412, pushing packet into request queue 
node: 43 matching clock cycle 92416, pushing packet into request queue 
node: 43 matching clock cycle 92416, pushing packet into request queue 
node: 43 matching clock cycle 92420, pushing packet into request queue 
node: 43 matching clock cycle 92420, pushing packet into request queue 
node: 43 matching clock cycle 92424, pushing packet into request queue 
node: 43 matching clock cycle 92424, pushing packet into request queue 
node: 43 matching clock cycle 92428, pushing packet into request queue 
node: 43 matching clock cycle 92428, pushing packet into request queue 
node: 9 matching clock cycle 92742, pushing packet into request queue 
node: 43 matching clock cycle 92855, pushing packet into request queue 
node: 43 matching clock cycle 92855, pushing packet into request queue 
node: 9 matching clock cycle 92974, pushing packet into request queue 
node: 9 matching clock cycle 92979, pushing packet into request queue 
node: 9 matching clock cycle 92980, pushing packet into request queue 
node: 9 matching clock cycle 92981, pushing packet into request queue 
node: 43 matching clock cycle 93087, pushing packet into request queue 
node: 43 matching clock cycle 93087, pushing packet into request queue 
node: 43 matching clock cycle 93092, pushing packet into request queue 
node: 43 matching clock cycle 93092, pushing packet into request queue 
node: 43 matching clock cycle 93094, pushing packet into request queue 
node: 43 matching clock cycle 93094, pushing packet into request queue 
node: 43 matching clock cycle 93096, pushing packet into request queue 
node: 43 matching clock cycle 93096, pushing packet into request queue 
node: 43 matching clock cycle 93097, pushing packet into request queue 
node: 43 matching clock cycle 93097, pushing packet into request queue 
node: 43 matching clock cycle 93103, pushing packet into request queue 
node: 43 matching clock cycle 93103, pushing packet into request queue 
the processing element 19stops at 122922000.00000000
the processing element 23stops at 127047000.00000000
the processing element 52stops at 132352000.00000000
the processing element 9stops at 140647000.00000000
the processing element 42stops at 144687000.00000000
the processing element 54stops at 146862000.00000000
the processing element 44stops at 148887000.00000000
the processing element 5stops at 151822000.00000000
the processing element 3stops at 160212000.00000000
the processing element 35stops at 162442000.00000000
the processing element 31stops at 162817000.00000000
the processing element 58stops at 165377000.00000000
the processing element 39stops at 168852000.00000000
the processing element 10stops at 169757000.00000000
the processing element 32stops at 172612000.00000000
the processing element 40stops at 172787000.00000000
the processing element 4stops at 175042000.00000000
the processing element 45stops at 178422000.00000000
the processing element 20stops at 178642000.00000000
the processing element 17stops at 180597000.00000000
the processing element 14stops at 182672000.00000000
the processing element 18stops at 184072000.00000000
the processing element 27stops at 184222000.00000000
the processing element 11stops at 187017000.00000000
the processing element 7stops at 187407000.00000000
the processing element 34stops at 189347000.00000000
the processing element 41stops at 189907000.00000000
the processing element 25stops at 190932000.00000000
the processing element 63stops at 191957000.00000000
the processing element 24stops at 194537000.00000000
the processing element 29stops at 195232000.00000000
the processing element 21stops at 195842000.00000000
the processing element 37stops at 196932000.00000000
the processing element 36stops at 197537000.00000000
the processing element 43stops at 198892000.00000000
the processing element 60stops at 199472000.00000000
the processing element 49stops at 200282000.00000000
the processing element 0stops at 201897000.00000000
the processing element 16stops at 203807000.00000000
the processing element 2stops at 205157000.00000000
the processing element 61stops at 205852000.00000000
the processing element 47stops at 206827000.00000000
the processing element 53stops at 207987000.00000000
the processing element 30stops at 208677000.00000000
the processing element 33stops at 209862000.00000000
the processing element 38stops at 210792000.00000000
the processing element 28stops at 212102000.00000000
the processing element 50stops at 213377000.00000000

Info: /OSCI/SystemC: Simulation stopped by user.
Noxim simulation completed.
 ( 213377.00000000 cycles executed)
% Total received packets: 53589
% Total received flits: 348318
% Global average throughput (flits/cycle): 0.04014128
% Throughput (flits/cycle/IP): 0.05447917
% Max delay (cycles): 2743.00000000
% Total energy (J): 9.4100853545e-05
% received flits to slice 0 348318
% transmitted flits from slice 0 348390
% average delay of slice 0 2.1407182444e+02

Info: (I804) /IEEE_Std_1666/deprecated: You can turn off warnings about
             IEEE 1666 deprecated features by placing this method call
             as the first statement in your sc_main() function:

  sc_core::sc_report_handler::set_actions( "/IEEE_Std_1666/deprecated",
                                           sc_core::SC_DO_NOTHING );

