0.0336245
0.235653
0.174697
0.165868
0.146238
0.133934
0.150841
0.0304311
0.030525
0.0841552
0.0480887
0.0466798
0.0420776
0.0409505
0.0553207
0.0234808
0.0351273
0.08068
0.0465859
0.0450831
0.0424533
0.0413262
0.0517517
0.0285526
0.035503
0.0765474
0.0447074
0.0431107
0.0405748
0.0394477
0.0453649
0.0266742
0.0358787
0.0724148
0.042829
0.0411383
0.0386963
0.0375693
0.0389781
0.0247957
0.0362543
0.0682821
0.0409505
0.039166
0.0368179
0.0356908
0.0325913
0.0229173
0.0818071
0.104443
0.0725087
0.0619893
0.0518456
0.0429229
0.0300554
0.0178454
0.0184089
0.14126
0.0932657
0.075796
0.0595473
0.0436743
0.0241383
0.0157791
0.0336245
0.235653
0.174697
0.165868
0.146238
0.133934
0.150841
0.0304311
0.030525
0.0841552
0.0480887
0.0466798
0.0420776
0.0409505
0.0553207
0.0234808
0.0351273
0.08068
0.0465859
0.0450831
0.0424533
0.0413262
0.0517517
0.0285526
0.035503
0.0765474
0.0447074
0.0431107
0.0405748
0.0394477
0.0453649
0.0266742
0.0358787
0.0724148
0.042829
0.0411383
0.0386963
0.0375693
0.0389781
0.0247957
0.0362543
0.0682821
0.0409505
0.039166
0.0368179
0.0356908
0.0325913
0.0229173
0.0818071
0.104443
0.0725087
0.0619893
0.0518456
0.0429229
0.0300554
0.0178454
0.0184089
0.14126
0.0932657
0.075796
0.0595473
0.0436743
0.0241383
0.0157791
0.0336245
0.235653
0.174697
0.165868
0.146238
0.133934
0.150841
0.0304311
0.030525
0.0841552
0.0480887
0.0466798
0.0420776
0.0409505
0.0553207
0.0234808
0.0351273
0.08068
0.0465859
0.0450831
0.0424533
0.0413262
0.0517517
0.0285526
0.035503
0.0765474
0.0447074
0.0431107
0.0405748
0.0394477
0.0453649
0.0266742
0.0358787
0.0724148
0.042829
0.0411383
0.0386963
0.0375693
0.0389781
0.0247957
0.0362543
0.0682821
0.0409505
0.039166
0.0368179
0.0356908
0.0325913
0.0229173
0.0818071
0.104443
0.0725087
0.0619893
0.0518456
0.0429229
0.0300554
0.0178454
0.0184089
0.14126
0.0932657
0.075796
0.0595473
0.0436743
0.0241383
0.0157791
0.0336245
0.235653
0.174697
0.165868
0.146238
0.133934
0.150841
0.0304311
0.030525
0.0841552
0.0480887
0.0466798
0.0420776
0.0409505
0.0553207
0.0234808
0.0351273
0.08068
0.0465859
0.0450831
0.0424533
0.0413262
0.0517517
0.0285526
0.035503
0.0765474
0.0447074
0.0431107
0.0405748
0.0394477
0.0453649
0.0266742
0.0358787
0.0724148
0.042829
0.0411383
0.0386963
0.0375693
0.0389781
0.0247957
0.0362543
0.0682821
0.0409505
0.039166
0.0368179
0.0356908
0.0325913
0.0229173
0.0818071
0.104443
0.0725087
0.0619893
0.0518456
0.0429229
0.0300554
0.0178454
0.0184089
0.14126
0.0932657
0.075796
0.0595473
0.0436743
0.0241383
0.0157791
0.0336245
0.235653
0.174697
0.165868
0.146238
0.133934
0.150841
0.0304311
0.030525
0.0841552
0.0480887
0.0466798
0.0420776
0.0409505
0.0553207
0.0234808
0.0351273
0.08068
0.0465859
0.0450831
0.0424533
0.0413262
0.0517517
0.0285526
0.035503
0.0765474
0.0447074
0.0431107
0.0405748
0.0394477
0.0453649
0.0266742
0.0358787
0.0724148
0.042829
0.0411383
0.0386963
0.0375693
0.0389781
0.0247957
0.0362543
0.0682821
0.0409505
0.039166
0.0368179
0.0356908
0.0325913
0.0229173
0.0818071
0.104443
0.0725087
0.0619893
0.0518456
0.0429229
0.0300554
0.0178454
0.0184089
0.14126
0.0932657
0.075796
0.0595473
0.0436743
0.0241383
0.0157791
0.0336245
0.235653
0.174697
0.165868
0.146238
0.133934
0.150841
0.0304311
0.030525
0.0841552
0.0480887
0.0466798
0.0420776
0.0409505
0.0553207
0.0234808
0.0351273
0.08068
0.0465859
0.0450831
0.0424533
0.0413262
0.0517517
0.0285526
0.035503
0.0765474
0.0447074
0.0431107
0.0405748
0.0394477
0.0453649
0.0266742
0.0358787
0.0724148
0.042829
0.0411383
0.0386963
0.0375693
0.0389781
0.0247957
0.0362543
0.0682821
0.0409505
0.039166
0.0368179
0.0356908
0.0325913
0.0229173
0.0818071
0.104443
0.0725087
0.0619893
0.0518456
0.0429229
0.0300554
0.0178454
0.0184089
0.14126
0.0932657
0.075796
0.0595473
0.0436743
0.0241383
0.0157791
0.0737803
0.288605
0.251863
0.248956
0.247934
0.250226
0.290147
0.07382
0.305189
0.318879
0.29986
0.295331
0.296744
0.297742
0.320854
0.303166
0.155995
0.167602
0.148804
0.147123
0.149997
0.14907
0.172407
0.155078
0.154748
0.168675
0.150286
0.146953
0.150228
0.148847
0.172742
0.15453
0.153817
0.166978
0.150243
0.145634
0.15051
0.147397
0.171045
0.152965
0.153632
0.166341
0.148793
0.145932
0.150176
0.146496
0.1694
0.15428
0.303399
0.31743
0.299605
0.296365
0.300741
0.300158
0.321736
0.303891
0.0732198
0.285089
0.24751
0.244097
0.247213
0.247045
0.283148
0.0717483
0.0711088
0.287642
0.247239
0.249249
0.249331
0.248471
0.287285
0.0697976
0.305117
0.320315
0.29779
0.301498
0.300993
0.300354
0.321423
0.303717
0.155877
0.172207
0.148647
0.151355
0.150671
0.150925
0.173223
0.154819
0.156383
0.172639
0.149756
0.150373
0.150128
0.149971
0.1724
0.155066
0.156325
0.171546
0.149436
0.150642
0.150181
0.150411
0.1724
0.154902
0.156349
0.170741
0.149663
0.151602
0.150931
0.150251
0.172014
0.155104
0.304645
0.31768
0.297339
0.300453
0.299482
0.298606
0.320509
0.304166
0.0715857
0.28604
0.245934
0.246389
0.24544
0.245242
0.284748
0.0701811
0.0761881
0.293437
0.249566
0.246975
0.247495
0.248836
0.292467
0.0702378
0.309002
0.326603
0.29963
0.298796
0.299478
0.300678
0.328963
0.303804
0.157253
0.17418
0.150978
0.148591
0.153718
0.15226
0.17809
0.15302
0.16003
0.173019
0.151817
0.149246
0.155273
0.151558
0.174711
0.156141
0.159912
0.17222
0.151119
0.149496
0.156228
0.150647
0.171461
0.160471
0.161096
0.170719
0.148593
0.152166
0.156721
0.150023
0.171025
0.16072
0.31127
0.320057
0.300767
0.30666
0.308057
0.303949
0.321352
0.308572
0.0717711
0.287538
0.248727
0.253445
0.25455
0.252864
0.287778
0.0698788
0.0738819
0.295591
0.254071
0.255323
0.255242
0.255309
0.296269
0.0725096
0.314235
0.328463
0.306018
0.307819
0.308256
0.307633
0.330448
0.313232
0.161688
0.17699
0.154902
0.156742
0.156446
0.155684
0.178006
0.159998
0.161347
0.176473
0.153837
0.15617
0.156404
0.155491
0.177776
0.160067
0.161152
0.175945
0.153573
0.155687
0.156046
0.155657
0.178219
0.159933
0.161335
0.176135
0.153966
0.15626
0.155958
0.154922
0.177473
0.15969
0.314355
0.327625
0.306713
0.308876
0.308471
0.307421
0.330399
0.312916
0.0749221
0.295876
0.254364
0.255051
0.255155
0.255124
0.295861
0.0717048
0.164574
0.40482
0.348898
0.369186
0.317929
0.221418
0.247869
0.0313099
0.345221
0.372978
0.33868
0.379669
0.44125
0.322235
0.241524
0.213994
0.187473
0.222386
0.132029
0.144556
0.225896
0.202027
0.162631
0.0869068
0.154301
0.194896
0.164259
0.16648
0.191426
0.177175
0.190262
0.11449
0.123015
0.167504
0.196107
0.188295
0.161733
0.150454
0.209613
0.141466
0.0914199
0.140204
0.212972
0.205923
0.127829
0.12096
0.228182
0.165325
0.248092
0.254354
0.360991
0.47225
0.401762
0.374657
0.402951
0.351104
0.0307871
0.218551
0.195929
0.288594
0.322776
0.306333
0.356774
0.142434
0.07878
0.306158
0.264447
0.264311
0.264163
0.264026
0.305002
0.0767783
0.324465
0.339665
0.317975
0.317947
0.317845
0.31782
0.340998
0.322655
0.165352
0.180466
0.158302
0.15834
0.158272
0.158317
0.181487
0.163834
0.165389
0.180449
0.158321
0.158341
0.158294
0.15832
0.181519
0.163845
0.165421
0.180438
0.15834
0.158346
0.158312
0.158326
0.181549
0.163863
0.165449
0.180428
0.158354
0.158352
0.158324
0.158328
0.181567
0.16388
0.325257
0.340155
0.318553
0.318469
0.318375
0.318288
0.341489
0.32319
0.0789114
0.305916
0.264388
0.264351
0.26432
0.26428
0.305552
0.0767668
0.0513196
0.229785
0.183737
0.179153
0.165227
0.160622
0.169535
0.0476476
0.182413
0.201449
0.177194
0.182332
0.174372
0.175501
0.185342
0.168097
0.101177
0.115067
0.0974186
0.101459
0.0995775
0.0949934
0.114646
0.0981291
0.103229
0.11243
0.1003
0.0988274
0.100469
0.0965097
0.11819
0.102586
0.106068
0.108721
0.100095
0.100969
0.102409
0.096353
0.121304
0.108822
0.108572
0.107052
0.103165
0.102631
0.105019
0.0979985
0.125173
0.113187
0.195853
0.210525
0.213598
0.231843
0.240681
0.255478
0.288494
0.296733
0.051218
0.155025
0.142581
0.156254
0.158672
0.169647
0.205689
0.0470774
0.0710817
0.287962
0.244815
0.241786
0.239165
0.237159
0.269669
0.0702342
0.29808
0.31437
0.289481
0.287606
0.286438
0.285937
0.303304
0.287615
0.147903
0.168956
0.143629
0.143178
0.14231
0.143294
0.162788
0.147834
0.147576
0.167494
0.142736
0.14301
0.142109
0.142584
0.160975
0.149553
0.146687
0.167562
0.142806
0.142853
0.142547
0.142517
0.161323
0.149948
0.145715
0.167544
0.142772
0.142908
0.14193
0.142253
0.160954
0.150662
0.27293
0.299608
0.278972
0.283208
0.287368
0.291882
0.313492
0.307529
0.070353
0.287422
0.242596
0.241017
0.237562
0.234873
0.265746
0.0694312
0.0336245
0.235653
0.174697
0.165868
0.146238
0.133934
0.150841
0.0304311
0.030525
0.0841552
0.0480887
0.0466798
0.0420776
0.0409505
0.0553207
0.0234808
0.0351273
0.08068
0.0465859
0.0450831
0.0424533
0.0413262
0.0517517
0.0285526
0.035503
0.0765474
0.0447074
0.0431107
0.0405748
0.0394477
0.0453649
0.0266742
0.0358787
0.0724148
0.042829
0.0411383
0.0386963
0.0375693
0.0389781
0.0247957
0.0362543
0.0682821
0.0409505
0.039166
0.0368179
0.0356908
0.0325913
0.0229173
0.0818071
0.104443
0.0725087
0.0619893
0.0518456
0.0429229
0.0300554
0.0178454
0.0184089
0.14126
0.0932657
0.075796
0.0595473
0.0436743
0.0241383
0.0157791
0.0824316
0.247192
0.211011
0.214058
0.218894
0.208734
0.268187
0.0488619
0.262507
0.23959
0.250767
0.245495
0.255862
0.234632
0.286193
0.243058
0.156052
0.131898
0.132948
0.113091
0.142194
0.1164
0.170051
0.111671
0.148568
0.143324
0.133351
0.128496
0.142705
0.128313
0.16544
0.119596
0.14001
0.150968
0.123443
0.13269
0.132638
0.132587
0.152758
0.125271
0.132409
0.15303
0.110195
0.141079
0.117421
0.136697
0.145128
0.143811
0.283034
0.297488
0.25223
0.273263
0.250575
0.263655
0.244473
0.256569
0.0597393
0.253134
0.206269
0.223032
0.213172
0.205655
0.239965
0.0745113
0.0821758
0.302999
0.253232
0.26348
0.260599
0.253869
0.282897
0.0780655
0.284793
0.306754
0.285872
0.299432
0.301577
0.288872
0.31679
0.308831
0.159823
0.16568
0.139895
0.14675
0.150817
0.131425
0.167445
0.156767
0.153368
0.169578
0.137862
0.150817
0.149625
0.129691
0.157347
0.149126
0.16127
0.170134
0.144124
0.143575
0.143008
0.129454
0.156118
0.148777
0.161364
0.162374
0.143014
0.142216
0.143226
0.130134
0.161663
0.148521
0.299338
0.303767
0.280614
0.294093
0.292091
0.28702
0.314202
0.309443
0.0779282
0.2661
0.221242
0.221659
0.222333
0.221404
0.261628
0.0637697
