0.0680207
0.260099
0.221876
0.222231
0.219313
0.221298
0.253376
0.0652814
0.270153
0.286997
0.260066
0.265502
0.260526
0.264097
0.27821
0.266584
0.138893
0.155159
0.128191
0.134054
0.1306
0.134213
0.145714
0.13617
0.14088
0.153695
0.129366
0.131995
0.13226
0.131549
0.146468
0.134668
0.141997
0.150913
0.128716
0.129269
0.131664
0.127389
0.144795
0.132358
0.145126
0.150691
0.131848
0.128692
0.135417
0.128565
0.147569
0.131051
0.283977
0.288394
0.268663
0.264779
0.268522
0.261237
0.278892
0.26061
0.0704187
0.260748
0.222271
0.220695
0.220291
0.216184
0.242896
0.0628053
