0.0340942
0.0740165
0.113962
0.153844
0.193779
0.233853
0.273884
0.313902
0.387491
0.472422
0.557078
0.641909
0.726819
0.811971
0.896799
0.988258
1.10739
1.22658
1.34541
1.46445
1.58366
1.703
1.82198
1.94765
2.1003
2.25266
2.40475
2.55701
2.70951
2.86208
3.01433
3.17332
3.36013
3.54676
3.73312
3.91969
4.10641
4.29313
4.47964
4.67286
4.8934
5.11346
5.33323
5.55324
5.77319
5.99323
6.21306
6.43968
6.69432
6.94874
7.20288
7.45718
7.71141
7.96582
8.21994
8.48083
8.73547
8.98989
9.24402
9.49831
9.75252
10.0069
10.261
10.5219
1.10637
1.14629
1.18624
1.22612
1.26605
1.30613
1.34616
1.38618
1.45977
1.5447
1.62935
1.71418
1.79909
1.88425
1.96907
2.06053
2.17967
2.29885
2.41768
2.53672
2.65593
2.77527
2.89426
3.01992
3.17258
3.32493
3.47702
3.62929
3.78178
3.93436
4.0866
4.24559
4.4324
4.61904
4.8054
4.99197
5.17868
5.3654
5.55192
5.74513
5.96567
6.18573
6.4055
6.62551
6.84546
7.06551
7.28533
7.51195
7.7666
8.02102
8.27515
8.52946
8.78368
9.03809
9.29222
9.5531
9.80775
10.0622
10.3163
10.5706
10.8248
11.0792
11.3333
11.5942
