0.0741539
0.206628
0.373167
0.560833
0.74703
0.914877
1.04568
1.11614
1.2322
1.40496
1.6078
1.83821
2.06466
2.26997
2.44227
2.54948
2.7032
2.91468
3.15075
3.42078
3.68205
3.92349
4.13643
4.27841
4.47404
4.72517
4.99643
5.3085
5.6129
5.89412
6.15094
6.33359
6.56912
6.85886
7.16983
7.5237
7.86225
8.18077
8.47715
8.69318
8.96917
9.29698
9.63596
10.0262
10.3965
10.7499
11.0851
11.3373
11.6542
12.0208
12.4
12.8349
13.2457
13.6408
14.0216
14.3112
14.5948
14.8695
15.1138
15.4004
15.6603
15.9246
16.2146
16.4698
2.2577
2.39017
2.55671
2.74438
2.93058
3.09842
3.22922
3.29969
3.41575
3.58851
3.79135
4.02176
4.2482
4.45351
4.62582
4.73303
4.88675
5.09823
5.33429
5.60433
5.8656
6.10704
6.31998
6.46196
6.65758
6.90871
7.17998
7.49204
7.79645
8.07766
8.33449
8.51713
8.75266
9.04241
9.35338
9.70725
10.0458
10.3643
10.6607
10.8767
11.1527
11.4805
11.8195
12.2097
12.5801
12.9334
13.2687
13.5208
13.8377
14.2044
14.5835
15.0185
15.4293
15.8244
16.2052
16.4948
16.7783
17.053
17.2974
17.5839
17.8439
18.1081
18.3981
18.6533
