0.0630568
0.196276
0.24132
0.239595
0.225959
0.24437
0.190891
0.0602659
0.199808
0.274554
0.298838
0.291777
0.288833
0.299988
0.266217
0.186616
0.095183
0.0937938
0.125121
0.11763
0.118218
0.127204
0.1027
0.0915686
0.0965734
0.0938538
0.121413
0.120399
0.120619
0.122541
0.102131
0.0925997
0.0979637
0.0926071
0.120163
0.12344
0.121612
0.119581
0.0991539
0.0951316
0.100672
0.0923808
0.119718
0.126102
0.12097
0.116625
0.0957
0.0968183
0.190481
0.262069
0.288711
0.287907
0.28525
0.281032
0.25465
0.181028
0.0665287
0.190754
0.234511
0.231121
0.232671
0.228601
0.180267
0.0607325
