0.0717691
0.289531
0.250281
0.251047
0.250309
0.251212
0.29142
0.0767622
0.305027
0.327682
0.300396
0.305658
0.300737
0.305989
0.322604
0.311024
0.154198
0.176304
0.147998
0.154108
0.148488
0.15438
0.170102
0.159386
0.156922
0.173179
0.150073
0.150632
0.149285
0.150774
0.171539
0.15659
0.158732
0.16988
0.15162
0.14863
0.150779
0.148608
0.173275
0.155017
0.160943
0.168165
0.153076
0.147046
0.152438
0.146437
0.17488
0.153087
0.312541
0.321455
0.304428
0.29972
0.304188
0.299089
0.326545
0.304633
0.0779622
0.291605
0.250986
0.249991
0.250973
0.249844
0.289152
0.0710206
