0.0381368
0.285421
0.320004
0.319995
0.285421
0.288059
0.288059
0.0312124
0.268573
0.260622
0.301747
0.297691
0.514261
0.483916
0.230436
0.217019
0.0724139
0.0607432
0.10572
0.100454
0.245915
0.216368
0.195222
0.185807
0.105106
0.0902752
0.13796
0.129623
0.20509
0.179685
0.157624
0.151403
0.140042
0.1259
0.177586
0.160286
0.162753
0.143961
0.117264
0.112848
0.177247
0.15671
0.212573
0.189445
0.126115
0.111716
0.0803641
0.0764519
0.213084
0.194784
0.447658
0.414269
0.280426
0.264825
0.232926
0.231381
0.0358366
0.287147
0.287147
0.257714
0.298757
0.292899
0.257714
0.0365969
