0.0176356
0.109501
0.131155
0.193247
0.176025
0.119211
0.179805
0.0703035
0.122433
0.401721
0.43828
0.501503
0.494938
0.424478
0.511222
0.451235
0.104793
0.373695
0.109234
0.1126
0.103874
0.03186
0.0940997
0.0495141
0.0778525
0.271808
0.186848
0.134778
0.117261
0.0516932
0.0783582
0.0423329
0.0580928
0.179474
0.250448
0.151273
0.125757
0.0647774
0.0559412
0.035492
0.0327243
0.0909459
0.324384
0.16947
0.13395
0.0745239
0.033984
0.0270603
0.37068
0.365448
0.354488
0.244407
0.444891
0.33425
0.261436
0.262769
0.0161921
0.209467
0.22554
0.217237
0.209467
0.10357
0.10357
0.018362
