0.438399
0.571255
0.262585
0.142262
0.150905
0.144119
0.132856
0.0213503
0.619234
0.39888
0.266024
0.138143
0.184825
0.227976
0.225521
0.159493
0.353209
0.11134
0.119376
0.111671
0.0618903
0.0989637
0.101106
0.0887115
0.258797
0.0974466
0.106899
0.0904034
0.0746343
0.110494
0.126282
0.161911
0.1818
0.077264
0.0927481
0.0702667
0.0923067
0.122971
0.1408
0.23867
0.0858703
0.0624603
0.0825418
0.0485762
0.109372
0.132718
0.162675
0.314389
0.148551
0.184641
0.203628
0.162123
0.135541
0.234624
0.407229
0.549013
0.0130107
0.172605
0.185009
0.180531
0.184779
0.255027
0.582454
0.409849
