0
0.0142455
0.0142455
0.0149952
0.0149952
0.00149952
0.000749761
0.0127459
0
0
0.0142455
0.0106557
0
0.000749761
0.000749761
0.0127459
0
0
0.0284909
0.0219135
0
0.000749761
0.000749761
0.0127459
0
0
0.0427364
0.0331713
0
0.000749761
0.000749761
0.0127459
0
0
0.0569819
0.044429
0
0.000749761
0.000749761
0.0127459
0.000749761
0
0.0689781
0.0556868
0
0.000749761
0
0.0127459
0.000749761
0.000749761
0.0802245
0.0669446
0
0.000749761
0
0.0127459
0.000749761
0.0119962
0.0922207
0.14718
0.147192
0.0669787
0.06699
0.0127459
