0.002556
0.0110079
0.00446449
0.0113827
0.00368065
0.0105307
0.00235152
0.00780433
0.00388513
0.0109397
0.00770209
0.0143477
0.00869042
0.0143136
0.00538465
0.00856546
0.00518017
0.00964466
0.00896306
0.0130527
0.0099173
0.0130186
0.00650929
0.00736129
0.00647521
0.00834962
0.010224
0.0117917
0.0111783
0.0117576
0.00766801
0.00620257
0.00749761
0.00678193
0.0109397
0.00998546
0.0118599
0.00998546
0.00852002
0.00487345
0.0083837
0.00535057
0.011485
0.0083837
0.0124051
0.00824738
0.00930386
0.00368065
0.00930386
0.00415777
0.0124392
0.00725905
0.0134275
0.00722497
0.0103603
0.00262417
0.00828146
0.00105648
0.00882674
0.00156768
0.00879266
0.0015336
0.00783842
0.00112464
