0.0239707
0.0899438
0.0358573
0.0339544
0.033559
0.0296792
0.0817724
0.0177186
0.0813028
0.0900262
0.0390945
0.0374883
0.0376365
0.0358573
0.0920526
0.0789552
0.0848696
0.105068
0.0461375
0.0501903
0.0493254
0.0495478
0.109648
0.0878021
0.0838976
0.104507
0.0441441
0.0490288
0.0474225
0.0478179
0.110092
0.0861464
0.0848367
0.107152
0.0446301
0.0486334
0.0481392
0.0482627
0.113577
0.0883705
0.0846142
0.108017
0.0437651
0.0486828
0.0471507
0.0475461
0.114466
0.0857263
0.0832798
0.095191
0.0298275
0.0312608
0.0350418
0.0336085
0.100957
0.07954
0.0210547
0.0961054
0.0347452
0.0300252
0.0307171
0.0327682
0.103132
0.026269
