0.0761979
0.213728
0.3936
0.594821
0.796328
0.977057
1.115
1.19071
1.30992
1.49262
1.7185
1.96525
2.21231
2.43829
2.6208
2.73992
2.90179
3.12664
3.39441
3.683
3.97181
4.23958
4.46397
4.62521
4.82687
5.08992
5.39463
5.72015
6.04641
6.35219
6.61601
6.81822
7.06086
7.36495
7.71041
8.07629
8.44354
8.79085
9.09642
9.33992
9.62399
9.9701
10.3582
10.7665
11.1749
11.5623
11.9077
12.1919
12.517
12.9035
13.332
13.7811
14.2301
14.6588
15.0456
15.3708
15.6598
15.9488
16.2377
16.5267
16.8156
17.1046
17.3935
17.6824
0.175185
0.312714
0.492587
0.693808
0.895315
1.07604
1.21398
1.2897
1.40891
1.5916
1.81749
2.06424
2.3113
2.53728
2.71978
2.83891
3.00078
3.22563
3.4934
3.78198
4.0708
4.33856
4.56296
4.7242
4.92586
5.18891
5.49361
5.81913
6.1454
6.45118
6.715
6.91721
7.15984
7.46394
7.8094
8.17528
8.54253
8.88984
9.1954
9.43891
9.72298
10.0691
10.4572
10.8655
11.2738
11.6612
12.0067
12.2909
12.616
13.0025
13.431
13.8801
14.3291
14.7578
15.1446
15.4698
15.7588
16.0477
16.3367
16.6256
16.9146
17.2036
17.4925
17.7814
