0.0463801
0.340368
0.340368
0.336666
0.381687
0.374429
0.336666
0.0387662
0.386013
0.383542
0.634722
0.638434
0.339633
0.339961
0.378804
0.378727
0.0946665
0.0834684
0.247365
0.260086
0.24797
0.262712
0.0867984
0.0776096
0.142514
0.121792
0.208429
0.212311
0.208476
0.214371
0.132102
0.117174
0.187761
0.160475
0.17028
0.167008
0.169298
0.16917
0.176994
0.156686
0.233731
0.200343
0.130895
0.122888
0.130378
0.123789
0.221475
0.194706
0.494049
0.505188
0.351391
0.338597
0.351672
0.338545
0.260318
0.234064
0.279701
0.524571
0.290252
0.283404
0.290405
0.283559
0.24487
0.0393582
