0.0463849
0.336673
0.375486
0.336673
0.339633
0.377395
0.339633
0.0387662
0.386346
0.38387
0.417329
0.638768
0.634573
0.339961
0.248169
0.286935
0.0946745
0.0834684
0.12435
0.260091
0.24797
0.262712
0.200446
0.0776096
0.142527
0.121792
0.172607
0.212316
0.208476
0.214371
0.161911
0.117174
0.187779
0.160478
0.217287
0.167011
0.169298
0.16917
0.123377
0.156686
0.233752
0.200346
0.26166
0.12289
0.130378
0.123789
0.0843274
0.194706
0.513789
0.758662
0.813644
0.59207
0.605143
0.592017
0.558656
0.513789
0.0459731
0.244873
0.338487
0.377023
0.384023
0.377176
0.338487
0.0393582
