0.00361103
0.0138295
0.00572387
0.00426409
0.00426409
0.00568546
0.013599
0.00349579
0.0121776
0.0116142
0.00437934
0.00583912
0.00583912
0.00437934
0.0121392
0.0116014
0.0136374
0.0138295
0.00583912
0.00583912
0.0072989
0.0072989
0.0143289
0.0117551
0.0136374
0.0138039
0.00583912
0.00583912
0.0072989
0.0072989
0.0143289
0.0117551
0.0133685
0.0135606
0.00537813
0.00537813
0.00683791
0.00699157
0.0142521
0.011563
0.0127923
0.0129075
0.00472507
0.00472507
0.00587753
0.00587753
0.0134453
0.0112173
0.0116014
0.0122929
0.00464824
0.0035342
0.0035342
0.00468666
0.0135222
0.0112173
0.00230491
0.0111788
0.00349579
0.00464824
0.00464824
0.00349579
0.0117551
0.00242016
0
0.0160576
0.0160576
0.012677
0.012677
0.012677
0.012677
0
0.0118319
0.0118319
0.0118319
0.0245089
0.0118319
0.0143673
0.0143673
0.0143673
0
0
0
0.012677
0.0118319
0.0143673
0.0160576
0.0160576
0
0
0
0.012677
0.0118319
0.0143673
0.0321151
0.0321151
0
0
0
0.012677
0.0118319
0.0143673
0.0447922
0.0447922
0
0
0
0.012677
0.0118319
0.012677
0.0574692
0.0574692
0.0693011
0.0693011
0.0693011
0.0819781
0.081133
0.0819781
0.0693011
0.0574692
0
0
0
0.012677
0.0118319
0
0
0
0
0.0160576
0.0160576
0.0160576
0.0160576
0.0160576
0.0160576
0
0.012677
0.0278895
0.0287346
0.012677
0.012677
0.012677
0
0
0.0160576
0.03127
0.0160576
0
0
0.012677
0
3.7549e-321
0.0321151
0.0465209
0.0160576
0
0
0.012677
0
0
0.0481727
0.0617461
0.0160576
0
0
0.012677
0
0
0.0608497
0.0752811
0.0160576
0
0
0.012677
0
0
0.0616949
0.137834
0.0777525
0.0616949
0.0616949
0.0743719
0.0616949
0.0616949
0
0.0761518
0.0160576
0.0160576
0.0160576
0.0287346
0.0160576
0.000845135
0
0.0169027
0.0169027
0.0169027
0.0169027
0.0160576
0.0160576
0
0.000845135
0.000845135
0.000845135
0.0169027
0.0169027
0.000845135
0.000845135
0.0143673
0
0
0.0160576
0.0321151
0
0
0.000845135
0.0143673
0
0
0.0321151
0.0481727
0
0
0.000845135
0.0143673
0
0
0.0481727
0.0642303
0
0
0.000845135
0.0143673
0.000845135
0
0.0616949
0.0769073
0
0
0
0.0143673
0.012677
0.012677
0.0870489
0.0904295
0.012677
0.012677
0.012677
0.0270443
0.0118319
0.0743719
0.0743719
0.0777525
0.0777525
0.0777525
0.0777525
0.0143673
0.012677
0.0743719
0.0743719
0.0743719
0.0743719
0.0743719
0.0177478
0.0160576
0.0295797
0.0295797
0.0295797
0.0295797
0.0295797
0.103952
0.0473276
0.0295797
0
0
0
0
0.0160576
0.0583143
0.00169027
0.000845135
0
0
0
0
0.0321151
0.0422568
0.00169027
0.000845135
0
0
0
0
0.0481727
0.0261992
0.00169027
0.000845135
0
0
0
0
0.0616949
0.012677
0.000845135
0
0
3.23119e-321
0.0135222
0.0261992
0.0878941
0.0135222
0.0143673
0.0135222
0
0.012677
0.0253541
0.012677
0.0743719
0.0743719
0.0743719
0
0.000845135
0.0709914
0.0870489
0.0709914
0.0709914
0.0709914
0.128461
0.0574692
0.00253541
0
0.0160576
0
0
0
0.0709914
0.0574692
0.00169027
0
0.0160576
0
0
0
0.0709914
0.0574692
0.00169027
0
0.0160576
0
0
0
0.0549338
0.0414116
0.00169027
0
0.0160576
0
0
0
0.0388762
0.0253541
0.00169027
0
0.0160576
0
0
0
0.0261992
0.012677
0.0160576
0.0160576
0.0160576
0.012677
0.012677
0.0253541
0.0261992
0.012677
0
0.0135222
0.0135222
0.0261992
0.0135222
0.012677
0.012677
0
0.0642303
0.0659206
0.0659206
0.0819781
0.0819781
0.0659206
0.0659206
0.00169027
0.134377
0.0735268
0.0160576
0.0321151
0.0321151
0.0160576
0.0160576
0.0177478
0.0608497
0.0583143
0
0.0160576
0.0160576
0
0
0.00169027
0.0447922
0.0422568
0
0.0160576
0.0160576
0
0
0.00169027
0.0287346
0.0270443
0
0.0160576
0.0160576
0.000845135
0
0.00169027
0.012677
0.0118319
0
0.0160576
0.0160576
0.000845135
0
0.00169027
0.0160576
0.0160576
0.0160576
0.0160576
0.0160576
0.0169027
0.0169027
0.0160576
0
0.0135222
0.0135222
0.0135222
0.0135222
0.0135222
0.000845135
0
0.0152124
0.0278895
0.012677
0.012677
0.012677
0.0287346
0.012677
0
0.0862038
0.0853587
0.0726816
0.0769073
0.0929649
0.0929649
0.0769073
0.0769073
0.0135222
0.012677
0.0726816
0.0608497
0.0160576
0.0160576
0
0
0.0135222
0.012677
0.0566241
0.0447922
0.0160576
0.0160576
0
0
0.0135222
0.012677
0.0405665
0.0287346
0.0160576
0.0177478
0
0
0.0135222
0.012677
0.0245089
0.012677
0.0160576
0.0177478
0
0
0.0295797
0.0287346
0.0287346
0.0160576
0.0160576
0.0177478
0.0177478
0.0177478
0.0135222
0
0
0
0
0
0.012677
0.012677
0.012677
0
0.012677
0.012677
0.012677
0.012677
0.012677
0.0160576
0.0253541
0.012677
0.0253541
0.012677
0.0726816
0.0887392
0.0887392
0.0887392
0.012677
0
0.012677
0.012677
0.0726816
0.0321151
0.0160576
0.0160576
0.012677
0
0.012677
0.012677
0.0566241
0.0481727
0.0160576
0.0160576
0.012677
0
0.012677
0.012677
0.0405665
0.0608497
0.0160576
0.0160576
0.012677
0
0.012677
0.012677
0.0245089
0.0743719
0.0160576
0.0160576
0.0870489
0.0743719
0.0870489
0.0870489
0.0870489
0.0743719
0.0160576
0.0321151
0.012677
0.0287346
0.0414116
0.0287346
0.0287346
0.0287346
0.0287346
0.0160576
