total dynamic power of BFS/slice_0.log = 0.223408294
total static power of BFS/slice_0.log = 0.95543936
total dynamic power of CONV/slice_0.log = 0.310878148
total static power of CONV/slice_0.log = 0.95543936
total dynamic power of CP/slice_0.log = 0.091206318
total static power of CP/slice_0.log = 0.95543936
total dynamic power of EV/slice_0.log = 0.069236336
total static power of EV/slice_0.log = 0.95543936
total dynamic power of FWT/slice_0.log = 0.267442142
total static power of FWT/slice_0.log = 0.95543936
total dynamic power of LIB/slice_0.log = 0.206863563
total static power of LIB/slice_0.log = 0.95543936
total dynamic power of NN/slice_0.log = 0.235163351
total static power of NN/slice_0.log = 0.95543936
total dynamic power of NQU/slice_0.log = 0.137757362
total static power of NQU/slice_0.log = 0.95543936
total dynamic power of RAY/slice_0.log = 0.299674893
total static power of RAY/slice_0.log = 0.95543936
total dynamic power of STO/slice_0.log = 0.319625541
total static power of STO/slice_0.log = 0.95543936
total dynamic power of TRANS/slice_0.log = 0.280372107
total static power of TRANS/slice_0.log = 0.95543936
