0.0119522
0.0504222
0.0186591
0.0187342
0.0187951
0.0187905
0.0505271
0.0120518
0.0451831
0.0517388
0.0186023
0.018593
0.018526
0.0185035
0.0515163
0.045181
0.0464853
0.0571904
0.0239652
0.0239253
0.0238914
0.0239341
0.0570403
0.0466564
0.0465495
0.0570016
0.0237349
0.0236948
0.0236829
0.0236305
0.0567611
0.0466059
0.0466078
0.0571583
0.0240181
0.0240025
0.0239287
0.0239022
0.0570864
0.0469047
0.0465957
0.0572426
0.0239332
0.0239624
0.023914
0.0239097
0.0570815
0.0467904
0.0452186
0.0518886
0.0186254
0.0185722
0.0186396
0.0186732
0.0518326
0.0452575
0.0120081
0.0504955
0.0185863
0.01865
0.0185991
0.0186468
0.0504461
0.0119076
