0.230054
0.494361
0.309586
0.302173
0.303588
0.310229
0.264307
0.0387613
0.532263
0.604666
0.340358
0.336666
0.41582
0.429385
0.375505
0.375428
0.191905
0.224229
0.247357
0.260086
0.126111
0.130944
0.0867887
0.0775999
0.153524
0.17702
0.208425
0.212311
0.17072
0.169762
0.132088
0.117158
0.114911
0.128627
0.170276
0.167008
0.21587
0.208811
0.176975
0.156665
0.0762728
0.0832721
0.130893
0.122888
0.26053
0.247268
0.22145
0.194679
0.375903
0.377086
0.428619
0.415827
0.337548
0.337027
0.597316
0.531705
0.0383552
0.260289
0.30567
0.298823
0.299107
0.305696
0.494321
0.234032
