0.230049
0.502752
0.54803
0.548854
0.542033
0.548669
0.502752
0.272703
0.456208
0.264307
0.340358
0.434441
0.419512
0.433069
0.379197
0.567783
0.1919
0.224229
0.247357
0.132694
0.126111
0.130933
0.0867887
0.227424
0.15352
0.17702
0.208425
0.171357
0.17072
0.169747
0.132088
0.179597
0.114909
0.128627
0.170276
0.211127
0.215869
0.208792
0.176975
0.135013
0.0762711
0.0832721
0.130893
0.250228
0.26053
0.247244
0.22145
0.0906352
0.378084
0.379268
0.4308
0.339729
0.337547
0.629138
0.597836
0.382311
0.0383543
0.336994
0.382376
0.382376
0.375812
0.336994
0.260289
0.0447642
