3.63669e-05
0.000265428
9.11673e-05
7.95928e-05
9.38109e-05
9.40252e-05
0.000263785
6.50889e-05
0.000241922
0.000314513
0.000138037
0.000142895
0.000136537
0.000139037
0.000309797
0.000263428
0.00024871
0.000344807
0.000149326
0.000137751
0.000151969
0.000152184
0.000328302
0.00026057
0.000244351
0.000366884
0.000174761
0.000177262
0.000179048
0.000178548
0.000350237
0.000250139
0.000211771
0.000346807
0.000160186
0.000160686
0.000160829
0.000162544
0.000345593
0.000237421
0.000220559
0.000339734
0.00013425
0.000135251
0.000127463
0.000115888
0.000298223
0.000201268
0.000174404
0.000259427
4.22256e-05
4.23685e-05
4.19398e-05
4.14397e-05
0.000241708
0.000176476
1.73618e-05
0.000242637
2.37921e-05
2.34349e-05
1.73142e-05
1.72904e-05
0.000221774
8.50228e-06
