0.0134489
0.0364444
0.0650571
0.0966945
0.125523
0.147506
0.162818
0.171987
0.192174
0.222542
0.258352
0.296835
0.332996
0.362392
0.384807
0.400605
0.427462
0.464501
0.50663
0.551608
0.594439
0.630425
0.659173
0.681466
0.715345
0.759405
0.808204
0.860029
0.909706
0.952537
0.987793
1.01676
1.05573
1.10382
1.15543
1.20936
1.26097
1.30696
1.34644
1.3805
1.42403
1.47582
1.53111
1.58959
1.64594
1.6972
1.74213
1.78181
1.83096
1.88801
1.94787
2.0109
2.07234
2.12921
2.17995
2.22559
2.26948
2.31301
2.35444
2.39674
2.4394
2.48241
2.52467
2.56715
88.3873
88.4103
88.4389
88.4706
88.4994
88.5214
88.5367
88.5459
88.566
88.5964
88.6322
88.6707
88.7069
88.7363
88.7587
88.7745
88.8013
88.8384
88.8805
88.9255
88.9683
89.0043
89.033
89.0553
89.0892
89.1333
89.1821
89.2339
89.2836
89.3264
89.3617
89.3906
89.4296
89.4777
89.5293
89.5832
89.6348
89.6808
89.7203
89.7544
89.7979
89.8497
89.905
89.9635
90.0198
90.0711
90.116
90.1557
90.2048
90.2619
90.3217
90.3848
90.4462
90.5031
90.5538
90.5995
90.6433
90.6869
90.7283
90.7706
90.8133
90.8563
90.8985
90.941
