0.0289817
0.119351
0.119351
0.131141
0.146234
0.259269
0.140691
0.113035
0.0554027
0.0132557
0.0895361
0.131141
0.118578
0.113035
0.0563667
0.0259088
0.0837216
0.0327174
0.0725547
0.10713
0.0929102
0.0915847
0.0818538
0.0533842
0.112041
0.049287
0.0584656
0.090229
0.0711287
0.0703153
0.104117
0.0806789
0.130508
0.0645913
0.0443764
0.069773
0.0553123
0.0583852
0.125718
0.104599
0.148976
0.0800763
0.03095
0.0549508
0.0335308
0.0464551
0.153766
0.12852
0.165545
0.0920064
0.016198
0.0403093
0.0151536
0.034525
0.17859
0.159369
0.344135
0.458737
0.645401
0.670888
0.645401
0.50245
0.479855
0.186664
