0.0224443
0.197861
0.225517
0.365666
0.365666
0.290631
0.122826
0.109866
0.0410022
0.0223539
0.0422374
0.0212693
0.176481
0.167805
0.0971581
0.109861
0.0634465
0.0395863
0.0572705
0.0498293
0.142207
0.140239
0.081914
0.0888281
0.0858907
0.058807
0.0767072
0.0712794
0.105553
0.112673
0.0673328
0.0736895
0.101707
0.0756176
0.0917453
0.0867644
0.0817935
0.0907411
0.0501908
0.0582045
0.120747
0.0922474
0.105006
0.0986945
0.0481824
0.0654348
0.0330488
0.0462744
0.135901
0.112432
0.119592
0.113999
0.0237598
0.0435027
0.0178048
0.0274151
0.135901
0.129243
0.24884
0.249086
0.249091
0.144125
0.129484
0.015485
