0.0268126
0.146104
0.171109
0.282878
0.136774
0.169673
0.181362
0.181362
0.0502511
0.0220225
0.0415144
0.146104
0.112764
0.169673
0.156357
0.0220225
0.0772444
0.0405804
0.0534445
0.1215
0.0887528
0.141444
0.126833
0.0398273
0.104238
0.0593643
0.0653746
0.0919562
0.0682968
0.113216
0.100864
0.0576321
0.121048
0.0765113
0.0773047
0.0680157
0.0536554
0.0916148
0.0782687
0.0715505
0.137678
0.0936584
0.0892348
0.050703
0.0331994
0.0667905
0.0556738
0.091916
0.150934
0.113366
0.10466
0.0366138
0.0148223
0.0451898
0.0261498
0.10716
0.275899
0.407737
0.512402
0.380774
0.361594
0.246857
0.229715
0.124965
