0.0391688
0.144991
0.0610339
0.0606758
0.0602076
0.0593317
0.131901
0.0369046
0.12101
0.149089
0.0591003
0.0587532
0.0584392
0.0553817
0.136694
0.119572
0.123307
0.156923
0.0639922
0.0661077
0.0652813
0.0650004
0.142991
0.115424
0.123621
0.155998
0.0656615
0.0641906
0.0621082
0.0618603
0.14347
0.11635
0.116994
0.146544
0.0550181
0.0547702
0.0563238
0.0542744
0.137587
0.117143
0.118333
0.146643
0.0532497
0.0530018
0.0527539
0.052506
0.13638
0.116812
0.113011
0.132364
0.0414991
0.0412512
0.0410033
0.0407554
0.122084
0.112763
0.0247739
0.12729
0.0414991
0.0412512
0.0410033
0.0407554
0.12106
0.0263935
0.0317978
0.172519
0.172519
0.158328
0.18649
0.177962
0.158328
0.0335166
0.22156
0.221097
0.329569
0.321746
0.189762
0.15251
0.184936
0.186027
0.0628684
0.0587697
0.112813
0.10564
0.130629
0.100484
0.0603894
0.0636617
0.093939
0.0784037
0.0973546
0.0870969
0.106731
0.0771477
0.0848162
0.0936085
0.114201
0.0951951
0.0668239
0.0646533
0.0893776
0.0640584
0.108516
0.119853
0.134463
0.112185
0.0520929
0.0483908
0.0654797
0.050969
0.139289
0.146098
0.286841
0.297154
0.188286
0.184705
0.197695
0.190258
0.152378
0.176045
0.149734
0.29451
0.163044
0.16084
0.172739
0.169566
0.144776
0.0299468
0.0294179
0.202796
0.230231
0.202796
0.181928
0.208438
0.181928
0.0218155
0.213693
0.211809
0.235046
0.363614
0.33986
0.184275
0.15489
0.176706
0.0590342
0.0508038
0.06386
0.141735
0.12534
0.141041
0.123555
0.0413504
0.0886504
0.0726193
0.0910964
0.10932
0.102897
0.110069
0.0950629
0.0608852
0.107094
0.0914269
0.104186
0.0830533
0.0868325
0.0863697
0.0702725
0.0761561
0.12534
0.110235
0.117275
0.0640584
0.0643889
0.0591333
0.0454821
0.0985005
0.257919
0.386333
0.388284
0.306519
0.302145
0.293353
0.271008
0.257919
0.0145437
0.128414
0.147354
0.173423
0.175318
0.166162
0.147354
0.0195348
0.0246251
0.224843
0.255187
0.244477
0.224843
0.177169
0.177169
0.019634
0.154626
0.155717
0.193497
0.18487
0.331387
0.280825
0.130001
0.104186
0.0492502
0.0475314
0.0815769
0.0862044
0.170128
0.138463
0.101112
0.0845517
0.0738753
0.069347
0.11192
0.109739
0.129913
0.108218
0.0851137
0.0677604
0.0912286
0.087791
0.130001
0.126728
0.103844
0.0841551
0.066306
0.0507707
0.112119
0.106037
0.144544
0.139818
0.0669671
0.0563899
0.0474984
0.0376814
0.139355
0.12058
0.286742
0.28109
0.160752
0.152907
0.151354
0.13757
0.0272364
0.199116
0.199116
0.1853
0.206476
0.201364
0.1853
0.0169897
0.0235343
0.197805
0.227421
0.226694
0.217439
0.197805
0.115259
0.033781
0.246912
0.284957
0.310045
0.304062
0.293981
0.403576
0.362171
0.246912
0.113441
0.0680909
0.0815769
0.0952942
0.0862044
0.141933
0.0889148
0.0761561
0.0899065
0.0947984
0.111193
0.135521
0.110995
0.107139
0.0765527
0.0623396
0.0663721
0.108615
0.129637
0.161402
0.14623
0.0866892
0.0602902
0.048523
0.0495808
0.125968
0.144181
0.186556
0.171021
0.0655127
0.0440277
0.031897
0.171285
0.142594
0.200174
0.402728
0.387986
0.248774
0.23184
0.213991
0.0286907
0.222816
0.256663
0.222816
0.204802
0.227333
0.204802
0.0138165
0.0274347
0.126761
0.14785
0.155998
0.166261
0.165897
0.230518
0.103756
0.126266
0.144578
0.198092
0.199337
0.216767
0.196803
0.271339
0.214189
0.098831
0.105442
0.0814777
0.0921817
0.0976411
0.0835601
0.0997675
0.0696114
0.0751314
0.0741067
0.113176
0.133306
0.117903
0.10055
0.0814998
0.0572493
0.0514318
0.0468704
0.144677
0.159556
0.146164
0.117539
0.0625048
0.0448871
0.0340785
0.033781
0.171913
0.185807
0.166426
0.130629
0.0401714
0.0286246
0.222717
0.219973
0.203182
0.2188
0.411118
0.37423
0.24072
0.231184
0.0195348
0.207606
0.224325
0.226039
0.207589
0.176309
0.176309
0.0123621
0.116118
0.23736
0.256994
0.275768
0.277586
0.266348
0.23736
0.121242
0.260332
0.170558
0.198257
0.2641
0.272
0.245326
0.221593
0.29105
0.0897742
0.147288
0.147288
0.0919227
0.0955587
0.0710658
0.0403257
0.0927932
0.0673307
0.111325
0.118597
0.115193
0.114008
0.0934102
0.057117
0.0745254
0.0448871
0.0654797
0.0872622
0.134
0.13973
0.112218
0.0780071
0.0562576
0.0286246
0.0382433
0.0548694
0.156345
0.157981
0.137372
0.0949967
0.0337259
0.21366
0.211214
0.223576
0.197398
0.198775
0.359951
0.310772
0.217059
0.0162625
0.177169
0.190258
0.194522
0.191712
0.177169
0.111986
0.0182678
0.17469
0.337612
0.20024
0.202058
0.193266
0.188638
0.162922
0.023336
0.331839
0.357676
0.194753
0.1892
0.244896
0.23336
0.222353
0.212536
0.137085
0.144379
0.128546
0.12263
0.0788665
0.0659755
0.0519606
0.0403257
0.103745
0.110235
0.109012
0.0990954
0.0962197
0.0881216
0.0707683
0.0573154
0.0704047
0.0643889
0.0801225
0.0794614
0.119919
0.106566
0.0867663
0.0780071
0.0443362
0.0364253
0.0633973
0.0626701
0.133736
0.132612
0.102037
0.0910964
0.188165
0.181532
0.209495
0.21095
0.16917
0.169302
0.28661
0.260398
0.0189949
0.117308
0.130397
0.134298
0.133934
0.131852
0.225394
0.108086
0.0352354
0.165534
0.179251
0.209594
0.206686
0.199612
0.179251
0.033153
0.208867
0.339166
0.315036
0.173632
0.161898
0.213759
0.195414
0.195051
0.0665704
0.133119
0.11506
0.115127
0.110929
0.0750322
0.0519606
0.0625709
0.0979055
0.101134
0.0989963
0.0947654
0.0873944
0.0895759
0.0704047
0.0919888
0.122696
0.0740406
0.0726524
0.0715946
0.0704047
0.103392
0.0849484
0.118597
0.147486
0.0528641
0.0602902
0.0542414
0.0468704
0.118663
0.0994921
0.143751
0.304393
0.189321
0.197232
0.193068
0.190688
0.156907
0.114036
0.257787
0.164278
0.337447
0.349809
0.3548
0.354238
0.361146
0.337447
0.173169
