0.134033
0.366203
0.385429
0.457406
0.483742
0.457416
0.323388
0.200306
0.109028
0.109078
0.0416298
0.0305483
0.0520888
0.025005
0.101707
0.091193
0.0848664
0.0964049
0.0656758
0.0646515
0.0752862
0.053565
0.0882808
0.0747138
0.0632657
0.0762804
0.0886072
0.102129
0.0937538
0.06905
0.0716308
0.0634465
0.041665
0.0548303
0.115425
0.126049
0.119512
0.084535
0.0543181
0.0521792
0.0258486
0.0429002
0.138808
0.14997
0.13798
0.0964652
0.0339626
0.0373569
0.0125929
0.0274151
0.160414
0.17389
0.159671
0.11195
0.0173127
0.0225346
0.160429
0.175909
0.347565
0.187146
0.159671
0.13099
0.13099
0.0112673
