0.0222484
0.103906
0.0403997
0.107823
0.043563
0.105202
0.0270988
0.0801516
0.0357803
0.112759
0.0667453
0.124227
0.0761147
0.11903
0.0472685
0.0826371
0.0468919
0.096902
0.0787809
0.110504
0.0848664
0.104223
0.0601024
0.0684826
0.0575115
0.080724
0.0887377
0.0962844
0.093106
0.0864631
0.0685379
0.0559902
0.0646063
0.0649528
0.0963597
0.0787357
0.104434
0.0735238
0.0796847
0.0462292
0.0765214
0.0532938
0.104976
0.0669261
0.112809
0.0617895
0.0891745
0.0355342
0.0862221
0.0417704
0.115505
0.0565324
0.123398
0.0513205
0.0987096
0.024297
0.0818538
0.0189345
0.100608
0.0277767
0.107386
0.0281532
0.0926391
0.0148674
