0.0321149
0.142488
0.115535
0.255142
0.282527
0.282527
0.180398
0.14292
0.0677847
0.142488
0.0810404
0.139606
0.10725
0.023107
0.054288
0.0254017
0.0963446
0.124754
0.069773
0.113276
0.0822454
0.0442257
0.0710986
0.0522193
0.124905
0.101145
0.0563969
0.0947178
0.0607953
0.0574814
0.0879092
0.079037
0.147499
0.0777767
0.0415746
0.0735991
0.0453103
0.0700743
0.101165
0.103294
0.170094
0.0584756
0.0303073
0.0577827
0.0238602
0.0839928
0.114421
0.126225
0.199799
0.0398373
0.0137377
0.0413035
0.0119301
0.0959229
0.127676
0.156266
0.317323
0.341083
0.444999
0.470486
0.628098
0.628093
0.510564
0.183084
