0.0201736
0.0800134
0.0303253
0.0306172
0.030228
0.0303577
0.0792026
0.0192331
0.071451
0.0810297
0.0296658
0.0296118
0.030228
0.0294172
0.0799485
0.0710618
0.0733645
0.0896894
0.0381742
0.038131
0.0378931
0.0382715
0.088738
0.0720023
0.0738186
0.0911057
0.0391472
0.038985
0.0389202
0.0396662
0.0899705
0.0739808
0.0722942
0.0887056
0.037039
0.0366498
0.0374282
0.0377201
0.0882191
0.0711915
0.0740132
0.0905543
0.0397959
0.0394391
0.0389526
0.038758
0.0907597
0.0730078
0.0693104
0.0793972
0.0271144
0.0267901
0.0265306
0.0276333
0.0793972
0.0685644
0.0138167
0.0745646
0.0245197
0.0247792
0.0247143
0.0245846
0.0754403
0.015114
