0.0113445
0.0325204
0.029196
0.0280482
0.0280556
0.0288159
0.0327738
0.0100103
0.0337651
0.0279066
0.0197746
0.0210641
0.0266469
0.0298222
0.0347938
0.0330645
0.0169497
0.0173149
0.0151011
0.0152502
0.0159509
0.0153546
0.0176578
0.0162341
0.0169497
0.0172925
0.0150266
0.0152502
0.0159509
0.0153546
0.0176578
0.0162341
0.0167931
0.0172031
0.0148552
0.0149819
0.0156825
0.0151011
0.0173149
0.0158242
0.0162863
0.016577
0.0142589
0.0143036
0.0148999
0.0143036
0.0166962
0.0155484
0.0317601
0.0380883
0.0369031
0.0359863
0.0344882
0.0300085
0.0285923
0.0275488
0.00469582
0.0260804
0.0182541
0.0192528
0.0235014
0.0228306
0.0265202
0.00528466
