0.0274347
0.126761
0.14785
0.155998
0.166261
0.165897
0.230518
0.103756
0.126266
0.144578
0.198092
0.199337
0.216767
0.196803
0.271339
0.214189
0.098831
0.105442
0.0814777
0.0921817
0.0976411
0.0835601
0.0997675
0.0696114
0.0751314
0.0741067
0.113176
0.133306
0.117903
0.10055
0.0814998
0.0572493
0.0514318
0.0468704
0.144677
0.159556
0.146164
0.117539
0.0625048
0.0448871
0.0340785
0.033781
0.171913
0.185807
0.166426
0.130629
0.0401714
0.0286246
0.222717
0.219973
0.203182
0.2188
0.411118
0.37423
0.24072
0.231184
0.0195348
0.207606
0.224325
0.226039
0.207589
0.176309
0.176309
0.0123621
