0.0708522
0.282119
0.242024
0.242841
0.241732
0.240747
0.281342
0.0698858
0.299831
0.312013
0.291996
0.294405
0.294467
0.293239
0.31359
0.299909
0.153479
0.1681
0.147466
0.148201
0.149085
0.14734
0.16838
0.153742
0.154824
0.168144
0.147208
0.148327
0.150673
0.148924
0.168572
0.154046
0.154794
0.168279
0.147515
0.149733
0.150348
0.148532
0.168532
0.154077
0.154112
0.168121
0.147473
0.149466
0.149204
0.148657
0.168248
0.152942
0.300851
0.314084
0.293209
0.296318
0.295657
0.293918
0.314361
0.299428
0.0717839
0.282837
0.241581
0.242831
0.242604
0.242322
0.281814
0.068696
