0.0320775
0.286924
0.318292
0.318761
0.288917
0.286924
0.244533
0.0375481
0.438658
0.475545
0.50055
0.508071
0.476971
0.692774
0.683192
0.438658
0.189248
0.0736794
0.0950151
0.108071
0.0763988
0.220558
0.204634
0.179785
0.148744
0.110116
0.126665
0.141589
0.112567
0.183302
0.163754
0.148098
0.111468
0.149787
0.158658
0.177427
0.147844
0.147747
0.123985
0.112296
0.0758991
0.186876
0.192491
0.210392
0.181723
0.116418
0.0822244
0.0784513
0.262017
0.220625
0.259374
0.499384
0.473778
0.33576
0.300625
0.299655
0.041392
0.275937
0.308287
0.275937
0.246899
0.281977
0.246899
0.0402791
