0.039905
0.286426
0.286425
0.277907
0.280654
0.317366
0.277908
0.0341252
0.321427
0.31289
0.529292
0.51953
0.281522
0.28481
0.322377
0.318936
0.0735226
0.0635669
0.211041
0.202739
0.244321
0.205183
0.0731778
0.0737874
0.108338
0.100701
0.174921
0.169006
0.20496
0.172521
0.105906
0.113669
0.147551
0.133639
0.140981
0.139332
0.165442
0.137207
0.140656
0.156382
0.183468
0.165762
0.105074
0.106111
0.124001
0.101728
0.174229
0.195254
0.390631
0.414017
0.279776
0.283182
0.287761
0.275458
0.207163
0.232111
0.217936
0.42479
0.241821
0.244203
0.248947
0.244817
0.206854
0.0368574
