0.0332856
0.282839
0.316597
0.282839
0.253811
0.294075
0.253811
0.0390039
0.337743
0.342526
0.372022
0.550597
0.55654
0.304456
0.243379
0.282383
0.0692394
0.0751974
0.0982595
0.206611
0.210299
0.225526
0.206718
0.0760785
0.10562
0.118144
0.128646
0.168396
0.175096
0.189697
0.164812
0.113324
0.144904
0.15698
0.163702
0.139194
0.138323
0.151701
0.122278
0.151973
0.185349
0.193974
0.195346
0.103819
0.106208
0.114452
0.0837144
0.189002
0.457573
0.689682
0.687562
0.53131
0.529398
0.5367
0.49819
0.457573
0.0397617
0.23211
0.264043
0.299684
0.300842
0.30539
0.264044
0.0434603
