0.0637411
0.199705
0.249557
0.250405
0.249647
0.250108
0.199668
0.063869
0.199624
0.277972
0.306609
0.308325
0.307683
0.306945
0.277182
0.19961
0.100437
0.0996702
0.128423
0.130411
0.130044
0.129047
0.0993343
0.0987431
0.100932
0.09935
0.128706
0.130212
0.129696
0.128858
0.100482
0.0985995
0.100408
0.0989147
0.127906
0.129628
0.12893
0.128803
0.101378
0.098765
0.100616
0.0995201
0.126925
0.128989
0.128903
0.12893
0.101011
0.0986913
0.19975
0.277996
0.305169
0.30688
0.306846
0.306704
0.278886
0.199684
0.0651461
0.199639
0.248742
0.249656
0.249493
0.249721
0.199617
0.063728
