0.038877
0.291469
0.322062
0.291469
0.282385
0.317048
0.282385
0.0352437
0.323297
0.324533
0.343281
0.542099
0.531707
0.28442
0.198891
0.234134
0.0763007
0.0734667
0.0949036
0.223816
0.210227
0.218293
0.161249
0.06947
0.113652
0.107184
0.13022
0.185302
0.176364
0.179416
0.130874
0.10544
0.150857
0.141556
0.163938
0.15202
0.142065
0.142137
0.099191
0.13785
0.189008
0.171931
0.196202
0.112998
0.11169
0.10762
0.0697607
0.169896
0.433679
0.643179
0.65982
0.509616
0.510052
0.503004
0.472483
0.433679
0.0404031
0.2095
0.260295
0.301642
0.300552
0.293722
0.260295
0.0343717
