0.0541588
0.113241
0.181856
0.256023
0.323591
0.37335
0.402891
0.417662
0.506181
0.571863
0.656924
0.756966
0.846428
0.90572
0.933794
0.947413
1.0704
1.14048
1.2335
1.3546
1.45663
1.51498
1.53247
1.54054
1.69652
1.76954
1.87419
2.01687
2.13136
2.19254
2.20878
2.21684
2.40436
2.47528
2.58779
2.75141
2.88728
2.9626
2.98313
2.99256
3.21527
3.28776
3.41253
3.59941
3.75864
3.84748
3.87262
3.88519
4.1431
4.21569
4.35125
4.55992
4.74104
4.84088
4.86602
4.87859
5.12833
5.15389
5.24261
5.40614
5.54777
5.6145
5.6145
5.6145
685.66
685.719
685.788
685.862
685.929
685.979
686.009
686.023
686.112
686.178
686.263
686.363
686.452
686.511
686.539
686.553
686.676
686.746
686.839
686.96
687.062
687.121
687.138
687.146
687.302
687.375
687.48
687.623
687.737
687.798
687.814
687.823
688.01
688.081
688.193
688.357
688.493
688.568
688.589
688.598
688.821
688.893
689.018
689.205
689.364
689.453
689.478
689.491
689.749
689.821
689.957
690.166
690.347
690.447
690.472
690.484
690.734
690.76
690.848
691.012
691.153
691.22
691.22
691.22
