0.0322103
0.220858
0.147123
0.122051
0.101245
0.080787
0.0630278
0.0295987
0.113346
0.153043
0.119526
0.123966
0.129799
0.136502
0.140855
0.16436
0.0624184
0.0889701
0.0577174
0.0574563
0.0568469
0.0563245
0.0509271
0.068077
0.0598067
0.0774789
0.0540611
0.0532776
0.0521459
0.0513624
0.0438757
0.060242
0.0561504
0.0636372
0.0480543
0.0470097
0.0456168
0.0445721
0.0360407
0.0518847
0.0535388
0.0509271
0.0446592
0.0436145
0.0422216
0.041177
0.0326456
0.0469226
0.140333
0.119962
0.114825
0.106729
0.098285
0.0897536
0.0751284
0.0830504
0.0143641
0.0104466
0.0180204
0.0169757
0.0155828
0.0139288
0.00548446
0.0117524
