0.0875754
0.0875754
0
0
0
0
0
0
5.47244e-06
5.47244e-06
5.47244e-06
1.09449e-05
1.09449e-05
2.18897e-05
1.64173e-05
1.09449e-05
0
0
5.47244e-06
1.09449e-05
1.09449e-05
1.09449e-05
5.47244e-06
0
0
0
5.47244e-06
1.09449e-05
1.09449e-05
1.09449e-05
5.47244e-06
0
0
0
5.47244e-06
1.09449e-05
1.09449e-05
1.09449e-05
1.09449e-05
0
0
0
0
1.09449e-05
1.09449e-05
1.09449e-05
1.09449e-05
0
1.64173e-05
1.64173e-05
1.64173e-05
2.73622e-05
1.64173e-05
1.09449e-05
2.73622e-05
1.09449e-05
0
1.64173e-05
1.64173e-05
1.64173e-05
2.18897e-05
1.64173e-05
0.0880296
0.0880132
