0.0133077
0.0431972
0.0139873
0.0139873
0.0139796
0.0139803
0.0385459
0.00933573
0.0384993
0.0439504
0.018662
0.0186625
0.0234815
0.0234832
0.0433223
0.0385516
0.0338848
0.0528113
0.0322958
0.0322919
0.0322938
0.026844
0.0473154
0.0339177
0.0338985
0.0417962
0.015787
0.0157915
0.0157922
0.0157507
0.0417547
0.0339154
0.033901
0.0417654
0.0157576
0.0157663
0.0157663
0.015781
0.0417751
0.0339152
0.0338953
0.0417858
0.015833
0.015825
0.015825
0.0157892
0.0417723
0.0338968
0.0378765
0.0377257
0.011761
0.0117623
0.0117747
0.0117747
0.0377713
0.0378961
0.00801662
0.0378737
0.0120175
0.0120185
0.0120289
0.0120287
0.0418888
0.012021
