1.09449e-05
1.09449e-05
1.09449e-05
1.09449e-05
1.09449e-05
1.09449e-05
1.09449e-05
0
0.0883142
2.18897e-05
2.18897e-05
2.73622e-05
2.18897e-05
3.28346e-05
3.28346e-05
2.18897e-05
0.0883032
1.09449e-05
0
5.47244e-06
1.09449e-05
1.09449e-05
5.47244e-06
6.42285e-323
0.0883032
0
0
5.47244e-06
1.09449e-05
1.09449e-05
0
0
0.0883032
0
0
5.47244e-06
1.09449e-05
1.09449e-05
0
0
0.0883032
0
0
5.47244e-06
1.09449e-05
1.09449e-05
0
0
0.0883032
0
0
2.73622e-05
3.83071e-05
3.83071e-05
2.73622e-05
2.73622e-05
0.0883032
1.09449e-05
1.09449e-05
2.18897e-05
1.09449e-05
1.09449e-05
1.09449e-05
0
