node: 4 matching clock cycle 809333, pushing packet into request queue 
node: 37 matching clock cycle 809334, pushing packet into request queue 
node: 38 matching clock cycle 809334, pushing packet into request queue 
node: 54 matching clock cycle 809334, pushing packet into request queue 
node: 54 matching clock cycle 809334, pushing packet into request queue 
node: 44 matching clock cycle 809336, pushing packet into request queue 
node: 46 matching clock cycle 809336, pushing packet into request queue 
node: 54 matching clock cycle 809336, pushing packet into request queue 
node: 54 matching clock cycle 809336, pushing packet into request queue 
node: 39 matching clock cycle 809337, pushing packet into request queue 
node: 5 matching clock cycle 809338, pushing packet into request queue 
node: 46 matching clock cycle 809338, pushing packet into request queue 
node: 17 matching clock cycle 809338, pushing packet into request queue 
node: 5 matching clock cycle 809338, pushing packet into request queue 
node: 39 matching clock cycle 809339, pushing packet into request queue 
node: 5 matching clock cycle 809340, pushing packet into request queue 
node: 37 matching clock cycle 809340, pushing packet into request queue 
node: 54 matching clock cycle 809340, pushing packet into request queue 
node: 54 matching clock cycle 809340, pushing packet into request queue 
node: 5 matching clock cycle 809340, pushing packet into request queue 
node: 5 matching clock cycle 809342, pushing packet into request queue 
node: 37 matching clock cycle 809342, pushing packet into request queue 
node: 5 matching clock cycle 809342, pushing packet into request queue 
node: 37 matching clock cycle 809344, pushing packet into request queue 
node: 38 matching clock cycle 809344, pushing packet into request queue 
node: 37 matching clock cycle 809346, pushing packet into request queue 
node: 38 matching clock cycle 809346, pushing packet into request queue 
node: 46 matching clock cycle 809346, pushing packet into request queue 
node: 37 matching clock cycle 809348, pushing packet into request queue 
the processing element 45stops at 923965000.00000000
the processing element 18stops at 925101000.00000000
the processing element 12stops at 927805000.00000000
the processing element 35stops at 934625000.00000000
the processing element 41stops at 936609000.00000000
the processing element 14stops at 937966000.00000000
the processing element 17stops at 939829000.00000000
the processing element 43stops at 949769000.00000000
the processing element 4stops at 954592000.00000000
the processing element 33stops at 955543000.00000000
the processing element 51stops at 964758000.00000000
the processing element 13stops at 966280000.00000000
the processing element 7stops at 968592000.00000000
the processing element 9stops at 972583000.00000000
the processing element 39stops at 972905000.00000000
the processing element 0stops at 980473000.00000000
the processing element 59stops at 986260000.00000000
the processing element 32stops at 986376000.00000000
the processing element 42stops at 987605000.00000000
the processing element 56stops at 987692000.00000000
the processing element 46stops at 989143000.00000000
the processing element 37stops at 990543000.00000000
the processing element 40stops at 991945000.00000000
the processing element 27stops at 994480000.00000000
the processing element 5stops at 995650000.00000000
the processing element 53stops at 995930000.00000000
the processing element 25stops at 996104000.00000000
the processing element 24stops at 997051000.00000000
the processing element 61stops at 998011000.00000000
the processing element 3stops at 1004850000.00000000
the processing element 49stops at 1008823000.00000000
the processing element 22stops at 1010530000.00000000
the processing element 23stops at 1011012000.00000000
the processing element 11stops at 1011345000.00000000
the processing element 29stops at 1015975000.00000000
the processing element 10stops at 1018006000.00000000
the processing element 20stops at 1018057000.00000000
the processing element 28stops at 1019066000.00000000
the processing element 26stops at 1019772000.00000000
the processing element 31stops at 1022741000.00000000
the processing element 19stops at 1025811000.00000000
the processing element 38stops at 1031623000.00000000
the processing element 16stops at 1035040000.00000000
the processing element 34stops at 1040101000.00000000
the processing element 44stops at 1042754000.00000000
the processing element 47stops at 1045975000.00000000
the processing element 36stops at 1057991000.00000000
the processing element 30stops at 1058877000.00000000

Info: /OSCI/SystemC: Simulation stopped by user.
Noxim simulation completed.
 ( 1058877.00000000 cycles executed)
% Total received packets: 419571
% Global average throughput (flits/cycle): 0.07449142
% Throughput (flits/cycle/IP): 1.57516517
% Max delay (cycles): 367.00000000
% Total energy (J): 1.4585366859e-04
% received flits to slice 0 629436
% transmitted flits from slice 0 629449
% average delay of slice 0 1.9572269460e+01
% received flits to slice 1 839039
% transmitted flits from slice 1 839167
% average delay of slice 1 1.3513894994e+02

Info: (I804) /IEEE_Std_1666/deprecated: You can turn off warnings about
             IEEE 1666 deprecated features by placing this method call
             as the first statement in your sc_main() function:

  sc_core::sc_report_handler::set_actions( "/IEEE_Std_1666/deprecated",
                                           sc_core::SC_DO_NOTHING );

