0.0517361
0.200669
0.173022
0.173385
0.173295
0.173427
0.200754
0.051799
0.213391
0.224631
0.209294
0.209371
0.208792
0.209142
0.223972
0.213485
0.108216
0.119588
0.103768
0.103682
0.103357
0.103995
0.118852
0.108481
0.108312
0.119259
0.103733
0.103452
0.10336
0.103638
0.118601
0.108194
0.108381
0.119489
0.104232
0.103744
0.103619
0.104026
0.118985
0.10896
0.108638
0.119592
0.104109
0.103836
0.103366
0.104073
0.118958
0.108808
0.213623
0.225008
0.209802
0.209572
0.209214
0.209457
0.224634
0.213655
0.0516969
0.201069
0.173641
0.173741
0.17345
0.17372
0.200762
0.0516997
