0.0497423
0.159574
0.200358
0.20253
0.199831
0.200646
0.159127
0.0498221
0.1516
0.214123
0.237176
0.241583
0.233056
0.237862
0.213491
0.150741
0.0758669
0.077764
0.0999157
0.106447
0.0976801
0.101596
0.0771764
0.0770646
0.0775117
0.0767356
0.102151
0.105744
0.100746
0.0990087
0.077863
0.0760426
0.0795557
0.0738932
0.104323
0.10394
0.101768
0.0969647
0.0783101
0.0741806
0.0803541
0.073478
0.105313
0.102135
0.102966
0.095684
0.0791565
0.072983
0.155118
0.211798
0.238689
0.236518
0.239935
0.234234
0.215423
0.153655
0.0517543
0.153379
0.193636
0.19396
0.195445
0.194199
0.154049
0.0442171
