7.00222e-06
9.3363e-06
9.3363e-06
1.86726e-05
1.86726e-05
2.10067e-05
1.86726e-05
9.3363e-06
4.66815e-06
0
2.33407e-06
0
2.33407e-06
2.33407e-06
9.3363e-06
2.33407e-06
2.33407e-06
2.33407e-06
2.33407e-06
0
7.00222e-06
0
4.66815e-06
2.33407e-06
0
2.33407e-06
2.33407e-06
0
1.16704e-05
0
4.66815e-06
2.33407e-06
0
2.33407e-06
7.00222e-06
0
1.16704e-05
0
0
2.33407e-06
0
2.33407e-06
9.3363e-06
0
1.16704e-05
0
0
2.33407e-06
0
2.33407e-06
1.40044e-05
0
1.16704e-05
0
0
0
0.0375576
0.0375576
1.40044e-05
0
1.16704e-05
1.16704e-05
1.16704e-05
0
