7.00222e-06
1.86726e-05
1.86726e-05
1.86726e-05
1.86726e-05
1.86726e-05
1.16704e-05
4.66815e-06
2.33407e-06
4.66815e-06
2.33407e-06
0
2.33407e-06
2.33407e-06
7.00222e-06
0
2.33407e-06
4.66815e-06
2.33407e-06
0
7.00222e-06
2.33407e-06
2.33407e-06
2.96439e-323
2.33407e-06
0
2.33407e-06
0
7.00222e-06
2.33407e-06
0
0
2.33407e-06
0
2.33407e-06
0
7.00222e-06
2.33407e-06
0
0
2.33407e-06
0
2.33407e-06
0
7.00222e-06
2.33407e-06
0
0
2.33407e-06
0
7.00222e-06
0
7.00222e-06
2.33407e-06
0
0
7.00222e-06
7.00222e-06
0.0376696
0.0376626
7.00222e-06
2.33407e-06
2.33407e-06
0
