0.0133077
0.0431972
0.0139873
0.0139873
0.0139796
0.0139803
0.0385459
0.00933573
0.0384993
0.0439504
0.018662
0.0186625
0.0234815
0.0234832
0.0433223
0.0385516
0.0338848
0.0528113
0.0322958
0.0322919
0.0322938
0.026844
0.0473154
0.0339177
0.0338985
0.0417962
0.015787
0.0157915
0.0157922
0.0157507
0.0417547
0.0339154
0.033901
0.0417654
0.0157576
0.0157663
0.0157663
0.015781
0.0417751
0.0339152
0.0338953
0.0417858
0.015833
0.015825
0.015825
0.0157892
0.0417723
0.0338968
0.0378765
0.0377257
0.011761
0.0117623
0.0117747
0.0117747
0.0377713
0.0378961
0.00801662
0.0378737
0.0120175
0.0120185
0.0120289
0.0120287
0.0418888
0.012021
0
1.09449e-05
1.09449e-05
1.09449e-05
1.09449e-05
1.64173e-05
1.09449e-05
0.102942
1.09449e-05
1.09449e-05
2.18897e-05
2.18897e-05
1.09449e-05
1.64173e-05
1.64173e-05
0.102958
0
1.09449e-05
1.09449e-05
1.09449e-05
1.09449e-05
0
0
0.102942
0
1.09449e-05
1.09449e-05
1.09449e-05
5.47244e-06
0
0
0.102942
0
1.09449e-05
1.09449e-05
1.09449e-05
0
0
5.47244e-06
0.102942
0
1.09449e-05
5.47244e-06
1.09449e-05
0
0
5.47244e-06
0.102942
5.47244e-06
1.64173e-05
1.09449e-05
1.64173e-05
5.47244e-06
5.47244e-06
5.47244e-06
0.102942
0
1.09449e-05
1.09449e-05
1.09449e-05
1.09449e-05
1.09449e-05
1.09449e-05
0
0
0.10147
0.10147
0.10147
0.207487
0.207487
0.207487
0
0.206212
0.309264
0.309034
0.307682
0.4137
0.206212
0.207186
0.207186
0
0.103051
0.102822
1.64173e-05
1.09449e-05
0
5.47244e-06
4.44659e-323
0
0.103051
0.102822
1.64173e-05
0
0
5.47244e-06
0
0
0.103051
0.102833
1.64173e-05
0
0
5.47244e-06
0
0
0.103051
0.102833
1.64173e-05
0
0
0
0
5.47244e-06
0.103057
0.102849
2.18897e-05
5.47244e-06
5.47244e-06
5.47244e-06
5.47244e-06
0
0.103051
0.102843
0.102854
0.102843
0.102843
0.102843
5.47244e-06
5.47244e-06
0.468449
0.468449
0.468448
0.468448
0.347232
0.347232
0
0.347221
0.347221
0.347215
0.347221
0.815663
0.694436
0.347215
0.347363
0.207288
0.20769
0.207044
0.206962
0.468443
0.34721
0.347215
0.347363
0.29547
0.295589
0.294817
0.294833
0.260597
0.259224
0.259355
0.259437
0.380994
0.380959
0.380236
0.380455
0.174428
0.173963
0.173887
0.174045
0.46893
0.468693
0.468337
0.46838
0.0866506
0.0858625
0.0858297
0.0859008
0.46893
0.468693
0.93703
0.937073
0.468693
0.468693
0.468693
0.468704
0
0.468337
0.468337
0.468391
0.468391
0.468391
0.468391
1.09449e-05
5.47244e-06
0.0876301
0.0876301
0.0876301
0.0876301
0.0876301
0.0882923
0
1.64173e-05
2.18897e-05
1.64173e-05
2.18897e-05
2.18897e-05
0.0876465
0.0883087
1.64173e-05
5.47244e-06
1.09449e-05
0
5.47244e-06
1.64173e-05
0.0876192
0.0882923
5.47244e-06
0
1.09449e-05
0
5.47244e-06
2.73622e-05
0.0876192
0.0882923
5.47244e-06
0
1.09449e-05
1.09449e-05
5.47244e-06
2.73622e-05
0.0876192
0.0882813
5.47244e-06
0
1.09449e-05
1.64173e-05
5.47244e-06
2.73622e-05
0.0876192
0.0882813
5.47244e-06
0.0853591
0.0853591
0.0855725
0.171101
0.171419
0.173192
0.173854
0.0855725
0
0.0855397
0.0855397
0.0855397
0.0858461
0.0858461
0.0858461
0
1.09449e-05
1.09449e-05
1.09449e-05
1.09449e-05
1.09449e-05
1.09449e-05
1.09449e-05
0
0.0883142
2.18897e-05
2.18897e-05
2.73622e-05
2.18897e-05
3.28346e-05
3.28346e-05
2.18897e-05
0.0883032
1.09449e-05
0
5.47244e-06
1.09449e-05
1.09449e-05
5.47244e-06
6.42285e-323
0.0883032
0
0
5.47244e-06
1.09449e-05
1.09449e-05
0
0
0.0883032
0
0
5.47244e-06
1.09449e-05
1.09449e-05
0
0
0.0883032
0
0
5.47244e-06
1.09449e-05
1.09449e-05
0
0
0.0883032
0
0
2.73622e-05
3.83071e-05
3.83071e-05
2.73622e-05
2.73622e-05
0.0883032
1.09449e-05
1.09449e-05
2.18897e-05
1.09449e-05
1.09449e-05
1.09449e-05
0
0
0
0
0
0
0
0
0
1.64173e-05
1.64173e-05
0.0881172
0.0881172
0.0881172
0.0881281
0.0881172
0.0881172
0
1.64173e-05
0.0881172
0
1.09449e-05
1.09449e-05
0
7.41098e-323
0
5.47244e-06
0.0881172
0
1.64173e-05
1.09449e-05
0
0
0
5.47244e-06
0.0881172
0
1.64173e-05
1.09449e-05
0
0
0
5.47244e-06
0.0881172
0
1.64173e-05
1.09449e-05
0
0
0.0880624
0.0880679
0.17618
0.0880624
0.0883196
0.0883306
0.0883196
0.0883196
0
0.0881938
0.176311
0.176245
0.176497
0.0881938
0
0
0.0875754
0.0875754
0
0
0
0
0
0
5.47244e-06
5.47244e-06
5.47244e-06
1.09449e-05
1.09449e-05
2.18897e-05
1.64173e-05
1.09449e-05
0
0
5.47244e-06
1.09449e-05
1.09449e-05
1.09449e-05
5.47244e-06
0
0
0
5.47244e-06
1.09449e-05
1.09449e-05
1.09449e-05
5.47244e-06
0
0
0
5.47244e-06
1.09449e-05
1.09449e-05
1.09449e-05
1.09449e-05
0
0
0
0
1.09449e-05
1.09449e-05
1.09449e-05
1.09449e-05
0
1.64173e-05
1.64173e-05
1.64173e-05
2.73622e-05
1.64173e-05
1.09449e-05
2.73622e-05
1.09449e-05
0
1.64173e-05
1.64173e-05
1.64173e-05
2.18897e-05
1.64173e-05
0.0880296
0.0880132
0
5.47244e-06
0.102543
0.205145
0.204976
0.205112
0.102543
0
0.102614
0.102619
0.102614
0.102614
0.102444
0.205025
0.102444
0.102444
0
5.47244e-06
0
5.47244e-06
1.09449e-05
0.102581
0
0
0
0
0
5.47244e-06
0
0.102581
0
0
0
0
0
5.47244e-06
0
0.102581
5.47244e-06
0
0
0
0
5.47244e-06
0
0.102581
5.47244e-06
0
0.102581
0.102581
0.102581
0.102586
0.102581
0.102581
5.47244e-06
5.47244e-06
0
0
0
0
0
0
0
0
