4.66815e-06
1.16704e-05
2.10067e-05
2.10067e-05
1.63385e-05
1.63385e-05
1.16704e-05
1.16704e-05
4.66815e-06
4.66815e-06
9.3363e-06
0
2.33407e-06
0
4.66815e-06
2.33407e-06
0
4.66815e-06
4.66815e-06
0
7.00222e-06
0
4.66815e-06
3.45846e-323
0
0
4.66815e-06
0
9.3363e-06
0
4.66815e-06
0
0
0
4.66815e-06
0
9.3363e-06
0
4.66815e-06
0
0
0
4.66815e-06
0
9.3363e-06
0
4.66815e-06
0
0
0
4.66815e-06
0
9.3363e-06
2.33407e-06
4.66815e-06
0
2.33407e-06
2.33407e-06
1.16704e-05
1.16704e-05
0.0376229
0.0376136
4.66815e-06
0
