2.33407e-06
0.280733
0.280733
0.499742
0.499742
0.492716
0.273708
0.274104
0.0437499
0.0439063
0.0439529
0.0381574
0.280733
0.219009
0.273708
0.274104
0.1322
0.132491
0.13226
0.0744313
0.237462
0.18249
0.185755
0.185739
0.169811
0.169981
0.169697
0.110703
0.148519
0.145964
0.148281
0.148237
0.206288
0.206393
0.206129
0.146981
0.111767
0.109599
0.111828
0.111816
0.243794
0.243813
0.243705
0.183288
0.0743286
0.0731033
0.0742702
0.0742212
0.280196
0.280304
0.280182
0.219558
0.0373709
0.0364862
0.0376626
0.0375879
0.280196
0.280308
0.560491
0.49974
0.499741
0.219559
0.219559
4.66815e-06
