0.00169825
0.0144599
0.00198831
0.0119448
0.00198948
0.0144317
0.00198598
0.0144466
0.00198927
0.0147581
0.00596218
0.0156571
0.00736146
0.0158387
0.00573461
0.0124609
0.00600982
0.0148221
0.0140808
0.018003
0.0133666
0.0117546
0.00508828
0.00844351
0.00771931
0.0084555
0.0110994
0.0116566
0.0126871
0.0100428
0.00669052
0.00673837
0.00937746
0.00673603
0.0127409
0.00998973
0.0143807
0.00839216
0.00839025
0.00508287
0.0110823
0.0050799
0.0144715
0.00836161
0.0160731
0.00669119
0.00999716
0.00337401
0.0127373
0.00335831
0.0161003
0.00666495
0.0177431
0.00502006
0.0116942
0.00170875
0.0144444
0.00170812
0.0144552
0.00171257
0.0144465
0.00170992
0.0116887
0.00170663
