5.21002e-05
0.000574681
0.000630302
0.000623965
0.000669089
0.000574681
0.000453583
7.78303e-05
0.000907103
0.000967694
0.00103351
0.00107682
0.00109449
0.00138597
0.00136069
0.000907103
0.000402166
0.00012114
0.000182031
0.000219004
0.000281793
0.000402209
0.000400032
0.000375006
0.00029724
0.00020567
0.000251092
0.000307076
0.00033319
0.000306393
0.00032041
0.000294701
0.000191589
0.000272235
0.000321562
0.000395787
0.000423373
0.000220477
0.000228157
0.000207697
0.000126069
0.00030955
0.000379337
0.000487314
0.000489618
0.000134176
0.000129546
0.000129546
0.000427875
0.000367987
0.00047974
0.00106146
0.00106089
0.000564611
0.000526208
0.000530432
5.98875e-05
0.000642271
0.000680332
0.000642271
0.000616413
0.000629448
0.000616413
5.06921e-05
