0.000395381
0.000884168
0.000575791
0.000554306
0.000555352
0.000559256
0.000488786
8.51909e-05
0.000986299
0.00112619
0.000637406
0.00065424
0.000791275
0.000784938
0.000712676
0.000739431
0.000348892
0.000409932
0.000464464
0.000474257
0.0002036
0.000201168
0.000147148
0.000175374
0.000262976
0.000317679
0.00037746
0.000408737
0.000240916
0.000264576
0.000248596
0.000247252
0.000176676
0.000219068
0.00029931
0.000342556
0.000301507
0.000335366
0.000369033
0.00034023
0.000125962
0.000133173
0.000198587
0.000241492
0.000347271
0.000366344
0.00045704
0.000427981
0.00049796
0.000528277
0.000566275
0.000596507
0.000448655
0.00043963
0.000950242
0.000867612
4.93053e-05
0.000510612
0.000554968
0.000567641
0.000538774
0.000521877
0.000987877
0.000477265
