4.9508e-05
0.000257493
9.19754e-05
8.7015e-05
9.43756e-05
9.64558e-05
0.000254773
6.03889e-05
0.000224434
0.000276598
0.00010468
0.000106569
0.000104104
0.000101352
0.000265589
0.000253589
0.000228498
0.000311065
0.000130027
0.000125066
0.000132427
0.000134507
0.000301272
0.000249268
0.00022149
0.000317658
0.000134091
0.000131339
0.000127274
0.000133643
0.000304409
0.000235411
0.000203824
0.000317914
0.000139179
0.000136491
0.000137867
0.000139627
0.000313369
0.000228146
0.000198384
0.000301592
0.000114729
0.000115305
0.000112233
0.000107859
0.000292792
0.000208401
0.00017595
0.000286711
9.48237e-05
9.61358e-05
9.86e-05
9.59118e-05
0.00026799
0.000182607
3.46908e-05
0.000255157
5.44684e-05
5.49164e-05
5.14282e-05
4.62437e-05
0.000235475
3.41788e-05
5.35723e-05
0.000631283
0.000631283
0.000561475
0.00064737
0.000673804
0.000561475
6.48372e-05
0.000656416
0.000693027
0.00115359
0.00111363
0.000602843
0.000662326
0.000699641
0.000727163
0.000154295
0.000186426
0.000464443
0.000412172
0.000438798
0.000483815
0.000102152
0.000131787
0.000259264
0.000282882
0.000383903
0.00036148
0.000352903
0.000371486
0.000162701
0.000187407
0.000308548
0.000377289
0.00030076
0.000296515
0.000297944
0.00026656
0.000247231
0.000256469
0.000396619
0.000428685
0.000204945
0.000216892
0.000217639
0.000160909
0.000308164
0.000312153
0.000739281
0.000855131
0.000465915
0.000471526
0.000480722
0.000445839
0.000342662
0.000348764
0.000453647
0.000966116
0.000560365
0.000563886
0.000560365
0.000525141
0.000512468
3.6611e-05
3.7379e-05
0.000574447
0.000646324
0.000574447
0.000577113
0.000677836
0.000577113
6.48372e-05
0.000624712
0.000681741
0.000751506
0.00111107
0.00107855
0.000587333
0.000536619
0.000601457
0.000100787
0.000195856
0.000236051
0.000426509
0.000408822
0.000404918
0.000469691
0.000125429
0.000171577
0.000316292
0.000329029
0.000375796
0.000322927
0.000304195
0.000368627
0.000176825
0.000204347
0.00041422
0.00043227
0.000299139
0.000269376
0.00021478
0.000267947
0.000247295
0.000264576
0.000472657
0.000512532
0.000222311
0.000190522
0.000128842
0.000153484
0.000311364
0.000652362
0.00121162
0.00124656
0.000785194
0.000776511
0.000736849
0.000704462
0.000652362
3.94272e-05
0.000559256
0.000643487
0.000697059
0.000673249
0.000658976
0.000643487
3.6995e-05
3.44988e-05
0.000603782
0.000687565
0.000650954
0.000603782
0.000572014
0.000572014
0.000101064
0.000480636
0.000513087
0.000634889
0.000589765
0.000960099
0.000920949
0.000446137
0.000526741
9.96987e-05
0.000129674
0.000272534
0.000190799
0.000430819
0.000409847
0.000391178
0.000425677
0.000166584
0.000206459
0.000369694
0.000266262
0.000340998
0.000312644
0.000313348
0.000322842
0.000203942
0.0002688
0.000483111
0.000351452
0.000287469
0.000222525
0.000222525
0.000248916
0.000255338
0.000308228
0.000575385
0.000440206
0.000206779
0.000135179
0.000126026
0.000147852
0.000292653
0.000368072
0.00102794
0.000893534
0.000500713
0.000453967
0.000413132
0.000427213
3.7315e-05
0.000720464
0.000720464
0.000583941
0.000623581
0.000596614
0.000583941
5.91408e-05
5.21002e-05
0.000574681
0.000630302
0.000623965
0.000669089
0.000574681
0.000453583
7.78303e-05
0.000907103
0.000967694
0.00103351
0.00107682
0.00109449
0.00138597
0.00136069
0.000907103
0.000402166
0.00012114
0.000182031
0.000219004
0.000281793
0.000402209
0.000400032
0.000375006
0.00029724
0.00020567
0.000251092
0.000307076
0.00033319
0.000306393
0.00032041
0.000294701
0.000191589
0.000272235
0.000321562
0.000395787
0.000423373
0.000220477
0.000228157
0.000207697
0.000126069
0.00030955
0.000379337
0.000487314
0.000489618
0.000134176
0.000129546
0.000129546
0.000427875
0.000367987
0.00047974
0.00106146
0.00106089
0.000564611
0.000526208
0.000530432
5.98875e-05
0.000642271
0.000680332
0.000642271
0.000616413
0.000629448
0.000616413
5.06921e-05
4.85799e-05
0.000455504
0.0005069
0.000488274
0.000553431
0.000558744
0.000895881
0.000440377
0.000407094
0.000588378
0.00070666
0.000697934
0.000783466
0.000767081
0.00104388
0.000949133
0.000358514
0.000485543
0.000169678
0.000142326
0.000293016
0.000281943
0.000401974
0.000360755
0.000269099
0.000384863
0.000240147
0.000202555
0.000351452
0.000367838
0.000325146
0.0002819
0.000183161
0.000270401
0.000319706
0.000267392
0.00044586
0.000460133
0.000231443
0.000209126
0.000132427
0.00016268
0.000376073
0.000322309
0.000523306
0.000504489
0.000134219
0.00012673
0.000521237
0.000566254
0.000470502
0.000422669
0.00105581
0.00100777
0.000471676
0.000470545
5.07348e-05
0.000678903
0.000718373
0.000715514
0.000678903
0.000597787
0.000597798
4.78759e-05
0.000391733
0.000839001
0.000912927
0.000876359
0.000901342
0.000952418
0.000839001
0.000447268
0.000830169
0.000484903
0.000710586
0.000832473
0.000841988
0.000912074
0.000761982
0.00108103
0.000345265
0.000404598
0.000531008
0.000159245
0.000193744
0.000314905
0.000136587
0.000370441
0.000255146
0.000313775
0.000457082
0.000210641
0.000233171
0.000415628
0.00023283
0.000289751
0.0001678
0.000217276
0.000356018
0.000275478
0.00030012
0.000520597
0.000329285
0.000209212
0.000117108
0.000131381
0.000243689
0.000328987
0.000351516
0.000566361
0.000415884
0.000126069
0.000476881
0.000501161
0.000574767
0.000424738
0.000451493
0.00110304
0.000918837
0.000498686
5.21429e-05
0.000664224
0.000718458
0.000701539
0.000695907
0.000664224
0.000467344
4.71932e-05
0.000395381
0.000884168
0.000575791
0.000554306
0.000555352
0.000559256
0.000488786
8.51909e-05
0.000986299
0.00112619
0.000637406
0.00065424
0.000791275
0.000784938
0.000712676
0.000739431
0.000348892
0.000409932
0.000464464
0.000474257
0.0002036
0.000201168
0.000147148
0.000175374
0.000262976
0.000317679
0.00037746
0.000408737
0.000240916
0.000264576
0.000248596
0.000247252
0.000176676
0.000219068
0.00029931
0.000342556
0.000301507
0.000335366
0.000369033
0.00034023
0.000125962
0.000133173
0.000198587
0.000241492
0.000347271
0.000366344
0.00045704
0.000427981
0.00049796
0.000528277
0.000566275
0.000596507
0.000448655
0.00043963
0.000950242
0.000867612
4.93053e-05
0.000510612
0.000554968
0.000567641
0.000538774
0.000521877
0.000987877
0.000477265
5.04361e-05
0.000491794
0.000622301
0.000673036
0.000730022
0.000701859
0.000622301
8.87112e-05
0.000613511
0.00105487
0.0011126
0.000563075
0.000685197
0.000816151
0.000724624
0.000773908
0.000136331
0.000411105
0.000462181
0.000415842
0.000476412
0.000210513
0.000104264
0.000183119
0.000228627
0.000317402
0.000389408
0.000365107
0.000368691
0.000275713
0.00016699
0.000266902
0.000275798
0.000220178
0.000307012
0.000283415
0.000301763
0.000342598
0.000243774
0.000364061
0.00035126
0.000130357
0.000209809
0.000205585
0.000198928
0.000372169
0.000298691
0.000455653
0.000796715
0.000522282
0.000569369
0.000565848
0.000576793
0.000445455
0.000338502
0.000794155
0.000401248
0.000909706
0.000957582
0.000957582
0.000935052
0.000920971
0.000909706
0.000508457
