0
9.3363e-06
0.0437405
0.0437405
4.66815e-06
4.66815e-06
4.66815e-06
4.66815e-06
0
9.3363e-06
4.66815e-06
0
4.66815e-06
0
4.66815e-06
2.33407e-06
0
9.3363e-06
4.66815e-06
0
4.66815e-06
0
4.66815e-06
2.33407e-06
0
7.00222e-06
4.66815e-06
0
0
0
4.66815e-06
2.33407e-06
0
7.00222e-06
4.66815e-06
0
0
0
7.00222e-06
2.33407e-06
0
7.00222e-06
4.66815e-06
0
0
0
7.00222e-06
2.33407e-06
0
7.00222e-06
4.66815e-06
0
0
0
7.00222e-06
2.33407e-06
0
4.66815e-06
7.00222e-06
7.00222e-06
9.3363e-06
9.3363e-06
9.3363e-06
2.33407e-06
