0.0195653
0.0554839
0.0219456
0.0219456
0.0218979
0.0219006
0.0480258
0.0146663
0.0481103
0.0562968
0.0275199
0.0275217
0.0296474
0.0296537
0.0538788
0.0482353
0.040906
0.0697076
0.0394049
0.0393881
0.0393959
0.0347514
0.0650418
0.0409732
0.0409039
0.064103
0.0229635
0.0229626
0.0229653
0.0229353
0.064079
0.0409821
0.0409678
0.0679121
0.0229788
0.0229968
0.0229968
0.023039
0.06794
0.0409938
0.0409507
0.0717092
0.0230327
0.0230192
0.0230192
0.0229905
0.0716796
0.0409507
0.0458101
0.0705085
0.0180411
0.0180456
0.0181212
0.0181212
0.0706056
0.0458757
0.0098528
0.0744818
0.0184907
0.0184943
0.0185267
0.0185258
0.0794743
0.018515
