0.278767
0.526102
0.282599
0.288705
0.286198
0.285971
0.247336
0.0383607
0.517176
0.534642
0.287307
0.343277
0.420928
0.420303
0.386121
0.381637
0.229869
0.20411
0.215917
0.25755
0.117014
0.11893
0.0874299
0.0776761
0.183651
0.162176
0.181133
0.214976
0.155732
0.157533
0.129645
0.117198
0.140993
0.120317
0.144366
0.172613
0.193802
0.197594
0.180412
0.154805
0.0904437
0.0797542
0.109555
0.126588
0.232117
0.237825
0.222299
0.192939
0.353063
0.347542
0.380704
0.393553
0.307605
0.319645
0.585144
0.512584
0.045458
0.265499
0.301386
0.309588
0.303703
0.307431
0.497024
0.231525
