0.0353011
0.149092
0.0533135
0.0532431
0.0532448
0.0533587
0.145124
0.034606
0.117487
0.151651
0.0528261
0.0530874
0.0523956
0.0527574
0.146893
0.133609
0.124078
0.167543
0.0677096
0.0680647
0.0676812
0.0679307
0.161021
0.135555
0.123747
0.166369
0.0661704
0.0660648
0.0664668
0.0663898
0.158741
0.13378
0.127011
0.169112
0.068872
0.0697145
0.0690596
0.0690848
0.161443
0.133331
0.125874
0.167357
0.0666159
0.066507
0.066631
0.0666896
0.157068
0.131589
0.121544
0.151809
0.0511562
0.0509468
0.051131
0.0513605
0.141081
0.126993
0.0336312
0.150157
0.0524693
0.0525821
0.0525866
0.0531276
0.138094
0.034864
