0.0478465
0.253172
0.327729
0.362879
0.369344
0.367043
0.327729
0.0448528
0.340629
0.545955
0.578411
0.292783
0.338572
0.418364
0.376462
0.383425
0.0884739
0.210225
0.242246
0.219355
0.256088
0.121418
0.0775265
0.090217
0.127117
0.16794
0.201147
0.182163
0.21409
0.16024
0.116236
0.134413
0.173806
0.125251
0.159991
0.146174
0.169584
0.198344
0.161794
0.177377
0.214079
0.0839527
0.120683
0.107134
0.127202
0.236833
0.200856
0.220949
0.528903
0.357276
0.395507
0.386262
0.400726
0.314824
0.240604
0.461552
0.258073
0.52339
0.56333
0.559577
0.566201
0.562503
0.52339
0.265317
