0.0391688
0.144991
0.0610339
0.0606758
0.0602076
0.0593317
0.131901
0.0369046
0.12101
0.149089
0.0591003
0.0587532
0.0584392
0.0553817
0.136694
0.119572
0.123307
0.156923
0.0639922
0.0661077
0.0652813
0.0650004
0.142991
0.115424
0.123621
0.155998
0.0656615
0.0641906
0.0621082
0.0618603
0.14347
0.11635
0.116994
0.146544
0.0550181
0.0547702
0.0563238
0.0542744
0.137587
0.117143
0.118333
0.146643
0.0532497
0.0530018
0.0527539
0.052506
0.13638
0.116812
0.113011
0.132364
0.0414991
0.0412512
0.0410033
0.0407554
0.122084
0.112763
0.0247739
0.12729
0.0414991
0.0412512
0.0410033
0.0407554
0.12106
0.0263935
