0.0344645
0.146197
0.053519
0.0535072
0.0535376
0.0534814
0.146171
0.0343978
0.131049
0.150822
0.0547828
0.0548201
0.0548035
0.0547822
0.151052
0.131049
0.1354
0.16686
0.0707121
0.0707541
0.0707598
0.0707702
0.16683
0.1354
0.13514
0.166041
0.0696139
0.0693914
0.0693749
0.0693958
0.165669
0.134825
0.134746
0.165311
0.0687526
0.068736
0.0687523
0.068785
0.165298
0.134746
0.134733
0.165198
0.0686474
0.0686028
0.0686003
0.0686307
0.165224
0.134733
0.130832
0.149823
0.0533927
0.0533902
0.0534041
0.0533924
0.149787
0.130831
0.0344457
0.146001
0.0535307
0.0535212
0.0535609
0.0535374
0.145989
0.0344176
0.0463801
0.340368
0.340368
0.336666
0.381687
0.374429
0.336666
0.0387662
0.386013
0.383542
0.634722
0.638434
0.339633
0.339961
0.378804
0.378727
0.0946665
0.0834684
0.247365
0.260086
0.24797
0.262712
0.0867984
0.0776096
0.142514
0.121792
0.208429
0.212311
0.208476
0.214371
0.132102
0.117174
0.187761
0.160475
0.17028
0.167008
0.169298
0.16917
0.176994
0.156686
0.233731
0.200343
0.130895
0.122888
0.130378
0.123789
0.221475
0.194706
0.494049
0.505188
0.351391
0.338597
0.351672
0.338545
0.260318
0.234064
0.279701
0.524571
0.290252
0.283404
0.290405
0.283559
0.24487
0.0393582
0.0463849
0.336673
0.375486
0.336673
0.339633
0.377395
0.339633
0.0387662
0.386346
0.38387
0.417329
0.638768
0.634573
0.339961
0.248169
0.286935
0.0946745
0.0834684
0.12435
0.260091
0.24797
0.262712
0.200446
0.0776096
0.142527
0.121792
0.172607
0.212316
0.208476
0.214371
0.161911
0.117174
0.187779
0.160478
0.217287
0.167011
0.169298
0.16917
0.123377
0.156686
0.233752
0.200346
0.26166
0.12289
0.130378
0.123789
0.0843274
0.194706
0.513789
0.758662
0.813644
0.59207
0.605143
0.592017
0.558656
0.513789
0.0459731
0.244873
0.338487
0.377023
0.384023
0.377176
0.338487
0.0393582
0.0463849
0.339639
0.378452
0.385736
0.339639
0.339961
0.339961
0.0452781
0.294554
0.292083
0.325537
0.34224
0.542787
0.550368
0.248169
0.272698
0.0946745
0.0834781
0.124353
0.132677
0.247975
0.262712
0.200446
0.22742
0.142527
0.121807
0.172611
0.171333
0.20848
0.214371
0.161911
0.179594
0.187779
0.160496
0.217294
0.211099
0.169302
0.16917
0.123377
0.135011
0.233752
0.200369
0.261666
0.250193
0.13038
0.123789
0.0843274
0.0906335
0.279725
0.2449
0.544763
0.539208
0.336256
0.323128
0.289767
0.289664
0.0459731
0.338497
0.338497
0.339684
0.385221
0.378373
0.339684
0.0447634
0.0381484
0.339967
0.378785
0.386064
0.379244
0.339967
0.248169
0.0452781
0.502747
0.546661
0.580125
0.596822
0.58189
0.804952
0.750916
0.502747
0.1919
0.0834781
0.124364
0.132683
0.126094
0.262717
0.200446
0.22742
0.15352
0.121807
0.172628
0.171343
0.170698
0.214375
0.161911
0.179594
0.114909
0.160496
0.217314
0.211108
0.215843
0.169173
0.123377
0.135011
0.0762711
0.200369
0.261692
0.250206
0.260498
0.123791
0.0843274
0.0906335
0.283255
0.2449
0.338526
0.632847
0.637219
0.416755
0.383392
0.383289
0.0383543
0.339697
0.378333
0.339697
0.337506
0.376196
0.337506
0.0447634
0.0381484
0.248174
0.286992
0.294276
0.28745
0.294091
0.520872
0.272698
0.230049
0.264307
0.341685
0.35839
0.343453
0.357015
0.512482
0.491728
0.1919
0.224229
0.124366
0.132694
0.126097
0.130926
0.20045
0.22742
0.15352
0.17702
0.172629
0.171357
0.170701
0.169738
0.161915
0.179594
0.114909
0.128627
0.217316
0.211127
0.215846
0.208782
0.123379
0.135011
0.0762711
0.0832721
0.261693
0.250228
0.260502
0.247234
0.0843291
0.0906335
0.376885
0.378069
0.33853
0.339729
0.638426
0.63131
0.384596
0.384493
0.0383543
0.33751
0.376147
0.382891
0.337509
0.336982
0.336982
0.0447634
0.230049
0.502752
0.54803
0.548854
0.542033
0.548669
0.502752
0.272703
0.456208
0.264307
0.340358
0.434441
0.419512
0.433069
0.379197
0.567783
0.1919
0.224229
0.247357
0.132694
0.126111
0.130933
0.0867887
0.227424
0.15352
0.17702
0.208425
0.171357
0.17072
0.169747
0.132088
0.179597
0.114909
0.128627
0.170276
0.211127
0.215869
0.208792
0.176975
0.135013
0.0762711
0.0832721
0.130893
0.250228
0.26053
0.247244
0.22145
0.0906352
0.378084
0.379268
0.4308
0.339729
0.337547
0.629138
0.597836
0.382311
0.0383543
0.336994
0.382376
0.382376
0.375812
0.336994
0.260289
0.0447642
0.230054
0.494361
0.309586
0.302173
0.303588
0.310229
0.264307
0.0387613
0.532263
0.604666
0.340358
0.336666
0.41582
0.429385
0.375505
0.375428
0.191905
0.224229
0.247357
0.260086
0.126111
0.130944
0.0867887
0.0775999
0.153524
0.17702
0.208425
0.212311
0.17072
0.169762
0.132088
0.117158
0.114911
0.128627
0.170276
0.167008
0.21587
0.208811
0.176975
0.156665
0.0762728
0.0832721
0.130893
0.122888
0.26053
0.247268
0.22145
0.194679
0.375903
0.377086
0.428619
0.415827
0.337548
0.337027
0.597316
0.531705
0.0383552
0.260289
0.30567
0.298823
0.299107
0.305696
0.494321
0.234032
0.0463801
0.264312
0.340361
0.378227
0.385382
0.386283
0.340361
0.0387613
0.383046
0.600979
0.63175
0.336666
0.339633
0.432351
0.378476
0.378394
0.0946633
0.224233
0.24736
0.260086
0.24797
0.130944
0.0867984
0.0775999
0.14251
0.177023
0.208425
0.212311
0.208476
0.169762
0.132102
0.117161
0.187758
0.12863
0.170276
0.167008
0.169298
0.208811
0.176994
0.156669
0.233725
0.0832738
0.130893
0.122888
0.130378
0.247268
0.221475
0.194685
0.570751
0.376566
0.428098
0.415305
0.428381
0.337027
0.260318
0.455003
0.279691
0.51373
0.559111
0.552264
0.559265
0.559137
0.51373
0.234038
