0.0104036
0.0453008
0.0165394
0.0164441
0.0166049
0.0167181
0.0461891
0.010771
0.0410106
0.0469775
0.0166596
0.016594
0.016555
0.0166869
0.0473545
0.0404356
0.0422067
0.0521362
0.0213859
0.0214842
0.0215381
0.0217364
0.0526647
0.0420053
0.0423323
0.0522822
0.0209925
0.0209222
0.0212025
0.021318
0.051817
0.0412895
0.0421598
0.0522697
0.0215326
0.0215225
0.0213898
0.0214437
0.0516249
0.0413964
0.0418117
0.0521393
0.0214163
0.0214398
0.0213039
0.0215771
0.0518677
0.041814
0.0404457
0.0471502
0.0169375
0.0169304
0.0170655
0.016907
0.0469049
0.04053
0.0108014
0.0453843
0.016658
0.0165534
0.0165659
0.01648
0.0452891
0.0106321
