0.0192464
0.0814257
0.0299048
0.0300289
0.0299541
0.030008
0.0813904
0.0191872
0.0727878
0.0835448
0.0298994
0.0299294
0.0299496
0.0298482
0.0835549
0.0727784
0.0752114
0.092397
0.0386425
0.0386542
0.0386393
0.0386744
0.0923596
0.0751009
0.0751557
0.0923598
0.0386012
0.0386047
0.0385796
0.0385646
0.0923883
0.0752306
0.0749594
0.0920404
0.0383646
0.0383911
0.0383864
0.0384007
0.092119
0.0750302
0.0750284
0.0921302
0.0384498
0.0384728
0.0385187
0.0385032
0.091983
0.0748991
0.0727666
0.0832364
0.0297752
0.0297777
0.0297389
0.0297207
0.0832319
0.0727454
0.0193731
0.0812904
0.029986
0.0300716
0.0300289
0.0300857
0.0812565
0.0193015
