0.0290217
0.0942967
0.118951
0.120159
0.118656
0.119099
0.0945251
0.0312863
0.0896818
0.127966
0.139222
0.143466
0.138908
0.141059
0.127138
0.0896884
0.0441986
0.0474605
0.0583193
0.0632102
0.0586429
0.059385
0.045997
0.0474804
0.0450455
0.0464062
0.0587475
0.062449
0.0600511
0.0575962
0.0459589
0.0467763
0.0458162
0.0445983
0.0597086
0.061545
0.0603271
0.0566161
0.0467487
0.0462054
0.0467677
0.0440273
0.0595658
0.0606316
0.0612976
0.055696
0.0471769
0.0441977
0.0915287
0.126052
0.139964
0.140658
0.143123
0.138536
0.128552
0.0911395
0.0302967
0.0906524
0.115
0.115383
0.116582
0.115373
0.0917371
0.0279931
