0.211825
0.440001
0.475172
0.477861
0.470085
0.478878
0.440001
0.228176
0.390006
0.216694
0.276427
0.356215
0.340083
0.351637
0.306075
0.466452
0.173312
0.18581
0.203396
0.114814
0.105004
0.109655
0.0654733
0.190025
0.140684
0.148023
0.171059
0.146933
0.141701
0.143591
0.0991183
0.151439
0.109001
0.10842
0.138286
0.178253
0.175274
0.175346
0.131383
0.115105
0.0747021
0.0704874
0.108274
0.21059
0.210445
0.212189
0.16699
0.0790621
0.331872
0.324678
0.367479
0.292486
0.276354
0.528372
0.475826
0.316757
0.0393857
0.292863
0.330503
0.335444
0.326577
0.292858
0.199472
0.0404031
