0.034081
0.302442
0.333398
0.344589
0.334343
0.302442
0.208846
0.0369877
0.427866
0.468051
0.492103
0.512668
0.493048
0.692883
0.636712
0.427866
0.170332
0.0742661
0.102388
0.122009
0.107911
0.231664
0.170986
0.186464
0.135016
0.110672
0.139449
0.153982
0.146425
0.189517
0.136251
0.148968
0.100572
0.148023
0.176146
0.185447
0.183122
0.147442
0.101589
0.111036
0.0691067
0.188136
0.214732
0.219092
0.222633
0.108638
0.0728127
0.0726674
0.261385
0.227376
0.279188
0.533161
0.53118
0.34735
0.318719
0.315885
0.0340083
0.293358
0.326858
0.293358
0.285638
0.320083
0.28564
0.036697
