0.0747391
0.301287
0.244626
0.242653
0.218075
0.241745
0.295024
0.0721888
0.323466
0.341025
0.30035
0.297452
0.282012
0.294862
0.330382
0.306169
0.171264
0.191019
0.15561
0.155271
0.143924
0.156034
0.192135
0.168021
0.169593
0.189687
0.154539
0.155884
0.143396
0.154714
0.189998
0.168339
0.170128
0.190044
0.154437
0.156854
0.143895
0.153785
0.188404
0.169664
0.17054
0.188683
0.153892
0.157183
0.143399
0.152652
0.185108
0.169727
0.314685
0.328366
0.29305
0.290286
0.280058
0.285529
0.317502
0.303641
0.0769162
0.297234
0.242718
0.238987
0.23508
0.235485
0.284569
0.0752864
