0.0300825
0.0994894
0.124934
0.12517
0.124616
0.125027
0.0992172
0.0329557
0.0990013
0.137887
0.15368
0.154759
0.154708
0.15486
0.13533
0.0991308
0.0485194
0.0489395
0.066021
0.0670906
0.0676704
0.0671285
0.044983
0.0509943
0.0504368
0.0487681
0.0679687
0.0662322
0.0681394
0.0656989
0.0468469
0.0498453
0.0512085
0.0483848
0.0683073
0.0645542
0.0670086
0.0639347
0.0510255
0.0481766
0.0519572
0.048551
0.0666246
0.0623522
0.0654097
0.0624267
0.0522862
0.0461166
0.0997512
0.138126
0.153572
0.150746
0.152984
0.152031
0.140226
0.099332
0.0339488
0.0991562
0.123951
0.123521
0.123598
0.123978
0.0989874
0.0299275
