0.00963304
0.0408732
0.014969
0.0150004
0.014918
0.0150102
0.0407367
0.00954524
0.0364063
0.0420803
0.0148607
0.0148795
0.0149096
0.0148551
0.0420133
0.0364063
0.0378887
0.0463795
0.0191976
0.0192067
0.019185
0.0191361
0.0462943
0.0377434
0.0380187
0.0466073
0.0192346
0.0192675
0.0192283
0.0191808
0.0465444
0.0379348
0.0379104
0.0462929
0.0189985
0.0190432
0.0190285
0.0190397
0.0463705
0.0378727
0.0375073
0.0458612
0.0190544
0.0190104
0.0190271
0.0189748
0.0457061
0.0373361
0.0362372
0.0413419
0.0148572
0.0148893
0.0148935
0.0149277
0.0412784
0.0361241
0.00959252
0.0403639
0.0149501
0.0149934
0.014925
0.014927
0.0403143
0.00961976
