0.105843
0.273256
0.221067
0.225185
0.232139
0.210978
0.230581
0.0584095
0.322622
0.329904
0.273924
0.284325
0.322849
0.304088
0.294872
0.27593
0.161193
0.19608
0.114066
0.120092
0.153613
0.166803
0.152746
0.116822
0.141157
0.183597
0.12571
0.133178
0.144676
0.153279
0.170738
0.129051
0.132099
0.168073
0.132236
0.140145
0.127516
0.13552
0.17574
0.138131
0.113784
0.151621
0.143524
0.150674
0.114501
0.119971
0.186183
0.150729
0.262817
0.277908
0.26554
0.294084
0.257629
0.252651
0.301061
0.289169
0.0456276
0.237724
0.204353
0.231304
0.219376
0.213818
0.276217
0.102811
