node: 39 matching clock cycle 3503528.00000000, pushing packet into request queue 
node: 33 matching clock cycle 3503532.00000000, pushing packet into request queue 
node: 42 matching clock cycle 3503539.00000000, pushing packet into request queue 
node: 9 matching clock cycle 3503543.00000000, pushing packet into request queue 
node: 4 matching clock cycle 3503547.00000000, pushing packet into request queue 
node: 35 matching clock cycle 3503555.00000000, pushing packet into request queue 
node: 38 matching clock cycle 3503556.00000000, pushing packet into request queue 
node: 9 matching clock cycle 3503559.00000000, pushing packet into request queue 
node: 35 matching clock cycle 3503563.00000000, pushing packet into request queue 
node: 9 matching clock cycle 3503563.00000000, pushing packet into request queue 
node: 11 matching clock cycle 3503563.00000000, pushing packet into request queue 
node: 11 matching clock cycle 3503564.00000000, pushing packet into request queue 
node: 35 matching clock cycle 3503565.00000000, pushing packet into request queue 
node: 11 matching clock cycle 3503565.00000000, pushing packet into request queue 
node: 11 matching clock cycle 3503566.00000000, pushing packet into request queue 
node: 11 matching clock cycle 3503567.00000000, pushing packet into request queue 
node: 11 matching clock cycle 3503569.00000000, pushing packet into request queue 
node: 35 matching clock cycle 3503571.00000000, pushing packet into request queue 
node: 24 matching clock cycle 3503572.00000000, pushing packet into request queue 
node: 9 matching clock cycle 3503575.00000000, pushing packet into request queue 
node: 44 matching clock cycle 3503578.00000000, pushing packet into request queue 
node: 35 matching clock cycle 3503579.00000000, pushing packet into request queue 
node: 51 matching clock cycle 3503588.00000000, pushing packet into request queue 
node: 9 matching clock cycle 3503589.00000000, pushing packet into request queue 
node: 19 matching clock cycle 3503589.00000000, pushing packet into request queue 
node: 21 matching clock cycle 3503598.00000000, pushing packet into request queue 
node: 1 matching clock cycle 3503599.00000000, pushing packet into request queue 
node: 42 matching clock cycle 3503600.00000000, pushing packet into request queue 
node: 10 matching clock cycle 3503600.00000000, pushing packet into request queue 
node: 1 matching clock cycle 3503602.00000000, pushing packet into request queue 
node: 1 matching clock cycle 3503603.00000000, pushing packet into request queue 
node: 1 matching clock cycle 3503604.00000000, pushing packet into request queue 
node: 1 matching clock cycle 3503605.00000000, pushing packet into request queue 
node: 1 matching clock cycle 3503606.00000000, pushing packet into request queue 
node: 12 matching clock cycle 3503606.00000000, pushing packet into request queue 
node: 41 matching clock cycle 3503606.00000000, pushing packet into request queue 
node: 1 matching clock cycle 3503607.00000000, pushing packet into request queue 
node: 41 matching clock cycle 3503607.00000000, pushing packet into request queue 
node: 7 matching clock cycle 3503608.00000000, pushing packet into request queue 
node: 7 matching clock cycle 3503608.00000000, pushing packet into request queue 
node: 1 matching clock cycle 3503608.00000000, pushing packet into request queue 
node: 41 matching clock cycle 3503608.00000000, pushing packet into request queue 
node: 1 matching clock cycle 3503609.00000000, pushing packet into request queue 
node: 41 matching clock cycle 3503609.00000000, pushing packet into request queue 
node: 1 matching clock cycle 3503610.00000000, pushing packet into request queue 
node: 41 matching clock cycle 3503610.00000000, pushing packet into request queue 
node: 1 matching clock cycle 3503611.00000000, pushing packet into request queue 
node: 41 matching clock cycle 3503611.00000000, pushing packet into request queue 
node: 41 matching clock cycle 3503612.00000000, pushing packet into request queue 
node: 21 matching clock cycle 3503613.00000000, pushing packet into request queue 
node: 41 matching clock cycle 3503613.00000000, pushing packet into request queue 
node: 44 matching clock cycle 3503614.00000000, pushing packet into request queue 
node: 12 matching clock cycle 3503614.00000000, pushing packet into request queue 
node: 41 matching clock cycle 3503614.00000000, pushing packet into request queue 
node: 41 matching clock cycle 3503615.00000000, pushing packet into request queue 
node: 41 matching clock cycle 3503618.00000000, pushing packet into request queue 

Info: /OSCI/SystemC: Simulation stopped by user.
Noxim simulation completed.
 ( 3503818.00000000 cycles executed)
% Total received packets: 2036327
% Global average throughput (flits/cycle): 0.06039534
% Throughput (flits/cycle/IP): 4.22423364
% Max delay (cycles): 1952.00000000
% Total energy (J): 1.6749324926e-03
% received flits to slice 0 3054540
% transmitted flits from slice 0 3054661
% average delay of slice 0 6.1479776110e+01
% received flits to slice 1 2267851
% transmitted flits from slice 1 2267877
% average delay of slice 1 5.2102928804e+01
% received flits to slice 2 2270983
% transmitted flits from slice 2 2270988
% average delay of slice 2 5.3075401260e+01
% received flits to slice 3 2267676
% transmitted flits from slice 3 2267681
% average delay of slice 3 5.3368306583e+01
% received flits to slice 4 2273723
% transmitted flits from slice 4 2273738
% average delay of slice 4 5.2848880198e+01
% received flits to slice 5 2308244
% transmitted flits from slice 5 2308272
% average delay of slice 5 5.2106024923e+01
% received flits to slice 6 2303070
% transmitted flits from slice 6 2303085
% average delay of slice 6 5.0633736107e+01
% received flits to slice 7 2324755
% transmitted flits from slice 7 2324759
% average delay of slice 7 4.8268441306e+01
% received flits to slice 8 2310539
% transmitted flits from slice 8 2310565
% average delay of slice 8 5.0753503736e+01

Info: (I804) /IEEE_Std_1666/deprecated: You can turn off warnings about
             IEEE 1666 deprecated features by placing this method call
             as the first statement in your sc_main() function:

  sc_core::sc_report_handler::set_actions( "/IEEE_Std_1666/deprecated",
                                           sc_core::SC_DO_NOTHING );

