node: 35 matching clock cycle 494883, pushing packet into request queue 
node: 38 matching clock cycle 495001, pushing packet into request queue 
node: 35 matching clock cycle 495117, pushing packet into request queue 
node: 19 matching clock cycle 495119, pushing packet into request queue 
node: 40 matching clock cycle 495130, pushing packet into request queue 
node: 35 matching clock cycle 495326, pushing packet into request queue 
node: 35 matching clock cycle 495426, pushing packet into request queue 
node: 35 matching clock cycle 495672, pushing packet into request queue 
the processing element 11stops at 661646000.00000000
the processing element 12stops at 676636000.00000000
the processing element 2stops at 676882000.00000000
the processing element 4stops at 677658000.00000000
the processing element 13stops at 678666000.00000000
the processing element 10stops at 681196000.00000000
the processing element 3stops at 685684000.00000000
the processing element 20stops at 685934000.00000000
the processing element 19stops at 688296000.00000000
the processing element 5stops at 692144000.00000000
the processing element 14stops at 702464000.00000000
the processing element 6stops at 703446000.00000000
the processing element 21stops at 708500000.00000000
the processing element 22stops at 709538000.00000000
the processing element 1stops at 711516000.00000000
the processing element 29stops at 719358000.00000000
the processing element 28stops at 720056000.00000000
the processing element 15stops at 722902000.00000000
the processing element 17stops at 728096000.00000000
the processing element 52stops at 728282000.00000000
the processing element 26stops at 728960000.00000000
the processing element 50stops at 731682000.00000000
the processing element 51stops at 735152000.00000000
the processing element 37stops at 735428000.00000000
the processing element 59stops at 736338000.00000000
the processing element 43stops at 737334000.00000000
the processing element 8stops at 737472000.00000000
the processing element 35stops at 740256000.00000000
the processing element 44stops at 740956000.00000000
the processing element 30stops at 741056000.00000000
the processing element 53stops at 741176000.00000000
the processing element 7stops at 742388000.00000000
the processing element 61stops at 744482000.00000000
the processing element 25stops at 746038000.00000000
the processing element 60stops at 747516000.00000000
the processing element 38stops at 749098000.00000000
the processing element 34stops at 749446000.00000000
the processing element 16stops at 749718000.00000000
the processing element 23stops at 750196000.00000000
the processing element 58stops at 750912000.00000000
the processing element 42stops at 751292000.00000000
the processing element 41stops at 753718000.00000000
the processing element 46stops at 754044000.00000000
the processing element 31stops at 757122000.00000000
the processing element 49stops at 757628000.00000000
the processing element 57stops at 760206000.00000000
the processing element 62stops at 762808000.00000000
the processing element 33stops at 766944000.00000000

Info: /OSCI/SystemC: Simulation stopped by user.
Noxim simulation completed.
 ( 766944.00000000 cycles executed)
% Total received packets: 916682
% Global average throughput (flits/cycle): 0.13035675
% Throughput (flits/cycle/IP): 1.90160384
% Max delay (cycles): 1621.00000000
% Total energy (J): 7.4197897239e-04
% received flits to slice 0 1375039
% transmitted flits from slice 0 1375055
% average delay of slice 0 7.3287263334e+01
% received flits to slice 1 1031760
% transmitted flits from slice 1 1031760
% average delay of slice 1 5.2183949756e+01
% received flits to slice 2 1031704
% transmitted flits from slice 2 1031706
% average delay of slice 2 5.3514864959e+01
% received flits to slice 3 1031096
% transmitted flits from slice 3 1031112
% average delay of slice 3 5.3942041130e+01
% received flits to slice 4 1030243
% transmitted flits from slice 4 1030254
% average delay of slice 4 5.3432095746e+01
% received flits to slice 5 1030626
% transmitted flits from slice 5 1030626
% average delay of slice 5 5.2259671307e+01
% received flits to slice 6 1031312
% transmitted flits from slice 6 1031326
% average delay of slice 6 5.0198868992e+01
% received flits to slice 7 1031510
% transmitted flits from slice 7 1031514
% average delay of slice 7 4.7089135518e+01
% received flits to slice 8 1031868
% transmitted flits from slice 8 1031876
% average delay of slice 8 5.0150228518e+01

Info: (I804) /IEEE_Std_1666/deprecated: You can turn off warnings about
             IEEE 1666 deprecated features by placing this method call
             as the first statement in your sc_main() function:

  sc_core::sc_report_handler::set_actions( "/IEEE_Std_1666/deprecated",
                                           sc_core::SC_DO_NOTHING );

