node: 11 matching clock cycle 2742.00000000, pushing packet into request queue 
node: 13 matching clock cycle 2748.00000000, pushing packet into request queue 
node: 15 matching clock cycle 2755.00000000, pushing packet into request queue 
node: 15 matching clock cycle 2755.00000000, pushing packet into request queue 
node: 17 matching clock cycle 2760.00000000, pushing packet into request queue 
the processing element 21stops at 2964000.00000000
node: 19 matching clock cycle 2766.00000000, pushing packet into request queue 
node: 21 matching clock cycle 2772.00000000, pushing packet into request queue 
node: 23 matching clock cycle 2778.00000000, pushing packet into request queue 
node: 23 matching clock cycle 2778.00000000, pushing packet into request queue 
the processing element 23stops at 2980000.00000000
node: 25 matching clock cycle 2784.00000000, pushing packet into request queue 
the processing element 29stops at 2985000.00000000
node: 27 matching clock cycle 2790.00000000, pushing packet into request queue 
node: 29 matching clock cycle 2796.00000000, pushing packet into request queue 
the processing element 19stops at 2996000.00000000
the processing element 33stops at 2997000.00000000
node: 31 matching clock cycle 2803.00000000, pushing packet into request queue 
node: 31 matching clock cycle 2803.00000000, pushing packet into request queue 
the processing element 35stops at 3004000.00000000
the processing element 26stops at 3008000.00000000
node: 33 matching clock cycle 2808.00000000, pushing packet into request queue 
the processing element 38stops at 3009000.00000000
node: 35 matching clock cycle 2814.00000000, pushing packet into request queue 
the processing element 40stops at 3015000.00000000
node: 37 matching clock cycle 2820.00000000, pushing packet into request queue 
the processing element 42stops at 3021000.00000000
the processing element 5stops at 3024000.00000000
node: 39 matching clock cycle 2826.00000000, pushing packet into request queue 
node: 39 matching clock cycle 2826.00000000, pushing packet into request queue 
the processing element 44stops at 3027000.00000000
node: 41 matching clock cycle 2832.00000000, pushing packet into request queue 
node: 43 matching clock cycle 2838.00000000, pushing packet into request queue 
the processing element 6stops at 3038000.00000000
node: 45 matching clock cycle 2844.00000000, pushing packet into request queue 
the processing element 15stops at 3050000.00000000
node: 47 matching clock cycle 2851.00000000, pushing packet into request queue 
node: 47 matching clock cycle 2851.00000000, pushing packet into request queue 
the processing element 2stops at 3054000.00000000
node: 49 matching clock cycle 2856.00000000, pushing packet into request queue 
node: 51 matching clock cycle 2862.00000000, pushing packet into request queue 
the processing element 20stops at 3070000.00000000
node: 2 matching clock cycle 2882.00000000, pushing packet into request queue 
the processing element 8stops at 3088000.00000000
the processing element 11stops at 3114000.00000000
the processing element 16stops at 3126000.00000000
node: 53 matching clock cycle 2947.00000000, pushing packet into request queue 
node: 55 matching clock cycle 2953.00000000, pushing packet into request queue 
the processing element 13stops at 3166000.00000000
the processing element 4stops at 3178000.00000000
the processing element 22stops at 3194000.00000000
the processing element 3stops at 3212000.00000000
the processing element 49stops at 3252000.00000000
the processing element 17stops at 3340000.00000000
the processing element 51stops at 3376000.00000000
the processing element 31stops at 3402000.00000000

Info: /OSCI/SystemC: Simulation stopped by user.
Noxim simulation completed.
 ( 3402.00000000 cycles executed)
% Total received packets: 823
% Global average throughput (flits/cycle): 0.09233304
% Throughput (flits/cycle/IP): 0.00351148
% Max delay (cycles): 1633.00000000
% Total energy (J): 8.4301771141e-07
% received flits to slice 0 1242
% transmitted flits from slice 0 1336
% average delay of slice 0 2.6777777778e+02
% received flits to slice 1 933
% transmitted flits from slice 1 936
% average delay of slice 1 5.0784313725e+01
% received flits to slice 2 990
% transmitted flits from slice 2 990
% average delay of slice 2 5.0909090909e+01
% received flits to slice 3 918
% transmitted flits from slice 3 918
% average delay of slice 3 5.1411764706e+01
% received flits to slice 4 933
% transmitted flits from slice 4 936
% average delay of slice 4 5.2235294118e+01
% received flits to slice 5 884
% transmitted flits from slice 5 893
% average delay of slice 5 5.2040816327e+01
% received flits to slice 6 896
% transmitted flits from slice 6 899
% average delay of slice 6 5.1183673469e+01
% received flits to slice 7 921
% transmitted flits from slice 7 923
% average delay of slice 7 4.4980392157e+01
% received flits to slice 8 936
% transmitted flits from slice 8 936
% average delay of slice 8 4.7307692308e+01

Info: (I804) /IEEE_Std_1666/deprecated: You can turn off warnings about
             IEEE 1666 deprecated features by placing this method call
             as the first statement in your sc_main() function:

  sc_core::sc_report_handler::set_actions( "/IEEE_Std_1666/deprecated",
                                           sc_core::SC_DO_NOTHING );

