0.370192
0.387821
0.370192
0.405449
0.370192
0.370192
0.0352564
0
0
0.179487
0.161592
0.231838
0.161058
0.478098
0.160524
0
0
0.0352564
0
0.105769
0
0.264423
0.0897436
7.76572e-320
0
0.0528846
0
0.105769
0
0.211538
0.0542201
0
0
0.123397
0.123397
0.264423
0.123397
0.158654
0.0186966
0
0
0.0528846
0
0.176282
0
0.105769
0.000801282
0
0
0.0352564
0
0.246795
0.246795
0.352564
0.246795
0
0
0.0176282
0
0.0352564
0
0.0528846
0
0
0.370192
0.387821
0.370192
0.405449
0.370192
0.370192
0.0352564
0
0
0.179487
0.161592
0.231838
0.161058
0.478098
0.160524
0
0
0.0352564
0
0.105769
0
0.264423
0.0897436
8.24645e-320
0
0.0528846
0
0.105769
0
0.211538
0.0542201
0
0
0.123397
0.123397
0.264423
0.123397
0.158654
0.0186966
0
0
0.0528846
0
0.176282
0
0.105769
0.000801282
0
0
0.0352564
0
0.246795
0.246795
0.352564
0.246795
0
0
0.0176282
0
0.0352564
0
0.0528846
0
0
0.370192
0.387821
0.370192
0.405449
0.370192
0.370192
0.0352564
0
0
0.179487
0.161592
0.231838
0.161058
0.478098
0.160524
0
0
0.0352564
0
0.105769
0
0.264423
0.0897436
7.28302e-320
0
0.0528846
0
0.105769
0
0.211538
0.0542201
0
0
0.123397
0.123397
0.264423
0.123397
0.158654
0.0186966
0
0
0.0528846
0
0.176282
0
0.105769
0.000801282
0
0
0.0352564
0
0.246795
0.246795
0.352564
0.246795
0
0
0.0176282
0
0.0352564
0
0.0528846
0
0
0.370192
0.387821
0.370192
0.405449
0.370192
0.370192
0.0352564
0
0
0.179487
0.161592
0.231838
0.161058
0.478098
0.160524
0
0
0.0352564
0
0.105769
0
0.264423
0.0897436
6.69805e-320
0
0.0528846
0
0.105769
0
0.211538
0.0542201
0
0
0.123397
0.123397
0.264423
0.123397
0.158654
0.0186966
0
0
0.0528846
0
0.176282
0
0.105769
0.000801282
0
0
0.0352564
0
0.246795
0.246795
0.352564
0.246795
0
0
0.0176282
0
0.0352564
0
0.0528846
0
0
0.370192
0.387821
0.370192
0.405449
0.370192
0.370192
0.0352564
0
0
0.179487
0.161592
0.231838
0.161058
0.478098
0.160524
0
0
0.0352564
0
0.105769
0
0.264423
0.0897436
6.01278e-320
0
0.0528846
0
0.105769
0
0.211538
0.0542201
0
0
0.123397
0.123397
0.264423
0.123397
0.158654
0.0186966
0
0
0.0528846
0
0.176282
0
0.105769
0.000801282
0
0
0.0352564
0
0.246795
0.246795
0.352564
0.246795
0
0
0.0176282
0
0.0352564
0
0.0528846
0
0
0.361691
0.378914
0.361691
0.396138
0.361691
0.361691
0.0344468
0
0
0.183716
0.166232
0.234864
0.16571
0.47547
0.165188
0
0
0.0344468
0
0.10334
0
0.258351
0.0960334
7.66197e-320
0
0.0516701
0
0.10334
0
0.206681
0.0613257
0
0
0.120564
0.120564
0.258351
0.120564
0.15501
0.026618
0
0
0.0516701
0
0.172234
0
0.10334
0.00913361
0
0
0.0344468
0
0.241127
0.241127
0.344468
0.241127
0
0
0.0172234
0
0.0344468
0
0.0516701
0
0
0.370192
0.387821
0.370192
0.405449
0.370192
0.370192
0.0352564
0
0
0.179487
0.161592
0.231838
0.161058
0.478098
0.160524
0
0
0.0352564
0
0.105769
0
0.264423
0.0897436
9.7405e-320
0
0.0528846
0
0.105769
0
0.211538
0.0542201
0
0
0.123397
0.123397
0.264423
0.123397
0.158654
0.0186966
0
0
0.0528846
0
0.176282
0
0.105769
0.000801282
0
0
0.0352564
0
0.246795
0.246795
0.352564
0.246795
0
0
0.0176282
0
0.0352564
0
0.0528846
0
0
0.0617284
0.0646678
0.0617284
0.0676073
0.0617284
0.0617284
0.00587889
0
0
0.0323339
0.0293945
0.0411523
0.0293945
0.0823045
0.0293945
0
0
0.00587889
0
0.0176367
0
0.0440917
0.0176367
6.39963e-320
0
0.00881834
0
0.0176367
0
0.0352734
0.0117578
0
0
0.0205761
0.0205761
0.0440917
0.0205761
0.026455
0.00587889
0
0
0.00881834
0
0.0293945
0
0.0176367
0.00293945
0
0
0.00587889
0
0.0411523
0.0411523
0.0587889
0.0411523
0
0
0.00293945
0
0.00587889
0
0.00881834
0
0
0.0617284
0.0646678
0.0617284
0.0676073
0.0617284
0.0617284
0.00587889
0
0
0.0323339
0.0293945
0.0411523
0.0293945
0.0823045
0.0293945
0
0
0.00587889
0
0.0176367
0
0.0440917
0.0176367
6.82255e-320
0
0.00881834
0
0.0176367
0
0.0352734
0.0117578
0
0
0.0205761
0.0205761
0.0440917
0.0205761
0.026455
0.00587889
0
0
0.00881834
0
0.0293945
0
0.0176367
0.00293945
0
0
0.00587889
0
0.0411523
0.0411523
0.0587889
0.0411523
0
0
0.00293945
0
0.00587889
0
0.00881834
0
0
0.0671785
0.0703775
0.0671785
0.0735765
0.0671785
0.0671785
0.00639795
0
0
0.0351887
0.0319898
0.0447857
0.0319898
0.0895713
0.0319898
0
0
0.00639795
0
0.0191939
0
0.0479846
0.0191939
8.15653e-320
0
0.00959693
0
0.0191939
0
0.0383877
0.0127959
0
0
0.0223928
0.0223928
0.0479846
0.0223928
0.0287908
0.00639795
0
0
0.00959693
0
0.0319898
0
0.0191939
0.00319898
0
0
0.00639795
0
0.0447857
0.0447857
0.0639795
0.0447857
0
0
0.00319898
0
0.00639795
0
0.00959693
0
0
0.111111
0.116402
0.111111
0.121693
0.111111
0.111111
0.010582
0
0
0.0582011
0.0529101
0.0740741
0.0529101
0.148148
0.0529101
0
0
0.010582
0
0.031746
0
0.0793651
0.0314521
7.51919e-320
0
0.015873
0
0.031746
0
0.0634921
0.0205761
0
0
0.037037
0.037037
0.0793651
0.037037
0.047619
0.010582
0
0
0.015873
0
0.0529101
0
0.031746
0.00529101
0
0
0.010582
0
0.0740741
0.0740741
0.10582
0.0740741
0
0
0.00529101
0
0.010582
0
0.015873
0
0
0.162902
0.183652
0.189323
0.185957
0.182726
0.162902
0.0221129
0.0222476
0.0215239
0.184641
0.21335
0.205439
0.204866
0.304677
0.163886
0.0436874
0.0419708
0.046178
0.203055
0.216636
0.218807
0.271144
0.26989
0.153596
0.15278
0.223326
0.224455
0.215823
0.0900337
0.0914136
0.092127
0.0873579
0.0872476
0.157635
0.253356
0.242586
0.247668
0.0699402
0.068448
0.0637135
0.0640567
0.0678871
0.164332
0.271077
0.273618
0.21184
0.0463678
0.040288
0.0438052
0.0465651
0.0464473
0.150045
0.279559
0.197552
0.172229
0.0205142
0.0222476
0.0228197
0.0227693
0.0203628
0.153242
0.176045
0.175425
0.153242
0.128735
0.146093
0.146967
0.147369
0.145258
0.128735
0.0187127
0.0190909
0.0192327
0.141642
0.160102
0.160984
0.157903
0.232983
0.124284
0.039466
0.0377878
0.0355738
0.166271
0.184716
0.182462
0.221913
0.219076
0.130453
0.124914
0.179224
0.178444
0.179177
0.0697608
0.0730228
0.0710057
0.0730779
0.0689335
0.125048
0.195439
0.197283
0.194809
0.0537664
0.0524822
0.0540186
0.0518597
0.0542864
0.125253
0.214821
0.212411
0.160913
0.0351719
0.0363144
0.0338955
0.0360229
0.0368108
0.125395
0.228917
0.161055
0.144407
0.0180272
0.0175308
0.0182163
0.0195951
0.0181848
0.121227
0.139049
0.140239
0.121227
0.0805213
0.0906006
0.0904519
0.091176
0.0905184
0.0805213
0.0127198
0.0109013
0.0144151
0.0962567
0.104955
0.110918
0.106922
0.153162
0.0861774
0.0235697
0.0268576
0.0199736
0.0951083
0.115322
0.109219
0.128268
0.138485
0.0763293
0.0813022
0.111427
0.11243
0.120294
0.0448174
0.0384318
0.0497851
0.0431632
0.0443961
0.0808655
0.122566
0.133861
0.125683
0.0281727
0.0334024
0.0348203
0.0351285
0.0383599
0.0795778
0.14252
0.13954
0.0997167
0.0204874
0.0229738
0.0262925
0.0241502
0.0253164
0.0817131
0.153594
0.101851
0.0923575
0.0108807
0.0154529
0.0115485
0.0137062
0.0104492
0.0824426
0.0926863
0.093087
0.0824426
0.103198
0.118359
0.118924
0.117524
0.117286
0.103198
0.0152767
0.0156621
0.0125014
0.119785
0.137053
0.133379
0.131753
0.193412
0.104624
0.0291272
0.0265061
0.0319923
0.135376
0.146439
0.145829
0.177082
0.176774
0.102947
0.100622
0.146901
0.146208
0.144113
0.0584792
0.0584021
0.0601302
0.0593015
0.0591088
0.105734
0.16503
0.163193
0.164215
0.0441854
0.0454446
0.0438385
0.0433182
0.0453596
0.104881
0.177821
0.176729
0.134952
0.0287417
0.0293199
0.029442
0.0311122
0.030155
0.100975
0.186982
0.131047
0.114813
0.0146856
0.014615
0.0160283
0.0144801
0.0142873
0.100962
0.115275
0.1148
0.100962
0.12518
0.125208
0.125194
0.125204
0.125197
0.125178
1.45237e-05
2.17856e-05
1.45237e-05
0.0935182
0.0935218
0.09354
0.0935327
0.218646
0.0934892
4.35711e-05
3.63093e-05
5.80949e-05
0.0664605
0.0665041
0.0664896
0.191566
0.0665005
0.0664278
0.0663552
0.0664387
0.0664024
0.0664315
7.98804e-05
0.12512
5.80949e-05
0.0663625
6.53567e-05
0.0648811
0.189288
0.0649827
0.064961
0.125101
4.35711e-05
0.0663407
5.0833e-05
0.0647685
0.124454
0.124588
0.19073
0.124494
2.90474e-05
0.0663189
3.63093e-05
0.0647395
3.26784e-05
0.000192439
0.0664932
0.000232379
0.000206963
2.17856e-05
1.45237e-05
0.0647104
1.45237e-05
3.26784e-05
0.0663189
0.0663407
0.0663334
0.0663189
0.169123
0.19325
0.193203
0.19325
0.193227
0.169123
0.0240565
0.02408
0.0240565
0.192452
0.216485
0.216556
0.216532
0.313298
0.168325
0.0481834
0.0480896
0.0482773
0.214913
0.23911
0.23904
0.287552
0.286988
0.166753
0.164214
0.23662
0.236433
0.236575
0.0963903
0.0966485
0.0961791
0.0944893
0.0927943
0.168916
0.265214
0.265379
0.26531
0.0724747
0.0721226
0.0703858
0.0697691
0.0724042
0.168513
0.289101
0.288983
0.216837
0.0480896
0.046963
0.046697
0.0482773
0.0481365
0.168818
0.313392
0.217142
0.192851
0.0234932
0.02293
0.0241269
0.02408
0.0241035
0.168654
0.192828
0.192687
0.168654
0.139664
0.152628
0.16425
0.150488
0.154901
0.139664
0.0108163
0.0111715
0.00990043
0.0961239
0.134194
0.105707
0.115694
0.202911
0.0831588
0.02348
0.020843
0.0280056
0.139319
0.123676
0.134903
0.191219
0.149225
0.0882827
0.0871695
0.131179
0.158781
0.122563
0.0651028
0.0805377
0.0491074
0.0509232
0.0541602
0.0966699
0.197051
0.142257
0.161774
0.0620395
0.0349041
0.0395464
0.0389622
0.0427676
0.172116
0.229316
0.253026
0.211688
0.0255958
0.0249879
0.0278301
0.0262038
0.0508443
0.0816588
0.182337
0.121229
0.093454
0.0147006
0.0129163
0.0154507
0.0208035
0.0126953
0.115923
0.138298
0.127719
0.115923
0.124472
0.140053
0.142715
0.142195
0.139911
0.124472
0.0162581
0.0186212
0.015754
0.126142
0.146622
0.146071
0.143219
0.217436
0.110561
0.0369903
0.0321696
0.0313031
0.159036
0.175546
0.171624
0.212411
0.201666
0.122975
0.11398
0.159918
0.168079
0.166551
0.0643077
0.0713654
0.0635357
0.0683722
0.0651584
0.107694
0.180099
0.178256
0.172002
0.0535477
0.0478448
0.0512634
0.0491839
0.0459858
0.12641
0.214411
0.206408
0.162187
0.0321381
0.0339183
0.0325949
0.0308147
0.0354464
0.124236
0.219484
0.160013
0.140131
0.0172033
0.0159903
0.0155649
0.0173766
0.017928
0.111018
0.129072
0.126914
0.111018
0.111111
0.116402
0.111111
0.121693
0.111111
0.111111
0.010582
0
0
0.0582011
0.0529101
0.0740741
0.0529101
0.148148
0.0529101
0
0
0.010582
0
0.031746
0
0.0793651
0.0314521
1.10666e-319
0
0.015873
0
0.031746
0
0.0634921
0.0205761
0
0
0.037037
0.037037
0.0793651
0.037037
0.047619
0.010582
0
0
0.015873
0
0.0529101
0
0.031746
0.00529101
0
0
0.010582
0
0.0740741
0.0740741
0.10582
0.0740741
0
0
0.00529101
0
0.010582
0
0.015873
0
0
0.0929841
0.105995
0.0996877
0.0986064
0.115041
0.0929841
0.0082172
0.00367612
0.00735223
0.102331
0.104229
0.13407
0.124339
0.163912
0.089308
0.00908217
0.0315714
0.0195219
0.104877
0.146396
0.130394
0.154397
0.159154
0.0899568
0.0944978
0.129601
0.131691
0.150937
0.0510332
0.0501682
0.0627102
0.055358
0.0521144
0.107989
0.153196
0.173534
0.159058
0.0449784
0.0328688
0.049087
0.0430322
0.0432484
0.0804421
0.149423
0.156343
0.096444
0.0194618
0.0415185
0.0352475
0.0317876
0.0278952
0.10877
0.196348
0.124772
0.118501
0.0345988
0.00497357
0.0216242
0.019678
0.0140557
0.0979577
0.107905
0.107689
0.0979577
0.0470043
0.0538275
0.0530694
0.0543329
0.0538275
0.0470043
0.00745499
0.00669685
0.00859219
0.0500369
0.0581236
0.0573655
0.0548384
0.0822576
0.0432136
0.0109929
0.0146573
0.0118774
0.0501632
0.0562283
0.0524376
0.0679794
0.0633042
0.0352532
0.0477625
0.0641887
0.0711383
0.0687375
0.0247657
0.0228704
0.020596
0.0194588
0.0252711
0.0448563
0.0766979
0.0703801
0.069622
0.0169317
0.0155418
0.0141518
0.0176898
0.0202169
0.0480152
0.0808676
0.0775824
0.0587554
0.0104875
0.00859219
0.0126356
0.0123829
0.0108666
0.0439718
0.0806149
0.054712
0.0495314
0.00429609
0.00505423
0.00745499
0.00555965
0.00581236
0.0414447
0.0466323
0.0470184
0.0414657
0.162902
0.183652
0.189323
0.185957
0.182726
0.162902
0.0221129
0.0222476
0.0215239
0.184641
0.21335
0.205439
0.204866
0.304677
0.163886
0.0436874
0.0419708
0.046178
0.203055
0.216636
0.218807
0.271144
0.26989
0.153596
0.15278
0.223326
0.224455
0.215823
0.0900337
0.0914136
0.092127
0.0873579
0.0872476
0.157635
0.253356
0.242586
0.247668
0.0699402
0.068448
0.0637135
0.0640567
0.0678871
0.164332
0.271077
0.273618
0.21184
0.0463678
0.040288
0.0438052
0.0465651
0.0464473
0.150045
0.279559
0.197552
0.172229
0.0205142
0.0222476
0.0228197
0.0227693
0.0203628
0.153242
0.176045
0.175425
0.153242
0.133173
0.150136
0.154772
0.152021
0.149379
0.133173
0.0180774
0.0181874
0.0175959
0.151305
0.174776
0.16831
0.167842
0.249438
0.134342
0.0357145
0.0343113
0.0377506
0.166246
0.177348
0.179123
0.221909
0.221248
0.125813
0.125799
0.18347
0.184392
0.177334
0.0736028
0.0747309
0.0756801
0.0716629
0.0716492
0.129238
0.207491
0.198686
0.202841
0.0571763
0.0563233
0.0523336
0.0531453
0.055264
0.1347
0.221964
0.224041
0.173537
0.0382734
0.0329355
0.0363611
0.037957
0.0383285
0.122662
0.22854
0.1615
0.141166
0.0167704
0.0187377
0.0186552
0.0189716
0.0166466
0.125276
0.143917
0.14378
0.125276
0.0970724
0.101695
0.0970724
0.106317
0.0970724
0.0970724
0.00924499
0
0
0.0600924
0.05547
0.0739599
0.05547
0.138675
0.05547
0
0
0.00924499
0
0.027735
0
0.0693374
0.03698
6.0197e-320
0
0.0138675
0
0.027735
0
0.05547
0.027735
0
0
0.0323575
0.0323575
0.0693374
0.0323575
0.0416025
0.01849
0
0
0.0138675
0
0.046225
0
0.027735
0.00924499
0
0
0.00924499
0
0.0647149
0.0647149
0.0924499
0.0647149
0
0
0.0046225
0
0.00924499
0
0.0138675
0
0
0
0
0
0
0
0
0
0
0
0
0
0
0
0
0
0
0
0
0
0
0
0
0
3.70544e-319
0
0
0
0
0
0
0
0
0
0
0
0
0
0
0
0
0
0
0
0
0
0
0
0
0
2.94063e-319
0
0
0
0
0
0
0
0
0
0
0
0
0
0
0
0
0
0
0
0
0
0
0
0
0
0
0
0
0
0
0
0
0
0
0
0
0
2.71909e-319
0
0
0
0
0
0
0
0
0
0
0
0
0
0
0
0
0
0
0
0
0
0
0
0
0
1.95428e-319
0
0
0
0
0
0
0
0
0
0
0
0
0
0
0
0
0
0
0
0
0
0
0
0
0
0
0
0
0
0
0
0
0
0
0
0
0
3.34883e-319
0
0
0
0
0
0
0
0
0
0
0
0
0
0
0
0
0
0
0
0
0
0
0
0
0
2.58401e-319
0
0
0
0
0
0
0
0
0
0
0
0
0
0
0
0
0
0
0
0
0
0
0
0
0
0
0
0
0
0
0
0
0
0
0
0
0
2.41702e-319
0
0
0
0
0
0
0
0
0
0
0
0
0
0
0
0
0
0
0
0
0
0
0
0
0
1.6522e-319
0
0
0
0
0
0
0
0
0
0
0
0
0
0
0.0970724
0.101695
0.0970724
0.106317
0.0970724
0.0970724
0.00924499
0
0
0.0600924
0.05547
0.0739599
0.05547
0.138675
0.05547
0
0
0.00924499
0
0.027735
0
0.0693374
0.03698
6.29983e-320
0
0.0138675
0
0.027735
0
0.05547
0.027735
0
0
0.0323575
0.0323575
0.0693374
0.0323575
0.0416025
0.01849
0
0
0.0138675
0
0.046225
0
0.027735
0.00924499
0
0
0.00924499
0
0.0647149
0.0647149
0.0924499
0.0647149
0
0
0.0046225
0
0.00924499
0
0.0138675
0
0
0.130107
0.146707
0.151244
0.148552
0.145967
0.130107
0.0176905
0.0177982
0.0172193
0.147421
0.170385
0.164057
0.163598
0.243232
0.130814
0.0349502
0.0335769
0.0369427
0.162553
0.173418
0.175155
0.21681
0.215725
0.122985
0.122899
0.179337
0.18024
0.173337
0.0720275
0.0729161
0.073406
0.0699946
0.0701367
0.126661
0.203239
0.194622
0.198688
0.0557372
0.0544627
0.051079
0.0515973
0.0542697
0.131736
0.217133
0.219166
0.169527
0.0367984
0.0322306
0.0351043
0.037212
0.0374274
0.120037
0.223649
0.157828
0.137488
0.0164115
0.0178573
0.0182559
0.0184848
0.0162903
0.122595
0.140837
0.140045
0.122595
0.130107
0.146707
0.151244
0.148552
0.145967
0.130107
0.0176905
0.0177982
0.0172193
0.147421
0.170385
0.164057
0.163598
0.243232
0.130814
0.0349502
0.0335769
0.0369427
0.162553
0.173418
0.175155
0.21681
0.215725
0.122985
0.122899
0.179337
0.18024
0.173337
0.0720275
0.0729161
0.073406
0.0699946
0.0701367
0.126661
0.203239
0.194622
0.198688
0.0557372
0.0544627
0.051079
0.0515973
0.0542697
0.131736
0.217133
0.219166
0.169527
0.0367984
0.0322306
0.0351043
0.037212
0.0374274
0.120037
0.223649
0.157828
0.137488
0.0164115
0.0178573
0.0182559
0.0184848
0.0162903
0.122595
0.140837
0.140045
0.122595
0.128762
0.146122
0.146989
0.14739
0.145279
0.128762
0.0187074
0.0191091
0.0192272
0.141632
0.16008
0.160962
0.157882
0.233003
0.124272
0.0394785
0.0377849
0.0355716
0.16624
0.184673
0.182426
0.221881
0.219038
0.130432
0.124942
0.179244
0.178456
0.179184
0.0697411
0.0730178
0.0709777
0.0730493
0.0689691
0.125068
0.195447
0.197278
0.194815
0.0537669
0.0524594
0.0539954
0.0518923
0.0543021
0.125225
0.214788
0.212358
0.160875
0.0351541
0.0363041
0.0339332
0.0360284
0.0368003
0.125371
0.228864
0.161022
0.144384
0.0180221
0.0175258
0.0182111
0.0195896
0.0181717
0.121192
0.13901
0.140199
0.121192
0.0803461
0.0903804
0.0902474
0.0909532
0.0902985
0.0803461
0.0127602
0.0108526
0.0143917
0.0960593
0.104752
0.110654
0.106756
0.152892
0.0860221
0.0235208
0.0267786
0.0198947
0.0950671
0.115152
0.109111
0.128204
0.138323
0.0763336
0.0811439
0.111124
0.112167
0.119962
0.0446526
0.038383
0.0496127
0.0431751
0.0443617
0.0804944
0.122084
0.133274
0.125147
0.0281493
0.0333232
0.034849
0.0350741
0.0381887
0.079313
0.141994
0.139043
0.0994634
0.0204368
0.0229224
0.0261751
0.0240424
0.0252034
0.0813689
0.152964
0.101519
0.0920067
0.0108475
0.0153839
0.011497
0.0136655
0.0104025
0.082131
0.0924108
0.0927688
0.082131
0.103181
0.118342
0.118907
0.117507
0.11725
0.103181
0.0152761
0.0156616
0.012501
0.119755
0.13701
0.133348
0.131704
0.193367
0.104595
0.0291262
0.0265052
0.0319912
0.135359
0.146434
0.145804
0.177063
0.176742
0.102944
0.100618
0.146896
0.146164
0.144108
0.0584579
0.0584001
0.0601281
0.0592994
0.0591067
0.105732
0.164986
0.163175
0.16419
0.0441839
0.045443
0.043837
0.0433166
0.0453595
0.104839
0.177763
0.176665
0.134909
0.0287407
0.0293189
0.0294409
0.0311111
0.030154
0.100959
0.186943
0.131029
0.114796
0.0146851
0.0146145
0.0160277
0.0144796
0.0142868
0.100939
0.115252
0.114777
0.100939
0.134392
0.153564
0.153527
0.153564
0.153546
0.134392
0.0191163
0.0191349
0.0191163
0.15293
0.172028
0.172084
0.172065
0.248959
0.133758
0.0382885
0.0382139
0.0383631
0.170573
0.189802
0.189746
0.228294
0.227846
0.1323
0.130345
0.187881
0.187731
0.187843
0.0765957
0.0768009
0.0764279
0.0748758
0.0735371
0.13423
0.210752
0.210883
0.210833
0.0575913
0.0573116
0.0557212
0.0552414
0.0575022
0.133907
0.229731
0.229638
0.172308
0.0382139
0.0370701
0.0367592
0.038329
0.0382512
0.13415
0.249034
0.17255
0.153247
0.0185568
0.0182024
0.019137
0.0191349
0.0191536
0.134019
0.153229
0.153117
0.134019
0
0
0
0
0
0
0
0
0
0
0
0
0
0
0
0
0
0
0
0
0
0
0
2.72779e-319
0
0
0
0
0
0
0
0
0
0
0
0
0
0
0
0
0
0
0
0
0
0
0
0
0
1.96297e-319
0
0
0
0
0
0
0
0
0
0
0
0
0
0
0
0
0
0
0
0
0
0
0
0
0
0
0
0
0
0
0
0
0
0
0
0
0
2.69137e-319
0
0
0
0
0
0
0
0
0
0
0
0
0
0
0
0
0
0
0
0
0
0
0
0
0
1.92656e-319
0
0
0
0
0
0
0
0
0
0
0
0
0
0
0.124449
0.140026
0.142688
0.142169
0.139885
0.124449
0.016255
0.0186177
0.015751
0.126118
0.146595
0.146043
0.143192
0.217395
0.110541
0.0369834
0.0321636
0.0312973
0.159006
0.175515
0.171591
0.212371
0.201629
0.122952
0.113959
0.159888
0.168048
0.166522
0.0642956
0.0713521
0.0635238
0.0683594
0.0651462
0.107674
0.180066
0.178226
0.17197
0.0535377
0.0478358
0.0512538
0.0491746
0.0459772
0.126386
0.214376
0.20637
0.162157
0.0321321
0.0339119
0.0325888
0.030809
0.0354398
0.124218
0.219449
0.15999
0.140117
0.0172001
0.0159873
0.015562
0.0173734
0.0179246
0.110997
0.129048
0.12689
0.110997
0.0982839
0.102964
0.0982839
0.107644
0.0982839
0.0982839
0.00936037
0
0
0.0561622
0.0514821
0.0702028
0.0514821
0.135725
0.0514821
0
0
0.00936037
0
0.0280811
0
0.0702028
0.0327613
6.59034e-320
0
0.0140406
0
0.0280811
0
0.0561622
0.0234009
0
0
0.0327613
0.0327613
0.0702028
0.0327613
0.0421217
0.0140406
0
0
0.0140406
0
0.0468019
0
0.0280811
0.00468019
0
0
0.00936037
0
0.0655226
0.0655226
0.0936037
0.0655226
0
0
0.00468019
0
0.00936037
0
0.0140406
0
0
0.0919275
0.104872
0.098459
0.0973803
0.113585
0.0918089
0.00810811
0.00362731
0.00725462
0.101138
0.102845
0.12973
0.122688
0.161783
0.0881223
0.00896159
0.0311522
0.0194168
0.0983642
0.136771
0.123542
0.147262
0.15192
0.0836415
0.0913229
0.126102
0.128023
0.144452
0.0503556
0.0495021
0.0618777
0.0495021
0.0495021
0.0985775
0.143172
0.160669
0.148933
0.0443812
0.0324324
0.0433144
0.0405405
0.0345661
0.0793741
0.144879
0.154267
0.0951636
0.0192034
0.0358464
0.0328592
0.0232575
0.0275249
0.102857
0.189284
0.11867
0.112624
0.0290185
0.00490754
0.0128023
0.0194168
0.0117354
0.0966572
0.106472
0.106259
0.0966572
0.0470043
0.0538275
0.0530694
0.0543329
0.0537714
0.0470043
0.00745499
0.00669685
0.00859219
0.0500369
0.0581236
0.0573655
0.0547892
0.0822576
0.0432136
0.0109929
0.0146573
0.0118774
0.0501632
0.0562283
0.0523955
0.0679794
0.0633042
0.0352532
0.0477625
0.0641887
0.0711383
0.0687375
0.0247306
0.0228704
0.020596
0.0194588
0.0252711
0.0448563
0.0766979
0.0703801
0.0695939
0.0169317
0.0155418
0.0141518
0.0176898
0.0202169
0.0480152
0.0808676
0.0775613
0.0587554
0.0104875
0.00859219
0.0126356
0.0123829
0.0108666
0.0439718
0.0806009
0.054712
0.0495314
0.00429609
0.00505423
0.00745499
0.00555965
0.00581236
0.0414376
0.0466253
0.0470043
0.0414447
0.120736
0.120764
0.12075
0.12076
0.120753
0.120735
1.45237e-05
2.17856e-05
1.45237e-05
0.0935182
0.0935218
0.09354
0.0935327
0.214202
0.0934892
4.35711e-05
3.63093e-05
5.80949e-05
0.0664605
0.0665041
0.0664896
0.187122
0.0665005
0.0664278
0.0663552
0.0664387
0.0664024
0.0664315
7.98804e-05
0.120676
5.80949e-05
0.0663625
6.53567e-05
0.0648811
0.189286
0.0649827
0.064961
0.120658
4.35711e-05
0.0663407
5.0833e-05
0.0647685
0.124452
0.124587
0.190728
0.124494
2.90474e-05
0.0663189
3.63093e-05
0.0647395
3.26784e-05
0.000192439
0.0664932
0.000232379
0.000206963
2.17856e-05
1.45237e-05
0.0647104
1.45237e-05
3.26784e-05
0.0663189
0.0663407
0.0663334
0.0663189
0.111065
0.121529
0.130536
0.12
0.123133
0.111065
0.00856608
0.00899126
0.00784078
0.0765858
0.106989
0.0843415
0.0923636
0.160961
0.0661214
0.0187391
0.0165069
0.022376
0.110929
0.0988413
0.107457
0.151582
0.118324
0.0700605
0.0690351
0.104085
0.126198
0.0978159
0.0520342
0.0637829
0.0388912
0.0403293
0.0428929
0.0767557
0.156704
0.113609
0.128791
0.049133
0.0276428
0.0313193
0.0308566
0.0338704
0.13676
0.18281
0.201312
0.168101
0.020271
0.0197895
0.0220405
0.0207524
0.0402668
0.0654211
0.14563
0.0967592
0.0747625
0.0116424
0.0102293
0.0122364
0.0164756
0.0100542
0.0922823
0.110002
0.101624
0.0922823
