0.370192
0.370192
0.370192
0.0176282
0
0
0.0176282
0
0.0352564
0.147436
0.464476
0.146902
0
0
0.0352564
0
0.0705128
0
0.264423
0.09375
0
0
0.0528846
6.32404e-320
0.105769
0
0.264423
0.0582265
0
0
0.0705128
0
0.141026
0
0.211538
0.0579594
0.123397
0.123397
0.123397
0
0.176282
0
0.158654
0.0224359
0
0
0.0352564
0
0.246795
0.246795
0.352564
0.246795
0.246795
0.246795
0.264423
0
0.0352564
0
0.0528846
0
0
0
0.0176282
0
0.370192
0.370192
0.370192
0.0176282
0
0
0.0176282
0
0.0352564
0.147436
0.464476
0.146902
0
0
0.0352564
0
0.0705128
0
0.264423
0.09375
0
0
0.0528846
6.80427e-320
0.105769
0
0.264423
0.0582265
0
0
0.0705128
0
0.141026
0
0.211538
0.0579594
0.123397
0.123397
0.123397
0
0.176282
0
0.158654
0.0224359
0
0
0.0352564
0
0.246795
0.246795
0.352564
0.246795
0.246795
0.246795
0.264423
0
0.0352564
0
0.0528846
0
0
0
0.0176282
0
0.370192
0.370192
0.370192
0.0176282
0
0
0.0176282
0
0.0352564
0.147436
0.464476
0.146902
0
0
0.0352564
0
0.0705128
0
0.264423
0.09375
0
0
0.0528846
5.84134e-320
0.105769
0
0.264423
0.0582265
0
0
0.0705128
0
0.141026
0
0.211538
0.0579594
0.123397
0.123397
0.123397
0
0.176282
0
0.158654
0.0224359
0
0
0.0352564
0
0.246795
0.246795
0.352564
0.246795
0.246795
0.246795
0.264423
0
0.0352564
0
0.0528846
0
0
0
0.0176282
0
0.370192
0.370192
0.370192
0.0176282
0
0
0.0176282
0
0.0352564
0.147436
0.464476
0.146902
0
0
0.0352564
0
0.0705128
0
0.264423
0.09375
0
0
0.0528846
5.25587e-320
0.105769
0
0.264423
0.0582265
0
0
0.0705128
0
0.141026
0
0.211538
0.0579594
0.123397
0.123397
0.123397
0
0.176282
0
0.158654
0.0224359
0
0
0.0352564
0
0.246795
0.246795
0.352564
0.246795
0.246795
0.246795
0.264423
0
0.0352564
0
0.0528846
0
0
0
0.0176282
0
0.370192
0.370192
0.370192
0.0176282
0
0
0.0176282
0
0.0352564
0.147436
0.464476
0.146902
0
0
0.0352564
0
0.0705128
0
0.264423
0.09375
0
0
0.0528846
4.5711e-320
0.105769
0
0.264423
0.0582265
0
0
0.0705128
0
0.141026
0
0.211538
0.0579594
0.123397
0.123397
0.123397
0
0.176282
0
0.158654
0.0224359
0
0
0.0352564
0
0.246795
0.246795
0.352564
0.246795
0.246795
0.246795
0.264423
0
0.0352564
0
0.0528846
0
0
0
0.0176282
0
0.361691
0.361691
0.361691
0.0172234
0
0
0.0172234
0
0.0344468
0.155532
0.465292
0.15501
0
0
0.0344468
0
0.0688935
0
0.258351
0.103079
0
0
0.0516701
6.25339e-320
0.10334
0
0.258351
0.0683716
0
0
0.0688935
0
0.137787
0
0.206681
0.0681106
0.120564
0.120564
0.120564
0
0.172234
0
0.15501
0.0334029
0
0
0.0344468
0
0.241127
0.241127
0.344468
0.241127
0.241127
0.241127
0.258351
0
0.0344468
0
0.0516701
0
0
0
0.0172234
0
0.370192
0.370192
0.370192
0.0176282
0
0
0.0176282
0
0.0352564
0.147436
0.464476
0.146902
0
0
0.0352564
0
0.0705128
0
0.264423
0.09375
0
0
0.0528846
8.29833e-320
0.105769
0
0.264423
0.0582265
0
0
0.0705128
0
0.141026
0
0.211538
0.0579594
0.123397
0.123397
0.123397
0
0.176282
0
0.158654
0.0224359
0
0
0.0352564
0
0.246795
0.246795
0.352564
0.246795
0.246795
0.246795
0.264423
0
0.0352564
0
0.0528846
0
0
0
0.0176282
0
0.0617284
0.0617284
0.0617284
0.00587889
0
0
0.00293945
0
0.00587889
0.026455
0.0793651
0.026455
0
0
0.00587889
0
0.0117578
0
0.0440917
0.0146972
0
0
0.00881834
4.81269e-320
0.0176367
0
0.0440917
0.00881834
0
0
0.0117578
0
0.0235156
0
0.0352734
0.00881834
0.0205761
0.0205761
0.0205761
0
0.0293945
0
0.026455
0.00587889
0
0
0.00587889
0
0.0411523
0.0411523
0.0587889
0.0440917
0.0411523
0.0411523
0.0440917
0
0.00587889
0
0.00881834
0.00293945
0
0
0.00293945
0
0.0617284
0.0617284
0.0617284
0.00587889
0
0
0.00293945
0
0.00587889
0.026455
0.0793651
0.026455
0
0
0.00587889
0
0.0117578
0
0.0440917
0.0146972
0
0
0.00881834
5.23561e-320
0.0176367
0
0.0440917
0.00881834
0
0
0.0117578
0
0.0235156
0
0.0352734
0.00881834
0.0205761
0.0205761
0.0205761
0
0.0293945
0
0.026455
0.00587889
0
0
0.00587889
0
0.0411523
0.0411523
0.0587889
0.0440917
0.0411523
0.0411523
0.0440917
0
0.00587889
0
0.00881834
0.00293945
0
0
0.00293945
0
0.0671785
0.0671785
0.0671785
0.00639795
0
0
0.00319898
0
0.00639795
0.0287908
0.0863724
0.0287908
0
0
0.00639795
0
0.0127959
0
0.0479846
0.0159949
0
0
0.00959693
6.42977e-320
0.0191939
0
0.0479846
0.00959693
0
0
0.0127959
0
0.0255918
0
0.0383877
0.00959693
0.0223928
0.0223928
0.0223928
0
0.0319898
0
0.0287908
0.00639795
0
0
0.00639795
0
0.0447857
0.0447857
0.0639795
0.0479846
0.0447857
0.0447857
0.0479846
0
0.00639795
0
0.00959693
0.00319898
0
0
0.00319898
0
0.111111
0.111111
0.111111
0.010582
0
0
0.00529101
0
0.010582
0.0529101
0.148148
0.0529101
0
0
0.010582
0
0.021164
0
0.0793651
0.031746
0
0
0.015873
5.93225e-320
0.031746
0
0.0793651
0.021164
0
0
0.021164
0
0.042328
0
0.0634921
0.021164
0.037037
0.037037
0.037037
0
0.0529101
0
0.047619
0.0155791
0
0
0.010582
0
0.0740741
0.0740741
0.10582
0.0840682
0.0740741
0.0740741
0.0793651
0
0.010582
0
0.015873
0.00529101
0
0
0.00529101
0
0.160058
0.182153
0.160056
0.0208844
0.0218773
0.022012
0.0206825
0.0205984
0.0242838
0.177896
0.291302
0.1558
0.0434854
0.0417521
0.0417521
0.0424252
0.0453366
0.0436705
0.265419
0.265625
0.152451
0.0632423
0.065043
0.0651103
0.0668269
0.0647737
0.112967
0.242586
0.240533
0.153882
0.0895625
0.0866006
0.0866174
0.0852571
0.0900954
0.0887042
0.22012
0.22192
0.154622
0.108108
0.108394
0.10796
0.0657264
0.0696877
0.0654974
0.196947
0.198596
0.154117
0.152906
0.282559
0.198353
0.201406
0.196745
0.195735
0.176264
0.024166
0.0222476
0.150168
0.174091
0.173024
0.172621
0.170552
0.173531
0.150174
0.124549
0.142253
0.124548
0.016869
0.0187127
0.0185945
0.017712
0.0171054
0.0177514
0.143981
0.23444
0.126277
0.0376932
0.035818
0.0362199
0.0355029
0.035558
0.0351956
0.215862
0.216192
0.126009
0.0541052
0.0548853
0.0532307
0.0525688
0.0532272
0.0898523
0.197291
0.197086
0.125726
0.0725973
0.0716361
0.0709269
0.0703566
0.0706354
0.0715651
0.18002
0.182321
0.128018
0.0892942
0.0873862
0.087683
0.0528997
0.0541998
0.0520015
0.162807
0.162239
0.125696
0.124875
0.229852
0.160259
0.161804
0.16007
0.161985
0.142886
0.0193824
0.0191697
0.12247
0.139371
0.140781
0.140049
0.141302
0.140483
0.122471
0.083028
0.0977305
0.0830274
0.0124835
0.0105622
0.0111992
0.0144973
0.0113842
0.0104594
0.0896913
0.147746
0.0749885
0.0214121
0.0216381
0.0292721
0.0228711
0.0232718
0.0264774
0.145398
0.136656
0.0838708
0.032484
0.0428447
0.0342552
0.0327346
0.0405843
0.0615272
0.127924
0.131906
0.0838208
0.0530267
0.0496772
0.0431427
0.0495128
0.0518843
0.0441027
0.115542
0.120792
0.0820728
0.0626128
0.0556336
0.0595716
0.0408697
0.0337149
0.0334692
0.108252
0.103844
0.0833057
0.0765939
0.146841
0.102689
0.100216
0.100211
0.101542
0.0872913
0.0108499
0.010593
0.0795761
0.0910601
0.0916383
0.0898814
0.0924808
0.0902718
0.0795761
0.100468
0.114434
0.100468
0.0147242
0.0150233
0.014994
0.0138248
0.0136706
0.0163816
0.118285
0.191404
0.104318
0.0303131
0.0298595
0.0271485
0.0291786
0.0315555
0.026943
0.17816
0.177949
0.103722
0.0434788
0.0434788
0.043967
0.0457529
0.0416928
0.0744368
0.16218
0.162833
0.102735
0.0585627
0.0574063
0.0594107
0.0581387
0.05837
0.0594439
0.147325
0.145148
0.101348
0.0724004
0.0744047
0.0734282
0.0429327
0.044558
0.0459778
0.130496
0.131433
0.102113
0.103122
0.190594
0.132019
0.133291
0.133664
0.131506
0.118517
0.0149812
0.0142948
0.10104
0.116028
0.116446
0.11547
0.11592
0.116434
0.101042
0.0940011
0.0940265
0.0940011
1.81546e-05
2.17856e-05
2.17856e-05
2.90474e-05
0.0931261
2.54165e-05
0.0643836
0.158341
0.0643582
4.35711e-05
3.63093e-05
5.80949e-05
0.0931406
5.80949e-05
0.0671903
0.0669035
0.131138
0.0668127
5.0833e-05
8.71423e-05
0.0931551
8.35114e-05
0.0672085
9.07732e-05
0.0644272
0.000203332
0.00011619
0.125441
0.0931696
0.000108928
0.0672267
7.26186e-05
0.064311
0.125594
0.125579
0.125528
0.0931878
0.0662826
0.0672521
5.44639e-05
0.0642965
6.53567e-05
0.0932568
0.0932786
0.0932205
0.0663407
0.133611
0.066377
0.130619
0.0663843
0.066377
0.0663698
1.81546e-05
2.54165e-05
0.0672956
0.0673138
0.131559
0.0673174
0.0673174
0.0673247
0.0672956
0.169123
0.193227
0.169123
0.024033
0.0241035
0.024033
0.0241269
0.02408
0.0241035
0.192405
0.313275
0.168302
0.0481834
0.0480896
0.0482773
0.0481365
0.0482304
0.0481834
0.289476
0.288866
0.168654
0.0721226
0.0724277
0.0722165
0.0719114
0.0722869
0.120822
0.264504
0.264692
0.168325
0.0965546
0.0962965
0.0952873
0.0963669
0.0966485
0.0961791
0.241269
0.241128
0.168982
0.119954
0.118569
0.12047
0.0724981
0.0721461
0.0722869
0.215499
0.215664
0.167386
0.165861
0.310411
0.214185
0.21395
0.214044
0.213974
0.190011
0.0236341
0.0232351
0.168654
0.192804
0.19271
0.192734
0.19271
0.192804
0.168654
0.131935
0.147077
0.131935
0.0125769
0.0115584
0.0107057
0.0118742
0.0240484
0.00976621
0.102139
0.199319
0.0869958
0.0247826
0.0214588
0.0244984
0.0470231
0.0213483
0.0335067
0.178673
0.15067
0.0873432
0.0342015
0.0358594
0.0761006
0.0321014
0.0550366
0.0913302
0.132779
0.134627
0.0830167
0.0505759
0.0973147
0.0461467
0.068474
0.0750032
0.0497627
0.128429
0.128429
0.0906355
0.127821
0.0564656
0.0905723
0.0543655
0.0390254
0.0377937
0.202169
0.206938
0.17745
0.0827404
0.188234
0.120274
0.108739
0.108652
0.10746
0.0964463
0.0291486
0.0124347
0.125816
0.141417
0.139435
0.137248
0.139924
0.139522
0.125816
0.124598
0.141376
0.124598
0.0161951
0.0171403
0.0159588
0.0153128
0.0191568
0.0174081
0.130049
0.219736
0.113271
0.0352889
0.0330833
0.0294126
0.0389438
0.0354307
0.0325477
0.209953
0.201383
0.120597
0.0493414
0.0438275
0.0569506
0.0531469
0.0482859
0.0893565
0.180131
0.183266
0.115319
0.0581164
0.0753512
0.0717059
0.0641501
0.0710819
0.0648118
0.155602
0.154231
0.104937
0.0931847
0.0896348
0.0808966
0.0533587
0.0492469
0.0506647
0.161462
0.160029
0.128678
0.124452
0.220788
0.159553
0.157144
0.158374
0.15724
0.140903
0.0180383
0.0176759
0.112893
0.12997
0.129403
0.129986
0.129182
0.12934
0.112893
0.111111
0.111111
0.111111
0.010582
0
0
0.00529101
0
0.010582
0.0529101
0.148148
0.0529101
0
0
0.010582
0
0.021164
0
0.0793651
0.031746
0
0
0.015873
9.47964e-320
0.031746
0
0.0793651
0.021164
0
0
0.021164
0
0.042328
0
0.0634921
0.021164
0.037037
0.037037
0.037037
0
0.0529101
0
0.047619
0.0155791
0
0
0.010582
0
0.0740741
0.0740741
0.10582
0.0840682
0.0740741
0.0740741
0.0793651
0
0.010582
0
0.015873
0.00529101
0
0
0.00529101
0
0.0864969
0.0940654
0.0864969
0.0218405
0.00713599
0.00432484
0.0185968
0.00583854
0.0110284
0.109851
0.182292
0.102283
0.020543
0.0105959
0.0326526
0.0138395
0.0203268
0.0240029
0.135368
0.15137
0.0841182
0.0404373
0.0378424
0.0265978
0.0458433
0.0337338
0.0512494
0.140557
0.140557
0.0832532
0.0508169
0.0512494
0.0573042
0.0421672
0.0434647
0.0573042
0.121312
0.125637
0.0923354
0.0594666
0.0694137
0.0477895
0.0369774
0.0471408
0.0289765
0.0983902
0.0934166
0.0748198
0.0986064
0.180995
0.129313
0.126502
0.11742
0.122177
0.10877
0.00994714
0.0153532
0.096444
0.101418
0.111797
0.104877
0.116771
0.106607
0.096444
0.0463725
0.0542066
0.0463725
0.00758134
0.00796041
0.00808676
0.00821312
0.00859219
0.00707592
0.0538275
0.0869327
0.0459935
0.0130146
0.0133937
0.0164262
0.0136464
0.0118774
0.0123829
0.0724018
0.0708855
0.0400548
0.020975
0.024513
0.0189534
0.0197115
0.0176898
0.0323471
0.0669685
0.065705
0.0432136
0.0294409
0.0242603
0.0277983
0.0247657
0.0246394
0.0237549
0.0590081
0.060398
0.0434664
0.0295672
0.0323471
0.0317785
0.017058
0.0181952
0.0155418
0.0540802
0.0516795
0.0422028
0.0452353
0.082075
0.0566073
0.0553438
0.0562283
0.0571128
0.0499105
0.00631778
0.00505423
0.0439226
0.0502474
0.0491173
0.0482398
0.0500158
0.0486329
0.0439648
0.160058
0.182153
0.160056
0.0208844
0.0218773
0.022012
0.0206825
0.0205984
0.0242838
0.177896
0.291302
0.1558
0.0434854
0.0417521
0.0417521
0.0424252
0.0453366
0.0436705
0.265419
0.265625
0.152451
0.0632423
0.065043
0.0651103
0.0668269
0.0647737
0.112967
0.242586
0.240533
0.153882
0.0895625
0.0866006
0.0866174
0.0852571
0.0900954
0.0887042
0.22012
0.22192
0.154622
0.108108
0.108394
0.10796
0.0657264
0.0696877
0.0654974
0.196947
0.198596
0.154117
0.152906
0.282559
0.198353
0.201406
0.196745
0.195735
0.176264
0.024166
0.0222476
0.150168
0.174091
0.173024
0.172621
0.170552
0.173531
0.150174
0.131371
0.149434
0.131371
0.0170731
0.0178848
0.0179948
0.016908
0.0168392
0.0198521
0.145431
0.238666
0.127367
0.0355494
0.0341324
0.0341324
0.0346827
0.0370628
0.0357008
0.217506
0.217149
0.124629
0.0517008
0.0531728
0.0532279
0.0551814
0.0529527
0.092877
0.198315
0.196636
0.125799
0.0732175
0.0707962
0.0709338
0.0704936
0.0741806
0.0725159
0.180554
0.182026
0.127009
0.0886122
0.0888598
0.0889149
0.0542597
0.0569699
0.0535443
0.161238
0.163192
0.126225
0.12562
0.232151
0.163302
0.165269
0.161458
0.160633
0.145321
0.0197558
0.0185589
0.123302
0.143389
0.141986
0.141657
0.139965
0.143006
0.123306
0.0970724
0.0970724
0.0970724
0.00924499
0
0
0.0046225
0
0.00924499
0.0467386
0.129687
0.046225
0
0
0.00924499
0
0.01849
0
0.0693374
0.027735
0
0
0.0138675
4.63335e-320
0.027735
0
0.0693374
0.01849
0
0
0.01849
0
0.03698
0
0.05547
0.01849
0.0323575
0.0323575
0.0323575
0
0.046225
0
0.0416025
0.00924499
0
0
0.00924499
0
0.0647149
0.0647149
0.0924499
0.0647149
0.0647149
0.0647149
0.0693374
0
0.00924499
0
0.0138675
0
0
0
0.0046225
0
0
0
0
0
0
0
0
0
0
0
0
0
0
0
0
0
0
0
0
0
0
0
0
3.1676e-319
0
0
0
0
0
0
0
0
0
0
0
0
0
0
0
0
0
0
0
3.20896e-319
0
0
0
0
0
0
0
0
0
0
0
0
0
0
0
0
0
0
0
0
0
0
0
0
0
0
0
0
0
0
0
0
0
0
0
0
0
0
0
0
0
0
0
2.18125e-319
0
0
0
0
0
0
0
0
0
0
0
0
0
0
0
0
0
0
0
2.2226e-319
0
0
0
0
0
0
0
0
0
0
0
0
0
0
0
0
0
0
0
0
0
0
0
0
0
0
0
0
0
0
0
0
0
0
0
0
0
0
0
0
0
0
0
2.81099e-319
0
0
0
0
0
0
0
0
0
0
0
0
0
0
0
0
0
0
0
2.85234e-319
0
0
0
0
0
0
0
0
0
0
0
0
0
0
0
0
0
0
0
0
0
0
0
0
0
0
0
0
0
0
0
0
0
0
0
0
0
0
0
0
0
0
0
1.87918e-319
0
0
0
0
0
0
0
0
0
0
0
0
0
0
0
0
0
0
0
1.92058e-319
0
0
0
0
0
0
0
0
0
0
0
0
0
0
0
0
0
0
0
0
0.0970724
0.0970724
0.0970724
0.00924499
0
0
0.0046225
0
0.00924499
0.0467386
0.129687
0.046225
0
0
0.00924499
0
0.01849
0
0.0693374
0.027735
0
0
0.0138675
4.91348e-320
0.027735
0
0.0693374
0.01849
0
0
0.01849
0
0.03698
0
0.05547
0.01849
0.0323575
0.0323575
0.0323575
0
0.046225
0
0.0416025
0.00924499
0
0
0.00924499
0
0.0647149
0.0647149
0.0924499
0.0647149
0.0647149
0.0647149
0.0693374
0
0.00924499
0
0.0138675
0
0
0
0.0046225
0
0.128384
0.146061
0.128384
0.0167077
0.017502
0.0176097
0.0165461
0.0164788
0.0194272
0.142318
0.233383
0.124641
0.0347886
0.0334019
0.0334019
0.0339404
0.0362696
0.0349367
0.212676
0.212501
0.121962
0.0505943
0.0520348
0.0520887
0.0537177
0.0518194
0.0907143
0.193868
0.192226
0.122905
0.0716506
0.069281
0.0695503
0.0689849
0.0724179
0.0709639
0.175855
0.177093
0.123457
0.0865856
0.0871331
0.0871466
0.0529234
0.0557506
0.0523983
0.157448
0.158722
0.123381
0.122797
0.227217
0.159497
0.161597
0.157868
0.156858
0.141241
0.0193195
0.0178521
0.120831
0.140312
0.139114
0.138791
0.137135
0.139276
0.120831
0.128384
0.146061
0.128384
0.0167077
0.017502
0.0176097
0.0165461
0.0164788
0.0194272
0.142318
0.233383
0.124641
0.0347886
0.0334019
0.0334019
0.0339404
0.0362696
0.0349367
0.212676
0.212501
0.121962
0.0505943
0.0520348
0.0520887
0.0537177
0.0518194
0.0907143
0.193868
0.192226
0.122905
0.0716506
0.069281
0.0695503
0.0689849
0.0724179
0.0709639
0.175855
0.177093
0.123457
0.0865856
0.0871331
0.0871466
0.0529234
0.0557506
0.0523983
0.157448
0.158722
0.123381
0.122797
0.227217
0.159497
0.161597
0.157868
0.156858
0.141241
0.0193195
0.0178521
0.120831
0.140312
0.139114
0.138791
0.137135
0.139276
0.120831
0.124548
0.142247
0.124548
0.0168642
0.0187183
0.0185892
0.017707
0.0171005
0.0177464
0.143917
0.23435
0.126218
0.0376939
0.0358079
0.0362096
0.0354928
0.0355479
0.0351856
0.215832
0.21612
0.126001
0.0540899
0.0548697
0.0532156
0.0525539
0.0532313
0.0898269
0.197227
0.197054
0.125698
0.0725767
0.0716157
0.0709068
0.0703555
0.0706154
0.0715291
0.179985
0.182277
0.127982
0.089244
0.0873614
0.0876765
0.0528847
0.0541687
0.0520025
0.162742
0.162167
0.125635
0.124839
0.229805
0.160214
0.161742
0.160041
0.161947
0.142846
0.0193769
0.0191642
0.122453
0.139348
0.140742
0.140026
0.141278
0.140459
0.122453
0.0827754
0.0974126
0.0827754
0.0124278
0.0105202
0.0111492
0.0144326
0.0113333
0.0104128
0.0892961
0.147211
0.0746589
0.0213625
0.0215415
0.0292233
0.0229508
0.0231679
0.0263592
0.144935
0.136179
0.0836244
0.0323532
0.0427813
0.0343458
0.0326294
0.0403214
0.0613105
0.127498
0.131563
0.0836107
0.0528784
0.0497402
0.042991
0.0491896
0.0516649
0.0438858
0.115216
0.120523
0.0818258
0.0626184
0.0554393
0.0592034
0.0406794
0.0335443
0.0333863
0.108179
0.103738
0.0832601
0.0763058
0.146137
0.102276
0.0998052
0.0998521
0.101224
0.0869538
0.0108015
0.0105457
0.0791186
0.0905747
0.0911271
0.0893933
0.0920067
0.0897667
0.0791186
0.100451
0.114417
0.100451
0.0147237
0.0150192
0.0149935
0.0138243
0.0136701
0.0163811
0.118258
0.191363
0.104293
0.0303082
0.0298585
0.0271515
0.0291775
0.0315544
0.026942
0.178136
0.177917
0.103715
0.0434772
0.0434815
0.0439655
0.0457513
0.0416914
0.0744214
0.162153
0.162828
0.102732
0.0585524
0.0574043
0.0594086
0.0581367
0.0583679
0.0594215
0.147314
0.145135
0.101336
0.0723978
0.0744021
0.0734257
0.0429312
0.0445565
0.0459762
0.130483
0.131421
0.102102
0.103118
0.190587
0.132014
0.133286
0.133659
0.131501
0.118514
0.0149806
0.014294
0.101036
0.116023
0.11644
0.115464
0.115914
0.116428
0.101036
0.134392
0.153546
0.134392
0.0190976
0.0191536
0.0190976
0.0191722
0.0191349
0.0191536
0.152893
0.248941
0.133739
0.0382885
0.0382139
0.0383631
0.0382512
0.0383258
0.0382885
0.23003
0.229545
0.134019
0.0573116
0.057554
0.0573862
0.0571997
0.0574421
0.0960104
0.210186
0.210335
0.133758
0.0767263
0.0765211
0.0757565
0.0765771
0.0768009
0.0764279
0.191722
0.191611
0.13428
0.0953577
0.0944438
0.0957307
0.05761
0.0573302
0.0574421
0.171047
0.171174
0.13281
0.131725
0.246591
0.170126
0.169939
0.170014
0.169958
0.150916
0.0186687
0.0184449
0.134019
0.15321
0.153136
0.153154
0.153136
0.15321
0.134019
0
0
0
0
0
0
0
0
0
0
0
0
0
0
0
0
0
0
0
0
0
0
0
2.1899e-319
0
0
0
0
0
0
0
0
0
0
0
0
0
0
0
0
0
0
0
2.2313e-319
0
0
0
0
0
0
0
0
0
0
0
0
0
0
0
0
0
0
0
0
0
0
0
0
0
0
0
0
0
0
0
0
0
0
0
0
0
0
0
0
0
0
0
2.15353e-319
0
0
0
0
0
0
0
0
0
0
0
0
0
0
0
0
0
0
0
2.19489e-319
0
0
0
0
0
0
0
0
0
0
0
0
0
0
0
0
0
0
0
0
0.124575
0.14135
0.124575
0.016192
0.0171371
0.0159558
0.01531
0.0191532
0.0174049
0.130025
0.219695
0.11325
0.0352823
0.0330771
0.0294071
0.0389365
0.035424
0.0325416
0.209914
0.201345
0.120574
0.0493322
0.0438193
0.0569399
0.0531282
0.0482768
0.0893397
0.180097
0.183231
0.115297
0.0581055
0.0753371
0.0716828
0.0641381
0.0710685
0.0647996
0.155573
0.154202
0.104917
0.0931672
0.0896075
0.0808814
0.0533487
0.0492377
0.0506552
0.161432
0.159999
0.128654
0.124417
0.220735
0.15951
0.157101
0.158329
0.157195
0.140861
0.0180349
0.0176726
0.112872
0.129946
0.129379
0.129962
0.129158
0.129316
0.112872
0.0982839
0.0982839
0.0982839
0.00936037
0
0
0.00468019
0
0.00936037
0.0468019
0.131045
0.0468019
0
0
0.00936037
0
0.0187207
0
0.0702028
0.0280811
0
0
0.0140406
5.1867e-320
0.0280811
0
0.0702028
0.0187207
0
0
0.0187207
0
0.0374415
0
0.0561622
0.0187207
0.0327613
0.0327613
0.0327613
0
0.0468019
0
0.0421217
0.00936037
0
0
0.00936037
0
0.0655226
0.0655226
0.0936037
0.0655226
0.0655226
0.0655226
0.0702028
0
0.00936037
0
0.0140406
0
0
0
0.00468019
0
0.0853485
0.0928165
0.0853485
0.0215505
0.00704125
0.00426743
0.0183499
0.00576102
0.0108819
0.104979
0.176458
0.0975107
0.0202703
0.0104552
0.0322191
0.0136558
0.0200569
0.0236842
0.133926
0.147523
0.0832859
0.0405405
0.03734
0.0262447
0.0452347
0.0332859
0.050569
0.137198
0.139604
0.0827881
0.0501422
0.050569
0.0565434
0.0416074
0.0428876
0.0544097
0.119962
0.123969
0.0911095
0.0586771
0.0684922
0.047155
0.0364865
0.0443812
0.0288407
0.0964438
0.091477
0.0731152
0.0955903
0.176885
0.125889
0.120982
0.114391
0.118848
0.105619
0.00909199
0.0151494
0.0906828
0.0955903
0.103272
0.0990043
0.11074
0.100711
0.0906828
0.0463725
0.0542066
0.0463725
0.00758134
0.00796041
0.00808676
0.00821312
0.00859219
0.00707592
0.0538275
0.0869327
0.0459935
0.0130146
0.0133937
0.0164262
0.0136464
0.0118774
0.0123829
0.0724018
0.0708855
0.0400548
0.020975
0.024513
0.0189534
0.0197115
0.0176898
0.0323471
0.0669685
0.065705
0.0432136
0.0294409
0.0242603
0.0277983
0.0247657
0.0246394
0.0237549
0.0590081
0.060398
0.0434664
0.0295672
0.0323471
0.0317153
0.017058
0.0181952
0.0155418
0.0540802
0.0516795
0.0422028
0.0452353
0.0820119
0.0566073
0.0553438
0.0562283
0.0571128
0.0499105
0.00631778
0.00505423
0.0438595
0.0501843
0.0490541
0.0481766
0.0499526
0.0485697
0.0439297
0.0940011
0.0940265
0.0940011
1.81546e-05
2.17856e-05
2.17856e-05
2.90474e-05
0.0931261
2.54165e-05
0.0643836
0.158341
0.0643582
4.35711e-05
3.63093e-05
5.80949e-05
0.0931406
5.80949e-05
0.0671903
0.0669035
0.131138
0.0668127
5.0833e-05
8.71423e-05
0.0931551
8.35114e-05
0.0672085
9.07732e-05
0.0644272
0.000203332
0.00011619
0.12544
0.0931696
0.000108928
0.0672267
7.26186e-05
0.064311
0.125594
0.125579
0.125527
0.0931878
0.0662826
0.0672521
5.44639e-05
0.0642965
6.53567e-05
0.0932568
0.0932786
0.0932205
0.0663407
0.133611
0.066377
0.130619
0.0663843
0.066377
0.0663698
1.81546e-05
2.54165e-05
0.0672956
0.0673138
0.131559
0.0673174
0.0673174
0.0673247
0.0672956
0.105044
0.11718
0.105044
0.0103418
0.00915382
0.00876616
0.00940393
0.0191893
0.00773448
0.0817154
0.159091
0.0695791
0.0200459
0.0172822
0.0196269
0.0373781
0.0169071
0.0266799
0.141922
0.120044
0.0695916
0.0273739
0.0286245
0.0604065
0.0254231
0.0437308
0.0723302
0.105444
0.106907
0.0660338
0.0402793
0.0772073
0.0365465
0.0543727
0.0593998
0.0394102
0.101936
0.101936
0.0720051
0.101367
0.0447187
0.0718738
0.0430555
0.0309067
0.0299313
0.160249
0.164025
0.140671
0.0655274
0.149219
0.0952523
0.0861172
0.0860484
0.0851043
0.0763819
0.0230846
0.00984786
0.0997854
0.112141
0.110571
0.108839
0.110959
0.11064
0.0997854
