0.370192
0.370192
0.387821
0.370192
0.405449
0.370192
0.370192
0.0352564
0
0.167735
0.202724
0.167201
0.237447
0.166667
0.483707
0.166132
0
0
0.0352564
0
0.105769
0
0.264423
0.0953526
0
0
0.0528846
0
0.141026
0
0.211538
0.0598291
0
0
0.123397
0.123397
0.264423
0
0.158654
0.0243056
0
0
0.0528846
0
0.176282
0
0.105769
0.00641026
0
0
0.0352564
0
0.246795
0.246795
0.299679
0
0
0
0.0176282
0
0.0352564
0
0.0528846
0
0.370192
0.370192
0.387821
0.370192
0.405449
0.370192
0.370192
0.0352564
0
0.167735
0.202724
0.167201
0.237447
0.166667
0.483707
0.166132
0
0
0.0352564
0
0.105769
0
0.264423
0.0953526
0
0
0.0528846
0
0.141026
0
0.211538
0.0598291
0
0
0.123397
0.123397
0.264423
0
0.158654
0.0243056
0
0
0.0528846
0
0.176282
0
0.105769
0.00641026
0
0
0.0352564
0
0.246795
0.246795
0.299679
0
0
0
0.0176282
0
0.0352564
0
0.0528846
0
0.370192
0.370192
0.387821
0.370192
0.405449
0.370192
0.370192
0.0352564
0
0.167735
0.202724
0.167201
0.237447
0.166667
0.483707
0.166132
0
0
0.0352564
0
0.105769
0
0.264423
0.0953526
0
0
0.0528846
0
0.141026
0
0.211538
0.0598291
0
0
0.123397
0.123397
0.264423
0
0.158654
0.0243056
0
0
0.0528846
0
0.176282
0
0.105769
0.00641026
0
0
0.0352564
0
0.246795
0.246795
0.299679
0
0
0
0.0176282
0
0.0352564
0
0.0528846
0
0.370192
0.370192
0.387821
0.370192
0.405449
0.370192
0.370192
0.0352564
0
0.167735
0.202724
0.167201
0.237447
0.166667
0.483707
0.166132
0
0
0.0352564
0
0.105769
0
0.264423
0.0953526
0
0
0.0528846
0
0.141026
0
0.211538
0.0598291
0
0
0.123397
0.123397
0.264423
0
0.158654
0.0243056
0
0
0.0528846
0
0.176282
0
0.105769
0.00641026
0
0
0.0352564
0
0.246795
0.246795
0.299679
0
0
0
0.0176282
0
0.0352564
0
0.0528846
0
0.370192
0.370192
0.387821
0.370192
0.405449
0.370192
0.370192
0.0352564
0
0.167735
0.202724
0.167201
0.237447
0.166667
0.483707
0.166132
0
0
0.0352564
0
0.105769
0
0.264423
0.0953526
0
0
0.0528846
0
0.141026
0
0.211538
0.0598291
0
0
0.123397
0.123397
0.264423
0
0.158654
0.0243056
0
0
0.0528846
0
0.176282
0
0.105769
0.00641026
0
0
0.0352564
0
0.246795
0.246795
0.299679
0
0
0
0.0176282
0
0.0352564
0
0.0528846
0
0.361691
0.361691
0.378914
0.361691
0.396138
0.361691
0.361691
0.0344468
0
0.175365
0.209551
0.174843
0.243476
0.174322
0.484081
0.1738
0
0
0.0344468
0
0.10334
0
0.258351
0.104645
0
0
0.0516701
0
0.137787
0
0.206681
0.0699374
0
0
0.120564
0.120564
0.258351
0
0.15501
0.0352296
0
0
0.0516701
0
0.172234
0
0.10334
0.0177453
0
0
0.0344468
0
0.241127
0.241127
0.292797
0.00026096
0
0
0.0172234
0
0.0344468
0
0.0516701
0
0.370192
0.370192
0.387821
0.370192
0.405449
0.370192
0.370192
0.0352564
0
0.167735
0.202724
0.167201
0.237447
0.166667
0.483707
0.166132
0
0
0.0352564
0
0.105769
0
0.264423
0.0953526
0
0
0.0528846
0
0.141026
0
0.211538
0.0598291
0
0
0.123397
0.123397
0.264423
0
0.158654
0.0243056
0
0
0.0528846
0
0.176282
0
0.105769
0.00641026
0
0
0.0352564
0
0.246795
0.246795
0.299679
0
0
0
0.0176282
0
0.0352564
0
0.0528846
0
0.0617284
0.0617284
0.0646678
0.0617284
0.0676073
0.0617284
0.0617284
0.00587889
0
0.026455
0.0323339
0.0261611
0.0376249
0.0255732
0.0781893
0.0249853
0
0
0.00587889
0
0.0176367
0
0.0440917
0.0129336
0
0
0.00881834
0
0.0235156
0
0.0352734
0.00676073
0
0
0.0205761
0.0205761
0.0440917
0
0.026455
0.00587889
0
0
0.00881834
0
0.0293945
0
0.0176367
0.00293945
0
0
0.00587889
0
0.0411523
0.0411523
0.0499706
0.00293945
0
0
0.00293945
0
0.00587889
0
0.00881834
0
0.0617284
0.0617284
0.0646678
0.0617284
0.0676073
0.0617284
0.0617284
0.00587889
0
0.026455
0.0323339
0.0261611
0.0376249
0.0255732
0.0781893
0.0249853
0
0
0.00587889
0
0.0176367
0
0.0440917
0.0129336
0
0
0.00881834
0
0.0235156
0
0.0352734
0.00676073
0
0
0.0205761
0.0205761
0.0440917
0
0.026455
0.00587889
0
0
0.00881834
0
0.0293945
0
0.0176367
0.00293945
0
0
0.00587889
0
0.0411523
0.0411523
0.0499706
0.00293945
0
0
0.00293945
0
0.00587889
0
0.00881834
0
0.0671785
0.0671785
0.0703775
0.0671785
0.0735765
0.0671785
0.0671785
0.00639795
0
0.0287908
0.0351887
0.0287908
0.0415867
0.0287908
0.0863724
0.0287908
0
0
0.00639795
0
0.0191939
0
0.0479846
0.0159949
0
0
0.00959693
0
0.0255918
0
0.0383877
0.00959693
0
0
0.0223928
0.0223928
0.0479846
0
0.0287908
0.00639795
0
0
0.00959693
0
0.0319898
0
0.0191939
0.00319898
0
0
0.00639795
0
0.0447857
0.0447857
0.0543826
0.00319898
0
0
0.00319898
0
0.00639795
0
0.00959693
0
0.111111
0.111111
0.116402
0.111111
0.121693
0.111111
0.111111
0.010582
0
0.0402704
0.0505585
0.0396825
0.0605526
0.0390947
0.134039
0.0385068
0
0
0.010582
0
0.031746
0
0.0793651
0.0170488
0
0
0.015873
0
0.042328
0
0.0634921
0.00617284
0
0
0.037037
0.037037
0.0793651
0
0.047619
0.00529101
0
0
0.015873
0
0.0529101
0
0.031746
0.00529101
0
0
0.010582
0
0.0740741
0.0740741
0.0899471
0.00529101
0
0
0.00529101
0
0.010582
0
0.015873
0
0.155783
0.177644
0.180993
0.176937
0.177307
0.179663
0.155783
0.0204806
0.0231227
0.17586
0.201558
0.197081
0.198108
0.196879
0.289101
0.154
0.150449
0.194523
0.198007
0.0669447
0.0688631
0.0641006
0.113964
0.112046
0.105297
0.14991
0.22123
0.216855
0.0917165
0.088822
0.0910097
0.0883508
0.0852038
0.0844634
0.16127
0.248493
0.252986
0.114418
0.0675168
0.0665408
0.0650935
0.0635621
0.0663052
0.155767
0.268586
0.270185
0.0457909
0.0444615
0.0434854
0.0407087
0.0464473
0.0478945
0.157029
0.294418
0.17995
0.0233919
0.020531
0.0200598
0.0248392
0.0223822
0.0225337
0.158846
0.181767
0.158846
0.124604
0.143931
0.142252
0.142929
0.14248
0.140423
0.124601
0.0176017
0.0176648
0.143367
0.158817
0.160258
0.15984
0.15735
0.230863
0.124037
0.127262
0.164742
0.162041
0.0530179
0.0541998
0.0516706
0.0894129
0.0884311
0.093067
0.129263
0.181014
0.182281
0.0706197
0.0684293
0.0716295
0.0701119
0.0751186
0.0735585
0.123017
0.194575
0.193637
0.0864565
0.0539013
0.0533607
0.0564532
0.055295
0.0540186
0.12764
0.216712
0.214097
0.0357554
0.0363021
0.036929
0.036598
0.0361647
0.037055
0.125095
0.228996
0.142587
0.0177703
0.0171763
0.0185709
0.0185157
0.0188387
0.0181454
0.121794
0.139285
0.121794
0.0846568
0.0963389
0.0946744
0.0975205
0.0951525
0.094284
0.0846565
0.0106724
0.0148569
0.0937694
0.101567
0.106016
0.103545
0.103303
0.154459
0.0820856
0.0822757
0.106709
0.101757
0.0356936
0.0332235
0.0308852
0.0610665
0.0563608
0.0554898
0.0796391
0.110658
0.115333
0.045399
0.0458859
0.0492354
0.0417505
0.0447732
0.0434817
0.077665
0.123469
0.123064
0.058688
0.0335206
0.0323904
0.0353443
0.0329195
0.0359813
0.0845284
0.145391
0.143216
0.0205233
0.0201689
0.0261075
0.0229224
0.0245561
0.0285118
0.0831382
0.154916
0.0934132
0.009432
0.0154323
0.0112711
0.0137781
0.0142302
0.0097916
0.0847955
0.09507
0.0847955
0.101418
0.115397
0.114768
0.11613
0.116438
0.116412
0.101418
0.0137092
0.016388
0.116316
0.128329
0.132402
0.132659
0.132196
0.189924
0.102337
0.103127
0.130083
0.129119
0.0448278
0.0436137
0.0434788
0.0742377
0.0730942
0.0715524
0.101104
0.143156
0.145931
0.0577211
0.0589225
0.057901
0.0582672
0.057355
0.0593721
0.100345
0.160026
0.158067
0.0743212
0.0427978
0.0447764
0.04371
0.0429134
0.042862
0.104161
0.177326
0.178483
0.0293263
0.0297567
0.0287032
0.0276111
0.0288445
0.0301036
0.103718
0.191543
0.119117
0.014994
0.0142873
0.0135678
0.0149812
0.0153923
0.0144287
0.102703
0.118102
0.102703
0.0653567
0.0653785
0.0653858
0.0653749
0.132489
0.0653821
0.0653567
1.81546e-05
2.17856e-05
0.123717
0.123753
0.123728
0.19086
0.123738
0.189033
0.123695
0.0663988
0.0664351
0.0664569
5.0833e-05
0.0671903
6.17258e-05
0.0653168
0.123662
0.0663552
0.0669943
0.0670814
0.0670451
0.0672158
7.98804e-05
0.0652986
6.53567e-05
0.0663334
0.0669434
0.000199701
0.000265058
0.0674155
9.80351e-05
0.0652805
5.0833e-05
0.0663117
5.80949e-05
8.71423e-05
0.0640641
0.131305
0.0641621
0.0652623
3.26784e-05
0.0662899
3.63093e-05
5.80949e-05
3.26784e-05
0.0672993
0.133774
0.0673174
1.81546e-05
0.0662681
2.17856e-05
2.90474e-05
1.81546e-05
2.54165e-05
0.0665005
0.0665186
0.0665005
0.169147
0.193203
0.193297
0.193227
0.19325
0.19325
0.169147
0.024033
0.0241035
0.19102
0.215265
0.2151
0.215194
0.215147
0.311937
0.166964
0.164382
0.212495
0.212683
0.0722165
0.0723338
0.0722869
0.120822
0.118874
0.116199
0.168349
0.2408
0.240565
0.0964608
0.0963669
0.0966485
0.0948179
0.0928464
0.0962026
0.169006
0.265302
0.265467
0.12047
0.0724981
0.0707848
0.0697991
0.0721461
0.0724277
0.168489
0.289054
0.28896
0.0483243
0.0472681
0.0467283
0.048113
0.0482773
0.0481365
0.168818
0.313368
0.192968
0.0236106
0.02293
0.0240565
0.0241504
0.0240565
0.0241269
0.168654
0.192804
0.168654
0.135282
0.145514
0.149477
0.160152
0.144906
0.152262
0.135282
0.0099399
0.0115742
0.0932172
0.111455
0.129692
0.103268
0.115771
0.200235
0.0829851
0.0963673
0.121253
0.124837
0.0780034
0.0287302
0.0513399
0.09737
0.0605868
0.0713399
0.0868537
0.126045
0.164857
0.0405491
0.066491
0.0788481
0.0482231
0.0587473
0.0470468
0.0893249
0.189806
0.129874
0.086016
0.0555577
0.0376516
0.0425624
0.0373279
0.0359226
0.182108
0.233592
0.268124
0.0400122
0.02393
0.0307355
0.0225641
0.0249484
0.0520996
0.0749401
0.177063
0.0933751
0.0138322
0.0147875
0.0133979
0.0102399
0.0303013
0.00956094
0.121916
0.140351
0.121916
0.122613
0.139738
0.138178
0.140777
0.140494
0.137926
0.122613
0.0172033
0.0167307
0.133026
0.145787
0.152357
0.152183
0.147079
0.221107
0.115902
0.11962
0.153176
0.149505
0.0541148
0.0541464
0.0486167
0.0882694
0.0813692
0.0849296
0.116122
0.161809
0.170237
0.0715702
0.0643549
0.07146
0.0646542
0.0678838
0.066718
0.106418
0.178319
0.177988
0.0805027
0.0542409
0.0482544
0.0502079
0.0500976
0.045781
0.126961
0.216444
0.207464
0.0363286
0.0316497
0.0333984
0.0334457
0.0302791
0.0365649
0.12526
0.221642
0.144495
0.0162423
0.0165732
0.016778
0.0145882
0.0185267
0.0184636
0.112924
0.13216
0.112924
0.111111
0.111111
0.116402
0.111111
0.121693
0.111111
0.111111
0.010582
0
0.0402704
0.0505585
0.0396825
0.0605526
0.0390947
0.134039
0.0385068
0
0
0.010582
0
0.031746
0
0.0793651
0.0170488
0
0
0.015873
0
0.042328
0
0.0634921
0.00617284
0
0
0.037037
0.037037
0.0793651
0
0.047619
0.00529101
0
0
0.015873
0
0.0529101
0
0.031746
0.00529101
0
0
0.010582
0
0.0740741
0.0740741
0.0899471
0.00529101
0
0
0.00529101
0
0.010582
0
0.015873
0
0.0871456
0.0970927
0.114825
0.0932004
0.0979577
0.0906055
0.0871456
0.0192456
0.00627102
0.112013
0.140557
0.118501
0.126718
0.126285
0.185103
0.102066
0.0737386
0.0884431
0.11223
0.0248679
0.047357
0.0367612
0.0518981
0.0728736
0.0594666
0.100985
0.149856
0.125853
0.0596828
0.0467083
0.0480058
0.0596828
0.0495195
0.0564392
0.098174
0.14618
0.157857
0.0583854
0.0371937
0.0499519
0.0250841
0.0469246
0.0395723
0.0793609
0.152451
0.137746
0.0272465
0.0181643
0.0185968
0.0406535
0.0172994
0.0240029
0.112878
0.187049
0.120014
0.00951466
0.00454109
0.0335175
0.00713599
0.015137
0.026814
0.0817395
0.0888755
0.0817395
0.0471307
0.0554701
0.0519322
0.0552174
0.0544593
0.0542066
0.0471307
0.00846583
0.00669685
0.0459935
0.0497841
0.0544593
0.0500369
0.0492787
0.0766979
0.037654
0.0416974
0.0561019
0.0538275
0.0259029
0.0169317
0.0184479
0.0310835
0.0238812
0.0307044
0.0495314
0.0687375
0.0754343
0.0237549
0.0237549
0.0224913
0.0189534
0.0242603
0.0293145
0.0427082
0.0741708
0.0664631
0.0290618
0.0165526
0.0142782
0.017058
0.0214805
0.0161735
0.0504159
0.0787196
0.0794777
0.0109929
0.00972939
0.0117511
0.0133937
0.0106139
0.0108666
0.0414447
0.0750553
0.046878
0.00505423
0.0045488
0.00808676
0.00505423
0.00505423
0.00581236
0.0384121
0.0438454
0.0384121
0.155783
0.177644
0.180993
0.176937
0.177307
0.179663
0.155783
0.0204806
0.0231227
0.17586
0.201558
0.197081
0.198108
0.196879
0.289101
0.154
0.150449
0.194523
0.198007
0.0669447
0.0688631
0.0641006
0.113964
0.112046
0.105297
0.14991
0.22123
0.216855
0.0917165
0.088822
0.0910097
0.0883508
0.0852038
0.0844634
0.16127
0.248493
0.252986
0.114418
0.0675168
0.0665408
0.0650935
0.0635621
0.0663052
0.155767
0.268586
0.270185
0.0457909
0.0444615
0.0434854
0.0407087
0.0464473
0.0478945
0.157029
0.294418
0.17995
0.0233919
0.020531
0.0200598
0.0248392
0.0223822
0.0225337
0.158846
0.181767
0.158846
0.128028
0.145899
0.148636
0.145321
0.145623
0.147549
0.128028
0.0167429
0.0189028
0.144
0.165008
0.161348
0.162187
0.161183
0.237248
0.126129
0.123708
0.159739
0.162586
0.0547274
0.0562958
0.0524024
0.0938401
0.0918315
0.0867962
0.123061
0.181365
0.177788
0.0749785
0.0726122
0.0750748
0.0724609
0.0696268
0.069558
0.132267
0.203573
0.207247
0.0935374
0.0558693
0.0546311
0.0537919
0.0517558
0.0546464
0.12734
0.21957
0.220877
0.0381083
0.0363474
0.0359622
0.0331694
0.0384118
0.0391539
0.128371
0.240688
0.147783
0.019123
0.0171969
0.016399
0.0207463
0.0182975
0.0184213
0.129857
0.149269
0.129857
0.0970724
0.0970724
0.101695
0.0970724
0.106317
0.0970724
0.0970724
0.00924499
0
0.0600924
0.0693374
0.0600924
0.0785824
0.0600924
0.143297
0.0600924
0
0
0.00924499
0
0.027735
0
0.0693374
0.0416025
0
0
0.0138675
0
0.03698
0
0.05547
0.0323575
0
0
0.0323575
0.0323575
0.0693374
0
0.0416025
0.0231125
0
0
0.0138675
0
0.046225
0
0.027735
0.0138675
0
0
0.00924499
0
0.0647149
0.0647149
0.0785824
0.0046225
0
0
0.0046225
0
0.00924499
0
0.0138675
0
0
0
0
0
0
0
0
0
0
0
0
0
0
0
0
0
0
0
0
0
0
0
0
3.88311e-319
0
0
0
0
0
0
0
0
0
0
0
0
0
0
0
0
0
0
0
0
0
0
0
0
0
0
0
0
0
0
0
0
0
0
0
0
0
0
0
0
0
0
0
0
0
0
0
0
0
0
0
0
0
0
0
0
0
0
0
0
0
0
0
2.89676e-319
0
0
0
0
0
0
0
0
0
0
0
0
0
0
0
0
0
0
0
0
0
0
0
0
0
0
0
0
0
0
0
0
0
0
0
0
0
0
0
0
0
0
0
0
0
0
0
0
0
0
0
0
0
0
0
0
0
0
0
0
0
0
0
3.52649e-319
0
0
0
0
0
0
0
0
0
0
0
0
0
0
0
0
0
0
0
0
0
0
0
0
0
0
0
0
0
0
0
0
0
0
0
0
0
0
0
0
0
0
0
0
0
0
0
0
0
0
0
0
0
0
0
0
0
0
0
0
0
0
0
2.59473e-319
0
0
0
0
0
0
0
0
0
0
0
0
0
0
0
0
0
0
0
0
0
0
0
0
0
0
0
0
0
0
0
0
0
0
0
0
0
0
0
0
0.0970724
0.0970724
0.101695
0.0970724
0.106317
0.0970724
0.0970724
0.00924499
0
0.0600924
0.0693374
0.0600924
0.0785824
0.0600924
0.143297
0.0600924
0
0
0.00924499
0
0.027735
0
0.0693374
0.0416025
0
0
0.0138675
0
0.03698
0
0.05547
0.0323575
0
0
0.0323575
0.0323575
0.0693374
0
0.0416025
0.0231125
0
0
0.0138675
0
0.046225
0
0.027735
0.0138675
0
0
0.00924499
0
0.0647149
0.0647149
0.0785824
0.0046225
0
0
0.0046225
0
0.00924499
0
0.0138675
0
0.124291
0.14178
0.144459
0.141214
0.141511
0.143395
0.124291
0.0163846
0.0184983
0.14077
0.161328
0.157747
0.158568
0.157585
0.231027
0.123281
0.120993
0.156253
0.159039
0.0535562
0.055091
0.0512809
0.0908355
0.089718
0.0848713
0.120602
0.177659
0.174159
0.0733738
0.0710582
0.0724718
0.070762
0.0684194
0.0682444
0.129326
0.199106
0.2027
0.0915355
0.0536773
0.0533138
0.052331
0.0508232
0.0533542
0.124614
0.214871
0.21615
0.0362965
0.0355695
0.0348829
0.0325403
0.0374678
0.0383159
0.125624
0.235281
0.143624
0.0187137
0.0165192
0.016048
0.0201812
0.0179059
0.0180271
0.126822
0.144822
0.126822
0.124291
0.14178
0.144459
0.141214
0.141511
0.143395
0.124291
0.0163846
0.0184983
0.14077
0.161328
0.157747
0.158568
0.157585
0.231027
0.123281
0.120993
0.156253
0.159039
0.0535562
0.055091
0.0512809
0.0908355
0.089718
0.0848713
0.120602
0.177659
0.174159
0.0733738
0.0710582
0.0724718
0.070762
0.0684194
0.0682444
0.129326
0.199106
0.2027
0.0915355
0.0536773
0.0533138
0.052331
0.0508232
0.0533542
0.124614
0.214871
0.21615
0.0362965
0.0355695
0.0348829
0.0325403
0.0374678
0.0383159
0.125624
0.235281
0.143624
0.0187137
0.0165192
0.016048
0.0201812
0.0179059
0.0180271
0.126822
0.144822
0.126822
0.124587
0.143909
0.142231
0.142909
0.14246
0.140423
0.124587
0.0175967
0.0176598
0.143324
0.158791
0.160209
0.159791
0.15732
0.230815
0.123997
0.127226
0.164696
0.162018
0.052995
0.0541844
0.0516757
0.0894094
0.0884016
0.0930406
0.129227
0.180985
0.182222
0.0705996
0.0684379
0.0716315
0.0700798
0.0750973
0.0735377
0.123012
0.194541
0.193611
0.0864604
0.0539087
0.0533337
0.0564372
0.0552793
0.0540111
0.127596
0.216643
0.214057
0.0357685
0.0362805
0.0369185
0.0365877
0.0361623
0.0370445
0.12502
0.228952
0.14253
0.0177779
0.0171714
0.0185656
0.0185183
0.0188334
0.0181009
0.121821
0.139331
0.121825
0.0844478
0.0960777
0.0944207
0.097254
0.0949321
0.094032
0.0844478
0.010648
0.0147906
0.0936587
0.10143
0.105851
0.103509
0.103151
0.154187
0.0820287
0.0820491
0.106457
0.10145
0.0355343
0.0331511
0.0307882
0.0608758
0.0562729
0.055383
0.0793312
0.11022
0.114869
0.0453334
0.0458039
0.0490566
0.0417278
0.0447146
0.0432877
0.0773266
0.123008
0.122662
0.0586102
0.0334528
0.0323277
0.0352121
0.0327726
0.0358207
0.084233
0.14496
0.142843
0.0204726
0.0201607
0.025991
0.0228201
0.0244465
0.0283845
0.0829237
0.154606
0.0931933
0.00945128
0.0153634
0.0112208
0.0137166
0.0141667
0.00974791
0.084683
0.0949526
0.084683
0.10141
0.115385
0.114758
0.11612
0.116428
0.116389
0.101408
0.0137087
0.0163811
0.116303
0.128316
0.132389
0.132645
0.132169
0.189901
0.102323
0.103104
0.130057
0.129097
0.0448263
0.0436121
0.0434619
0.0742286
0.0730809
0.071537
0.101098
0.143136
0.145926
0.0577191
0.0589054
0.0578926
0.0582541
0.0573401
0.0593701
0.100316
0.159995
0.158035
0.0743039
0.0427963
0.0447635
0.0436957
0.0429119
0.0428477
0.104153
0.177315
0.178462
0.0293253
0.0297439
0.0286893
0.0276101
0.0288435
0.0301026
0.103715
0.191522
0.119113
0.0149935
0.0142868
0.0135674
0.0149806
0.0153918
0.0144282
0.102686
0.118085
0.102691
0.134411
0.153527
0.153602
0.153546
0.153564
0.153564
0.134411
0.0190976
0.0191536
0.151606
0.170872
0.170741
0.170816
0.170778
0.247691
0.13249
0.130494
0.168727
0.168876
0.0573862
0.0574794
0.0574421
0.0960104
0.094276
0.0922058
0.133777
0.191349
0.191163
0.0766517
0.0765771
0.0768009
0.0751597
0.0735931
0.0764465
0.134299
0.21082
0.210951
0.0957307
0.05761
0.056062
0.0552787
0.0573302
0.057554
0.133889
0.229694
0.229619
0.0384004
0.0373374
0.0367779
0.0382326
0.0383631
0.0382512
0.13415
0.249015
0.153341
0.01865
0.0182024
0.0191163
0.0191909
0.0191163
0.0191722
0.134019
0.15321
0.134019
0
0
0
0
0
0
0
0
0
0
0
0
0
0
0
0
0
0
0
0
0
0
0
2.90545e-319
0
0
0
0
0
0
0
0
0
0
0
0
0
0
0
0
0
0
0
0
0
0
0
0
0
0
0
0
0
0
0
0
0
0
0
0
0
0
0
0
0
0
0
0
0
0
0
0
0
0
0
0
0
0
0
0
0
0
0
0
0
0
0
2.86904e-319
0
0
0
0
0
0
0
0
0
0
0
0
0
0
0
0
0
0
0
0
0
0
0
0
0
0
0
0
0
0
0
0
0
0
0
0
0
0
0
0
0.12259
0.139711
0.138152
0.140751
0.140467
0.1379
0.12259
0.0172001
0.0167276
0.133002
0.14576
0.152328
0.152155
0.147051
0.221065
0.11588
0.119597
0.153147
0.149477
0.0541047
0.0541362
0.0486076
0.0882529
0.081354
0.0849137
0.116101
0.161779
0.170205
0.0715568
0.0643429
0.0714466
0.0646421
0.0678711
0.0667055
0.106398
0.178286
0.177955
0.0804877
0.0542307
0.0482453
0.0501985
0.0500882
0.0457724
0.126937
0.216403
0.207425
0.0363218
0.0316438
0.0333921
0.0334394
0.0302734
0.0365581
0.125236
0.221601
0.144468
0.0162393
0.0165701
0.0167748
0.0145854
0.0185232
0.0184602
0.112903
0.132135
0.112903
0.0982839
0.0982839
0.102964
0.0982839
0.107644
0.0982839
0.0982839
0.00936037
0
0.0535621
0.0618825
0.0522621
0.0707228
0.0517421
0.135725
0.0514821
0
0
0.00936037
0
0.0280811
0
0.0702028
0.0327613
0
0
0.0140406
0
0.0374415
0
0.0561622
0.0234009
0
0
0.0327613
0.0327613
0.0702028
0
0.0421217
0.0140406
0
0
0.0140406
0
0.0468019
0
0.0280811
0.00468019
0
0
0.00936037
0
0.0655226
0.0655226
0.0795632
0.00468019
0
0
0.00468019
0
0.00936037
0
0.0140406
0
0.0859886
0.0958037
0.1133
0.091963
0.0966572
0.0894026
0.0859886
0.01899
0.00618777
0.109673
0.137838
0.114877
0.124182
0.123755
0.181792
0.0998578
0.0714794
0.0859886
0.109459
0.0233523
0.0467283
0.0364865
0.0512091
0.0710526
0.0573969
0.0911095
0.139331
0.114474
0.0588905
0.0463016
0.0473684
0.058037
0.0475818
0.047155
0.0968706
0.143077
0.155761
0.0578236
0.0366999
0.0484353
0.0234708
0.0377667
0.0390469
0.0743836
0.146515
0.13229
0.0268848
0.0170697
0.0170697
0.0315789
0.0170697
0.0209104
0.11138
0.18478
0.118421
0.00853485
0.0044808
0.0245377
0.00704125
0.0119488
0.026458
0.0808677
0.087909
0.0808677
0.0471307
0.0554701
0.0519322
0.0552174
0.0544593
0.0542066
0.0471237
0.00846583
0.00669685
0.0459935
0.0497841
0.0544593
0.0500369
0.0492787
0.0766839
0.037654
0.0416974
0.0561019
0.0538275
0.0259029
0.0169317
0.0184479
0.0310624
0.0238812
0.0307044
0.0495314
0.0687375
0.0754343
0.0237549
0.0237549
0.0224913
0.0189534
0.0242603
0.0293145
0.0427082
0.0741708
0.0664631
0.0290618
0.0165526
0.0142782
0.017058
0.0214805
0.0161735
0.0504159
0.0787196
0.0794777
0.0109929
0.00972939
0.0117511
0.0133937
0.0106139
0.0108666
0.0414447
0.0750553
0.046878
0.00505423
0.0045488
0.00808676
0.00505423
0.00505423
0.00581236
0.0384121
0.0438454
0.0384121
0.0653567
0.0653785
0.0653858
0.0653749
0.132489
0.0653821
0.0653567
1.81546e-05
2.17856e-05
0.123717
0.123752
0.123727
0.190859
0.123737
0.189032
0.123693
0.0663988
0.0664351
0.0664569
5.0833e-05
0.0671903
6.17258e-05
0.0653168
0.12366
0.0663552
0.0669943
0.0670814
0.0670451
0.0672158
7.98804e-05
0.0652986
6.53567e-05
0.0663334
0.0669434
0.000199701
0.000265058
0.0674155
9.80351e-05
0.0652805
5.0833e-05
0.0663117
5.80949e-05
8.71423e-05
0.0640641
0.131305
0.0641621
0.0652623
3.26784e-05
0.0662899
3.63093e-05
5.80949e-05
3.26784e-05
0.0672993
0.133774
0.0673174
1.81546e-05
0.0662681
2.17856e-05
2.90474e-05
1.81546e-05
2.54165e-05
0.0665005
0.0665186
0.0665005
0.107382
0.115623
0.118625
0.127703
0.115004
0.121263
0.107382
0.00801585
0.00916633
0.074106
0.0888434
0.103481
0.0823719
0.0922635
0.158966
0.065865
0.0763194
0.0961652
0.0992977
0.0627762
0.0231972
0.0410922
0.0771135
0.0479825
0.0564986
0.0689225
0.100392
0.131699
0.0325573
0.0530909
0.0624448
0.038191
0.0465257
0.0372593
0.0711735
0.151751
0.103731
0.0685536
0.0439996
0.0298187
0.0337078
0.0295623
0.0284494
0.145223
0.18644
0.213777
0.0316882
0.0189517
0.0243414
0.01787
0.0197583
0.041261
0.0597937
0.141103
0.0743936
0.0109546
0.0117111
0.0106107
0.00810964
0.0239975
0.00757191
0.0969843
0.111584
0.0969843
