0.423077
0.458333
0.423077
0.423077
0.0352564
0
0
0.0176282
0
0.208868
0.173344
0.490385
0.17281
0
0
0.0352564
0
0.0705128
0
0.264423
0.10203
0
0
0.0528846
0
0.105769
0
0.211538
0.0665064
0
0
0.0705128
0
0.141026
0
0.211538
0.15438
0.123397
0.123397
0.123397
0
0.176282
0
0.158654
0.0307158
0
0
0.0352564
0
0.246795
0.246795
0.352564
0.259615
0.246795
0.246795
0.0176282
0
0.0352564
0
0.0528846
0
0
0
0
0.423077
0.458333
0.423077
0.423077
0.0352564
0
0
0.0176282
0
0.208868
0.173344
0.490385
0.17281
0
0
0.0352564
0
0.0705128
0
0.264423
0.10203
0
0
0.0528846
0
0.105769
0
0.211538
0.0665064
0
0
0.0705128
0
0.141026
0
0.211538
0.15438
0.123397
0.123397
0.123397
0
0.176282
0
0.158654
0.0307158
0
0
0.0352564
0
0.246795
0.246795
0.352564
0.259615
0.246795
0.246795
0.0176282
0
0.0352564
0
0.0528846
0
0
0
0
0.423077
0.458333
0.423077
0.423077
0.0352564
0
0
0.0176282
0
0.208868
0.173344
0.490385
0.17281
0
0
0.0352564
0
0.0705128
0
0.264423
0.10203
0
0
0.0528846
0
0.105769
0
0.211538
0.0665064
0
0
0.0705128
0
0.141026
0
0.211538
0.15438
0.123397
0.123397
0.123397
0
0.176282
0
0.158654
0.0307158
0
0
0.0352564
0
0.246795
0.246795
0.352564
0.259615
0.246795
0.246795
0.0176282
0
0.0352564
0
0.0528846
0
0
0
0
0.423077
0.458333
0.423077
0.423077
0.0352564
0
0
0.0176282
0
0.208868
0.173344
0.490385
0.17281
0
0
0.0352564
0
0.0705128
0
0.264423
0.10203
0
0
0.0528846
0
0.105769
0
0.211538
0.0665064
0
0
0.0705128
0
0.141026
0
0.211538
0.15438
0.123397
0.123397
0.123397
0
0.176282
0
0.158654
0.0307158
0
0
0.0352564
0
0.246795
0.246795
0.352564
0.259615
0.246795
0.246795
0.0176282
0
0.0352564
0
0.0528846
0
0
0
0
0.423077
0.458333
0.423077
0.423077
0.0352564
0
0
0.0176282
0
0.208868
0.173344
0.490385
0.17281
0
0
0.0352564
0
0.0705128
0
0.264423
0.10203
0
0
0.0528846
0
0.105769
0
0.211538
0.0665064
0
0
0.0705128
0
0.141026
0
0.211538
0.15438
0.123397
0.123397
0.123397
0
0.176282
0
0.158654
0.0307158
0
0
0.0352564
0
0.246795
0.246795
0.352564
0.259615
0.246795
0.246795
0.0176282
0
0.0352564
0
0.0528846
0
0
0
0
0.413361
0.447808
0.413361
0.413361
0.0344468
0
0
0.0172234
0
0.204071
0.169363
0.479123
0.168841
0
0
0.0344468
0
0.0688935
0
0.258351
0.0996868
0
0
0.0516701
0
0.10334
0
0.206681
0.0649791
0
0
0.0688935
0
0.137787
0
0.206681
0.150835
0.120564
0.120564
0.120564
0
0.172234
0
0.15501
0.0300104
0
0
0.0344468
0
0.241127
0.241127
0.344468
0.253653
0.241127
0.241127
0.0172234
0
0.0344468
0
0.0516701
0
0
0
0
0.423077
0.458333
0.423077
0.423077
0.0352564
0
0
0.0176282
0
0.208868
0.173344
0.490385
0.17281
0
0
0.0352564
0
0.0705128
0
0.264423
0.10203
0
0
0.0528846
0
0.105769
0
0.211538
0.0665064
0
0
0.0705128
0
0.141026
0
0.211538
0.15438
0.123397
0.123397
0.123397
0
0.176282
0
0.158654
0.0307158
0
0
0.0352564
0
0.246795
0.246795
0.352564
0.259615
0.246795
0.246795
0.0176282
0
0.0352564
0
0.0528846
0
0
0
0
0.0705467
0.0764256
0.0705467
0.0705467
0.00587889
0
0
0.00293945
0
0.0352734
0.0293945
0.0823045
0.0293945
0
0
0.00587889
0
0.0117578
0
0.0440917
0.0176367
0
0
0.00881834
0
0.0176367
0
0.0352734
0.0117578
0
0
0.0117578
0
0.0235156
0
0.0352734
0.026455
0.0205761
0.0205761
0.0205761
0
0.0293945
0
0.026455
0.00587889
0
0
0.00587889
0
0.0411523
0.0411523
0.0587889
0.0440917
0.0411523
0.0411523
0.00293945
0
0.00587889
0
0.00881834
0
0
0
0
0.0705467
0.0764256
0.0705467
0.0705467
0.00587889
0
0
0.00293945
0
0.0352734
0.0293945
0.0823045
0.0293945
0
0
0.00587889
0
0.0117578
0
0.0440917
0.0176367
0
0
0.00881834
0
0.0176367
0
0.0352734
0.0117578
0
0
0.0117578
0
0.0235156
0
0.0352734
0.026455
0.0205761
0.0205761
0.0205761
0
0.0293945
0
0.026455
0.00587889
0
0
0.00587889
0
0.0411523
0.0411523
0.0587889
0.0440917
0.0411523
0.0411523
0.00293945
0
0.00587889
0
0.00881834
0
0
0
0
0.0767754
0.0831734
0.0767754
0.0767754
0.00639795
0
0
0.00319898
0
0.0383877
0.0316699
0.0889315
0.0310301
0
0
0.00639795
0
0.0127959
0
0.0479846
0.0179143
0
0
0.00959693
0
0.0191939
0
0.0383877
0.0111964
0
0
0.0127959
0
0.0255918
0
0.0383877
0.0268714
0.0223928
0.0223928
0.0223928
0
0.0319898
0
0.0287908
0.00415867
0
0
0.00639795
0
0.0447857
0.0447857
0.0639795
0.0479846
0.0447857
0.0447857
0.00319898
0
0.00639795
0
0.00959693
0
0
0
0
0.126984
0.137566
0.126984
0.126984
0.010582
0
0
0.00529101
0
0.0634921
0.0529101
0.148148
0.0529101
0
0
0.010582
0
0.021164
0
0.0793651
0.031746
0
0
0.015873
0
0.031746
0
0.0634921
0.021164
0
0
0.021164
0
0.042328
0
0.0634921
0.047619
0.037037
0.037037
0.037037
0
0.0529101
0
0.047619
0.010582
0
0
0.010582
0
0.0740741
0.0740741
0.10582
0.0793651
0.0740741
0.0740741
0.00529101
0
0.010582
0
0.015873
0
0
0
0
0.153747
0.176382
0.182339
0.153747
0.0216249
0.0230385
0.0243175
0.0239473
0.0230553
0.179596
0.208171
0.284978
0.156961
0.0444783
0.0496447
0.0447981
0.0441417
0.0469016
0.211268
0.268216
0.273231
0.160058
0.0709331
0.0661537
0.0671681
0.0692502
0.0712696
0.247197
0.248745
0.253441
0.160697
0.0894615
0.0888444
0.0896298
0.0932143
0.0864996
0.21755
0.222245
0.220443
0.152656
0.151229
0.262771
0.264993
0.216561
0.216125
0.198455
0.0456227
0.0409274
0.0421391
0.15893
0.295294
0.201524
0.203829
0.206152
0.180387
0.021221
0.0215576
0.0224327
0.158207
0.178772
0.182592
0.181195
0.179663
0.158207
0.125744
0.143227
0.142683
0.125743
0.0185709
0.0187442
0.0175151
0.0174126
0.0180824
0.141578
0.158116
0.231676
0.124095
0.0374805
0.035361
0.0354792
0.0368598
0.0351326
0.159684
0.216303
0.214885
0.125662
0.0533882
0.0536955
0.0566996
0.0549877
0.0517494
0.198599
0.196526
0.196251
0.126041
0.0717936
0.073049
0.072487
0.0687996
0.0725579
0.176624
0.175686
0.177112
0.123433
0.125004
0.21555
0.210657
0.179615
0.178197
0.160863
0.0364247
0.0344944
0.0341162
0.126348
0.229469
0.162859
0.161646
0.162205
0.144974
0.017066
0.0168453
0.0178539
0.121171
0.1399
0.139207
0.13938
0.139797
0.121171
0.0748652
0.0890235
0.0866706
0.0748652
0.0122986
0.0103824
0.00952447
0.011641
0.00958611
0.0956762
0.106125
0.143412
0.0815179
0.0207699
0.0173742
0.0231382
0.0205593
0.0266932
0.107435
0.135855
0.141321
0.0828279
0.027361
0.0343528
0.0361394
0.0402761
0.0366389
0.123972
0.125519
0.129685
0.0790829
0.0496105
0.0497226
0.0492457
0.04791
0.0448893
0.120212
0.121244
0.122261
0.0831053
0.0848001
0.143879
0.142995
0.119061
0.121907
0.109614
0.0265493
0.0206209
0.0228094
0.0798021
0.150398
0.103464
0.106038
0.104615
0.0924089
0.0106136
0.00994572
0.0103875
0.0821447
0.094058
0.0965906
0.0942891
0.0947515
0.0821447
0.101039
0.116213
0.116766
0.101039
0.0141075
0.014403
0.0152253
0.0156493
0.0125014
0.116334
0.133589
0.18784
0.101159
0.0290501
0.0307332
0.0291143
0.026519
0.0320084
0.13555
0.175367
0.177092
0.103121
0.0444038
0.0436329
0.0415258
0.046309
0.045573
0.161928
0.162644
0.162782
0.104438
0.0590895
0.0573164
0.0604039
0.0592822
0.0574899
0.145497
0.147064
0.14829
0.102916
0.100628
0.175275
0.175341
0.144145
0.143208
0.130668
0.0286839
0.0293078
0.0294355
0.105779
0.196167
0.133821
0.134958
0.135819
0.119586
0.0146732
0.0146086
0.0160347
0.104855
0.119143
0.119836
0.119155
0.118661
0.104855
0.0935182
0.0935509
0.0935364
0.0935182
1.45237e-05
2.17856e-05
0.0659304
2.90474e-05
1.45237e-05
0.000141606
0.000152499
0.093609
0.000108928
4.35711e-05
0.0659522
5.80949e-05
0.0937143
5.80949e-05
0.0670269
0.160465
0.0670596
0.0669834
0.0659667
8.35114e-05
0.0937288
8.35114e-05
0.0661882
0.0661083
0.0660902
0.132946
0.0660284
0.000112559
0.0937433
0.000108928
0.0662064
7.98804e-05
0.0645107
0.0645289
0.0645107
0.0644635
0.0937905
0.0939321
0.160015
0.0938523
0.0938377
0.0938341
3.26784e-05
5.80949e-05
3.26784e-05
0.0665985
0.132848
0.0666384
0.0666312
0.0666421
0.066613
2.90474e-05
1.45237e-05
3.26784e-05
0.0662681
0.0662899
0.0662826
0.0662899
0.0662826
0.0662681
0.169147
0.19325
0.193227
0.169147
0.0240565
0.02408
0.0240565
0.0241504
0.0240565
0.192429
0.216509
0.313321
0.168325
0.0481834
0.0480896
0.0483008
0.0481365
0.0482069
0.216814
0.289453
0.288866
0.16863
0.0721461
0.0724277
0.0717471
0.0723338
0.0722634
0.264997
0.264504
0.264692
0.168325
0.0965781
0.0950526
0.096436
0.0963669
0.096672
0.239978
0.240119
0.240002
0.167856
0.165509
0.286073
0.285956
0.238007
0.237631
0.213692
0.0480896
0.0475498
0.0471508
0.168795
0.313345
0.217119
0.216884
0.216978
0.192851
0.0237045
0.0231647
0.0241035
0.16863
0.192804
0.192663
0.192734
0.192687
0.16863
0.141819
0.151854
0.159638
0.141819
0.0113294
0.0119768
0.0104689
0.0110373
0.022201
0.0921355
0.117787
0.203085
0.0821009
0.0249484
0.0208588
0.0240089
0.04951
0.0225404
0.129408
0.196382
0.153086
0.0937224
0.0318566
0.0385359
0.0715689
0.0366568
0.0490837
0.159875
0.128556
0.133656
0.0792981
0.0497548
0.102068
0.0458309
0.0666265
0.0805771
0.127505
0.13244
0.124711
0.0902407
0.178973
0.241676
0.25963
0.241163
0.216238
0.206733
0.0258485
0.0258169
0.0554392
0.0844852
0.185274
0.125311
0.110681
0.112244
0.0967699
0.0144085
0.022572
0.0128611
0.114108
0.135906
0.125121
0.1294
0.126392
0.114108
0.124866
0.142369
0.140604
0.124866
0.0159115
0.017739
0.0164629
0.0158957
0.0176602
0.131262
0.1447
0.220855
0.113759
0.0344697
0.031823
0.0322011
0.0360923
0.0355567
0.152987
0.211481
0.202328
0.122046
0.0475927
0.0475612
0.0543827
0.0531223
0.0470886
0.183943
0.175987
0.180446
0.111822
0.0630473
0.0724209
0.0713812
0.0632994
0.0721216
0.15609
0.159824
0.157477
0.108214
0.126236
0.215026
0.205652
0.180477
0.174113
0.160407
0.032721
0.0301373
0.0356827
0.12485
0.220681
0.1611
0.156673
0.15902
0.141912
0.0150135
0.0173136
0.0179595
0.110735
0.128852
0.126457
0.127938
0.127796
0.110735
0.126984
0.137566
0.126984
0.126984
0.010582
0
0
0.00529101
0
0.0634921
0.0529101
0.148148
0.0529101
0
0
0.010582
0
0.021164
0
0.0793651
0.031746
0
0
0.015873
0
0.031746
0
0.0634921
0.021164
0
0
0.021164
0
0.042328
0
0.0634921
0.047619
0.037037
0.037037
0.037037
0
0.0529101
0
0.047619
0.010582
0
0
0.010582
0
0.0740741
0.0740741
0.10582
0.0793651
0.0740741
0.0740741
0.00529101
0
0.010582
0
0.015873
0
0
0
0
0.0936329
0.102715
0.102715
0.0936329
0.00951466
0.0155694
0.00886593
0.00670351
0.0192456
0.130178
0.137963
0.208674
0.121096
0.021408
0.0209755
0.0291927
0.0270303
0.0147045
0.0923354
0.152235
0.155046
0.0754685
0.0302739
0.0443296
0.0354637
0.0270303
0.0423835
0.13407
0.148126
0.121744
0.0789284
0.0529793
0.0413023
0.0514656
0.0542768
0.0551418
0.150072
0.131043
0.118068
0.0962278
0.0739548
0.132773
0.136881
0.121096
0.127799
0.082172
0.0155694
0.0324363
0.014272
0.0817395
0.153099
0.122826
0.122609
0.0899568
0.0921192
0.0118933
0.00475733
0.0153532
0.0934166
0.123691
0.105526
0.0988227
0.103796
0.0934166
0.0491594
0.0559756
0.0544593
0.0491524
0.00732863
0.00669685
0.00758134
0.00720227
0.00833948
0.0496578
0.0559756
0.0832684
0.0428346
0.0122565
0.0154154
0.0132673
0.0141518
0.0118774
0.0530694
0.0721491
0.0706328
0.0399284
0.0232494
0.018827
0.022365
0.0164262
0.0202169
0.0697483
0.0716437
0.0646941
0.0457408
0.0241339
0.030199
0.0242603
0.0272928
0.0240076
0.0574918
0.0528167
0.0555965
0.0386648
0.0491524
0.0812467
0.0812467
0.0676003
0.0679794
0.05825
0.011372
0.00935032
0.0133937
0.0437191
0.0803622
0.0544593
0.0569864
0.0528167
0.0497841
0.0045488
0.00581236
0.00707592
0.0416974
0.0470043
0.046878
0.0459935
0.0477625
0.0416974
0.153747
0.176382
0.182339
0.153747
0.0216249
0.0230385
0.0243175
0.0239473
0.0230553
0.179596
0.208171
0.284978
0.156961
0.0444783
0.0496447
0.0447981
0.0441417
0.0469016
0.211268
0.268216
0.273231
0.160058
0.0709331
0.0661537
0.0671681
0.0692502
0.0712696
0.247197
0.248745
0.253441
0.160697
0.0894615
0.0888444
0.0896298
0.0932143
0.0864996
0.21755
0.222245
0.220443
0.152656
0.151229
0.262771
0.264993
0.216561
0.216125
0.198455
0.0456227
0.0409274
0.0421391
0.15893
0.295294
0.201524
0.203829
0.206152
0.180387
0.021221
0.0215576
0.0224327
0.158207
0.178772
0.182592
0.181195
0.179663
0.158207
0.125689
0.144193
0.149063
0.125689
0.0176784
0.018834
0.0198796
0.019577
0.0188478
0.14682
0.170181
0.23297
0.128316
0.0363611
0.0405847
0.0366225
0.036086
0.0383422
0.172712
0.219267
0.223367
0.130848
0.057988
0.0540808
0.0554566
0.0566122
0.0582631
0.202552
0.203818
0.207656
0.131838
0.073135
0.0726344
0.0739604
0.0762029
0.0707137
0.178119
0.181957
0.180953
0.12507
0.124061
0.215687
0.217063
0.17747
0.177113
0.162668
0.0377644
0.0334583
0.034779
0.130311
0.241788
0.165132
0.167016
0.168915
0.14832
0.0173482
0.0179536
0.0183388
0.12972
0.146531
0.149654
0.148512
0.147728
0.12972
0.11094
0.120185
0.11094
0.11094
0.00924499
0
0
0.0046225
0
0.0600924
0.0508475
0.134052
0.0508475
0
0
0.00924499
0
0.01849
0
0.0693374
0.0323575
0
0
0.0138675
0
0.027735
0
0.05547
0.0231125
0
0
0.01849
0
0.03698
0
0.05547
0.046225
0.0323575
0.0323575
0.0323575
0
0.046225
0
0.0416025
0.0138675
0
0
0.00924499
0
0.0647149
0.0647149
0.0924499
0.0693374
0.0647149
0.0647149
0.0046225
0
0.00924499
0
0.0138675
0
0
0
0
0
0
0
0
0
0
0
0
0
0
0
0
0
0
0
0
0
0
0
0
0
0
0
3.34744e-319
0
0
0
0
0
0
0
0
0
0
0
0
0
0
0
0
0
0
0
0
0
0
0
0
0
0
0
0
0
0
0
0
0
0
0
0
0
0
0
0
0
0
0
0
0
0
0
0
0
0
0
0
0
0
0
0
0
0
0
0
0
0
0
2.36109e-319
0
0
0
0
0
0
0
0
0
0
0
0
0
0
0
0
0
0
0
0
0
0
0
0
0
0
0
0
0
0
0
0
0
0
0
0
0
0
0
0
0
0
0
0
0
0
0
0
0
0
0
0
0
0
0
0
0
0
0
0
0
0
0
2.99083e-319
0
0
0
0
0
0
0
0
0
0
0
0
0
0
0
0
0
0
0
0
0
0
0
0
0
0
0
0
0
0
0
0
0
0
0
0
0
0
0
0
0
0
0
0
0
0
0
0
0
0
0
0
0
0
0
0
0
0
0
0
0
0
0
2.05902e-319
0
0
0
0
0
0
0
0
0
0
0
0
0
0
0
0
0
0
0
0
0
0
0
0
0
0
0
0
0
0
0
0
0
0
0
0
0
0
0
0
0.11094
0.120185
0.11094
0.11094
0.00924499
0
0
0.0046225
0
0.0600924
0.0508475
0.134052
0.0508475
0
0
0.00924499
0
0.01849
0
0.0693374
0.0323575
0
0
0.0138675
0
0.027735
0
0.05547
0.0231125
0
0
0.01849
0
0.03698
0
0.05547
0.046225
0.0323575
0.0323575
0.0323575
0
0.046225
0
0.0416025
0.0138675
0
0
0.00924499
0
0.0647149
0.0647149
0.0924499
0.0693374
0.0647149
0.0647149
0.0046225
0
0.00924499
0
0.0138675
0
0
0
0
0.122999
0.141107
0.145873
0.122999
0.0173001
0.018431
0.0194542
0.019158
0.0184444
0.143678
0.166538
0.227984
0.12557
0.0355829
0.0397161
0.0358387
0.0353137
0.0375216
0.168787
0.214346
0.218358
0.127819
0.0567469
0.0529234
0.0539601
0.0554006
0.0570162
0.197557
0.198796
0.202323
0.128357
0.0715698
0.0713005
0.0723776
0.074572
0.0692003
0.174078
0.177605
0.176191
0.122164
0.121397
0.211303
0.212407
0.17366
0.17331
0.158945
0.0362965
0.0327422
0.033752
0.127805
0.236896
0.16188
0.163725
0.165354
0.144769
0.016977
0.0172866
0.0179463
0.126836
0.143288
0.146344
0.145226
0.143799
0.126836
0.122999
0.141107
0.145873
0.122999
0.0173001
0.018431
0.0194542
0.019158
0.0184444
0.143678
0.166538
0.227984
0.12557
0.0355829
0.0397161
0.0358387
0.0353137
0.0375216
0.168787
0.214346
0.218358
0.127819
0.0567469
0.0529234
0.0539601
0.0554006
0.0570162
0.197557
0.198796
0.202323
0.128357
0.0715698
0.0713005
0.0723776
0.074572
0.0692003
0.174078
0.177605
0.176191
0.122164
0.121397
0.211303
0.212407
0.17366
0.17331
0.158945
0.0362965
0.0327422
0.033752
0.127805
0.236896
0.16188
0.163725
0.165354
0.144769
0.016977
0.0172866
0.0179463
0.126836
0.143288
0.146344
0.145226
0.143799
0.126836
0.125658
0.143137
0.142593
0.125658
0.0185892
0.0187389
0.0175101
0.0174077
0.018093
0.141593
0.158126
0.231617
0.124114
0.0374699
0.035351
0.0354692
0.0368866
0.0351226
0.159673
0.216225
0.214854
0.125657
0.0533967
0.0536803
0.0567207
0.0549721
0.0517347
0.198519
0.196494
0.196248
0.126029
0.0717812
0.0730655
0.0724664
0.0687801
0.0724901
0.176582
0.175673
0.17707
0.123406
0.125005
0.215526
0.210632
0.179554
0.178183
0.16086
0.0364144
0.0344846
0.0341065
0.126312
0.229401
0.162766
0.1616
0.162159
0.144933
0.0170611
0.0168406
0.0178488
0.121135
0.139811
0.139166
0.139339
0.139757
0.121141
0.0746265
0.0887202
0.0863776
0.0746246
0.0122826
0.0103361
0.00948196
0.0115891
0.00958425
0.0952697
0.105692
0.142884
0.0811729
0.0206772
0.0172967
0.0230912
0.0205084
0.026574
0.107033
0.135401
0.140725
0.0825131
0.0272389
0.034358
0.0360458
0.0400759
0.0365112
0.123542
0.125025
0.129208
0.0787913
0.0495476
0.049609
0.0490055
0.0477729
0.0447504
0.1199
0.120964
0.122018
0.0829544
0.0845705
0.143365
0.142583
0.118698
0.121516
0.109273
0.0264718
0.0205698
0.0227281
0.0794255
0.149784
0.103003
0.105549
0.104128
0.091976
0.0105662
0.00992179
0.0103412
0.0818556
0.0937365
0.0962377
0.0939468
0.0944073
0.0818582
0.101023
0.116196
0.116749
0.101023
0.0140941
0.0144025
0.0152247
0.0156487
0.012501
0.116306
0.133553
0.187796
0.101131
0.0290451
0.0307321
0.0291133
0.026518
0.0320105
0.135526
0.175332
0.177058
0.103101
0.0443894
0.0436314
0.0415244
0.0463102
0.0455393
0.161883
0.162601
0.162751
0.104408
0.0590874
0.0573144
0.0604043
0.059248
0.057475
0.145464
0.147044
0.148271
0.102899
0.100625
0.175277
0.175303
0.14414
0.14319
0.130663
0.0286829
0.0292932
0.0294345
0.105783
0.196136
0.133824
0.134948
0.135821
0.119588
0.0146594
0.014608
0.0160342
0.104819
0.119106
0.1198
0.119119
0.118625
0.104819
0.134411
0.153564
0.153546
0.134411
0.0191163
0.0191349
0.0191163
0.0191909
0.0191163
0.152912
0.172047
0.248978
0.133758
0.0382885
0.0382139
0.0383818
0.0382512
0.0383072
0.172289
0.230011
0.229545
0.134001
0.0573302
0.057554
0.0570878
0.0574794
0.0574235
0.210578
0.210186
0.210335
0.133758
0.0767449
0.0755886
0.076633
0.0765771
0.0768195
0.190473
0.190585
0.190492
0.133161
0.131374
0.22718
0.227088
0.188987
0.18869
0.169678
0.0382139
0.0375239
0.037097
0.134131
0.248997
0.172532
0.172345
0.17242
0.153247
0.0186873
0.0183713
0.0191536
0.134001
0.15321
0.153098
0.153154
0.153117
0.134001
0
0
0
0
0
0
0
0
0
0
0
0
0
0
0
0
0
0
0
0
0
0
0
2.36979e-319
0
0
0
0
0
0
0
0
0
0
0
0
0
0
0
0
0
0
0
0
0
0
0
0
0
0
0
0
0
0
0
0
0
0
0
0
0
0
0
0
0
0
0
0
0
0
0
0
0
0
0
0
0
0
0
0
0
0
0
0
0
0
0
2.33337e-319
0
0
0
0
0
0
0
0
0
0
0
0
0
0
0
0
0
0
0
0
0
0
0
0
0
0
0
0
0
0
0
0
0
0
0
0
0
0
0
0
0.124842
0.142342
0.140578
0.124842
0.0159085
0.0177356
0.0164598
0.0158928
0.0176569
0.131237
0.144673
0.220813
0.113738
0.0344632
0.031817
0.0321951
0.0360856
0.03555
0.152958
0.211442
0.20229
0.122023
0.0475838
0.0475523
0.0543725
0.0531124
0.0470798
0.183909
0.175955
0.180412
0.111801
0.0630355
0.0724074
0.0713783
0.0632876
0.0721081
0.156061
0.159794
0.157447
0.108194
0.126213
0.214997
0.205614
0.180444
0.17408
0.160377
0.0327148
0.0301317
0.035676
0.124839
0.220653
0.161084
0.156659
0.159006
0.141901
0.0150107
0.0173104
0.0179561
0.110714
0.128827
0.126433
0.127914
0.127772
0.110714
0.112324
0.121685
0.112324
0.112324
0.00936037
0
0
0.00468019
0
0.0600624
0.049142
0.133125
0.0486219
0
0
0.00936037
0
0.0187207
0
0.0702028
0.0296412
0
0
0.0140406
0
0.0280811
0
0.0561622
0.0200208
0
0
0.0187207
0
0.0374415
0
0.0561622
0.0431617
0.0327613
0.0327613
0.0327613
0
0.0468019
0
0.0421217
0.0101404
0
0
0.00936037
0
0.0655226
0.0655226
0.0936037
0.0660426
0.0655226
0.0655226
0.00468019
0
0.00936037
0
0.0140406
0
0
0
0
0.0891892
0.0981508
0.0981508
0.0891892
0.00938834
0.0153627
0.00874822
0.00661451
0.01899
0.128876
0.136558
0.203129
0.119915
0.0211238
0.020697
0.0288051
0.0266714
0.0145092
0.0911095
0.147866
0.153414
0.0744666
0.029872
0.0437411
0.0349929
0.0266714
0.0418208
0.129943
0.146586
0.120128
0.0778805
0.052276
0.0407539
0.0507824
0.0535562
0.0520626
0.147226
0.128023
0.11522
0.09367
0.0714794
0.129516
0.13357
0.115647
0.125036
0.0795875
0.0153627
0.0307255
0.0125889
0.0755334
0.145946
0.113727
0.116287
0.0836415
0.0857752
0.0104552
0.00469417
0.00981508
0.0921764
0.119701
0.104125
0.0975107
0.102418
0.0921764
0.0491524
0.0559756
0.0544593
0.0491524
0.00732863
0.00669685
0.00758134
0.00720227
0.00833948
0.0496578
0.0559756
0.0832684
0.0428346
0.0122565
0.0154014
0.0132673
0.0141518
0.0118774
0.0530694
0.0721491
0.0706328
0.0399284
0.0232424
0.018827
0.022365
0.0164262
0.0202169
0.0697483
0.0716437
0.0646941
0.0457408
0.0241339
0.030199
0.0242603
0.0272928
0.0240076
0.0574918
0.0528167
0.0555965
0.0386648
0.0491524
0.0812467
0.0812467
0.0676003
0.0679794
0.05825
0.011372
0.00935032
0.0133937
0.0437191
0.0803622
0.0544593
0.0569864
0.0528167
0.0497841
0.0045488
0.00581236
0.00707592
0.0416974
0.0470043
0.046878
0.0459935
0.0477625
0.0416974
0.0935182
0.0935509
0.0935364
0.0935182
1.45237e-05
2.17856e-05
0.0659304
2.90474e-05
1.45237e-05
0.000141606
0.000152499
0.093609
0.000108928
4.35711e-05
0.0659522
5.80949e-05
0.0937143
5.80949e-05
0.0670269
0.160465
0.0670596
0.0669834
0.0659667
8.35114e-05
0.0937288
8.35114e-05
0.0661882
0.0661083
0.0660902
0.132946
0.0660284
0.000112559
0.0937433
0.000108928
0.0662064
7.98804e-05
0.0645107
0.0645289
0.0645107
0.0644635
0.0937905
0.0939321
0.160015
0.0938523
0.0938377
0.0938341
3.26784e-05
5.80949e-05
3.26784e-05
0.0665985
0.132848
0.0666384
0.0666312
0.0666421
0.066613
2.90474e-05
1.45237e-05
3.26784e-05
0.0662681
0.0662899
0.0662826
0.0662899
0.0662826
0.0662681
0.113098
0.121163
0.127209
0.113097
0.0089725
0.00976658
0.00829096
0.0088537
0.0175823
0.073587
0.0943269
0.161624
0.0655211
0.0200396
0.0167396
0.019126
0.0392101
0.01797
0.103312
0.156096
0.12152
0.0745061
0.0254499
0.0306312
0.0566799
0.0291497
0.0394165
0.126839
0.102033
0.106072
0.0630222
0.0395165
0.0808338
0.0364152
0.0533098
0.0638142
0.101093
0.105
0.0988788
0.0715799
0.14174
0.191517
0.206161
0.190992
0.171253
0.163725
0.0204711
0.020446
0.0439058
0.067028
0.147393
0.0993603
0.0877742
0.0890122
0.0767571
0.011411
0.0178762
0.0101855
0.090913
0.108176
0.0996354
0.103024
0.100642
0.090913
