0.370192
0.0352564
0
0
0.0176282
0
0.0352564
0
0.370192
0.175214
0
0
0.0352564
0
0.0705128
0
0.317308
0.13969
0
0
0.0528846
0
0.105769
0
0.264423
0.104167
0
0
0.0705128
0
0.141026
0
0.211538
0.0686432
0
0
0.123397
0
0.176282
0
0.158654
0.0331197
0
0
0.0528846
0
0.211538
0
0.105769
0.0152244
0
0
0.0352564
0
0.246795
0
0.0528846
0.0149573
0
0
0.0176282
0
0.0352564
0
0.370192
0.0352564
0
0
0.0176282
0
0.0352564
0
0.370192
0.175214
0
0
0.0352564
0
0.0705128
0
0.317308
0.13969
0
0
0.0528846
0
0.105769
0
0.264423
0.104167
0
0
0.0705128
0
0.141026
0
0.211538
0.0686432
0
0
0.123397
0
0.176282
0
0.158654
0.0331197
0
0
0.0528846
0
0.211538
0
0.105769
0.0152244
0
0
0.0352564
0
0.246795
0
0.0528846
0.0149573
0
0
0.0176282
0
0.0352564
0
0.370192
0.0352564
0
0
0.0176282
0
0.0352564
0
0.370192
0.175214
0
0
0.0352564
0
0.0705128
0
0.317308
0.13969
0
0
0.0528846
0
0.105769
0
0.264423
0.104167
0
0
0.0705128
0
0.141026
0
0.211538
0.0686432
0
0
0.123397
0
0.176282
0
0.158654
0.0331197
0
0
0.0528846
0
0.211538
0
0.105769
0.0152244
0
0
0.0352564
0
0.246795
0
0.0528846
0.0149573
0
0
0.0176282
0
0.0352564
0
0.370192
0.0352564
0
0
0.0176282
0
0.0352564
0
0.370192
0.175214
0
0
0.0352564
0
0.0705128
0
0.317308
0.13969
0
0
0.0528846
0
0.105769
0
0.264423
0.104167
0
0
0.0705128
0
0.141026
0
0.211538
0.0686432
0
0
0.123397
0
0.176282
0
0.158654
0.0331197
0
0
0.0528846
0
0.211538
0
0.105769
0.0152244
0
0
0.0352564
0
0.246795
0
0.0528846
0.0149573
0
0
0.0176282
0
0.0352564
0
0.370192
0.0352564
0
0
0.0176282
0
0.0352564
0
0.370192
0.175214
0
0
0.0352564
0
0.0705128
0
0.317308
0.13969
0
0
0.0528846
0
0.105769
0
0.264423
0.104167
0
0
0.0705128
0
0.141026
0
0.211538
0.0686432
0
0
0.123397
0
0.176282
0
0.158654
0.0331197
0
0
0.0528846
0
0.211538
0
0.105769
0.0152244
0
0
0.0352564
0
0.246795
0
0.0528846
0.0149573
0
0
0.0176282
0
0.0352564
0
0.361691
0.0344468
0
0
0.0172234
0
0.0344468
0
0.361691
0.174322
0
0
0.0344468
0
0.0688935
0
0.310021
0.139614
0
0
0.0516701
0
0.10334
0
0.258351
0.104906
0
0
0.0688935
0
0.137787
0
0.206681
0.0701983
0
0
0.120564
0
0.172234
0
0.15501
0.0354906
0
0
0.0516701
0
0.206681
0
0.10334
0.000782881
0
0
0.0344468
0
0.241127
0
0.0516701
0.000521921
0
0
0.0172234
0
0.0344468
0
0.370192
0.0352564
0
0
0.0176282
0
0.0352564
0
0.370192
0.175214
0
0
0.0352564
0
0.0705128
0
0.317308
0.13969
0
0
0.0528846
0
0.105769
0
0.264423
0.104167
0
0
0.0705128
0
0.141026
0
0.211538
0.0686432
0
0
0.123397
0
0.176282
0
0.158654
0.0331197
0
0
0.0528846
0
0.211538
0
0.105769
0.0152244
0
0
0.0352564
0
0.246795
0
0.0528846
0.0149573
0
0
0.0176282
0
0.0352564
0
0.0617284
0.00587889
0
0
0.00293945
0
0.00587889
0
0.0617284
0.0279248
0
0
0.00587889
0
0.0117578
0
0.0529101
0.0217519
0
0
0.00881834
0
0.0176367
0
0.0440917
0.0176367
0
0
0.0117578
0
0.0235156
0
0.0352734
0.0117578
0
0
0.0205761
0
0.0293945
0
0.026455
0.00881834
0
0
0.00881834
0
0.0352734
0
0.0176367
0.00587889
0
0
0.00587889
0
0.0411523
0
0.00881834
0.00293945
0
0
0.00293945
0
0.00587889
0
0.0617284
0.00587889
0
0
0.00293945
0
0.00587889
0
0.0617284
0.0279248
0
0
0.00587889
0
0.0117578
0
0.0529101
0.0217519
0
0
0.00881834
0
0.0176367
0
0.0440917
0.0176367
0
0
0.0117578
0
0.0235156
0
0.0352734
0.0117578
0
0
0.0205761
0
0.0293945
0
0.026455
0.00881834
0
0
0.00881834
0
0.0352734
0
0.0176367
0.00587889
0
0
0.00587889
0
0.0411523
0
0.00881834
0.00293945
0
0
0.00293945
0
0.00587889
0
0.0671785
0.00639795
0
0
0.00319898
0
0.00639795
0
0.0671785
0.0291107
0
0
0.00639795
0
0.0127959
0
0.0575816
0.0223928
0
0
0.00959693
0
0.0191939
0
0.0479846
0.0159949
0
0
0.0127959
0
0.0255918
0
0.0383877
0.00959693
0
0
0.0223928
0
0.0319898
0
0.0287908
0.00639795
0
0
0.00959693
0
0.0383877
0
0.0191939
0.00319898
0
0
0.00639795
0
0.0447857
0
0.00959693
0.00319898
0
0
0.00319898
0
0.00639795
0
0.111111
0.010582
0
0
0.00529101
0
0.010582
0
0.111111
0.0490888
0
0
0.010582
0
0.021164
0
0.0952381
0.0382128
0
0
0.015873
0
0.031746
0
0.0793651
0.031746
0
0
0.021164
0
0.042328
0
0.0634921
0.021164
0
0
0.037037
0
0.0529101
0
0.047619
0.015873
0
0
0.015873
0
0.0634921
0
0.031746
0.010582
0
0
0.010582
0
0.0740741
0
0.015873
0.00529101
0
0
0.00529101
0
0.010582
0
0.153007
0.0231563
0.0255123
0.0206488
0.0216417
0.0245026
0.0201272
0.0198747
0.153007
0.153848
0.0460602
0.0420381
0.0436537
0.0444447
0.0416511
0.0410957
0.129245
0.130692
0.159183
0.0650093
0.0658844
0.0660864
0.0649925
0.0635789
0.107653
0.108831
0.113123
0.153158
0.0871055
0.0903702
0.0903366
0.0841941
0.0869035
0.0873579
0.0903366
0.0881488
0.153326
0.114907
0.113005
0.104389
0.0659013
0.0668269
0.0667764
0.0686948
0.066221
0.159301
0.13712
0.125828
0.0441754
0.0434013
0.0464136
0.0479282
0.0437883
0.0443942
0.160613
0.151105
0.0213052
0.0203796
0.0248728
0.0226851
0.0216922
0.0210359
0.0234929
0.151105
0.124213
0.0178381
0.0167744
0.0178302
0.0172472
0.016089
0.0178775
0.0174914
0.124213
0.125544
0.0348016
0.0353234
0.0359441
0.0332731
0.0362829
0.0339428
0.107911
0.107706
0.123196
0.0538947
0.0534119
0.0518203
0.0546568
0.0511979
0.0913966
0.0895766
0.0883947
0.123845
0.0726524
0.0694299
0.0715888
0.069162
0.0739919
0.0710057
0.0696899
0.0699499
0.128089
0.0866062
0.0880638
0.087465
0.0556889
0.052624
0.0524349
0.0531204
0.0554368
0.12181
0.105114
0.105193
0.037252
0.034975
0.0360386
0.0363223
0.0363144
0.0352035
0.124
0.124173
0.0182872
0.0175229
0.0177593
0.0185945
0.0184369
0.0178381
0.018886
0.124173
0.0826481
0.0100176
0.0151754
0.0110348
0.0134391
0.0129048
0.0103567
0.0139836
0.0826481
0.0866141
0.027772
0.0233077
0.0282144
0.023354
0.0225834
0.0215456
0.0711458
0.0765964
0.084775
0.0357296
0.0372665
0.0354573
0.0339161
0.0328168
0.0611436
0.0656849
0.057003
0.0833314
0.0481269
0.044879
0.042855
0.0457627
0.0489683
0.0541056
0.0429577
0.0476018
0.0809029
0.0575578
0.0567666
0.0549892
0.0366646
0.0397418
0.0289844
0.0361765
0.0327757
0.0799459
0.0687467
0.0686645
0.0235543
0.0270836
0.0187304
0.0213196
0.0218539
0.0223881
0.0816104
0.0836653
0.0104286
0.0139425
0.0103362
0.0099149
0.0119595
0.0117232
0.0128637
0.0836653
0.103179
0.0140175
0.0133751
0.0147242
0.0150069
0.014994
0.0138377
0.0136706
0.103179
0.101232
0.0260179
0.0300779
0.0302964
0.0298595
0.0271614
0.0291657
0.0867776
0.0872145
0.100397
0.0448471
0.0435815
0.0434788
0.0434916
0.0439395
0.0715973
0.0742248
0.074379
0.104213
0.057689
0.0589481
0.0585884
0.0573921
0.0573935
0.0594364
0.0583186
0.0593657
0.103647
0.0743661
0.0720534
0.0723736
0.0437421
0.0429648
0.0428877
0.0445066
0.0459585
0.102748
0.085981
0.0870981
0.028716
0.0276625
0.0288702
0.0301293
0.0305276
0.028382
0.101373
0.10208
0.0142938
0.0135807
0.0149812
0.0153923
0.0144158
0.0148784
0.0153923
0.10208
0.000134344
1.81546e-05
0.0668454
2.17856e-05
2.90474e-05
1.81546e-05
2.54165e-05
2.54165e-05
0.000134344
0.0638027
0.0668672
3.63093e-05
0.0935509
3.26784e-05
5.80949e-05
4.35711e-05
0.00011619
0.0637845
0.0669761
5.80949e-05
0.0935799
4.72021e-05
0.0662717
6.17258e-05
9.44042e-05
0.06377
0.000108928
0.0663952
0.0936053
6.17258e-05
0.0662971
7.98804e-05
7.62495e-05
0.0637555
8.71423e-05
0.0663371
0.0936925
7.62495e-05
0.0663225
0.000105297
5.80949e-05
0.063741
6.53567e-05
0.0663225
8.71423e-05
0.0643255
0.066348
0.000123452
3.99402e-05
3.26784e-05
4.35711e-05
0.0663008
5.80949e-05
0.0642493
0.0663734
0.000148868
1.81546e-05
1.81546e-05
2.17856e-05
2.17856e-05
2.90474e-05
0.0642348
2.54165e-05
0.000148868
0.165775
0.0240565
0.02408
0.024033
0.0241269
0.02408
0.0241035
0.0241035
0.165774
0.168349
0.04816
0.0480896
0.0482773
0.0481365
0.0482304
0.0481834
0.141598
0.144292
0.16863
0.0721226
0.0724277
0.0722165
0.0723338
0.0722869
0.117447
0.120236
0.12047
0.168325
0.0965546
0.096273
0.0964608
0.0963669
0.0938321
0.0961791
0.0963669
0.0962026
0.168982
0.120353
0.120564
0.120048
0.0705267
0.0721461
0.0722869
0.0721461
0.0724277
0.168489
0.144691
0.143799
0.0471977
0.0480896
0.0481834
0.048113
0.0482773
0.0481365
0.168818
0.167598
0.0231647
0.0240565
0.02408
0.0240565
0.0241504
0.0240565
0.0241269
0.167598
0.141653
0.0101136
0.0139269
0.0111654
0.0123321
0.0270643
0.0106189
0.0154033
0.141653
0.0897275
0.027167
0.0224558
0.0261248
0.0481521
0.0195798
0.0311934
0.124805
0.0796139
0.0855668
0.0358463
0.0374542
0.0778297
0.030625
0.0491705
0.104333
0.0653239
0.0583999
0.0850567
0.0524865
0.100473
0.0437861
0.0636738
0.0854484
0.0500627
0.047631
0.04921
0.0929724
0.13064
0.0522891
0.0828825
0.0630738
0.0400833
0.0344225
0.0386148
0.040486
0.181413
0.0663739
0.0969594
0.0448914
0.024301
0.024151
0.0254537
0.0275143
0.0507732
0.0788087
0.115884
0.0200535
0.0148191
0.00940304
0.0138716
0.0115979
0.0292434
0.0124347
0.115884
0.123558
0.0164629
0.0173924
0.0158642
0.0153759
0.0181486
0.0179438
0.0161163
0.123558
0.114642
0.0343751
0.0321223
0.0303264
0.036628
0.0349265
0.0332724
0.106197
0.0981787
0.120817
0.0479078
0.0455447
0.0562259
0.051862
0.0493414
0.0883955
0.0821884
0.086442
0.114122
0.0603849
0.0741066
0.0690023
0.0653947
0.070625
0.0658673
0.0687975
0.0662139
0.105504
0.0924757
0.0862205
0.0811801
0.0526182
0.0497983
0.0512791
0.0498455
0.0451193
0.129072
0.10363
0.096556
0.0347532
0.0326895
0.0340601
0.0333039
0.0301688
0.0365964
0.122819
0.112767
0.0173766
0.0166204
0.0162738
0.0165259
0.0152656
0.0183061
0.0191883
0.112767
0.111111
0.010582
0
0
0.00529101
0
0.010582
0
0.111111
0.0490888
0
0
0.010582
0
0.021164
0
0.0952381
0.0382128
0
0
0.015873
0
0.031746
0
0.0793651
0.031746
0
0
0.021164
0
0.042328
0
0.0634921
0.021164
0
0
0.037037
0
0.0529101
0
0.047619
0.015873
0
0
0.015873
0
0.0634921
0
0.031746
0.010582
0
0
0.010582
0
0.0740741
0
0.015873
0.00529101
0
0
0.00529101
0
0.010582
0
0.0655214
0.013407
0.00929841
0.0192456
0.00800096
0.00670351
0.0229217
0.00389236
0.0655214
0.134286
0.0320038
0.0296252
0.020543
0.0309226
0.0374099
0.0108121
0.0598991
0.120879
0.0856319
0.0404373
0.0471408
0.0462758
0.0441134
0.0198943
0.0531956
0.11223
0.0536281
0.0789284
0.0637914
0.0534118
0.0579529
0.0400048
0.0467083
0.0782797
0.0441134
0.0384911
0.112446
0.0622778
0.0791446
0.0467083
0.0207593
0.0637914
0.0358962
0.0322201
0.0486545
0.0877943
0.0845507
0.0579529
0.0149207
0.0518981
0.0298414
0.0177319
0.0363287
0.0255166
0.0957953
0.068765
0.00518981
0.0400048
0.00800096
0.00994714
0.0237866
0.00886593
0.0112446
0.068765
0.0495806
0.00758134
0.00429609
0.00808676
0.00808676
0.00808676
0.00808676
0.00707592
0.0495735
0.0463725
0.0112457
0.0164262
0.0135201
0.0132673
0.0161735
0.0116247
0.0416061
0.0387912
0.0385385
0.0242603
0.0181952
0.0208487
0.0237549
0.0164262
0.0364185
0.0329788
0.0272928
0.049026
0.0252711
0.0267874
0.0283037
0.0212278
0.0286827
0.0276719
0.0208487
0.0247657
0.0432136
0.0325998
0.0328525
0.0260293
0.0202169
0.0200906
0.0144045
0.0187006
0.0179425
0.0438454
0.037654
0.0318416
0.0138991
0.0122565
0.00960303
0.0101085
0.0132673
0.0112457
0.0422028
0.0374013
0.00568601
0.00745499
0.00530694
0.00505423
0.00581236
0.00581236
0.0045488
0.0374013
0.153007
0.0231563
0.0255123
0.0206488
0.0216417
0.0245026
0.0201272
0.0198747
0.153007
0.153848
0.0460602
0.0420381
0.0436537
0.0444447
0.0416511
0.0410957
0.129245
0.130692
0.159183
0.0650093
0.0658844
0.0660864
0.0649925
0.0635789
0.107653
0.108831
0.113123
0.153158
0.0871055
0.0903702
0.0903366
0.0841941
0.0869035
0.0873579
0.0903366
0.0881488
0.153326
0.114907
0.113005
0.104389
0.0659013
0.0668269
0.0667764
0.0686948
0.066221
0.159301
0.13712
0.125828
0.0441754
0.0434013
0.0464136
0.0479282
0.0437883
0.0443942
0.160613
0.151105
0.0213052
0.0203796
0.0248728
0.0226851
0.0216922
0.0210359
0.0234929
0.151105
0.125455
0.0189304
0.0208564
0.0168805
0.0176922
0.020031
0.016454
0.0162476
0.125455
0.12639
0.0376543
0.0343663
0.035687
0.0363336
0.0340499
0.0335959
0.106029
0.10746
0.130494
0.0531453
0.0538607
0.0540258
0.0531316
0.0519759
0.0883783
0.089589
0.0928388
0.125207
0.0712089
0.0738779
0.0738504
0.0688289
0.0709063
0.0720344
0.0742104
0.0720619
0.125345
0.0939364
0.0923818
0.085503
0.0542872
0.0543147
0.0549613
0.0561582
0.0541359
0.130229
0.112096
0.10303
0.0363749
0.0353293
0.0383147
0.0391814
0.0357971
0.0362923
0.131756
0.123694
0.0176784
0.0166604
0.0207051
0.0185451
0.0177334
0.0171969
0.0196595
0.123694
0.0970724
0.00924499
0
0
0.0046225
0
0.00924499
0
0.0970724
0.0523883
0
0
0.00924499
0
0.01849
0
0.0832049
0.0428865
0
0
0.0138675
0
0.027735
0
0.0693374
0.0333847
0
0
0.01849
0
0.03698
0
0.05547
0.0238829
0
0
0.0323575
0
0.046225
0
0.0416025
0.0143811
0
0
0.0138675
0
0.05547
0
0.027735
0.0048793
0
0
0.00924499
0
0.0647149
0
0.0138675
0
0
0
0.0046225
0
0.00924499
0
0
0
0
0
0
0
0
0
0
0
0
0
0
0
0
0
0
0
0
0
0
0
0
0
0
0
0
0
0
0
0
0
0
0
0
0
0
0
0
0
0
0
0
0
0
0
0
0
0
0
0
0
0
0
0
0
0
0
0
0
0
0
0
0
0
0
0
0
0
0
0
0
0
0
0
0
0
0
0
0
0
0
0
0
0
0
0
0
0
0
0
0
0
0
0
0
0
0
0
0
0
0
0
0
0
0
0
0
0
0
0
0
0
0
0
0
0
0
0
0
0
0
0
0
0
0
0
0
0
0
0
0
0
0
0
0
0
0
0
0
0
0
0
0
0
0
0
0
0
0
0
0
0
0
0
0
0
0
0
0
0
0
0
0
0
0
0
0
0
0
0
0
0
0
0
0
0
0
0
0
0
0
0
0
0
0
0
0
0
0
0
0
0
0
0
0
0
0
0
0
0
0
0
0
0
0
0
0
0
0
0
0
0
0
0
0
0
0
0
0
0
0
0
0
0
0
0
0
0
0
0
0
0
0
0
0
0
0
0
0
0
0
0
0
0
0
0
0
0
0
0
0
0
0
0
0
0.0970724
0.00924499
0
0
0.0046225
0
0.00924499
0
0.0970724
0.0523883
0
0
0.00924499
0
0.01849
0
0.0832049
0.0428865
0
0
0.0138675
0
0.027735
0
0.0693374
0.0333847
0
0
0.01849
0
0.03698
0
0.05547
0.0238829
0
0
0.0323575
0
0.046225
0
0.0416025
0.0143811
0
0
0.0138675
0
0.05547
0
0.027735
0.0048793
0
0
0.00924499
0
0.0647149
0
0.0138675
0
0
0
0.0046225
0
0.00924499
0
0.122878
0.0185252
0.02041
0.0165192
0.0173135
0.0196023
0.0161019
0.0158999
0.122878
0.123928
0.0368485
0.0336308
0.0349232
0.035556
0.0333211
0.0328769
0.103868
0.105403
0.127576
0.0520079
0.052708
0.0528695
0.0519944
0.0508635
0.0865946
0.087914
0.0907277
0.122528
0.0696849
0.0722968
0.0722699
0.0673558
0.0697657
0.0707351
0.0724987
0.0705197
0.122662
0.091926
0.0904046
0.0835654
0.0529638
0.0533946
0.0536504
0.0549563
0.0529772
0.127253
0.109697
0.100717
0.0353945
0.034654
0.0373601
0.0383429
0.035031
0.0353271
0.128276
0.120939
0.0170981
0.0163038
0.0201273
0.0181482
0.0173539
0.0168289
0.0185791
0.120939
0.122878
0.0185252
0.02041
0.0165192
0.0173135
0.0196023
0.0161019
0.0158999
0.122878
0.123928
0.0368485
0.0336308
0.0349232
0.035556
0.0333211
0.0328769
0.103868
0.105403
0.127576
0.0520079
0.052708
0.0528695
0.0519944
0.0508635
0.0865946
0.087914
0.0907277
0.122528
0.0696849
0.0722968
0.0722699
0.0673558
0.0697657
0.0707351
0.0724987
0.0705197
0.122662
0.091926
0.0904046
0.0835654
0.0529638
0.0533946
0.0536504
0.0549563
0.0529772
0.127253
0.109697
0.100717
0.0353945
0.034654
0.0373601
0.0383429
0.035031
0.0353271
0.128276
0.120939
0.0170981
0.0163038
0.0201273
0.0181482
0.0173539
0.0168289
0.0185791
0.120939
0.124178
0.017833
0.0167697
0.0178252
0.0172423
0.0160844
0.0178724
0.0174865
0.124178
0.125509
0.0347918
0.0353418
0.0359339
0.0332637
0.0362827
0.0339332
0.10788
0.107676
0.123161
0.0539078
0.0533967
0.0518056
0.0546518
0.0511834
0.0913707
0.0895512
0.0883697
0.123839
0.0726318
0.0694102
0.0715794
0.0691424
0.0739709
0.0709856
0.0696702
0.0699301
0.128069
0.0865816
0.0880581
0.0874323
0.0556731
0.0526091
0.05242
0.0531053
0.0554368
0.121791
0.105104
0.105155
0.0372414
0.0349651
0.0360284
0.036312
0.0363199
0.0352092
0.123987
0.12413
0.018282
0.017518
0.0177543
0.0185892
0.0184317
0.017833
0.0188807
0.12413
0.0824634
0.00997294
0.0151077
0.0109856
0.0133791
0.0128012
0.0103923
0.0139212
0.0824634
0.0862173
0.027648
0.0231884
0.0281083
0.0232242
0.0226462
0.0214495
0.0709715
0.0762444
0.084558
0.0355548
0.0371198
0.035294
0.0339284
0.0327521
0.0610139
0.0653611
0.0569085
0.083026
0.0479315
0.0447146
0.0428171
0.0456607
0.048852
0.0538334
0.0428796
0.0474712
0.0805609
0.0573535
0.0566667
0.054846
0.0366032
0.0395542
0.0289275
0.0360969
0.0326294
0.0797045
0.068628
0.0684604
0.0234696
0.0269627
0.018719
0.0213063
0.0217563
0.0223496
0.0814584
0.0834556
0.0104025
0.0138803
0.0103619
0.00995248
0.0119062
0.0116914
0.0128267
0.0834556
0.103162
0.014017
0.0133746
0.0147237
0.0150063
0.0149935
0.0138372
0.0136701
0.103162
0.101228
0.026017
0.0300769
0.0302953
0.0298585
0.0271604
0.0291647
0.0867746
0.0872114
0.100381
0.0448455
0.04358
0.0434772
0.0434837
0.0439294
0.0715948
0.0742222
0.0743621
0.104203
0.057687
0.0589461
0.0585674
0.0573815
0.0573915
0.0594343
0.0583148
0.0593572
0.103644
0.0743635
0.0720324
0.0723625
0.0437403
0.0429633
0.0428841
0.0445051
0.0459569
0.102745
0.0859598
0.0870865
0.0287143
0.0276615
0.0288692
0.0301283
0.0305266
0.028381
0.101353
0.102068
0.0142933
0.0135802
0.0149806
0.0153918
0.0144153
0.0148778
0.0153918
0.10207
0.131629
0.0191163
0.0191349
0.0190976
0.0191722
0.0191349
0.0191536
0.0191536
0.131616
0.133777
0.0382699
0.0382139
0.0383631
0.0382512
0.0383258
0.0382885
0.112406
0.11466
0.134001
0.0573116
0.057554
0.0573862
0.0574794
0.0574421
0.093214
0.0955442
0.0957307
0.133758
0.0767263
0.0765025
0.0766517
0.0765771
0.074395
0.0764279
0.0765771
0.0764465
0.13428
0.0956374
0.0958053
0.0954499
0.0558932
0.0573302
0.0574421
0.0573302
0.057554
0.133889
0.114978
0.114213
0.0371675
0.0382139
0.0382885
0.0382326
0.0383631
0.0382512
0.13415
0.132993
0.0183889
0.0191163
0.0191349
0.0191163
0.0191909
0.0191163
0.0191722
0.132993
0
0
0
0
0
0
0
0
0
0
0
0
0
0
0
0
0
0
0
0
0
0
0
0
0
0
0
0
0
0
0
0
0
0
0
0
0
0
0
0
0
0
0
0
0
0
0
0
0
0
0
0
0
0
0
0
0
0
0
0
0
0
0
0
0
0
0
0
0
0
0
0
0
0
0
0
0
0
0
0
0
0
0
0
0
0
0
0
0
0
0
0
0
0
0
0
0
0
0
0
0
0
0
0
0
0
0
0
0
0
0
0
0
0
0
0
0
0
0
0
0
0
0
0
0
0
0
0
0.123535
0.0164598
0.0173891
0.0158613
0.015373
0.0181452
0.0179404
0.0161133
0.123535
0.11462
0.0343687
0.0321163
0.0303207
0.0366211
0.03492
0.0332661
0.106178
0.0981603
0.120794
0.0478988
0.0455362
0.0562153
0.0518208
0.0493322
0.0883789
0.082173
0.0864258
0.1141
0.0603736
0.0740927
0.0689737
0.0653824
0.0706118
0.065855
0.0687847
0.0662015
0.105485
0.0924584
0.0861843
0.0811649
0.0526084
0.0497889
0.0512695
0.0498362
0.0451109
0.129048
0.10359
0.0965379
0.0347467
0.0326833
0.0340537
0.0332976
0.0301632
0.0365896
0.122779
0.112746
0.0173734
0.0166173
0.0162708
0.0165228
0.0152627
0.0183027
0.0191847
0.112746
0.0982839
0.00936037
0
0
0.00468019
0
0.00936037
0
0.0982839
0.0561622
0
0
0.00936037
0
0.0187207
0
0.0842434
0.0457618
0
0
0.0140406
0
0.0280811
0
0.0702028
0.0361414
0
0
0.0187207
0
0.0374415
0
0.0561622
0.0265211
0
0
0.0327613
0
0.0468019
0
0.0421217
0.0169007
0
0
0.0140406
0
0.0561622
0
0.0280811
0.00728029
0
0
0.00936037
0
0.0655226
0
0.0140406
0.00234009
0
0
0.00468019
0
0.00936037
0
0.0633713
0.013229
0.00917496
0.01899
0.00789474
0.00661451
0.0226174
0.00384068
0.0633713
0.121622
0.0315789
0.0283784
0.0202703
0.0305121
0.0369132
0.0106686
0.0578236
0.108381
0.084495
0.0390469
0.0465149
0.0458748
0.0435277
0.0196302
0.0512091
0.099834
0.0529161
0.0755334
0.0629445
0.0529161
0.0571835
0.0394737
0.044808
0.0663229
0.0435277
0.0364865
0.110953
0.0616643
0.0780939
0.0460882
0.0192034
0.0520152
0.0354196
0.0302987
0.0480085
0.0868421
0.0834282
0.0571835
0.0134424
0.0402679
0.0294452
0.0160028
0.0358464
0.0251778
0.0945235
0.0666311
0.00512091
0.0285206
0.00789474
0.00788288
0.0234708
0.00874822
0.0110953
0.0666904
0.0495806
0.00758134
0.00429609
0.00808676
0.00808676
0.00808676
0.00808676
0.00707592
0.0495595
0.0463725
0.0112457
0.0164262
0.0135201
0.0132673
0.0161735
0.0116247
0.0415921
0.0387912
0.0385385
0.0242603
0.0181952
0.0208487
0.0237549
0.0164262
0.0364045
0.0329788
0.0272928
0.049026
0.0252711
0.0267874
0.0283037
0.0212278
0.0286827
0.0276719
0.0208487
0.0247657
0.0432136
0.0325998
0.0328525
0.0260293
0.0202169
0.0200906
0.0144045
0.0187006
0.0179425
0.0438454
0.037654
0.0318416
0.0138991
0.0122565
0.00960303
0.0101085
0.0132673
0.0112457
0.0422028
0.0374013
0.00568601
0.00745499
0.00530694
0.00505423
0.00581236
0.00581236
0.0045488
0.0374013
0.000134344
1.81546e-05
0.0668454
2.17856e-05
2.90474e-05
1.81546e-05
2.54165e-05
2.54165e-05
0.000134344
0.0638027
0.0668672
3.63093e-05
0.0935509
3.26784e-05
5.80949e-05
4.35711e-05
0.00011619
0.0637845
0.0669761
5.80949e-05
0.0935799
4.72021e-05
0.0662717
6.17258e-05
9.44042e-05
0.06377
0.000108928
0.0663952
0.0936053
6.17258e-05
0.0662971
7.98804e-05
7.62495e-05
0.0637555
8.71423e-05
0.0663371
0.0936925
7.62495e-05
0.0663225
0.000105297
5.80949e-05
0.063741
6.53567e-05
0.0663225
8.71423e-05
0.0643255
0.066348
0.000123452
3.99402e-05
3.26784e-05
4.35711e-05
0.0663008
5.80949e-05
0.0642493
0.0663734
0.000148868
1.81546e-05
1.81546e-05
2.17856e-05
2.17856e-05
2.90474e-05
0.0642348
2.54165e-05
0.000148868
0.112184
0.00807212
0.0110296
0.00922642
0.00976658
0.0218716
0.00840976
0.0124177
0.112184
0.0711235
0.0218466
0.018168
0.0212401
0.0385724
0.0157128
0.0249167
0.0988413
0.0630513
0.0680972
0.0291167
0.0302126
0.0620759
0.0244602
0.0391539
0.0826283
0.0517341
0.0462506
0.0680909
0.0421176
0.0800084
0.0348833
0.0506399
0.067672
0.0396478
0.037722
0.0389725
0.074181
0.1039
0.0416174
0.0658525
0.0499521
0.0317445
0.0272614
0.0305815
0.0320634
0.14411
0.052772
0.0770009
0.0355524
0.0192455
0.0191267
0.0201584
0.0217904
0.0402105
0.0626199
0.0919884
0.0158816
0.0117362
0.00744686
0.0109858
0.00918509
0.0231597
0.00984786
0.0919884
