0.370192
0.370192
0.405449
0.370192
0.370192
0.0352564
0
0
0.0176282
0.166132
0.236378
0.165598
0.482639
0.165064
0
0
0.0352564
0
0.0705128
0
0.264423
0.0942842
0
7.28944e-320
0.0528846
0
0.105769
0
0.211538
0.0587607
0
0
0.123397
0.123397
0.264423
0.123397
0.282051
0.0232372
0
0
0.0528846
0
0.176282
0
0.158654
0.00534188
0
0
0.0352564
5.23512e-320
0.246795
0.246795
0.352564
0.25187
0.246795
0
0.0176282
0
0.0352564
0
0.0528846
0
0
0
0.370192
0.370192
0.405449
0.370192
0.370192
0.0352564
0
0
0.0176282
0.166132
0.236378
0.165598
0.482639
0.165064
0
0
0.0352564
0
0.0705128
0
0.264423
0.0942842
0
7.77017e-320
0.0528846
0
0.105769
0
0.211538
0.0587607
0
0
0.123397
0.123397
0.264423
0.123397
0.282051
0.0232372
0
0
0.0528846
0
0.176282
0
0.158654
0.00534188
0
0
0.0352564
5.71535e-320
0.246795
0.246795
0.352564
0.25187
0.246795
0
0.0176282
0
0.0352564
0
0.0528846
0
0
0
0.370192
0.370192
0.405449
0.370192
0.370192
0.0352564
0
0
0.0176282
0.166132
0.236378
0.165598
0.482639
0.165064
0
0
0.0352564
0
0.0705128
0
0.264423
0.0942842
0
6.80674e-320
0.0528846
0
0.105769
0
0.211538
0.0587607
0
0
0.123397
0.123397
0.264423
0.123397
0.282051
0.0232372
0
0
0.0528846
0
0.176282
0
0.158654
0.00534188
0
0
0.0352564
4.75242e-320
0.246795
0.246795
0.352564
0.25187
0.246795
0
0.0176282
0
0.0352564
0
0.0528846
0
0
0
0.370192
0.370192
0.405449
0.370192
0.370192
0.0352564
0
0
0.0176282
0.166132
0.236378
0.165598
0.482639
0.165064
0
0
0.0352564
0
0.0705128
0
0.264423
0.0942842
0
6.22127e-320
0.0528846
0
0.105769
0
0.211538
0.0587607
0
0
0.123397
0.123397
0.264423
0.123397
0.282051
0.0232372
0
0
0.0528846
0
0.176282
0
0.158654
0.00534188
0
0
0.0352564
4.16695e-320
0.246795
0.246795
0.352564
0.25187
0.246795
0
0.0176282
0
0.0352564
0
0.0528846
0
0
0
0.370192
0.370192
0.405449
0.370192
0.370192
0.0352564
0
0
0.0176282
0.166132
0.236378
0.165598
0.482639
0.165064
0
0
0.0352564
0
0.0705128
0
0.264423
0.0942842
0
5.5365e-320
0.0528846
0
0.105769
0
0.211538
0.0587607
0
0
0.123397
0.123397
0.264423
0.123397
0.282051
0.0232372
0
0
0.0528846
0
0.176282
0
0.158654
0.00534188
0
0
0.0352564
3.48217e-320
0.246795
0.246795
0.352564
0.25187
0.246795
0
0.0176282
0
0.0352564
0
0.0528846
0
0
0
0.361691
0.361691
0.396138
0.361691
0.361691
0.0344468
0
0
0.0172234
0.172756
0.241388
0.172234
0.481994
0.171712
0
0
0.0344468
0
0.0688935
0
0.258351
0.102557
0
7.19656e-320
0.0516701
0
0.10334
0
0.206681
0.0678497
0
0
0.120564
0.120564
0.258351
0.120564
0.275574
0.033142
0
0
0.0516701
0
0.172234
0
0.15501
0.0156576
0
0
0.0344468
5.18917e-320
0.241127
0.241127
0.344468
0.256524
0.241127
0
0.0172234
0
0.0344468
0
0.0516701
0
0
0
0.370192
0.370192
0.405449
0.370192
0.370192
0.0352564
0
0
0.0176282
0.166132
0.236378
0.165598
0.482639
0.165064
0
0
0.0352564
0
0.0705128
0
0.264423
0.0942842
0
9.26422e-320
0.0528846
0
0.105769
0
0.211538
0.0587607
0
0
0.123397
0.123397
0.264423
0.123397
0.282051
0.0232372
0
0
0.0528846
0
0.176282
0
0.158654
0.00534188
0
0
0.0352564
7.20941e-320
0.246795
0.246795
0.352564
0.25187
0.246795
0
0.0176282
0
0.0352564
0
0.0528846
0
0
0
0.0617284
0.0617284
0.0676073
0.0617284
0.0617284
0.00587889
0
0
0.00293945
0.026455
0.0382128
0.026455
0.0793651
0.026455
0
0
0.00587889
0
0.0117578
0
0.0440917
0.0146972
0
5.87543e-320
0.00881834
0
0.0176367
0
0.0352734
0.00881834
0
0
0.0205761
0.0205761
0.0440917
0.0205761
0.0470312
0.00587889
0
0
0.00881834
0
0.0293945
0
0.026455
0.00293945
0
0
0.00587889
3.61458e-320
0.0411523
0.0411523
0.0587889
0.0440917
0.0411523
0
0.00293945
0
0.00587889
0
0.00881834
0.00293945
0
0
0.0617284
0.0617284
0.0676073
0.0617284
0.0617284
0.00587889
0
0
0.00293945
0.026455
0.0382128
0.026455
0.0793651
0.026455
0
0
0.00587889
0
0.0117578
0
0.0440917
0.0146972
0
6.29835e-320
0.00881834
0
0.0176367
0
0.0352734
0.00881834
0
0
0.0205761
0.0205761
0.0440917
0.0205761
0.0470312
0.00587889
0
0
0.00881834
0
0.0293945
0
0.026455
0.00293945
0
0
0.00587889
4.0375e-320
0.0411523
0.0411523
0.0587889
0.0440917
0.0411523
0
0.00293945
0
0.00587889
0
0.00881834
0.00293945
0
0
0.0671785
0.0671785
0.0735765
0.0671785
0.0671785
0.00639795
0
0
0.00319898
0.0287908
0.0415867
0.0287908
0.0863724
0.0287908
0
0
0.00639795
0
0.0127959
0
0.0479846
0.0159949
0
7.58588e-320
0.00959693
0
0.0191939
0
0.0383877
0.00959693
0
0
0.0223928
0.0223928
0.0479846
0.0223928
0.0511836
0.00639795
0
0
0.00959693
0
0.0319898
0
0.0287908
0.00319898
0
0
0.00639795
5.12544e-320
0.0447857
0.0447857
0.0639795
0.0479846
0.0447857
0
0.00319898
0
0.00639795
0
0.00959693
0.00319898
0
0
0.111111
0.111111
0.121693
0.111111
0.111111
0.010582
0
0
0.00529101
0.047619
0.0687831
0.047619
0.142857
0.047619
0
0
0.010582
0
0.021164
0
0.0793651
0.026455
0
6.99498e-320
0.015873
0
0.031746
0
0.0634921
0.015873
0
0
0.037037
0.037037
0.0793651
0.037037
0.0846561
0.010582
0
0
0.015873
0
0.0529101
0
0.047619
0.00529101
0
0
0.010582
4.73414e-320
0.0740741
0.0740741
0.10582
0.0793651
0.0740741
0
0.00529101
0
0.010582
0
0.015873
0.00529101
0
0
0.156961
0.17894
0.181515
0.178216
0.156961
0.0223485
0.0208171
0.020043
0.0239304
0.177997
0.203257
0.201002
0.289639
0.156019
0.042745
0.042055
0.0440744
0.0433171
0.205277
0.227104
0.269058
0.272407
0.158039
0.063377
0.0651945
0.0654132
0.0709499
0.219396
0.239069
0.243714
0.241543
0.150331
0.149708
0.235065
0.244927
0.237826
0.216859
0.0688463
0.0649757
0.0648579
0.0645045
0.149607
0.264447
0.257345
0.216754
0.19422
0.0446298
0.0438052
0.0423579
0.0420718
0.160024
0.291911
0.204705
0.204637
0.182979
0.0227188
0.019454
0.0209013
0.0239978
0.153512
0.17581
0.174329
0.176466
0.153512
0.123527
0.141034
0.141562
0.141445
0.123527
0.0191618
0.0174205
0.0178145
0.0186339
0.144422
0.163734
0.16294
0.233046
0.126915
0.0347859
0.0350144
0.0353926
0.035235
0.160715
0.176537
0.212487
0.213369
0.123894
0.0525058
0.0544283
0.0530022
0.054641
0.173735
0.190507
0.193201
0.192591
0.121093
0.126608
0.196337
0.200285
0.197577
0.178286
0.0537507
0.0528323
0.0517652
0.0536167
0.123567
0.215885
0.213549
0.175245
0.159503
0.0343792
0.0349907
0.0354635
0.0361805
0.128097
0.236761
0.163308
0.164033
0.14443
0.0172944
0.0183734
0.0177514
0.0178066
0.125943
0.14386
0.144467
0.142277
0.125944
0.080569
0.0909665
0.0923841
0.0917057
0.0805678
0.0137524
0.00981215
0.010593
0.00994572
0.0919414
0.106377
0.106305
0.149463
0.0815436
0.0176722
0.0229019
0.0216587
0.0199531
0.105242
0.119143
0.137899
0.133271
0.0804083
0.0327859
0.0367622
0.0290358
0.0364899
0.115152
0.122287
0.11548
0.12896
0.0764166
0.0860182
0.127486
0.133676
0.138274
0.121984
0.02882
0.0399781
0.035483
0.035519
0.079987
0.13794
0.142949
0.115953
0.101389
0.0275665
0.0233694
0.0229327
0.0243506
0.0812559
0.151708
0.105658
0.102658
0.0949005
0.0107934
0.00982243
0.0123191
0.0111067
0.0810042
0.0950546
0.0919568
0.0946488
0.0810042
0.103732
0.117711
0.117094
0.118443
0.103731
0.0150197
0.0138248
0.0136706
0.0163945
0.116875
0.128914
0.132961
0.191601
0.102896
0.0271485
0.0291914
0.0315684
0.0269558
0.127366
0.146182
0.174757
0.17432
0.101348
0.0439927
0.0457786
0.0417314
0.0421168
0.147016
0.162286
0.161489
0.16005
0.102181
0.103124
0.161314
0.160672
0.162812
0.149116
0.0438385
0.0427721
0.0447225
0.0436997
0.101091
0.172656
0.175129
0.147081
0.129498
0.029307
0.0297182
0.0286925
0.0276111
0.100435
0.189198
0.130989
0.128844
0.115816
0.0149812
0.0142873
0.0135678
0.014994
0.104155
0.11859
0.119046
0.119534
0.104155
0.124704
0.124722
0.12473
0.12473
0.124704
0.0933078
2.17856e-05
2.17856e-05
2.90474e-05
0.0934178
0.0934502
0.0934428
0.218085
0.0933988
4.35711e-05
0.0672993
5.80949e-05
3.26784e-05
0.0667292
0.0667474
0.191343
0.0667546
0.0666784
0.0673138
8.71423e-05
0.124093
7.62495e-05
0.0674554
0.192033
0.0674481
0.133999
0.0673864
0.0649174
0.189025
0.065019
0.13153
0.0649755
4.72021e-05
0.0665912
5.80949e-05
0.0648048
0.124158
0.124286
0.190797
0.124217
0.124192
4.35711e-05
3.63093e-05
0.0647758
3.26784e-05
0.0664351
0.133092
0.066475
0.0664678
0.0664569
2.17856e-05
2.90474e-05
1.81546e-05
0.0662826
0.066682
0.0667002
0.0667002
0.0667038
0.066682
0.169147
0.193203
0.193274
0.19325
0.169147
0.024033
0.0241035
0.024033
0.0241269
0.192405
0.216603
0.216556
0.313321
0.168349
0.0481834
0.0480896
0.0482773
0.048113
0.216908
0.240964
0.289476
0.288913
0.168654
0.0721226
0.0719818
0.072193
0.0723573
0.238758
0.263095
0.262648
0.262811
0.166442
0.165856
0.26213
0.262342
0.26225
0.238359
0.0721461
0.0722869
0.070262
0.0705671
0.168466
0.289054
0.28896
0.240964
0.216556
0.0481834
0.0468848
0.0472134
0.0481365
0.168842
0.313415
0.217166
0.216931
0.192922
0.0234606
0.0232025
0.0240565
0.0241269
0.168677
0.192828
0.192734
0.192757
0.168677
0.133711
0.159875
0.144867
0.15108
0.133711
0.0115663
0.0114952
0.0096241
0.0118663
0.111036
0.107199
0.118434
0.201797
0.0848721
0.023037
0.0204325
0.0268669
0.0500943
0.113097
0.145225
0.186529
0.152414
0.0907693
0.0320066
0.0405412
0.0813509
0.0317777
0.133067
0.159023
0.127734
0.13285
0.0786113
0.100923
0.202896
0.144156
0.171887
0.159536
0.0383464
0.0392859
0.0359621
0.0445914
0.182305
0.234271
0.272708
0.240918
0.208019
0.0289907
0.0235431
0.0318882
0.049289
0.072311
0.179262
0.11271
0.0980253
0.085401
0.0144717
0.0146138
0.0309171
0.00780034
0.126255
0.143498
0.140743
0.139346
0.126257
0.124519
0.14344
0.143046
0.140242
0.124519
0.0164629
0.0172191
0.0169198
0.0148402
0.13405
0.151222
0.147126
0.222336
0.11513
0.0342018
0.0349265
0.029775
0.0367697
0.156327
0.167748
0.208189
0.202612
0.120234
0.0508538
0.044946
0.054556
0.053658
0.164314
0.186921
0.181848
0.186669
0.1168
0.104795
0.177201
0.175483
0.168095
0.157571
0.0492311
0.0529806
0.0485695
0.0445522
0.127859
0.216538
0.207417
0.180635
0.160029
0.0358718
0.0324374
0.0293496
0.0365177
0.124362
0.21961
0.15932
0.156531
0.143031
0.0164944
0.0148717
0.0186054
0.017739
0.112026
0.130065
0.128347
0.130695
0.112026
0.111111
0.111111
0.121693
0.111111
0.111111
0.010582
0
0
0.00529101
0.047619
0.0687831
0.047619
0.142857
0.047619
0
0
0.010582
0
0.021164
0
0.0793651
0.026455
0
1.05424e-319
0.015873
0
0.031746
0
0.0634921
0.015873
0
0
0.037037
0.037037
0.0793651
0.037037
0.0846561
0.010582
0
0
0.015873
0
0.0529101
0
0.047619
0.00529101
0
0
0.010582
8.28103e-320
0.0740741
0.0740741
0.10582
0.0793651
0.0740741
0
0.00529101
0
0.010582
0
0.015873
0.00529101
0
0
0.082172
0.0927679
0.109851
0.0867131
0.082172
0.0082172
0.00691975
0.0153532
0.00756848
0.122177
0.14791
0.129529
0.187049
0.111581
0.0400048
0.0216242
0.0177319
0.0287602
0.126069
0.11742
0.155262
0.180995
0.0897405
0.0298414
0.0421672
0.041086
0.0495195
0.109635
0.139692
0.141206
0.123691
0.0819558
0.0890918
0.141206
0.152235
0.14099
0.116987
0.0506007
0.0315714
0.0456271
0.0382749
0.117636
0.205214
0.172561
0.145531
0.155911
0.0250841
0.0183806
0.0287602
0.0555742
0.106607
0.169101
0.12542
0.144882
0.116122
0.0112446
0.0164344
0.0175156
0.00843345
0.0743873
0.0843345
0.104877
0.083902
0.0743873
0.0477625
0.0567337
0.052564
0.0548384
0.0477625
0.00796041
0.00669685
0.00909761
0.00720227
0.049026
0.0519322
0.054712
0.078846
0.0400548
0.0133937
0.0141518
0.0120038
0.0145309
0.0509213
0.0617879
0.0718964
0.0663367
0.0390439
0.0192061
0.0198378
0.0207223
0.0189534
0.0626724
0.0669685
0.060398
0.0581236
0.0399284
0.0466253
0.075308
0.0729072
0.0739181
0.0651995
0.0156681
0.013141
0.0156681
0.0184479
0.0505423
0.0821312
0.0846583
0.0691166
0.0616616
0.0088449
0.0106139
0.0133937
0.0137728
0.0416974
0.0811204
0.0548384
0.0528167
0.0462462
0.00555965
0.00518058
0.00808676
0.0045488
0.0439718
0.0491524
0.0496578
0.0485206
0.0439718
0.156961
0.17894
0.181515
0.178216
0.156961
0.0223485
0.0208171
0.020043
0.0239304
0.177997
0.203257
0.201002
0.289639
0.156019
0.042745
0.042055
0.0440744
0.0433171
0.205277
0.227104
0.269058
0.272407
0.158039
0.063377
0.0651945
0.0654132
0.0709499
0.219396
0.239069
0.243714
0.241543
0.150331
0.149708
0.235065
0.244927
0.237826
0.216859
0.0688463
0.0649757
0.0648579
0.0645045
0.149607
0.264447
0.257345
0.216754
0.19422
0.0446298
0.0438052
0.0423579
0.0420718
0.160024
0.291911
0.204705
0.204637
0.182979
0.0227188
0.019454
0.0209013
0.0239978
0.153512
0.17581
0.174329
0.176466
0.153512
0.128316
0.146284
0.148389
0.145692
0.128316
0.01827
0.0170181
0.0163852
0.0195632
0.145513
0.166163
0.16432
0.236781
0.127546
0.0349441
0.0343801
0.036031
0.0354119
0.168406
0.186249
0.220547
0.223285
0.129788
0.0518108
0.0538607
0.0534755
0.0580017
0.179604
0.195687
0.199484
0.198301
0.123144
0.123061
0.193637
0.200898
0.195095
0.177954
0.056282
0.0537094
0.0532691
0.0532829
0.122827
0.216706
0.210903
0.17772
0.1593
0.0370765
0.0358108
0.0349441
0.0342562
0.131273
0.239091
0.167801
0.167745
0.150631
0.0185727
0.0162201
0.0170868
0.0200722
0.125496
0.143725
0.142514
0.144853
0.125496
0.0970724
0.0970724
0.106317
0.0970724
0.0970724
0.00924499
0
0
0.0046225
0.046225
0.0647149
0.046225
0.12943
0.046225
0
0
0.00924499
0
0.01849
0
0.0693374
0.027735
0
5.5617e-320
0.0138675
0
0.027735
0
0.05547
0.01849
0
0
0.0323575
0.0323575
0.0693374
0.0323575
0.0739599
0.00924499
0
0
0.0138675
0
0.046225
0
0.0416025
0
0
0
0.00924499
3.58642e-320
0.0647149
0.0647149
0.0924499
0.0647149
0.0647149
0
0.0046225
0
0.00924499
0
0.0138675
0
0
0
0
0
0
0
0
0
0
0
0
0
0
0
0
0
0
0
0
0
0
0
0
0
0
3.52738e-319
0
0
0
0
0
0
0
0
0
0
0
0
0
0
0
0
0
0
0
0
0
0
0
0
0
2.76133e-319
0
0
0
0
0
0
0
0
0
0
0
0
0
0
0
0
0
0
0
0
0
0
0
0
0
0
0
0
0
0
0
0
0
0
0
0
0
2.54098e-319
0
0
0
0
0
0
0
0
0
0
0
0
0
0
0
0
0
0
0
0
0
0
0
0
0
1.77498e-319
0
0
0
0
0
0
0
0
0
0
0
0
0
0
0
0
0
0
0
0
0
0
0
0
0
0
0
0
0
0
0
0
0
0
0
0
0
3.17077e-319
0
0
0
0
0
0
0
0
0
0
0
0
0
0
0
0
0
0
0
0
0
0
0
0
0
2.40472e-319
0
0
0
0
0
0
0
0
0
0
0
0
0
0
0
0
0
0
0
0
0
0
0
0
0
0
0
0
0
0
0
0
0
0
0
0
0
2.23896e-319
0
0
0
0
0
0
0
0
0
0
0
0
0
0
0
0
0
0
0
0
0
0
0
0
0
1.47296e-319
0
0
0
0
0
0
0
0
0
0
0
0
0
0
0.0970724
0.0970724
0.106317
0.0970724
0.0970724
0.00924499
0
0
0.0046225
0.046225
0.0647149
0.046225
0.12943
0.046225
0
0
0.00924499
0
0.01849
0
0.0693374
0.027735
0
5.84183e-320
0.0138675
0
0.027735
0
0.05547
0.01849
0
0
0.0323575
0.0323575
0.0693374
0.0323575
0.0739599
0.00924499
0
0
0.0138675
0
0.046225
0
0.0416025
0
0
0
0.00924499
3.86656e-320
0.0647149
0.0647149
0.0924499
0.0647149
0.0647149
0
0.0046225
0
0.00924499
0
0.0138675
0
0
0
0.12557
0.143153
0.145213
0.142574
0.12557
0.017879
0.0166538
0.0160345
0.0191445
0.142211
0.162419
0.160615
0.231525
0.124628
0.0341962
0.0336443
0.0352598
0.034654
0.163953
0.181415
0.214979
0.217469
0.126163
0.050702
0.0525008
0.052331
0.0567604
0.175623
0.191357
0.194883
0.193065
0.120364
0.12049
0.189557
0.196666
0.190985
0.174212
0.054889
0.0517117
0.051984
0.051981
0.1204
0.212273
0.206591
0.174118
0.155903
0.0354348
0.0350332
0.0339943
0.0335904
0.128276
0.233787
0.164021
0.163778
0.146371
0.0181632
0.015671
0.0167212
0.0194542
0.12281
0.140649
0.139464
0.140905
0.12281
0.12557
0.143153
0.145213
0.142574
0.12557
0.017879
0.0166538
0.0160345
0.0191445
0.142211
0.162419
0.160615
0.231525
0.124628
0.0341962
0.0336443
0.0352598
0.034654
0.163953
0.181415
0.214979
0.217469
0.126163
0.050702
0.0525008
0.052331
0.0567604
0.175623
0.191357
0.194883
0.193065
0.120364
0.12049
0.189557
0.196666
0.190985
0.174212
0.054889
0.0517117
0.051984
0.051981
0.1204
0.212273
0.206591
0.174118
0.155903
0.0354348
0.0350332
0.0339943
0.0335904
0.128276
0.233787
0.164021
0.163778
0.146371
0.0181632
0.015671
0.0167212
0.0194542
0.12281
0.140649
0.139464
0.140905
0.12281
0.123492
0.140994
0.141522
0.141405
0.123492
0.0191563
0.0174156
0.0178094
0.0186286
0.144397
0.163703
0.162909
0.232995
0.126895
0.034776
0.0350044
0.0353825
0.035225
0.160671
0.176489
0.212429
0.213327
0.123862
0.0525067
0.0544128
0.0529871
0.0546255
0.173613
0.190378
0.193071
0.192464
0.120982
0.126556
0.196266
0.200212
0.197505
0.17822
0.0537354
0.0528217
0.0516582
0.0535858
0.123532
0.215824
0.213488
0.175195
0.159458
0.0343743
0.0349353
0.0354377
0.0361702
0.128073
0.236706
0.163276
0.164001
0.144415
0.0172895
0.0183372
0.0177464
0.0178094
0.125906
0.143819
0.144426
0.142244
0.12591
0.080341
0.0907009
0.0921019
0.0915084
0.0803384
0.0136911
0.00981439
0.0105457
0.00990134
0.0916385
0.106
0.10601
0.148988
0.0812769
0.0176598
0.0228815
0.021562
0.0198743
0.104941
0.118862
0.137504
0.132942
0.0802182
0.0327624
0.0367209
0.0289164
0.0363629
0.114898
0.121972
0.115241
0.128625
0.0762546
0.085755
0.127012
0.133237
0.137902
0.121615
0.0287527
0.0398815
0.0353809
0.0353582
0.0796247
0.137355
0.142429
0.115481
0.100952
0.0274844
0.0233009
0.0228278
0.0242624
0.0809291
0.151169
0.105268
0.102256
0.0945128
0.010781
0.00979394
0.0122846
0.0110572
0.0808064
0.0948196
0.0917104
0.0943906
0.0808078
0.103739
0.117715
0.117098
0.118447
0.103736
0.0150192
0.0138243
0.0136701
0.0163811
0.116851
0.12889
0.132937
0.191583
0.102873
0.0271476
0.0291904
0.0315544
0.0269549
0.127361
0.146177
0.174758
0.174294
0.101344
0.0439912
0.0457642
0.0417299
0.0420897
0.146999
0.162276
0.161472
0.160033
0.102166
0.103104
0.161292
0.160624
0.162776
0.1491
0.043837
0.0427706
0.0447106
0.0436957
0.101087
0.172624
0.17511
0.147083
0.129494
0.029306
0.0297172
0.0286893
0.0276101
0.100397
0.189144
0.13095
0.128805
0.115779
0.0149806
0.0142868
0.0135674
0.0149935
0.104139
0.118573
0.119029
0.119517
0.104139
0.134411
0.153527
0.153583
0.153564
0.134411
0.0190976
0.0191536
0.0190976
0.0191722
0.152893
0.172121
0.172084
0.248978
0.133777
0.0382885
0.0382139
0.0383631
0.0382326
0.172364
0.19148
0.23003
0.229582
0.134019
0.0573116
0.057237
0.0573675
0.0574981
0.189522
0.208862
0.208508
0.208637
0.132059
0.131688
0.20819
0.208359
0.208286
0.189303
0.0573302
0.0574421
0.05563
0.0559315
0.13387
0.229694
0.229619
0.19148
0.172084
0.0382885
0.0370162
0.0371882
0.0382512
0.134168
0.249053
0.172569
0.172382
0.153303
0.0185143
0.0184262
0.0191163
0.0191722
0.134038
0.153229
0.153154
0.153173
0.134038
0
0
0
0
0
0
0
0
0
0
0
0
0
0
0
0
0
0
0
0
0
0
0
2.54968e-319
0
0
0
0
0
0
0
0
0
0
0
0
0
0
0
0
0
0
0
0
0
0
0
0
0
1.78368e-319
0
0
0
0
0
0
0
0
0
0
0
0
0
0
0
0
0
0
0
0
0
0
0
0
0
0
0
0
0
0
0
0
0
0
0
0
0
2.51331e-319
0
0
0
0
0
0
0
0
0
0
0
0
0
0
0
0
0
0
0
0
0
0
0
0
0
1.74726e-319
0
0
0
0
0
0
0
0
0
0
0
0
0
0
0.124496
0.143413
0.143035
0.140215
0.124496
0.0164598
0.0172159
0.0169166
0.0148374
0.134025
0.15121
0.147099
0.222294
0.115108
0.0341954
0.03492
0.0297694
0.0367629
0.156313
0.167717
0.20815
0.202574
0.120212
0.0508443
0.0449376
0.0545457
0.0536637
0.164283
0.186886
0.181814
0.186634
0.116778
0.104776
0.177167
0.175464
0.168063
0.157542
0.0492219
0.0529706
0.0485604
0.0445439
0.127835
0.216512
0.207378
0.180601
0.159999
0.035865
0.0324313
0.0293441
0.0365108
0.124353
0.219585
0.159307
0.15652
0.143025
0.0164913
0.014869
0.0186019
0.0177356
0.112005
0.13004
0.128323
0.13067
0.112005
0.0982839
0.0982839
0.107644
0.0982839
0.0982839
0.00936037
0
0
0.00468019
0.0468019
0.0655226
0.0468019
0.131045
0.0468019
0
0
0.00936037
0
0.0187207
0
0.0702028
0.0280811
0
6.12641e-320
0.0140406
0
0.0280811
0
0.0561622
0.0187207
0
0
0.0327613
0.0327613
0.0702028
0.0327613
0.074883
0.00936037
0
0
0.0140406
0
0.0468019
0
0.0421217
0
0
0
0.00936037
4.12644e-320
0.0655226
0.0655226
0.0936037
0.0655226
0.0655226
0
0.00468019
0
0.00936037
0
0.0140406
0
0
0
0.0810811
0.0917496
0.108393
0.0855619
0.0810811
0.00810811
0.00682788
0.0151494
0.00746799
0.121195
0.146373
0.127596
0.184993
0.110526
0.0394737
0.0213371
0.0174964
0.0285917
0.124395
0.11522
0.153201
0.179018
0.0885491
0.0294452
0.0416074
0.0407539
0.048862
0.106259
0.136558
0.138051
0.120768
0.0795875
0.086202
0.137838
0.148506
0.136771
0.113727
0.0499289
0.0311522
0.0437411
0.0360597
0.109033
0.195448
0.162589
0.136558
0.146799
0.0247511
0.0168563
0.0266714
0.0475818
0.105192
0.166216
0.123755
0.142959
0.11458
0.00981508
0.0162162
0.0100284
0.00832148
0.0704125
0.0802276
0.100498
0.0798009
0.0704125
0.0477625
0.0567337
0.052564
0.0548384
0.0477625
0.00796041
0.00669685
0.00909761
0.00720227
0.049026
0.0519322
0.054712
0.078846
0.0400548
0.0133937
0.0141518
0.0120038
0.0145309
0.0509213
0.0617879
0.0718964
0.0663367
0.0390439
0.0192061
0.0198378
0.0207223
0.0189534
0.0626724
0.0669685
0.060398
0.0581236
0.0399284
0.0466253
0.075308
0.0729072
0.0739181
0.0651995
0.0156681
0.013141
0.0156681
0.0184479
0.0505423
0.0821312
0.0846583
0.0691166
0.0616616
0.0088449
0.0106139
0.0133937
0.0137728
0.0416974
0.0811204
0.0548384
0.0528167
0.0462462
0.00555965
0.00518058
0.00808676
0.0045488
0.0439718
0.0491524
0.0496578
0.0485206
0.0439718
0.124704
0.124722
0.12473
0.12473
0.124704
0.0933076
2.17856e-05
2.17856e-05
2.90474e-05
0.0934169
0.0934492
0.093442
0.218084
0.0933984
4.35711e-05
0.0672993
5.80949e-05
3.26784e-05
0.0667292
0.0667474
0.191343
0.0667546
0.0666784
0.0673138
8.71423e-05
0.124091
7.62495e-05
0.0674554
0.192033
0.0674481
0.133999
0.0673864
0.0649174
0.189023
0.065019
0.13153
0.0649755
4.72021e-05
0.0665912
5.80949e-05
0.0648048
0.124157
0.124284
0.190796
0.124215
0.124191
4.35711e-05
3.63093e-05
0.0647758
3.26784e-05
0.0664351
0.133092
0.066475
0.0664678
0.0664569
2.17856e-05
2.90474e-05
1.81546e-05
0.0662826
0.066682
0.0667002
0.0667002
0.0667038
0.066682
0.106438
0.127303
0.115273
0.120562
0.106437
0.00948521
0.0091038
0.00783452
0.00939768
0.0884057
0.0855295
0.0944895
0.160684
0.0675407
0.0184577
0.0163756
0.0212776
0.0398166
0.0900876
0.115836
0.147937
0.120919
0.0720989
0.0255419
0.0321072
0.0645707
0.0254731
0.106188
0.126134
0.101355
0.105407
0.0624511
0.0799271
0.16083
0.114473
0.136738
0.126347
0.0303689
0.031113
0.0284806
0.0353148
0.144523
0.185984
0.216728
0.190942
0.164888
0.0229596
0.0186453
0.0252543
0.0390351
0.057574
0.142885
0.0895687
0.0779388
0.0679412
0.011461
0.0115736
0.0244852
0.00617758
0.100598
0.114254
0.112072
0.110965
0.100598
