0.370192
0.370192
0.370192
0.387821
0.370192
0.405449
0.370192
0.370192
0.163194
0.163462
0
0.0352564
0
0.0705128
0
0.317308
0.127671
0
0
0.0528846
0
0.105769
0
0.264423
0.0921474
0
0
0.0528846
0
0.141026
0
0.211538
0.0566239
0
0
0.123397
0.123397
0.176282
0
0.158654
0.0211004
0
0
0.0528846
0
0.176282
0
0.105769
0.00320513
0
0
0.0352564
0
0.246795
0.246795
0.0528846
0
0
0
0.0176282
0
0.0352564
0
0
0.370192
0.370192
0.370192
0.387821
0.370192
0.405449
0.370192
0.370192
0.163194
0.163462
0
0.0352564
0
0.0705128
0
0.317308
0.127671
0
0
0.0528846
0
0.105769
0
0.264423
0.0921474
0
0
0.0528846
0
0.141026
0
0.211538
0.0566239
0
0
0.123397
0.123397
0.176282
0
0.158654
0.0211004
0
0
0.0528846
0
0.176282
0
0.105769
0.00320513
0
0
0.0352564
0
0.246795
0.246795
0.0528846
0
0
0
0.0176282
0
0.0352564
0
0
0.370192
0.370192
0.370192
0.387821
0.370192
0.405449
0.370192
0.370192
0.163194
0.163462
0
0.0352564
0
0.0705128
0
0.317308
0.127671
0
0
0.0528846
0
0.105769
0
0.264423
0.0921474
0
0
0.0528846
0
0.141026
0
0.211538
0.0566239
0
0
0.123397
0.123397
0.176282
0
0.158654
0.0211004
0
0
0.0528846
0
0.176282
0
0.105769
0.00320513
0
0
0.0352564
0
0.246795
0.246795
0.0528846
0
0
0
0.0176282
0
0.0352564
0
0
0.370192
0.370192
0.370192
0.387821
0.370192
0.405449
0.370192
0.370192
0.163194
0.163462
0
0.0352564
0
0.0705128
0
0.317308
0.127671
0
0
0.0528846
0
0.105769
0
0.264423
0.0921474
0
0
0.0528846
0
0.141026
0
0.211538
0.0566239
0
0
0.123397
0.123397
0.176282
0
0.158654
0.0211004
0
0
0.0528846
0
0.176282
0
0.105769
0.00320513
0
0
0.0352564
0
0.246795
0.246795
0.0528846
0
0
0
0.0176282
0
0.0352564
0
0
0.370192
0.370192
0.370192
0.387821
0.370192
0.405449
0.370192
0.370192
0.163194
0.163462
0
0.0352564
0
0.0705128
0
0.317308
0.127671
0
0
0.0528846
0
0.105769
0
0.264423
0.0921474
0
0
0.0528846
0
0.141026
0
0.211538
0.0566239
0
0
0.123397
0.123397
0.176282
0
0.158654
0.0211004
0
0
0.0528846
0
0.176282
0
0.105769
0.00320513
0
0
0.0352564
0
0.246795
0.246795
0.0528846
0
0
0
0.0176282
0
0.0352564
0
0
0.361691
0.361691
0.361691
0.378914
0.361691
0.396138
0.361691
0.361691
0.170929
0.17119
0
0.0344468
0
0.0688935
0
0.310021
0.136221
0
0
0.0516701
0
0.10334
0
0.258351
0.101514
0
0
0.0516701
0
0.137787
0
0.206681
0.0668058
0
0
0.120564
0.120564
0.172234
0
0.15501
0.0320981
0
0
0.0516701
0
0.172234
0
0.10334
0.0146138
0
0
0.0344468
0
0.241127
0.241127
0.0516701
0
0
0
0.0172234
0
0.0344468
0
0
0.370192
0.370192
0.370192
0.387821
0.370192
0.405449
0.370192
0.370192
0.163194
0.163462
0
0.0352564
0
0.0705128
0
0.317308
0.127671
0
0
0.0528846
0
0.105769
0
0.264423
0.0921474
0
0
0.0528846
0
0.141026
0
0.211538
0.0566239
0
0
0.123397
0.123397
0.176282
0
0.158654
0.0211004
0
0
0.0528846
0
0.176282
0
0.105769
0.00320513
0
0
0.0352564
0
0.246795
0.246795
0.0528846
0
0
0
0.0176282
0
0.0352564
0
0
0.0617284
0.0617284
0.0617284
0.0676073
0.0617284
0.0676073
0.0617284
0.0617284
0.0205761
0.0205761
0
0.00881834
0
0.0117578
0
0.0529101
0.0146972
0
0
0.0117578
0
0.0176367
0
0.0440917
0.00881834
0
0
0.0117578
0
0.0235156
0
0.0352734
0.00881834
0
0
0.0235156
0.0235156
0.0293945
0
0.026455
0.00587889
0
0
0.00881834
0
0.0293945
0
0.0176367
0.00293945
0
0
0.00587889
0
0.0411523
0.0411523
0.00881834
0
0
0
0.00293945
0
0.00587889
0
0
0.0617284
0.0617284
0.0617284
0.0676073
0.0617284
0.0676073
0.0617284
0.0617284
0.0205761
0.0205761
0
0.00881834
0
0.0117578
0
0.0529101
0.0146972
0
0
0.0117578
0
0.0176367
0
0.0440917
0.00881834
0
0
0.0117578
0
0.0235156
0
0.0352734
0.00881834
0
0
0.0235156
0.0235156
0.0293945
0
0.026455
0.00587889
0
0
0.00881834
0
0.0293945
0
0.0176367
0.00293945
0
0
0.00587889
0
0.0411523
0.0411523
0.00881834
0
0
0
0.00293945
0
0.00587889
0
0
0.0671785
0.0671785
0.0671785
0.0729367
0.0671785
0.0735765
0.0671785
0.0671785
0.0255918
0.0255918
0
0.00927703
0
0.0127959
0
0.0575816
0.0191939
0
0
0.0127959
0
0.0191939
0
0.0479846
0.0127959
0
0
0.0127959
0
0.0255918
0
0.0383877
0.00959693
0
0
0.0255918
0.0255918
0.0319898
0
0.0287908
0.00639795
0
0
0.00959693
0
0.0319898
0
0.0191939
0.00319898
0
0
0.00639795
0
0.0447857
0.0447857
0.00959693
0
0
0
0.00319898
0
0.00639795
0
0
0.111111
0.111111
0.111111
0.121693
0.111111
0.121693
0.111111
0.111111
0.0364491
0.0367431
0
0.015873
0
0.021164
0
0.0952381
0.0255732
0
0
0.021164
0
0.031746
0
0.0793651
0.015873
0
0
0.021164
0
0.042328
0
0.0634921
0.015873
0
0
0.042328
0.042328
0.0529101
0
0.047619
0.010582
0
0
0.015873
0
0.0529101
0
0.031746
0.00529101
0
0
0.010582
0
0.0740741
0.0740741
0.015873
0
0
0
0.00529101
0
0.010582
0
0
0.153562
0.174228
0.178973
0.177678
0.173824
0.174648
0.174951
0.153562
0.153411
0.174076
0.0482816
0.0435696
0.0420045
0.0431152
0.0452356
0.131449
0.132291
0.158264
0.206546
0.065144
0.0670456
0.0658003
0.0659181
0.111692
0.112904
0.114609
0.159789
0.224933
0.0900505
0.086954
0.0876272
0.0903871
0.0900505
0.0911995
0.0906058
0.155682
0.245733
0.109471
0.110279
0.0655142
0.0671466
0.0701963
0.0690651
0.067601
0.160092
0.269562
0.133721
0.0399177
0.0450505
0.04783
0.0459592
0.0439734
0.0474233
0.156423
0.290144
0.0211874
0.0229375
0.0226515
0.0216081
0.0210191
0.0255123
0.0221634
0.155514
0.155514
0.125836
0.142807
0.144415
0.142665
0.143579
0.143469
0.143619
0.125836
0.124082
0.141054
0.036078
0.0338089
0.0363223
0.0359441
0.0353532
0.107076
0.106094
0.122448
0.158526
0.0523482
0.0531913
0.0530656
0.0523561
0.0896002
0.0864823
0.0875123
0.126214
0.178562
0.0713682
0.0714636
0.0701784
0.0724397
0.0704008
0.071967
0.0722821
0.122755
0.194123
0.0897827
0.0885444
0.0544362
0.0524677
0.0537034
0.0536089
0.0525137
0.126411
0.216194
0.106698
0.0358417
0.0361017
0.0362908
0.0346598
0.0349041
0.0359441
0.12535
0.232048
0.0180981
0.0188309
0.0180666
0.0177987
0.0170502
0.0180351
0.0177829
0.124355
0.124355
0.0828279
0.0946231
0.0975718
0.0959177
0.0957327
0.0927428
0.0931744
0.0828279
0.0782992
0.0900946
0.0282343
0.0242992
0.0280391
0.0213401
0.0226964
0.0724712
0.0671131
0.0780606
0.106295
0.0364539
0.037543
0.0314092
0.034584
0.0569259
0.0577427
0.0541415
0.0849685
0.121423
0.0483107
0.0464921
0.0429063
0.0420484
0.0461736
0.0425724
0.042853
0.0855792
0.13389
0.0594586
0.0562529
0.0329606
0.0343682
0.0311318
0.0289536
0.03799
0.0809631
0.140422
0.068644
0.0205025
0.0219258
0.0214121
0.0185763
0.027849
0.0222238
0.0854999
0.154144
0.00989435
0.0104903
0.0111478
0.0102951
0.0138654
0.0127918
0.0128588
0.0811075
0.0811078
0.103024
0.118185
0.118751
0.117363
0.117138
0.117433
0.11825
0.103024
0.100789
0.11595
0.0324292
0.0287417
0.027155
0.0290694
0.0307332
0.0873558
0.0882745
0.105735
0.138165
0.0435045
0.042907
0.0447957
0.0443781
0.0738715
0.0742441
0.073743
0.104903
0.148408
0.0585049
0.059006
0.0590252
0.0593464
0.0592244
0.0594557
0.0593172
0.100924
0.159429
0.0731006
0.0757024
0.0438706
0.0433888
0.0453482
0.0455948
0.0434659
0.100994
0.174095
0.0905872
0.0293456
0.0294869
0.0311122
0.0301636
0.0279965
0.0291143
0.103146
0.193734
0.0147049
0.0146471
0.0160283
0.0144883
0.0142616
0.0149555
0.0143066
0.104399
0.104399
0.0649246
0.0649464
0.0649392
0.158806
0.0649392
0.0649573
0.0649428
0.0649246
0.124042
0.124064
3.26784e-05
0.0939103
3.26784e-05
0.0674118
4.35711e-05
0.0649029
0.124027
0.000152499
0.000185177
0.0939394
4.72021e-05
0.0674372
6.17258e-05
0.0648847
0.124009
0.000108928
0.0658977
0.159837
6.17258e-05
0.0674627
7.98804e-05
0.0648665
0.123994
8.71423e-05
0.0658505
0.0940556
0.0941173
0.0674881
9.80351e-05
0.0648484
4.72021e-05
6.53567e-05
0.065836
8.71423e-05
0.0648593
0.132347
0.000123452
0.0648266
3.26784e-05
4.35711e-05
3.63093e-05
5.80949e-05
0.064783
0.0675462
0.0676696
0.0648085
1.45237e-05
2.17856e-05
1.45237e-05
2.90474e-05
1.45237e-05
3.26784e-05
0.0663952
0.0663952
0.167853
0.191955
0.191907
0.192
0.191904
0.191974
0.191949
0.167844
0.164922
0.189026
0.0480896
0.0482773
0.0481365
0.0482304
0.0482069
0.143692
0.140866
0.168677
0.216767
0.0724277
0.072193
0.0723573
0.0722869
0.119517
0.116831
0.12047
0.168325
0.240753
0.096273
0.0964608
0.0963903
0.0953655
0.0933158
0.0963903
0.0961791
0.168982
0.265255
0.120588
0.12047
0.0711903
0.0701042
0.0722869
0.0721461
0.0724042
0.168489
0.289077
0.144574
0.0475732
0.0469161
0.0481834
0.0480896
0.0482773
0.0481365
0.168818
0.313392
0.0237514
0.0230473
0.0241035
0.0240565
0.0241269
0.02408
0.0241035
0.168654
0.168654
0.133024
0.145025
0.144867
0.145664
0.154254
0.142514
0.149683
0.133024
0.0925856
0.104586
0.0234326
0.0258011
0.0497785
0.0194061
0.0341857
0.115844
0.0806324
0.0992332
0.122666
0.0402807
0.0695398
0.030546
0.051239
0.0971884
0.0674476
0.071861
0.0737874
0.114068
0.0990595
0.0401228
0.0712689
0.0766217
0.055684
0.0555498
0.0412597
0.0970542
0.196114
0.0519259
0.0853774
0.0595762
0.0409439
0.0444651
0.0298513
0.0433598
0.172492
0.224418
0.10442
0.0368147
0.0294328
0.0267011
0.0208667
0.0280196
0.051168
0.0740953
0.178516
0.0214825
0.0129163
0.0155138
0.00799771
0.0146927
0.0216167
0.0122295
0.121229
0.121229
0.126788
0.14459
0.143456
0.141486
0.144149
0.144495
0.142621
0.126788
0.113224
0.131026
0.0323901
0.0299325
0.0363444
0.0353519
0.0308147
0.108261
0.0973752
0.121951
0.154342
0.0441426
0.0544614
0.0532956
0.0458755
0.0888996
0.0806603
0.0870721
0.114279
0.158422
0.0725155
0.0703598
0.0609521
0.0710661
0.0642604
0.069727
0.0652529
0.105315
0.177831
0.0882099
0.0764225
0.0529175
0.0474037
0.0523977
0.0492469
0.0455132
0.125921
0.214132
0.0919716
0.0352101
0.0314291
0.0347532
0.0324374
0.0305942
0.0352416
0.124824
0.216796
0.0174711
0.0151553
0.0177547
0.0159588
0.0153759
0.0180068
0.0179123
0.108261
0.108261
0.111111
0.111111
0.111111
0.121693
0.111111
0.121693
0.111111
0.111111
0.0364491
0.0367431
0
0.015873
0
0.021164
0
0.0952381
0.0255732
0
0
0.021164
0
0.031746
0
0.0793651
0.015873
0
0
0.021164
0
0.042328
0
0.0634921
0.015873
0
0
0.042328
0.042328
0.0529101
0
0.047619
0.010582
0
0
0.015873
0
0.0529101
0
0.031746
0.00529101
0
0
0.010582
0
0.0740741
0.0740741
0.015873
0
0
0
0.00529101
0
0.010582
0
0
0.0975733
0.123294
0.107496
0.105322
0.118284
0.102066
0.106391
0.0975252
0.100985
0.126718
0.0164344
0.049087
0.0311389
0.0127583
0.0207593
0.0923354
0.0927679
0.0817395
0.098174
0.0603316
0.0387074
0.0270303
0.0391398
0.0847669
0.0674676
0.0523306
0.0774147
0.137746
0.0508169
0.0540605
0.0503844
0.0566555
0.0592504
0.0449784
0.0518981
0.127367
0.178184
0.0679
0.0568717
0.049087
0.0484383
0.0363287
0.026814
0.0575204
0.0940654
0.161965
0.0611965
0.0382749
0.0384911
0.0172994
0.0185968
0.0495195
0.0164344
0.0817395
0.142936
0.0324363
0.00691975
0.0105959
0.00864969
0.0185968
0.00648727
0.00864969
0.0899568
0.0899568
0.0425819
0.049026
0.0481415
0.0504159
0.0502896
0.0506686
0.0499105
0.0425819
0.0453617
0.0518058
0.0136464
0.0147836
0.0130146
0.0126356
0.0144045
0.0346215
0.0374013
0.0409392
0.0545857
0.0216068
0.0192061
0.0194588
0.0212278
0.0295672
0.0317153
0.030199
0.0470043
0.0686111
0.0279246
0.0240076
0.0260293
0.0238812
0.0241339
0.0259029
0.024513
0.045109
0.0730336
0.0285564
0.0315889
0.0176898
0.016679
0.0187006
0.0156681
0.0187006
0.0473834
0.0759398
0.0371486
0.0112457
0.0121301
0.0122565
0.0106139
0.0112457
0.0136464
0.0381594
0.075308
0.00555965
0.00480152
0.00720227
0.00505423
0.00593872
0.00530694
0.00480152
0.0419501
0.0419501
0.153562
0.174228
0.178973
0.177678
0.173824
0.174648
0.174951
0.153562
0.153411
0.174076
0.0482816
0.0435696
0.0420045
0.0431152
0.0452356
0.131449
0.132291
0.158264
0.206546
0.065144
0.0670456
0.0658003
0.0659181
0.111692
0.112904
0.114609
0.159789
0.224933
0.0900505
0.086954
0.0876272
0.0903871
0.0900505
0.0911995
0.0906058
0.155682
0.245733
0.109471
0.110279
0.0655142
0.0671466
0.0701963
0.0690651
0.067601
0.160092
0.269562
0.133721
0.0399177
0.0450505
0.04783
0.0459592
0.0439734
0.0474233
0.156423
0.290144
0.0211874
0.0229375
0.0226515
0.0216081
0.0210191
0.0255123
0.0221634
0.155514
0.155514
0.125785
0.142679
0.146559
0.1455
0.142349
0.143023
0.143271
0.125785
0.125807
0.142702
0.0394703
0.0356182
0.0343388
0.0352468
0.0369802
0.107708
0.108541
0.13005
0.16952
0.0532554
0.05481
0.0537919
0.0538882
0.0915563
0.0926913
0.0943629
0.131027
0.184282
0.0736165
0.0710851
0.0716354
0.0741393
0.0735538
0.0752261
0.0744695
0.127271
0.200887
0.0894927
0.0901531
0.0538057
0.0554344
0.0570662
0.0568598
0.055264
0.130875
0.220368
0.109317
0.0326328
0.0371866
0.0389613
0.0379708
0.0359484
0.0387687
0.127876
0.237193
0.0173207
0.0191092
0.0185176
0.0180636
0.0171831
0.0208564
0.0181187
0.127546
0.127546
0.0970724
0.0970724
0.0970724
0.106317
0.0970724
0.106317
0.0970724
0.0970724
0.0600924
0.0600924
0
0.0138675
0
0.01849
0
0.0832049
0.0508475
0
0
0.01849
0
0.027735
0
0.0693374
0.0416025
0
0
0.01849
0
0.03698
0
0.05547
0.0323575
0
0
0.03698
0.03698
0.046225
0
0.0416025
0.0231125
0
0
0.0138675
0
0.046225
0
0.027735
0.0138675
0
0
0.00924499
0
0.0647149
0.0647149
0.0138675
0.0046225
0
0
0.0046225
0
0.00924499
0
0
0
0
0
0
0
0
0
0
0
0
0
0
0
0
0
0
0
0
0
0
0
0
0
4.06063e-319
0
0
0
0
0
0
0
0
0
0
0
0
0
0
0
0
0
0
0
0
0
0
0
0
0
0
0
0
0
0
0
0
0
0
0
0
0
0
0
0
0
0
0
0
0
0
0
0
0
0
0
0
0
0
0
0
0
0
0
0
0
0
0
3.07427e-319
0
0
0
0
0
0
0
0
0
0
0
0
0
0
0
0
0
0
0
0
0
0
0
0
0
0
0
0
0
0
0
0
0
0
0
0
0
0
0
0
0
0
0
0
0
0
0
0
0
0
0
0
0
0
0
0
0
0
0
0
0
0
0
3.70401e-319
0
0
0
0
0
0
0
0
0
0
0
0
0
0
0
0
0
0
0
0
0
0
0
0
0
0
0
0
0
0
0
0
0
0
0
0
0
0
0
0
0
0
0
0
0
0
0
0
0
0
0
0
0
0
0
0
0
0
0
0
0
0
0
2.7722e-319
0
0
0
0
0
0
0
0
0
0
0
0
0
0
0
0
0
0
0
0
0
0
0
0
0
0
0
0
0
0
0
0
0
0
0
0
0
0
0
0
0.0970724
0.0970724
0.0970724
0.106317
0.0970724
0.106317
0.0970724
0.0970724
0.0600924
0.0600924
0
0.0138675
0
0.01849
0
0.0832049
0.0508475
0
0
0.01849
0
0.027735
0
0.0693374
0.0416025
0
0
0.01849
0
0.03698
0
0.05547
0.0323575
0
0
0.03698
0.03698
0.046225
0
0.0416025
0.0231125
0
0
0.0138675
0
0.046225
0
0.027735
0.0138675
0
0
0.00924499
0
0.0647149
0.0647149
0.0138675
0.0046225
0
0
0.0046225
0
0.00924499
0
0
0.122958
0.139491
0.143288
0.142251
0.139168
0.139828
0.14007
0.122958
0.123255
0.139787
0.0386256
0.0348559
0.0336039
0.0344924
0.0361888
0.105268
0.106358
0.127549
0.166175
0.0521156
0.0536369
0.0526407
0.0527349
0.0894622
0.0908489
0.092626
0.128077
0.180195
0.072041
0.0695638
0.0701023
0.0724179
0.0723776
0.0738989
0.0727291
0.124547
0.196588
0.0875774
0.0882236
0.0525195
0.0540543
0.0561276
0.0554956
0.0540812
0.128074
0.215652
0.106978
0.0319344
0.0361215
0.0382352
0.03701
0.035179
0.037939
0.124897
0.231875
0.01695
0.018431
0.0181213
0.0175289
0.0168154
0.02041
0.0177309
0.124184
0.124184
0.122958
0.139491
0.143288
0.142251
0.139168
0.139828
0.14007
0.122958
0.123255
0.139787
0.0386256
0.0348559
0.0336039
0.0344924
0.0361888
0.105268
0.106358
0.127549
0.166175
0.0521156
0.0536369
0.0526407
0.0527349
0.0894622
0.0908489
0.092626
0.128077
0.180195
0.072041
0.0695638
0.0701023
0.0724179
0.0723776
0.0738989
0.0727291
0.124547
0.196588
0.0875774
0.0882236
0.0525195
0.0540543
0.0561276
0.0554956
0.0540812
0.128074
0.215652
0.106978
0.0319344
0.0361215
0.0382352
0.03701
0.035179
0.037939
0.124897
0.231875
0.01695
0.018431
0.0181213
0.0175289
0.0168154
0.02041
0.0177309
0.124184
0.124184
0.125838
0.142818
0.144409
0.14266
0.143573
0.143462
0.143611
0.125833
0.124035
0.141018
0.0360678
0.0337993
0.036312
0.0359339
0.0353431
0.107061
0.106052
0.122468
0.158536
0.0523334
0.0531998
0.0530974
0.0523412
0.0895748
0.0864464
0.087519
0.12623
0.178569
0.0713864
0.0714897
0.0701664
0.0724192
0.0703695
0.0719781
0.0722616
0.122705
0.194091
0.0898032
0.0885272
0.0544207
0.0524415
0.0537039
0.0535937
0.052483
0.126407
0.216216
0.106675
0.0358315
0.0360809
0.0362805
0.03465
0.0348548
0.035926
0.125359
0.232034
0.018093
0.0188146
0.0180615
0.0177937
0.0170454
0.0180221
0.0177779
0.124327
0.124327
0.0825873
0.0943261
0.0972614
0.0956143
0.0954299
0.0924531
0.0928926
0.0825819
0.07806
0.0898025
0.0281493
0.0241908
0.0279549
0.0212449
0.0226053
0.0722609
0.0668954
0.0778196
0.105969
0.0362913
0.0373755
0.0313099
0.0344603
0.0567386
0.0575669
0.0539203
0.0847748
0.121066
0.048136
0.046346
0.0427455
0.0419068
0.0460494
0.0424029
0.0427245
0.08522
0.133356
0.0592955
0.056053
0.0328544
0.0342148
0.0310184
0.0288849
0.0378409
0.0806427
0.139938
0.0683888
0.0204113
0.0218279
0.0213421
0.0184934
0.0277452
0.0221246
0.0853149
0.153706
0.00985019
0.0104435
0.0111185
0.0102491
0.013824
0.0127347
0.0128958
0.0807961
0.0807961
0.103021
0.118181
0.118747
0.117359
0.117104
0.117423
0.118245
0.103021
0.100785
0.115946
0.0324216
0.0287407
0.027124
0.0290619
0.0307321
0.0873528
0.0882714
0.105732
0.138154
0.0435029
0.0428759
0.0447877
0.0443766
0.0738689
0.0742415
0.0737404
0.104865
0.148373
0.0584736
0.0589975
0.0590232
0.0593444
0.0592223
0.0594536
0.0593123
0.100909
0.159384
0.0730916
0.0756997
0.0438691
0.0433873
0.0453466
0.0455907
0.0434644
0.100962
0.174056
0.090584
0.0293446
0.0294859
0.0311111
0.03016
0.0279955
0.0291133
0.103136
0.19372
0.0147044
0.0146466
0.0160277
0.0144853
0.0142612
0.0149549
0.0143061
0.104395
0.104395
0.133124
0.152278
0.15224
0.152315
0.15224
0.152296
0.152278
0.133124
0.130946
0.150113
0.0382139
0.0383631
0.0382512
0.0383258
0.0383072
0.113933
0.111829
0.134038
0.172252
0.057554
0.0573675
0.0574981
0.0574421
0.0947236
0.0927301
0.0957307
0.133758
0.191312
0.0765025
0.0766517
0.0765957
0.0755327
0.0740044
0.0765957
0.0764279
0.13428
0.210783
0.0958239
0.0957307
0.0563231
0.0555771
0.0574421
0.0573302
0.0575354
0.133889
0.229713
0.114884
0.0375239
0.0369644
0.0382885
0.0382139
0.0383631
0.0382512
0.13415
0.249034
0.0187246
0.0182957
0.0191536
0.0191163
0.0191722
0.0191349
0.0191536
0.134019
0.134019
0
0
0
0
0
0
0
0
0
0
0
0
0
0
0
0
0
0
0
0
0
0
0
3.08292e-319
0
0
0
0
0
0
0
0
0
0
0
0
0
0
0
0
0
0
0
0
0
0
0
0
0
0
0
0
0
0
0
0
0
0
0
0
0
0
0
0
0
0
0
0
0
0
0
0
0
0
0
0
0
0
0
0
0
0
0
0
0
0
0
3.04656e-319
0
0
0
0
0
0
0
0
0
0
0
0
0
0
0
0
0
0
0
0
0
0
0
0
0
0
0
0
0
0
0
0
0
0
0
0
0
0
0
0
0.126764
0.144563
0.143429
0.14146
0.144122
0.144468
0.142594
0.126764
0.113202
0.131001
0.0323841
0.0299269
0.0363376
0.0353453
0.030809
0.108241
0.097357
0.121929
0.154313
0.0441343
0.0544512
0.0532857
0.0458669
0.0888829
0.0806452
0.0870558
0.114258
0.158392
0.0725019
0.0703598
0.0609407
0.0710528
0.0642484
0.069714
0.0652407
0.105295
0.177797
0.0882056
0.0764081
0.0529076
0.0473948
0.0523879
0.0492377
0.0455047
0.125898
0.214103
0.0919544
0.0352035
0.0314233
0.0347467
0.0324313
0.0305885
0.035235
0.124811
0.216765
0.0174679
0.0151525
0.0177514
0.0159558
0.015373
0.0180034
0.0179089
0.108241
0.108241
0.0982839
0.0982839
0.0982839
0.107644
0.0982839
0.107644
0.0982839
0.0982839
0.0590224
0.0608424
0
0.0140406
0
0.0187207
0
0.0842434
0.049402
0
0
0.0187207
0
0.0280811
0
0.0702028
0.0397816
0
0
0.0187207
0
0.0374415
0
0.0561622
0.0327613
0
0
0.0374415
0.0374415
0.0468019
0
0.0421217
0.0234009
0
0
0.0140406
0
0.0468019
0
0.0280811
0.0140406
0
0
0.00936037
0
0.0655226
0.0655226
0.0140406
0.00468019
0
0
0.00468019
0
0.00936037
0
0
0.0921764
0.117568
0.101991
0.0998578
0.11266
0.0966572
0.100925
0.0921764
0.0957089
0.121183
0.0162162
0.044808
0.0307255
0.0125889
0.0204836
0.0870555
0.0875889
0.0778805
0.0940967
0.0559033
0.0381935
0.0268848
0.0386202
0.0795875
0.0626126
0.048862
0.0763869
0.13229
0.0501422
0.0535562
0.0497155
0.0518492
0.0544927
0.0416074
0.0512091
0.119275
0.169417
0.0672119
0.0561166
0.0443812
0.0438122
0.0330725
0.026458
0.0539829
0.0928165
0.160028
0.0603841
0.0337127
0.0339853
0.0142959
0.0183499
0.0460882
0.0162162
0.0808677
0.141252
0.0279516
0.00682788
0.00746799
0.00853485
0.0155761
0.00640114
0.00853485
0.0887624
0.0887624
0.0425819
0.049026
0.0481415
0.0504159
0.0502896
0.0506686
0.0499105
0.0425819
0.0453617
0.0518058
0.0136464
0.0147836
0.0130146
0.0126356
0.0144045
0.0346215
0.0374013
0.0409392
0.0545857
0.0216068
0.0192061
0.0194588
0.0212278
0.0295672
0.0317153
0.030199
0.0470043
0.0686111
0.0279246
0.0240076
0.0260293
0.0238812
0.0241339
0.0259029
0.024513
0.045109
0.0730336
0.0285564
0.0315889
0.0176898
0.016679
0.0187006
0.0156681
0.0187006
0.0473834
0.0759398
0.0371486
0.0112457
0.0121301
0.0122565
0.0106139
0.0112457
0.0136464
0.0381594
0.075308
0.00555965
0.00480152
0.00720227
0.00505423
0.00593872
0.00530694
0.00480152
0.0419501
0.0419501
0.0649246
0.0649464
0.0649392
0.158806
0.0649392
0.0649573
0.0649426
0.0649242
0.12404
0.124063
3.26784e-05
0.0939103
3.26784e-05
0.0674118
4.35711e-05
0.0649023
0.124025
0.000152499
0.000185177
0.0939394
4.72021e-05
0.0674372
6.17258e-05
0.0648839
0.124007
0.000108928
0.0658977
0.159837
6.17258e-05
0.0674627
7.98804e-05
0.0648655
0.123992
8.71423e-05
0.0658505
0.0940556
0.0941173
0.0674881
9.80351e-05
0.0648472
4.72021e-05
6.53567e-05
0.065836
8.71423e-05
0.0648593
0.132347
0.000123452
0.0648252
3.26784e-05
4.35711e-05
3.63093e-05
5.80949e-05
0.064783
0.0675462
0.0676696
0.0648068
1.45237e-05
2.17856e-05
1.45237e-05
2.90474e-05
1.45237e-05
3.26784e-05
0.0663952
0.0663952
0.105475
0.115123
0.114854
0.115805
0.122289
0.113222
0.118668
0.105475
0.0733244
0.0829722
0.0188516
0.0207524
0.040048
0.0156003
0.0273489
0.0917321
0.0638579
0.0787332
0.0975856
0.0325573
0.0556983
0.0244227
0.0408546
0.0769697
0.0534161
0.0569113
0.0587308
0.0912881
0.0790768
0.0320071
0.0567174
0.0606816
0.0440997
0.0439934
0.0326761
0.0775199
0.156597
0.0413548
0.0678909
0.0471822
0.032426
0.0352147
0.0236411
0.0343393
0.137232
0.178587
0.0829722
0.0291559
0.0233097
0.0211463
0.0165257
0.0221905
0.0405232
0.0589121
0.141884
0.0170134
0.0102293
0.0122864
0.0063339
0.0116361
0.0171197
0.0096853
0.096284
0.096284
