0.370192
0.370192
0.0352564
0.0352564
0
0.0176282
0
0.0352564
0
0.484509
0.166934
0.0352564
0
0.0352564
0
0.0705128
0
0.317308
0.13141
0.0352564
0
0.0528846
0
0.105769
0
0.264423
0.0958868
0
0
0.0705128
0
0.141026
0
0.211538
0.0603632
0
0.123397
0.123397
0
0.176282
0
0.158654
0.0248397
0
0
0.0352564
0
0.211538
0
0.105769
0.00694444
0
0
0.0352564
0.246795
0.246795
0
0.0528846
0
0
0
0.0176282
0
0
0.370192
0.370192
0.0352564
0.0352564
0
0.0176282
0
0.0352564
0
0.484509
0.166934
0.0352564
0
0.0352564
0
0.0705128
0
0.317308
0.13141
0.0352564
0
0.0528846
0
0.105769
0
0.264423
0.0958868
0
0
0.0705128
0
0.141026
0
0.211538
0.0603632
0
0.123397
0.123397
0
0.176282
0
0.158654
0.0248397
0
0
0.0352564
0
0.211538
0
0.105769
0.00694444
0
0
0.0352564
0.246795
0.246795
0
0.0528846
0
0
0
0.0176282
0
0
0.370192
0.370192
0.0352564
0.0352564
0
0.0176282
0
0.0352564
0
0.484509
0.166934
0.0352564
0
0.0352564
0
0.0705128
0
0.317308
0.13141
0.0352564
0
0.0528846
0
0.105769
0
0.264423
0.0958868
0
0
0.0705128
0
0.141026
0
0.211538
0.0603632
0
0.123397
0.123397
0
0.176282
0
0.158654
0.0248397
0
0
0.0352564
0
0.211538
0
0.105769
0.00694444
0
0
0.0352564
0.246795
0.246795
0
0.0528846
0
0
0
0.0176282
0
0
0.370192
0.370192
0.0352564
0.0352564
0
0.0176282
0
0.0352564
0
0.484509
0.166934
0.0352564
0
0.0352564
0
0.0705128
0
0.317308
0.13141
0.0352564
0
0.0528846
0
0.105769
0
0.264423
0.0958868
0
0
0.0705128
0
0.141026
0
0.211538
0.0603632
0
0.123397
0.123397
0
0.176282
0
0.158654
0.0248397
0
0
0.0352564
0
0.211538
0
0.105769
0.00694444
0
0
0.0352564
0.246795
0.246795
0
0.0528846
0
0
0
0.0176282
0
0
0.370192
0.370192
0.0352564
0.0352564
0
0.0176282
0
0.0352564
0
0.484509
0.166934
0.0352564
0
0.0352564
0
0.0705128
0
0.317308
0.13141
0.0352564
0
0.0528846
0
0.105769
0
0.264423
0.0958868
0
0
0.0705128
0
0.141026
0
0.211538
0.0603632
0
0.123397
0.123397
0
0.176282
0
0.158654
0.0248397
0
0
0.0352564
0
0.211538
0
0.105769
0.00694444
0
0
0.0352564
0.246795
0.246795
0
0.0528846
0
0
0
0.0176282
0
0
0.361691
0.361691
0.0344468
0.0344468
0
0.0172234
0
0.0344468
0
0.484864
0.174582
0.0344468
0
0.0344468
0
0.0688935
0
0.310021
0.139875
0.0344468
0
0.0516701
0
0.10334
0
0.258351
0.105167
0
0
0.0688935
0
0.137787
0
0.206681
0.0704593
0
0.120564
0.120564
0
0.172234
0
0.15501
0.0357516
0
0
0.0344468
0
0.206681
0
0.10334
0.0182672
0
0
0.0344468
0.241127
0.241127
0
0.0516701
0.000782881
0
0
0.0172234
0
0
0.370192
0.370192
0.0352564
0.0352564
0
0.0176282
0
0.0352564
0
0.484509
0.166934
0.0352564
0
0.0352564
0
0.0705128
0
0.317308
0.13141
0.0352564
0
0.0528846
0
0.105769
0
0.264423
0.0958868
0
0
0.0705128
0
0.141026
0
0.211538
0.0603632
0
0.123397
0.123397
0
0.176282
0
0.158654
0.0248397
0
0
0.0352564
0
0.211538
0
0.105769
0.00694444
0
0
0.0352564
0.246795
0.246795
0
0.0528846
0
0
0
0.0176282
0
0
0.0617284
0.0617284
0.00587889
0.00587889
0
0.00293945
0
0.00587889
0
0.0764256
0.0235156
0.00587889
0
0.00587889
0
0.0117578
0
0.0529101
0.0176367
0.00587889
0
0.00881834
0
0.0176367
0
0.0440917
0.0117578
0
0
0.0117578
0
0.0235156
0
0.0352734
0.00881834
0
0.0205761
0.0205761
0
0.0293945
0
0.026455
0.00587889
0
0
0.00587889
0
0.0352734
0
0.0176367
0.00293945
0
0
0.00587889
0.0411523
0.0411523
0
0.00881834
0
0
0
0.00293945
0
0
0.0617284
0.0617284
0.00587889
0.00587889
0
0.00293945
0
0.00587889
0
0.0764256
0.0235156
0.00587889
0
0.00587889
0
0.0117578
0
0.0529101
0.0176367
0.00587889
0
0.00881834
0
0.0176367
0
0.0440917
0.0117578
0
0
0.0117578
0
0.0235156
0
0.0352734
0.00881834
0
0.0205761
0.0205761
0
0.0293945
0
0.026455
0.00587889
0
0
0.00587889
0
0.0352734
0
0.0176367
0.00293945
0
0
0.00587889
0.0411523
0.0411523
0
0.00881834
0
0
0
0.00293945
0
0
0.0671785
0.0671785
0.00639795
0.00639795
0
0.00319898
0
0.00639795
0
0.084453
0.0265515
0.00639795
0
0.00639795
0
0.0127959
0
0.0575816
0.0198337
0.00639795
0
0.00959693
0
0.0191939
0
0.0479846
0.0131158
0
0
0.0127959
0
0.0255918
0
0.0383877
0.00959693
0
0.0223928
0.0223928
0
0.0319898
0
0.0287908
0.00607806
0
0
0.00639795
0
0.0383877
0
0.0191939
0.00319898
0
0
0.00639795
0.0447857
0.0447857
0
0.00959693
0
0
0
0.00319898
0
0
0.111111
0.111111
0.010582
0.010582
0
0.00529101
0
0.010582
0
0.137566
0.042328
0.010582
0
0.010582
0
0.021164
0
0.0952381
0.031746
0.010582
0
0.015873
0
0.031746
0
0.0793651
0.021164
0
0
0.021164
0
0.042328
0
0.0634921
0.015873
0
0.037037
0.037037
0
0.0529101
0
0.047619
0.010582
0
0
0.010582
0
0.0634921
0
0.031746
0.00529101
0
0
0.010582
0.0740741
0.0740741
0
0.015873
0
0
0
0.00529101
0
0
0.160832
0.160832
0.0268418
0.0220961
0.0196559
0.0210527
0.0227019
0.0219783
0.0208508
0.304196
0.164837
0.0414828
0.0406077
0.0434686
0.0463968
0.0411631
0.0388407
0.139359
0.272659
0.158139
0.0643194
0.0661874
0.0675505
0.0619634
0.0604656
0.11526
0.114519
0.250866
0.156524
0.087055
0.0893773
0.0850019
0.0823224
0.0910266
0.0936518
0.0943418
0.230419
0.162027
0.112214
0.109016
0.101323
0.0721447
0.0708489
0.0719596
0.0683919
0.212311
0.159789
0.12916
0.121266
0.0509742
0.0483657
0.0477599
0.048147
0.0525224
0.173184
0.149961
0.144103
0.169028
0.167799
0.165965
0.171165
0.169061
0.167328
0.144104
0.125095
0.125095
0.0176569
0.0172472
0.0182163
0.0175702
0.0168611
0.017326
0.0173947
0.234038
0.126332
0.0348647
0.0348174
0.0358653
0.0356368
0.0341871
0.0365018
0.107706
0.213514
0.123488
0.0531755
0.053601
0.0534985
0.0518046
0.0548524
0.0888281
0.0900257
0.195652
0.12515
0.0709979
0.0716518
0.0696584
0.0726437
0.0712421
0.0722821
0.0705015
0.179839
0.124946
0.0899311
0.0872523
0.0906241
0.0517967
0.052884
0.0528052
0.0548931
0.162324
0.126584
0.104728
0.108967
0.0348568
0.0351089
0.035361
0.037055
0.0357392
0.140294
0.122779
0.126506
0.144084
0.143351
0.144533
0.145273
0.143146
0.144021
0.126506
0.0845746
0.0845746
0.0105725
0.0104697
0.0109013
0.0125554
0.0137267
0.0141994
0.0115588
0.157509
0.0827155
0.023699
0.0216278
0.0230922
0.0297036
0.0211963
0.024783
0.0747933
0.146274
0.0855621
0.0362382
0.0349699
0.04267
0.0321489
0.0341947
0.0637379
0.0607121
0.134288
0.0842715
0.0443302
0.0524616
0.0447147
0.0450449
0.0522048
0.0507458
0.0500163
0.112846
0.0793306
0.0597979
0.0536843
0.0572204
0.0388479
0.0402144
0.0389096
0.0335154
0.102741
0.0807068
0.0678426
0.0680295
0.026498
0.0261794
0.0244585
0.023056
0.0220337
0.094433
0.0835934
0.0786845
0.0919389
0.0906137
0.0895814
0.0883745
0.0894022
0.0895258
0.0786865
0.105838
0.105838
0.0157392
0.0143387
0.0140818
0.014403
0.0152253
0.0156621
0.0125014
0.195706
0.105035
0.0287546
0.0271293
0.0290501
0.0307461
0.02914
0.0264933
0.0906707
0.17351
0.100956
0.0428813
0.0447636
0.044391
0.0436715
0.0414873
0.0738072
0.0725545
0.158458
0.101007
0.0589738
0.0590427
0.0591537
0.0572779
0.0595135
0.059385
0.0574513
0.145649
0.103121
0.0757202
0.0736852
0.0711541
0.0453996
0.0456501
0.0434852
0.042528
0.134438
0.104398
0.0883323
0.085981
0.0311444
0.0301936
0.0280158
0.0291529
0.0300394
0.116804
0.103005
0.100577
0.116631
0.115083
0.114851
0.115545
0.11489
0.114376
0.100577
0.0647322
0.0647322
1.45237e-05
2.17856e-05
1.45237e-05
2.90474e-05
1.45237e-05
3.26784e-05
0.0669979
0.0650408
0.0649246
0.0675789
3.63093e-05
5.80949e-05
3.26784e-05
5.80949e-05
0.0670233
0.00011619
0.132583
0.0676878
5.0833e-05
0.124842
4.72021e-05
8.35114e-05
0.0670415
9.80351e-05
0.0648956
0.0659413
0.0658542
0.124871
6.17258e-05
0.0675135
0.0670596
7.98804e-05
0.0648811
8.71423e-05
0.190744
0.124955
7.62495e-05
0.0675462
0.0670778
6.17258e-05
0.0648665
6.53567e-05
0.0657888
0.000167023
0.000108928
0.0675716
0.0671032
3.99402e-05
0.064852
4.35711e-05
0.0657743
5.80949e-05
0.0676115
0.067597
0.0671214
0.0671431
0.0671359
0.0671431
0.132874
0.0671504
0.0671359
0.0671214
0.16917
0.16917
0.024033
0.02408
0.0240565
0.0241504
0.0240565
0.0241269
0.0241035
0.313298
0.168302
0.0481834
0.0480896
0.0483008
0.0481365
0.0482304
0.0482069
0.144996
0.288889
0.168654
0.0721461
0.0724277
0.072193
0.0723573
0.0718644
0.120822
0.120236
0.264716
0.168325
0.0965781
0.096273
0.0964608
0.0952169
0.096672
0.0961791
0.0963903
0.241128
0.168982
0.120353
0.120189
0.118475
0.0724981
0.0721226
0.0722869
0.0721461
0.216767
0.168489
0.143964
0.142532
0.0483243
0.0480896
0.0481834
0.0480896
0.0482773
0.191865
0.167785
0.165721
0.189897
0.189757
0.189829
0.189783
0.189855
0.189809
0.16573
0.144827
0.144827
0.0126242
0.0132953
0.00995569
0.0125058
0.0217983
0.00921355
0.0158138
0.205004
0.0779797
0.0248695
0.022272
0.0252958
0.0486889
0.0215693
0.0341462
0.127024
0.146651
0.0929882
0.0313356
0.0404228
0.0705109
0.0333014
0.0508522
0.105928
0.0536628
0.129977
0.0767322
0.0522022
0.101033
0.0430519
0.0714031
0.0812166
0.0439361
0.0532444
0.129029
0.0953173
0.12295
0.0552734
0.0867432
0.0638633
0.0322751
0.041007
0.033712
0.205138
0.175997
0.0638163
0.10746
0.0399254
0.0227299
0.0261406
0.0231405
0.0291407
0.0981924
0.0759752
0.125958
0.148317
0.135424
0.139664
0.135819
0.142103
0.148175
0.125958
0.124582
0.124582
0.0155964
0.0177232
0.0158327
0.0145094
0.0180225
0.018889
0.0156279
0.218381
0.111601
0.0349108
0.0326737
0.0299325
0.0355252
0.0374314
0.0315552
0.10678
0.200973
0.121038
0.0495462
0.0457968
0.0527443
0.0552964
0.04764
0.0888051
0.0799356
0.183534
0.114484
0.0609678
0.0701996
0.0728857
0.0633624
0.0712867
0.0639296
0.0690496
0.155838
0.106528
0.0881276
0.090531
0.0792739
0.0533902
0.047577
0.0519408
0.0493099
0.15505
0.124661
0.108397
0.095595
0.035982
0.0314764
0.0345642
0.0325319
0.0303894
0.145105
0.126152
0.110735
0.128757
0.125874
0.128395
0.127182
0.125906
0.129687
0.110735
0.111111
0.111111
0.010582
0.010582
0
0.00529101
0
0.010582
0
0.137566
0.042328
0.010582
0
0.010582
0
0.021164
0
0.0952381
0.031746
0.010582
0
0.015873
0
0.031746
0
0.0793651
0.021164
0
0
0.021164
0
0.042328
0
0.0634921
0.015873
0
0.037037
0.037037
0
0.0529101
0
0.047619
0.010582
0
0
0.010582
0
0.0634921
0
0.031746
0.00529101
0
0
0.010582
0.0740741
0.0740741
0
0.015873
0
0
0
0.00529101
0
0
0.104012
0.104012
0.00886593
0.00518981
0.00778472
0.00800096
0.0056223
0.00454109
0.0248679
0.160884
0.0864969
0.015137
0.0436809
0.0192456
0.0155694
0.026814
0.0333013
0.0743873
0.152667
0.0890918
0.0510332
0.0393561
0.0322201
0.0378424
0.0408698
0.0683325
0.0635752
0.157424
0.110284
0.0655214
0.0415185
0.0436809
0.0508169
0.0579529
0.0540605
0.0471408
0.144666
0.0953628
0.0501682
0.0521144
0.070495
0.0464921
0.0283277
0.0415185
0.0493032
0.0966603
0.0791446
0.0784959
0.0832532
0.0250841
0.0179481
0.0387074
0.0384911
0.0175156
0.11223
0.0899568
0.0880106
0.103148
0.0949303
0.119149
0.0970927
0.0992552
0.110284
0.0880106
0.049026
0.049026
0.00518058
0.00745499
0.00783405
0.00821312
0.00808676
0.00707592
0.00707592
0.0851637
0.0442245
0.0141518
0.0128883
0.0133937
0.0160472
0.013141
0.0118774
0.0409392
0.0725282
0.0409392
0.0181952
0.0213541
0.0237549
0.0184479
0.0192061
0.035885
0.0315889
0.066084
0.0457408
0.0261556
0.0293145
0.0232494
0.026282
0.0304517
0.0233758
0.0203433
0.0606507
0.0409392
0.0356323
0.0277983
0.0313362
0.0219859
0.0150363
0.0155418
0.0197115
0.0574918
0.0476361
0.0325998
0.0381384
0.0144045
0.0101085
0.0088449
0.0136464
0.00985574
0.0429609
0.0371486
0.0434523
0.0517988
0.0480152
0.0480152
0.0485206
0.0482679
0.0492787
0.0434664
0.160832
0.160832
0.0268418
0.0220961
0.0196559
0.0210527
0.0227019
0.0219783
0.0208508
0.304196
0.164837
0.0414828
0.0406077
0.0434686
0.0463968
0.0411631
0.0388407
0.139359
0.272659
0.158139
0.0643194
0.0661874
0.0675505
0.0619634
0.0604656
0.11526
0.114519
0.250866
0.156524
0.087055
0.0893773
0.0850019
0.0823224
0.0910266
0.0936518
0.0943418
0.230419
0.162027
0.112214
0.109016
0.101323
0.0721447
0.0708489
0.0719596
0.0683919
0.212311
0.159789
0.12916
0.121266
0.0509742
0.0483657
0.0477599
0.048147
0.0525224
0.173184
0.149961
0.144103
0.169028
0.167799
0.165965
0.171165
0.169061
0.167328
0.144104
0.132045
0.132045
0.0219433
0.0180636
0.0160688
0.0172107
0.0185589
0.0179673
0.0170456
0.24974
0.13525
0.0339123
0.0331969
0.0355357
0.0379295
0.0336509
0.0317524
0.11449
0.223395
0.129279
0.0525813
0.0541083
0.0552227
0.0506552
0.0499398
0.0947893
0.0941152
0.205083
0.127959
0.0711677
0.0730662
0.0694893
0.067288
0.0749785
0.0770559
0.0771247
0.188368
0.132457
0.0917352
0.0892726
0.0829716
0.0586758
0.0584144
0.0588272
0.0559106
0.174253
0.131316
0.10574
0.0992743
0.0415202
0.0400344
0.0390439
0.0393603
0.0429372
0.142418
0.122745
0.11837
0.138745
0.138237
0.136243
0.140495
0.138776
0.138048
0.118375
0.0970724
0.0970724
0.00924499
0.00924499
0
0.0046225
0
0.00924499
0
0.131741
0.0482794
0.00924499
0
0.00924499
0
0.01849
0
0.0832049
0.0387776
0.00924499
0
0.0138675
0
0.027735
0
0.0693374
0.0292758
0
0
0.01849
0
0.03698
0
0.05547
0.019774
0
0.0323575
0.0323575
0
0.046225
0
0.0416025
0.0102722
0
0
0.00924499
0
0.05547
0
0.027735
0.000770416
0
0
0.00924499
0.0647149
0.0647149
0
0.0138675
0
0
0
0.0046225
0
0
0
0
0
0
0
0
0
0
0
0
0
0
0
0
0
0
0
0
0
0
0
0
0
0
0
0
0
0
0
0
0
0
0
0
0
0
0
0
0
0
0
0
0
0
0
0
0
0
0
0
0
0
0
0
0
0
0
0
0
0
0
0
0
0
0
0
0
0
0
0
0
0
0
0
0
0
0
0
0
0
0
0
0
0
0
0
0
0
0
0
0
0
0
0
0
0
0
0
0
0
0
0
0
0
0
0
0
0
0
0
0
0
0
0
0
0
0
0
0
0
0
0
0
0
0
0
0
0
0
0
0
0
0
0
0
0
0
0
0
0
0
0
0
0
0
0
0
0
0
0
0
0
0
0
0
0
0
0
0
0
0
0
0
0
0
0
0
0
0
0
0
0
0
0
0
0
0
0
0
0
0
0
0
0
0
0
0
0
0
0
0
0
0
0
0
0
0
0
0
0
0
0
0
0
0
0
0
0
0
0
0
0
0
0
0
0
0
0
0
0
0
0
0
0
0
0
0
0
0
0
0
0
0
0
0
0
0
0
0
0
0
0
0
0
0
0
0
0
0
0
0
0
0
0
0
0
0.0970724
0.0970724
0.00924499
0.00924499
0
0.0046225
0
0.00924499
0
0.131741
0.0482794
0.00924499
0
0.00924499
0
0.01849
0
0.0832049
0.0387776
0.00924499
0
0.0138675
0
0.027735
0
0.0693374
0.0292758
0
0
0.01849
0
0.03698
0
0.05547
0.019774
0
0.0323575
0.0323575
0
0.046225
0
0.0416025
0.0102722
0
0
0.00924499
0
0.05547
0
0.027735
0.000770416
0
0
0.00924499
0.0647149
0.0647149
0
0.0138675
0
0
0
0.0046225
0
0
0.129474
0.129469
0.0214736
0.017677
0.0157249
0.0168423
0.0181617
0.0175828
0.0166808
0.244523
0.132234
0.0331865
0.0324864
0.0347752
0.0371177
0.0329307
0.0310728
0.112288
0.218492
0.126513
0.0514559
0.0529503
0.0540408
0.0495711
0.0485883
0.0930082
0.0919798
0.200694
0.12522
0.0696446
0.0715025
0.0680021
0.0660499
0.0736207
0.0752856
0.0754741
0.184296
0.129582
0.0897719
0.0873216
0.0814382
0.0576661
0.0570431
0.0575682
0.054714
0.169433
0.127455
0.103437
0.0973927
0.0407288
0.0390564
0.0382082
0.0385179
0.0419779
0.138279
0.120077
0.115784
0.135724
0.135105
0.133275
0.137436
0.135754
0.133991
0.115793
0.129474
0.129469
0.0214736
0.017677
0.0157249
0.0168423
0.0181617
0.0175828
0.0166808
0.244523
0.132234
0.0331865
0.0324864
0.0347752
0.0371177
0.0329307
0.0310728
0.112288
0.218492
0.126513
0.0514559
0.0529503
0.0540408
0.0495711
0.0485883
0.0930082
0.0919798
0.200694
0.12522
0.0696446
0.0715025
0.0680021
0.0660499
0.0736207
0.0752856
0.0754741
0.184296
0.129582
0.0897719
0.0873216
0.0814382
0.0576661
0.0570431
0.0575682
0.054714
0.169433
0.127455
0.103437
0.0973927
0.0407288
0.0390564
0.0382082
0.0385179
0.0419779
0.138279
0.120077
0.115784
0.135724
0.135105
0.133275
0.137436
0.135754
0.133991
0.115793
0.125075
0.125075
0.0176567
0.0172423
0.0182111
0.0175652
0.0168563
0.0173211
0.0174077
0.23402
0.126325
0.0348548
0.0348075
0.0358551
0.0356267
0.0341774
0.0365089
0.107691
0.213422
0.123398
0.0531604
0.0535858
0.0534834
0.0517899
0.0548539
0.0888186
0.0900238
0.195541
0.125115
0.0709777
0.0716315
0.0696522
0.0726397
0.0712298
0.0722616
0.0704263
0.179788
0.12491
0.0899056
0.0872415
0.0906145
0.0517899
0.052869
0.0527351
0.0548776
0.162278
0.126548
0.104713
0.108952
0.0348548
0.035099
0.0352954
0.0370445
0.0357291
0.140286
0.122775
0.126485
0.144066
0.143326
0.144492
0.145248
0.143121
0.143996
0.126485
0.084233
0.0842327
0.0105253
0.0104844
0.0108526
0.0124892
0.0136655
0.014136
0.0115277
0.156875
0.082379
0.0236384
0.0215722
0.0229883
0.029612
0.0211017
0.0246925
0.0744944
0.14573
0.0852609
0.0361174
0.0348129
0.0425205
0.0320668
0.0341288
0.063483
0.0604687
0.133827
0.0839977
0.0441418
0.0522684
0.0446072
0.0449561
0.0520011
0.0505466
0.0498289
0.112463
0.079032
0.059633
0.0535368
0.0570773
0.0387035
0.0400466
0.0387666
0.0334272
0.102445
0.0804614
0.0676932
0.0678279
0.0264206
0.026074
0.02438
0.0230145
0.0219814
0.0942187
0.0834147
0.0784353
0.0916715
0.0903318
0.0893143
0.0880821
0.0891461
0.0892407
0.0784407
0.105834
0.105834
0.0157387
0.0143382
0.0140684
0.0143896
0.0152247
0.0156616
0.0124881
0.195667
0.104999
0.0287411
0.0271155
0.0290362
0.030745
0.029139
0.0264795
0.0906675
0.173464
0.100927
0.042867
0.0447492
0.0443894
0.04367
0.041473
0.0738047
0.0725327
0.158426
0.100986
0.0589589
0.059036
0.0591517
0.057263
0.0595114
0.0593829
0.0574365
0.145625
0.1031
0.0757126
0.0736826
0.0711387
0.045398
0.0456485
0.0434837
0.0425211
0.134427
0.104389
0.0883292
0.0859652
0.0311433
0.0301925
0.0280148
0.0291461
0.0300384
0.1168
0.103
0.10056
0.116614
0.115066
0.114834
0.115528
0.114873
0.114359
0.100562
0.13443
0.13443
0.0190976
0.0191349
0.0191163
0.0191909
0.0191163
0.0191722
0.0191536
0.248959
0.133739
0.0382885
0.0382139
0.0383818
0.0382512
0.0383258
0.0383072
0.11522
0.229563
0.134019
0.0573302
0.057554
0.0573675
0.0574981
0.0571624
0.0960104
0.0955442
0.210354
0.133758
0.0767449
0.0765025
0.0766517
0.0757005
0.0768195
0.0764279
0.0765957
0.191611
0.13428
0.0956374
0.0955442
0.0943506
0.05761
0.0573116
0.0574421
0.0573302
0.172252
0.133889
0.114306
0.113168
0.0384004
0.0382139
0.0382885
0.0382139
0.0383631
0.15224
0.133105
0.131576
0.150786
0.150674
0.15073
0.150692
0.150748
0.150711
0.131576
0
0
0
0
0
0
0
0
0
0
0
0
0
0
0
0
0
0
0
0
0
0
0
0
0
0
0
0
0
0
0
0
0
0
0
0
0
0
0
0
0
0
0
0
0
0
0
0
0
0
0
0
0
0
0
0
0
0
0
0
0
0
0
0
0
0
0
0
0
0
0
0
0
0
0
0
0
0
0
0
0
0
0
0
0
0
0
0
0
0
0
0
0
0
0
0
0
0
0
0
0
0
0
0
0
0
0
0
0
0
0
0
0
0
0
0
0
0
0
0
0
0
0
0
0
0
0
0
0.124559
0.124559
0.0155935
0.0177199
0.0158298
0.0145067
0.0180192
0.0188855
0.015625
0.21834
0.11158
0.0349042
0.0326676
0.0299269
0.0355185
0.0374244
0.0315493
0.10676
0.200936
0.121015
0.0495369
0.0457882
0.0527344
0.055286
0.047631
0.0887884
0.0799206
0.183499
0.114463
0.0609564
0.0701865
0.0728642
0.0633506
0.0712733
0.0639176
0.0690367
0.155809
0.106508
0.0881111
0.0905053
0.0792591
0.0533802
0.047568
0.0519311
0.0493007
0.155021
0.124638
0.108367
0.0955771
0.0359753
0.0314705
0.0345577
0.0325258
0.0303837
0.145067
0.126118
0.110714
0.128733
0.125851
0.128371
0.127158
0.125882
0.129662
0.110714
0.0982839
0.0982839
0.00936037
0.00936037
0
0.00468019
0
0.00936037
0
0.135725
0.0514821
0.00936037
0
0.00936037
0
0.0187207
0
0.0842434
0.0421217
0.00936037
0
0.0140406
0
0.0280811
0
0.0702028
0.0325013
0
0
0.0187207
0
0.0374415
0
0.0561622
0.0228809
0
0.0327613
0.0327613
0
0.0468019
0
0.0421217
0.0132605
0
0
0.00936037
0
0.0561622
0
0.0280811
0.00364015
0
0
0.00936037
0.0655226
0.0655226
0
0.0140406
0
0
0
0.00468019
0
0
0.0983642
0.0983642
0.00874822
0.00512091
0.00768137
0.00789474
0.00554765
0.0044808
0.0245377
0.154481
0.0853485
0.0140825
0.043101
0.01899
0.0153627
0.026458
0.0328592
0.0691323
0.145733
0.0830014
0.0503556
0.0392603
0.0317923
0.03734
0.0403272
0.0631579
0.0627312
0.151707
0.109246
0.0650782
0.0409673
0.043101
0.0501422
0.0529161
0.0533428
0.0424609
0.143599
0.0945235
0.0495021
0.0514225
0.069559
0.0416074
0.0279516
0.0369132
0.0490754
0.095377
0.0780939
0.0774538
0.0808677
0.0204836
0.0177098
0.0341394
0.0384068
0.0172831
0.109673
0.0876956
0.0855619
0.0960171
0.0923898
0.112233
0.0945235
0.0966572
0.107539
0.0855619
0.049026
0.049026
0.00518058
0.00745499
0.00783405
0.00821312
0.00808676
0.00707592
0.00707592
0.0851637
0.0442245
0.0141518
0.0128883
0.0133937
0.0160472
0.013141
0.0118774
0.0409392
0.0725282
0.0409392
0.0181952
0.0213541
0.0237549
0.0184479
0.0192061
0.035885
0.0315889
0.066084
0.0457408
0.0261556
0.0293145
0.0232494
0.026282
0.0304517
0.0233758
0.0203433
0.0606507
0.0409392
0.0356323
0.0277983
0.0313362
0.0219859
0.0150363
0.0155418
0.0197115
0.0574918
0.0476361
0.0325998
0.0380682
0.0144045
0.0101085
0.0088449
0.0136464
0.00985574
0.0429609
0.0371486
0.0433821
0.0517286
0.047945
0.047952
0.0484644
0.0482187
0.0492366
0.0434664
0.0647322
0.0647322
1.45237e-05
2.17856e-05
1.45237e-05
2.90474e-05
1.45237e-05
3.26784e-05
0.0669979
0.0650408
0.0649246
0.0675789
3.63093e-05
5.80949e-05
3.26784e-05
5.80949e-05
0.0670233
0.00011619
0.132583
0.0676878
5.0833e-05
0.124842
4.72021e-05
8.35114e-05
0.0670415
9.80351e-05
0.0648956
0.0659413
0.0658542
0.124871
6.17258e-05
0.0675135
0.0670596
7.98804e-05
0.0648811
8.71423e-05
0.190744
0.124955
7.62495e-05
0.0675462
0.0670778
6.17258e-05
0.0648665
6.53567e-05
0.0657888
0.000167023
0.000108928
0.0675716
0.0671032
3.99402e-05
0.064852
4.35711e-05
0.0657743
5.80949e-05
0.0676115
0.067597
0.0671214
0.0671431
0.0671359
0.0671431
0.132874
0.0671504
0.0671359
0.0671214
0.114842
0.114842
0.00999793
0.0109108
0.00788454
0.0101254
0.0172635
0.00744061
0.012524
0.162743
0.0621447
0.0200771
0.0181263
0.020255
0.0388975
0.0172134
0.0270425
0.100598
0.116824
0.0743248
0.0253043
0.0322353
0.0561797
0.0265048
0.0402731
0.0838913
0.042499
0.103424
0.0612568
0.0415646
0.0803523
0.0342268
0.0565486
0.0643206
0.0347958
0.0421676
0.102412
0.0757104
0.0977096
0.0439058
0.0686974
0.0505774
0.0255607
0.0324761
0.0266987
0.162799
0.139721
0.0506712
0.0851043
0.0316195
0.0180013
0.0207024
0.0183264
0.0230784
0.077895
0.0603002
0.0997542
0.117462
0.107251
0.110609
0.107564
0.112541
0.117349
0.0997542
