0.137019
0.0328526
0.0328526
0.03125
0.0280449
0.0224359
0.0208333
0.00641026
0.121795
0.096688
0.0304487
0.0272436
0.0336538
0.0224359
0.0320513
0.00641026
0.104968
0.0769231
0.0264423
0.0272436
0.0392628
0.0224359
0.0432692
0.00641026
0.088141
0.0659722
0.0272436
0.0232372
0.0448718
0.0224359
0.0544872
0.00641026
0.0713141
0.0550214
0.0272436
0.025641
0.0633013
0.0224359
0.0657051
0.00641026
0.0544872
0.0443376
0.0264423
0.0248397
0.0360577
0.0168269
0.0763889
0.00641026
0.0376603
0.0344551
0.025641
0.0240385
0.0304487
0.0184295
0.09375
0.00560897
0.0200321
0.025641
0.0232372
0.0224359
0.0232372
0.0176282
0.0152244
0
0.137019
0.0328526
0.0328526
0.03125
0.0280449
0.0224359
0.0208333
0.00641026
0.121795
0.096688
0.0304487
0.0272436
0.0336538
0.0224359
0.0320513
0.00641026
0.104968
0.0769231
0.0264423
0.0272436
0.0392628
0.0224359
0.0432692
0.00641026
0.088141
0.0659722
0.0272436
0.0232372
0.0448718
0.0224359
0.0544872
0.00641026
0.0713141
0.0550214
0.0272436
0.025641
0.0633013
0.0224359
0.0657051
0.00641026
0.0544872
0.0443376
0.0264423
0.0248397
0.0360577
0.0168269
0.0763889
0.00641026
0.0376603
0.0344551
0.025641
0.0240385
0.0304487
0.0184295
0.09375
0.00560897
0.0200321
0.025641
0.0232372
0.0224359
0.0232372
0.0176282
0.0152244
0
0.137019
0.0328526
0.0328526
0.03125
0.0280449
0.0224359
0.0208333
0.00641026
0.121795
0.096688
0.0304487
0.0272436
0.0336538
0.0224359
0.0320513
0.00641026
0.104968
0.0769231
0.0264423
0.0272436
0.0392628
0.0224359
0.0432692
0.00641026
0.088141
0.0659722
0.0272436
0.0232372
0.0448718
0.0224359
0.0544872
0.00641026
0.0713141
0.0550214
0.0272436
0.025641
0.0633013
0.0224359
0.0657051
0.00641026
0.0544872
0.0443376
0.0264423
0.0248397
0.0360577
0.0168269
0.0763889
0.00641026
0.0376603
0.0344551
0.025641
0.0240385
0.0304487
0.0184295
0.09375
0.00560897
0.0200321
0.025641
0.0232372
0.0224359
0.0232372
0.0176282
0.0152244
0
0.137019
0.0328526
0.0328526
0.03125
0.0280449
0.0224359
0.0208333
0.00641026
0.121795
0.096688
0.0304487
0.0272436
0.0336538
0.0224359
0.0320513
0.00641026
0.104968
0.0769231
0.0264423
0.0272436
0.0392628
0.0224359
0.0432692
0.00641026
0.088141
0.0659722
0.0272436
0.0232372
0.0448718
0.0224359
0.0544872
0.00641026
0.0713141
0.0550214
0.0272436
0.025641
0.0633013
0.0224359
0.0657051
0.00641026
0.0544872
0.0443376
0.0264423
0.0248397
0.0360577
0.0168269
0.0763889
0.00641026
0.0376603
0.0344551
0.025641
0.0240385
0.0304487
0.0184295
0.09375
0.00560897
0.0200321
0.025641
0.0232372
0.0224359
0.0232372
0.0176282
0.0152244
0
0.137019
0.0328526
0.0328526
0.03125
0.0280449
0.0224359
0.0208333
0.00641026
0.121795
0.096688
0.0304487
0.0272436
0.0336538
0.0224359
0.0320513
0.00641026
0.104968
0.0769231
0.0264423
0.0272436
0.0392628
0.0224359
0.0432692
0.00641026
0.088141
0.0659722
0.0272436
0.0232372
0.0448718
0.0224359
0.0544872
0.00641026
0.0713141
0.0550214
0.0272436
0.025641
0.0633013
0.0224359
0.0657051
0.00641026
0.0544872
0.0443376
0.0264423
0.0248397
0.0360577
0.0168269
0.0763889
0.00641026
0.0376603
0.0344551
0.025641
0.0240385
0.0304487
0.0184295
0.09375
0.00560897
0.0200321
0.025641
0.0232372
0.0224359
0.0232372
0.0176282
0.0152244
0
0.133873
0.0320981
0.0320981
0.0305324
0.0274008
0.0219207
0.0203549
0.00626305
0.118998
0.0962944
0.0297495
0.026618
0.032881
0.0219207
0.0313152
0.00626305
0.102557
0.0767223
0.0258351
0.026618
0.0383612
0.0219207
0.0422756
0.00626305
0.0861169
0.065762
0.026618
0.0227035
0.0438413
0.0219207
0.0532359
0.00626305
0.0696764
0.0548017
0.026618
0.0250522
0.0618476
0.0219207
0.0641962
0.00626305
0.0532359
0.0438413
0.026618
0.0250522
0.0360125
0.0172234
0.0751566
0.00626305
0.0367954
0.032881
0.0250522
0.0234864
0.0297495
0.0180063
0.0915971
0.00548017
0.019572
0.0242693
0.0229645
0.0219207
0.0227035
0.0172234
0.0148747
0
0.137019
0.0328526
0.0328526
0.03125
0.0280449
0.0224359
0.0208333
0.00641026
0.121795
0.096688
0.0304487
0.0272436
0.0336538
0.0224359
0.0320513
0.00641026
0.104968
0.0769231
0.0264423
0.0272436
0.0392628
0.0224359
0.0432692
0.00641026
0.088141
0.0659722
0.0272436
0.0232372
0.0448718
0.0224359
0.0544872
0.00641026
0.0713141
0.0550214
0.0272436
0.025641
0.0633013
0.0224359
0.0657051
0.00641026
0.0544872
0.0443376
0.0264423
0.0248397
0.0360577
0.0168269
0.0763889
0.00641026
0.0376603
0.0344551
0.025641
0.0240385
0.0304487
0.0184295
0.09375
0.00560897
0.0200321
0.025641
0.0232372
0.0224359
0.0232372
0.0176282
0.0152244
0
0.150794
0.0361552
0.0361552
0.0352734
0.031746
0.0246914
0.0229277
0.00705467
0.134039
0.0855379
0.0335097
0.0299824
0.0379189
0.0246914
0.0352734
0.00705467
0.11552
0.0670194
0.0291005
0.0299824
0.0440917
0.0246914
0.047619
0.00705467
0.0961199
0.0582011
0.0291005
0.0246914
0.0493827
0.0238095
0.0590829
0.00646678
0.0784832
0.0520282
0.0299824
0.0282187
0.0705467
0.0246914
0.0723104
0.00705467
0.0599647
0.0485009
0.0291005
0.0273369
0.0396825
0.0185185
0.0837743
0.00617284
0.0414462
0.0405644
0.0282187
0.026455
0.0335097
0.0202822
0.104056
0.00705467
0.0220459
0.0299824
0.0273369
0.026455
0.026455
0.0202822
0.0167549
0
0.150794
0.0361552
0.0361552
0.0352734
0.031746
0.0246914
0.0229277
0.00705467
0.134039
0.0855379
0.0335097
0.0299824
0.0379189
0.0246914
0.0352734
0.00705467
0.11552
0.0670194
0.0291005
0.0299824
0.0440917
0.0246914
0.047619
0.00705467
0.0961199
0.0582011
0.0291005
0.0246914
0.0493827
0.0238095
0.0590829
0.00646678
0.0784832
0.0520282
0.0299824
0.0282187
0.0705467
0.0246914
0.0723104
0.00705467
0.0599647
0.0485009
0.0291005
0.0273369
0.0396825
0.0185185
0.0837743
0.00617284
0.0414462
0.0405644
0.0282187
0.026455
0.0335097
0.0202822
0.104056
0.00705467
0.0220459
0.0299824
0.0273369
0.026455
0.026455
0.0202822
0.0167549
0
0.164107
0.0393474
0.0393474
0.0383877
0.0345489
0.0268714
0.024952
0.00767754
0.145873
0.0943698
0.0364683
0.0326296
0.0412668
0.0268714
0.0383877
0.00767754
0.12572
0.0742163
0.0316699
0.0326296
0.0479846
0.0268714
0.0518234
0.00767754
0.105566
0.0646193
0.0326296
0.0278311
0.0547025
0.0268714
0.0652591
0.00767754
0.0854127
0.0550224
0.0319898
0.0303903
0.0767754
0.0268714
0.0786948
0.00767754
0.0652591
0.0489443
0.0307102
0.0287908
0.0425464
0.0201536
0.0911708
0.00671785
0.0451056
0.0431862
0.0307102
0.0287908
0.0364683
0.0220729
0.113244
0.00767754
0.0239923
0.0326296
0.0297505
0.0287908
0.0287908
0.0220729
0.0182342
0
0.150794
0.0361552
0.0361552
0.0352734
0.031746
0.0246914
0.0229277
0.00705467
0.134039
0.0855379
0.0335097
0.0299824
0.0379189
0.0246914
0.0352734
0.00705467
0.11552
0.0670194
0.0291005
0.0299824
0.0440917
0.0246914
0.047619
0.00705467
0.0961199
0.0582011
0.0291005
0.0246914
0.0493827
0.0238095
0.0590829
0.00646678
0.0784832
0.0520282
0.0291005
0.0273369
0.0696649
0.0238095
0.0714286
0.00617284
0.0599647
0.0485009
0.0291005
0.0273369
0.0396825
0.0185185
0.0837743
0.00617284
0.0414462
0.0414462
0.0291005
0.0273369
0.0335097
0.0202822
0.104056
0.00705467
0.0220459
0.0299824
0.0273369
0.026455
0.026455
0.0202822
0.0167549
0
0.209476
0.0745737
0.111431
0.127879
0.129929
0.119021
0.0921232
0.0513865
0.209122
0.254111
0.132616
0.149456
0.154207
0.142814
0.117156
0.0759789
0.181015
0.22426
0.283084
0.178662
0.183873
0.172197
0.143961
0.102551
0.156288
0.198507
0.224411
0.297136
0.210631
0.200085
0.172845
0.129418
0.129034
0.168544
0.195547
0.204519
0.295765
0.222924
0.19615
0.154668
0.10277
0.143582
0.167895
0.177624
0.173928
0.279327
0.219205
0.176068
0.078635
0.120985
0.147128
0.158521
0.153851
0.136489
0.251786
0.204152
0.0517623
0.0921625
0.119156
0.129371
0.127687
0.107994
0.0745241
0.204118
0.167056
0.0597794
0.0868124
0.102461
0.104805
0.0950604
0.0735572
0.0408829
0.167197
0.202547
0.107543
0.122156
0.124332
0.115894
0.0953493
0.0612948
0.147058
0.179007
0.227329
0.14356
0.145686
0.136633
0.116145
0.0816739
0.125936
0.15824
0.179896
0.239969
0.167706
0.158183
0.13719
0.102501
0.104494
0.136528
0.156825
0.165626
0.237395
0.177748
0.1575
0.122924
0.0830401
0.115526
0.136406
0.145741
0.142897
0.226331
0.178315
0.143939
0.0624833
0.095464
0.115488
0.124913
0.121581
0.107314
0.202531
0.164955
0.0417023
0.0746879
0.0956447
0.105549
0.102116
0.0868045
0.05974
0.164607
0.10895
0.0395312
0.0571682
0.0660334
0.0680592
0.0621465
0.0478909
0.0268944
0.108981
0.132871
0.0701229
0.0791303
0.0828108
0.0780768
0.0635144
0.0412342
0.0950694
0.116646
0.14889
0.0946222
0.0978227
0.0911292
0.076611
0.0547195
0.0814683
0.101999
0.116782
0.155866
0.109625
0.104056
0.0902658
0.0679544
0.067947
0.0878933
0.100677
0.107454
0.155589
0.116393
0.103387
0.082151
0.0546407
0.0754942
0.0880271
0.0933045
0.0927665
0.147344
0.116174
0.0956574
0.0407744
0.0620874
0.0747042
0.0799887
0.0777994
0.0680934
0.130348
0.108921
0.027343
0.0489355
0.0622815
0.0679273
0.0653784
0.0552075
0.0374823
0.108905
0.136984
0.0486438
0.0705341
0.0827218
0.0850977
0.0779637
0.0609589
0.0343468
0.13654
0.165489
0.0871124
0.0997834
0.101227
0.0946708
0.0772549
0.0510528
0.120228
0.14744
0.185618
0.117423
0.119856
0.112728
0.0952351
0.0679848
0.102621
0.130075
0.146348
0.195544
0.137318
0.129327
0.112801
0.0849489
0.0856288
0.113291
0.130141
0.137277
0.1964
0.147248
0.130553
0.103065
0.0684784
0.0948464
0.112809
0.119579
0.117159
0.18542
0.145991
0.119999
0.0516835
0.078065
0.0958564
0.102419
0.100983
0.0879683
0.166255
0.137136
0.0341855
0.0611356
0.0782185
0.0854832
0.0832208
0.0707333
0.0488376
0.136797
0.105425
0.0263817
0.0267854
0.0422955
0.0534896
0.0533529
0.0377841
0.0155712
0.105823
0.131487
0.0648883
0.0603146
0.0693241
0.0648109
0.0604755
0.0224476
0.0946099
0.11592
0.141051
0.0964278
0.11072
0.0838575
0.065384
0.0430489
0.0744457
0.105407
0.108015
0.14118
0.136719
0.0950123
0.0767663
0.0447282
0.0632784
0.084901
0.0860651
0.108026
0.169266
0.126436
0.0777769
0.055319
0.0327849
0.0541426
0.0551066
0.0767284
0.0763869
0.148877
0.088896
0.0667044
0.0216579
0.0542642
0.054634
0.054795
0.0543859
0.054542
0.0999649
0.0775451
0.011087
0.032613
0.0436819
0.0436105
0.0329047
0.0218509
0.022162
0.0777884
0.22475
0.0803292
0.116461
0.136512
0.14058
0.128497
0.100419
0.0562257
0.224664
0.271895
0.144578
0.16457
0.168752
0.15659
0.128556
0.0843464
0.196473
0.239887
0.304172
0.192628
0.196919
0.184656
0.156684
0.112448
0.167662
0.211291
0.239517
0.319557
0.22479
0.212527
0.184676
0.14049
0.139191
0.182917
0.211083
0.223029
0.320186
0.239842
0.212034
0.167801
0.111215
0.15512
0.183311
0.195312
0.191742
0.303662
0.240076
0.195841
0.0840492
0.127973
0.156043
0.167981
0.164123
0.143878
0.272124
0.223839
0.0549779
0.0992537
0.127531
0.139749
0.135962
0.116003
0.0800358
0.224211
0.183654
0.0492784
0.070132
0.0800438
0.0823575
0.0819614
0.0562774
0.0344725
0.177473
0.146229
0.0847212
0.092979
0.101057
0.112336
0.0714899
0.0555748
0.158146
0.139378
0.176873
0.113821
0.119339
0.147621
0.0870222
0.0783152
0.13305
0.125945
0.142772
0.171876
0.135919
0.17444
0.100246
0.0946317
0.114173
0.108494
0.129029
0.129882
0.189711
0.206448
0.111236
0.119618
0.0854668
0.0973305
0.11146
0.117825
0.120553
0.284146
0.125972
0.13365
0.0691898
0.0815403
0.101652
0.106237
0.110599
0.113911
0.14021
0.160667
0.0411005
0.0683687
0.0805337
0.090925
0.0893525
0.0839089
0.049139
0.161182
0.165999
0.0570608
0.0831153
0.0961858
0.0979266
0.0914176
0.0713497
0.0393613
0.164222
0.185647
0.102272
0.114854
0.116293
0.11283
0.0919217
0.0584971
0.144125
0.164576
0.21767
0.133147
0.132491
0.133554
0.1112
0.0757293
0.123346
0.145207
0.170173
0.220089
0.149505
0.153696
0.131749
0.0943452
0.102787
0.12699
0.150456
0.155681
0.210111
0.17573
0.152938
0.11247
0.0817079
0.107883
0.130561
0.136547
0.129986
0.224539
0.173055
0.130737
0.0609232
0.0884585
0.110099
0.116926
0.111829
0.10337
0.198753
0.1496
0.0397735
0.0701156
0.0897267
0.0984124
0.095343
0.0834671
0.0575177
0.14856
0.150794
0.0361552
0.0361552
0.0352734
0.031746
0.0246914
0.0229277
0.00705467
0.134039
0.0855379
0.0335097
0.0299824
0.0379189
0.0246914
0.0352734
0.00705467
0.11552
0.0670194
0.0291005
0.0299824
0.0440917
0.0246914
0.047619
0.00705467
0.0961199
0.0582011
0.0291005
0.0246914
0.0493827
0.0238095
0.0590829
0.00646678
0.0784832
0.0520282
0.0291005
0.0273369
0.0696649
0.0238095
0.0714286
0.00617284
0.0599647
0.0485009
0.0291005
0.0273369
0.0396825
0.0185185
0.0837743
0.00617284
0.0414462
0.0414462
0.0291005
0.0273369
0.0335097
0.0202822
0.104056
0.00705467
0.0220459
0.0299824
0.0273369
0.026455
0.026455
0.0202822
0.0167549
0
0.118284
0.0403412
0.0546372
0.0595026
0.0632869
0.0530154
0.0415185
0.0200024
0.119618
0.170471
0.0789644
0.0965161
0.10549
0.0854877
0.0777391
0.0400048
0.103724
0.143693
0.154757
0.100625
0.109671
0.0976694
0.0845867
0.0586737
0.089284
0.132809
0.130178
0.17721
0.135692
0.112698
0.105346
0.066999
0.0738347
0.112158
0.114032
0.123222
0.195231
0.130863
0.122177
0.0861725
0.0575204
0.086641
0.0883349
0.0935968
0.101742
0.152991
0.129205
0.0950745
0.051826
0.0876141
0.0921552
0.102931
0.10149
0.0814512
0.162794
0.118753
0.0234262
0.0604397
0.0715041
0.083902
0.0763695
0.0630706
0.0447621
0.115113
0.0631287
0.0253343
0.0337791
0.0420554
0.0433611
0.0400758
0.0308518
0.0172686
0.0627567
0.072128
0.0408971
0.047615
0.0458039
0.0431294
0.0350637
0.0214805
0.0516444
0.0588186
0.0730336
0.0535116
0.0527746
0.0527535
0.0417184
0.0283458
0.0463936
0.053638
0.0592819
0.0866168
0.0602295
0.0571549
0.0461409
0.0354007
0.0385595
0.0492155
0.0541083
0.0580604
0.0819838
0.0648205
0.0528167
0.0423081
0.0274402
0.0389807
0.0427293
0.0494051
0.0454249
0.0811204
0.0586712
0.0487944
0.0229967
0.0318416
0.0366853
0.0408971
0.0409182
0.0343898
0.0663789
0.0553227
0.0128883
0.0250395
0.0296304
0.0322418
0.0310624
0.0264083
0.0176898
0.055407
0.209476
0.0745737
0.111431
0.127879
0.129929
0.119021
0.0921232
0.0513865
0.209122
0.254111
0.132616
0.149456
0.154207
0.142814
0.117156
0.0759789
0.181015
0.22426
0.283084
0.178662
0.183873
0.172197
0.143961
0.102551
0.156288
0.198507
0.224411
0.297136
0.210631
0.200085
0.172845
0.129418
0.129034
0.168544
0.195547
0.204519
0.295765
0.222924
0.19615
0.154668
0.10277
0.143582
0.167895
0.177624
0.173928
0.279327
0.219205
0.176068
0.078635
0.120985
0.147128
0.158521
0.153851
0.136489
0.251786
0.204152
0.0517623
0.0921625
0.119156
0.129371
0.127687
0.107994
0.0745241
0.204118
0.171643
0.0609642
0.0910954
0.104541
0.106217
0.0973001
0.075311
0.0420086
0.171355
0.208088
0.108414
0.122181
0.126065
0.116751
0.0957753
0.0621129
0.148379
0.183685
0.231854
0.146057
0.150317
0.140772
0.117689
0.0838361
0.128819
0.163212
0.184345
0.243689
0.172551
0.163836
0.141478
0.105885
0.105202
0.138511
0.160448
0.167796
0.242472
0.182707
0.160805
0.12687
0.0844322
0.117547
0.137472
0.145442
0.14239
0.228705
0.179343
0.144094
0.0645044
0.0989464
0.120396
0.129741
0.125932
0.111759
0.206161
0.167035
0.0430221
0.0761479
0.0986552
0.106784
0.105351
0.0892405
0.0619089
0.167214
0.131741
0.0315871
0.0315871
0.0308166
0.027735
0.0215716
0.0200308
0.00616333
0.117103
0.0903955
0.0292758
0.0261941
0.0331279
0.0215716
0.0308166
0.00616333
0.100924
0.0742167
0.0254237
0.0261941
0.0385208
0.0215716
0.0416025
0.00616333
0.0847458
0.0654854
0.0261941
0.0223421
0.0439137
0.0215716
0.0523883
0.00616333
0.068567
0.0546995
0.0261941
0.0246533
0.0616333
0.0215716
0.0631741
0.00616333
0.0523883
0.0439137
0.0261941
0.0246533
0.0354391
0.0169492
0.0739599
0.00616333
0.0362096
0.0331279
0.0241397
0.0231125
0.0292758
0.0177196
0.0909091
0.00616333
0.0200308
0.0246533
0.0223421
0.0215716
0.0223421
0.0169492
0.0146379
0
0
0
0
0
0
0
0
0
0
0
0
0
0
0
0
0
0
0
0
0
0
0
0
2.98994e-319
0
0
0
0
0
0
0
0
0
0
0
0
0
0
0
0
0
0
0
3.03445e-319
0
0
0
0
0
0
0
0
0
0
0
0
0
0
0
0
0
0
0
0
0
0
0
0
0
0
0
0
0
0
0
0
0
0
0
0
0
0
0
0
0
0
0
2.00358e-319
0
0
0
0
0
0
0
0
0
0
0
0
0
0
0
0
0
0
0
2.0481e-319
0
0
0
0
0
0
0
0
0
0
0
0
0
0
0
0
0
0
0
0
0
0
0
0
0
0
0
0
0
0
0
0
0
0
0
0
0
0
0
0
0
0
0
2.63332e-319
0
0
0
0
0
0
0
0
0
0
0
0
0
0
0
0
0
0
0
2.67784e-319
0
0
0
0
0
0
0
0
0
0
0
0
0
0
0
0
0
0
0
0
0
0
0
0
0
0
0
0
0
0
0
0
0
0
0
0
0
0
0
0
0
0
0
1.70156e-319
0
0
0
0
0
0
0
0
0
0
0
0
0
0
0
0
0
0
0
1.74603e-319
0
0
0
0
0
0
0
0
0
0
0
0
0
0
0
0
0
0
0
0
0.131741
0.0315871
0.0315871
0.0308166
0.027735
0.0215716
0.0200308
0.00616333
0.117103
0.0903955
0.0292758
0.0261941
0.0331279
0.0215716
0.0308166
0.00616333
0.100924
0.0742167
0.0254237
0.0261941
0.0385208
0.0215716
0.0416025
0.00616333
0.0847458
0.0654854
0.0261941
0.0223421
0.0439137
0.0215716
0.0523883
0.00616333
0.068567
0.0546995
0.0261941
0.0246533
0.0616333
0.0215716
0.0631741
0.00616333
0.0523883
0.0439137
0.0261941
0.0246533
0.0354391
0.0169492
0.0739599
0.00616333
0.0362096
0.0331279
0.0241397
0.0231125
0.0292758
0.0177196
0.0909091
0.00616333
0.0200308
0.0246533
0.0223421
0.0215716
0.0223421
0.0169492
0.0146379
0
0.167777
0.0596594
0.0891458
0.102304
0.103944
0.0952177
0.0736992
0.0411095
0.167494
0.203513
0.106094
0.119566
0.123367
0.114252
0.0937255
0.0607836
0.145009
0.179631
0.226703
0.142931
0.1471
0.137759
0.11517
0.0820418
0.125551
0.159322
0.179995
0.238104
0.168681
0.160185
0.138356
0.103572
0.10338
0.135926
0.15722
0.164292
0.237267
0.178833
0.157311
0.124015
0.0824592
0.115091
0.134483
0.142258
0.139285
0.223673
0.175597
0.141057
0.0628779
0.0966874
0.117564
0.126663
0.122931
0.108894
0.201545
0.163467
0.0415134
0.0738353
0.0956335
0.103601
0.10216
0.086276
0.059376
0.163469
0.167777
0.0596594
0.0891458
0.102304
0.103944
0.0952177
0.0736992
0.0411095
0.167494
0.203513
0.106094
0.119566
0.123367
0.114252
0.0937255
0.0607836
0.145009
0.179631
0.226703
0.142931
0.1471
0.137759
0.11517
0.0820418
0.125551
0.159322
0.179995
0.238104
0.168681
0.160185
0.138356
0.103572
0.10338
0.135926
0.15722
0.164292
0.237267
0.178833
0.157311
0.124015
0.0824592
0.115091
0.134483
0.142258
0.139285
0.223673
0.175597
0.141057
0.0628779
0.0966874
0.117564
0.126663
0.122931
0.108894
0.201545
0.163467
0.0415134
0.0738353
0.0956335
0.103601
0.10216
0.086276
0.059376
0.163469
0.167025
0.0597831
0.0868153
0.10245
0.104795
0.0950466
0.0735499
0.040884
0.167162
0.202525
0.107554
0.122158
0.124329
0.115883
0.0953354
0.061288
0.14702
0.178966
0.227292
0.143537
0.145669
0.136624
0.116131
0.0816639
0.1259
0.1582
0.179869
0.239922
0.167673
0.158159
0.137173
0.102493
0.104463
0.136496
0.1568
0.165591
0.237346
0.177709
0.157458
0.122891
0.0830121
0.115496
0.136367
0.14571
0.142856
0.226275
0.178274
0.143905
0.0624708
0.0954522
0.115474
0.12489
0.121555
0.107299
0.202501
0.164932
0.0416787
0.0746522
0.0956058
0.105507
0.102083
0.0867812
0.0597244
0.164579
0.108639
0.0394033
0.056983
0.0658222
0.0678322
0.0619234
0.0477516
0.0267948
0.108669
0.13246
0.0699342
0.078891
0.0826075
0.0779057
0.0634202
0.0411771
0.0947577
0.116255
0.148472
0.0943127
0.0974742
0.0908679
0.0764132
0.0545903
0.0812368
0.101628
0.11645
0.155387
0.109247
0.103721
0.0899621
0.0677512
0.0677742
0.0876007
0.100415
0.107193
0.155109
0.116117
0.103118
0.0819196
0.0544761
0.0752028
0.0877303
0.0929947
0.0924108
0.146875
0.115807
0.0953634
0.0406282
0.0618274
0.0744092
0.0796894
0.077509
0.0678481
0.129925
0.108571
0.027267
0.048777
0.062082
0.0677137
0.0651642
0.0550549
0.0373712
0.108551
0.136971
0.0486399
0.0705274
0.0827125
0.0850794
0.0779474
0.0609493
0.0343403
0.136524
0.165457
0.0870965
0.0997692
0.101216
0.09466
0.077249
0.0510425
0.120219
0.147416
0.185592
0.117403
0.119835
0.112704
0.095221
0.0679728
0.102615
0.130059
0.146315
0.195509
0.137292
0.129297
0.112779
0.0849331
0.0856247
0.113279
0.130128
0.137258
0.196375
0.147224
0.130536
0.103045
0.0684771
0.094842
0.112803
0.119574
0.11715
0.185396
0.145973
0.119977
0.0516785
0.0780573
0.0958484
0.102413
0.100974
0.0879627
0.166237
0.137113
0.0341843
0.0611338
0.0782165
0.0854812
0.083219
0.0707308
0.0488359
0.136776
0.178534
0.0638329
0.0925446
0.108478
0.111711
0.102109
0.0797973
0.0446793
0.178465
0.216011
0.114887
0.130774
0.134097
0.124433
0.102156
0.0670252
0.156065
0.190576
0.241652
0.15307
0.15648
0.146735
0.124508
0.0893555
0.133232
0.167906
0.190321
0.253911
0.178664
0.168913
0.14677
0.111649
0.110526
0.145293
0.167673
0.177169
0.254394
0.190628
0.168537
0.133398
0.0885069
0.123351
0.145694
0.155181
0.152301
0.241204
0.190704
0.155506
0.0663413
0.101279
0.123616
0.133136
0.130103
0.114048
0.216014
0.177676
0.0436598
0.0788441
0.101316
0.11103
0.108024
0.0921716
0.0635936
0.178116
0
0
0
0
0
0
0
0
0
0
0
0
0
0
0
0
0
0
0
0
0
0
0
2.01228e-319
0
0
0
0
0
0
0
0
0
0
0
0
0
0
0
0
0
0
0
2.0568e-319
0
0
0
0
0
0
0
0
0
0
0
0
0
0
0
0
0
0
0
0
0
0
0
0
0
0
0
0
0
0
0
0
0
0
0
0
0
0
0
0
0
0
0
1.97587e-319
0
0
0
0
0
0
0
0
0
0
0
0
0
0
0
0
0
0
0
2.02038e-319
0
0
0
0
0
0
0
0
0
0
0
0
0
0
0
0
0
0
0
0
0.165968
0.0570502
0.0831023
0.0961704
0.0979109
0.0914031
0.0713389
0.0393539
0.164191
0.185613
0.102253
0.114833
0.116271
0.112809
0.0919071
0.0584861
0.144098
0.164546
0.217629
0.133123
0.132466
0.133529
0.111176
0.0757151
0.12332
0.145177
0.17014
0.220047
0.149477
0.153669
0.13172
0.0943249
0.102767
0.126966
0.150427
0.155651
0.210071
0.175697
0.152908
0.112449
0.0816926
0.107863
0.130536
0.136522
0.129962
0.224496
0.173022
0.130712
0.0609118
0.0884419
0.110079
0.116904
0.111809
0.10335
0.198715
0.149572
0.039766
0.0701025
0.0897099
0.0983939
0.0953251
0.0834515
0.0575069
0.148532
0.133385
0.0319813
0.0319813
0.0312012
0.0280811
0.0218409
0.0202808
0.00624025
0.118565
0.0899636
0.0296412
0.0265211
0.0335413
0.0218409
0.0312012
0.00624025
0.102184
0.0735829
0.025741
0.0265211
0.0390016
0.0218409
0.0421217
0.00624025
0.0858034
0.0657826
0.0265211
0.0226209
0.0444618
0.0218409
0.0530421
0.00624025
0.0694228
0.0551222
0.0265211
0.024961
0.0624025
0.0218409
0.0639626
0.00624025
0.0530421
0.0444618
0.025741
0.024181
0.0351014
0.0163807
0.074103
0.00546022
0.0366615
0.0343214
0.024181
0.0226209
0.0291212
0.0179407
0.0920437
0.00624025
0.0202808
0.025741
0.0226209
0.0218409
0.0226209
0.0171607
0.0148206
0
0.11458
0.0398293
0.0539474
0.0587482
0.0624822
0.0523471
0.0409673
0.0197368
0.115896
0.165066
0.0774182
0.0933144
0.102809
0.0836771
0.0761735
0.039367
0.100356
0.139047
0.150533
0.0993599
0.107918
0.0966216
0.0831081
0.0578236
0.0860597
0.128212
0.126316
0.172688
0.133369
0.111095
0.103556
0.0660384
0.0708037
0.107847
0.110384
0.119452
0.189794
0.129018
0.120164
0.0849573
0.0546942
0.0826814
0.0850284
0.0902205
0.0980797
0.148826
0.127098
0.0937411
0.0469061
0.0815671
0.086854
0.0971195
0.0955311
0.0758298
0.156211
0.114331
0.0219417
0.0501067
0.0628734
0.0735775
0.0693812
0.0581437
0.0417852
0.111984
0.0631287
0.0253343
0.0337791
0.0420554
0.0433611
0.0400758
0.0308518
0.0172686
0.0627567
0.072128
0.0408971
0.047615
0.0458039
0.0431294
0.0350637
0.0214805
0.0516444
0.0588186
0.0730336
0.0535116
0.0527746
0.0527535
0.0417184
0.0283458
0.0463936
0.053638
0.0592819
0.0866168
0.0602295
0.0571549
0.0461409
0.0354007
0.0385595
0.0492155
0.0541083
0.0580604
0.0819838
0.0648205
0.0528167
0.0423081
0.0274402
0.0389807
0.0427293
0.0494051
0.0454249
0.0811204
0.0586712
0.0487944
0.0229967
0.0318416
0.0366853
0.0408971
0.0409182
0.0343898
0.0663789
0.0553227
0.0128883
0.0250395
0.0296304
0.0322418
0.0310624
0.0264083
0.0176898
0.0554
0.104685
0.0263817
0.0267854
0.0422955
0.0534896
0.0533529
0.0377841
0.0155712
0.105082
0.131486
0.0648883
0.0603146
0.0693241
0.0648109
0.0604755
0.0224476
0.0938692
0.115919
0.141051
0.0964272
0.110719
0.0838573
0.065384
0.0430489
0.0737048
0.105407
0.108015
0.14118
0.136719
0.0950121
0.0767663
0.0447282
0.0625373
0.0841601
0.0853246
0.107285
0.168525
0.125695
0.0777769
0.055319
0.0327849
0.0541426
0.0551066
0.0767284
0.0763869
0.148876
0.088896
0.0667044
0.0216579
0.0542642
0.054634
0.054795
0.0543859
0.0545418
0.0999649
0.0775451
0.011087
0.032613
0.0436819
0.0436105
0.0329047
0.0218509
0.022162
0.0777884
0.145922
0.0395332
0.0561478
0.0643977
0.0659911
0.0657994
0.0450198
0.0276678
0.140821
0.116423
0.068166
0.0746197
0.0813288
0.0899115
0.0573809
0.0444137
0.125294
0.110481
0.140545
0.0909036
0.0950793
0.117536
0.0693227
0.0624709
0.105371
0.0997437
0.11307
0.136511
0.108043
0.138671
0.0797559
0.075393
0.0904211
0.0859234
0.102186
0.102862
0.150644
0.164021
0.0884592
0.0951814
0.0676866
0.0770822
0.0882723
0.0933129
0.0954732
0.225555
0.100129
0.106294
0.0547958
0.064577
0.0805045
0.0841362
0.0875908
0.0902137
0.111406
0.127691
0.0325501
0.0541455
0.0637798
0.0720092
0.0707639
0.0664528
0.0389163
0.128098
