0.0143766
0.0637052
0.0224199
0.0228463
0.0232152
0.0233254
0.0640502
0.0140316
0.0548091
0.065358
0.023105
0.023196
0.0235074
0.0238763
0.0669197
0.0554702
0.057297
0.0723906
0.0295244
0.0296969
0.0300178
0.0302142
0.0730277
0.0573769
0.0580619
0.0736186
0.030928
0.0309616
0.0314885
0.0311388
0.0731619
0.0577218
0.0584356
0.0728537
0.0307604
0.0301759
0.0297735
0.0292833
0.0713031
0.0572108
0.058747
0.0738182
0.0324275
0.0317855
0.0307939
0.0307604
0.0721942
0.0583685
0.0561361
0.0643232
0.0226834
0.0222619
0.0217972
0.0217588
0.0631495
0.0559062
0.0144819
0.0622824
0.0228655
0.0231002
0.0230667
0.0234499
0.0627791
0.014779
