0.012677
0
0.012677
0.012677
0.012677
0.012677
0.012677
0.0160576
0.0253541
0.012677
0.0253541
0.012677
0.0726816
0.0887392
0.0887392
0.0887392
0.012677
0
0.012677
0.012677
0.0726816
0.0321151
0.0160576
0.0160576
0.012677
0
0.012677
0.012677
0.0566241
0.0481727
0.0160576
0.0160576
0.012677
0
0.012677
0.012677
0.0405665
0.0608497
0.0160576
0.0160576
0.012677
0
0.012677
0.012677
0.0245089
0.0743719
0.0160576
0.0160576
0.0870489
0.0743719
0.0870489
0.0870489
0.0870489
0.0743719
0.0160576
0.0321151
0.012677
0.0287346
0.0414116
0.0287346
0.0287346
0.0287346
0.0287346
0.0160576
