0.0253914
0.0826112
0.0929755
0.0929131
0.09113
0.0902027
0.070281
0.0232428
0.0767269
0.110437
0.111471
0.112246
0.118371
0.125009
0.104757
0.0747834
0.0368835
0.042322
0.0485628
0.0413769
0.0454959
0.0600549
0.0434364
0.0285029
0.0370529
0.0386666
0.0483578
0.0446489
0.046013
0.0549552
0.0432759
0.0326442
0.0376591
0.0351004
0.0478407
0.0480101
0.0467441
0.0510146
0.0452195
0.036041
0.0381762
0.0312311
0.0476802
0.0523876
0.0475375
0.0474127
0.0436771
0.0396696
0.0771014
0.0989355
0.109679
0.116526
0.118425
0.115848
0.102823
0.0777032
0.0303306
0.0803377
0.100665
0.0995863
0.101209
0.102314
0.0718234
0.0266574
