0.011287
0.0469536
0.0171445
0.0169439
0.0164224
0.0166497
0.0428613
0.010819
0.0409757
0.0473013
0.0167835
0.0171
0.0170643
0.0176928
0.0441987
0.0398925
0.0424601
0.05245
0.0214106
0.0209425
0.0208489
0.021317
0.0475955
0.0396919
0.0418584
0.0516476
0.0208489
0.0201936
0.0201535
0.020207
0.0471542
0.0397721
0.042313
0.0523163
0.021638
0.0210897
0.0212234
0.020996
0.0481572
0.0392639
0.042313
0.0518616
0.0214775
0.0213571
0.0212501
0.0210362
0.0481037
0.0393174
0.040735
0.0454825
0.0162753
0.0163421
0.0159409
0.0156467
0.0426741
0.038943
0.0103777
0.0440382
0.0163823
0.0160613
0.0160613
0.016302
0.0425404
0.011394
