0.0410571
0.22149
0.278461
0.310944
0.312106
0.317992
0.278461
0.0307383
0.324533
0.504966
0.524658
0.283475
0.277379
0.355861
0.307538
0.308121
0.0788441
0.189662
0.207102
0.217566
0.207327
0.114814
0.066854
0.0651826
0.117576
0.154273
0.174038
0.181305
0.174916
0.150421
0.101008
0.0969383
0.15093
0.116486
0.138649
0.144172
0.140834
0.183122
0.135307
0.130293
0.190534
0.0756467
0.107475
0.106676
0.11053
0.219643
0.170332
0.16372
0.494695
0.341511
0.38046
0.373119
0.383001
0.304156
0.202887
0.366607
0.22912
0.430845
0.469431
0.466089
0.473864
0.47321
0.430845
0.201725
