0.0417837
0.286745
0.286745
0.279624
0.314432
0.312833
0.279624
0.0316103
0.329256
0.324823
0.533815
0.533233
0.287472
0.287254
0.319155
0.318864
0.0809515
0.0675807
0.210372
0.210881
0.213497
0.223743
0.071214
0.065328
0.121645
0.0980283
0.17571
0.174402
0.176436
0.183994
0.112562
0.0970109
0.160595
0.127604
0.141774
0.137995
0.145117
0.145044
0.146715
0.128912
0.203323
0.159214
0.108492
0.101662
0.111544
0.108202
0.18334
0.159432
0.423869
0.414422
0.297791
0.285946
0.29859
0.288489
0.220545
0.193077
0.24191
0.435786
0.233698
0.227958
0.233989
0.227522
0.193877
0.033645
