0.214877
0.432444
0.256734
0.249758
0.248014
0.253609
0.217566
0.029939
0.458967
0.498789
0.281223
0.278243
0.341537
0.348295
0.312542
0.308182
0.177744
0.183122
0.206521
0.215023
0.103188
0.100426
0.0707054
0.0583519
0.143663
0.141556
0.17382
0.178326
0.146861
0.130583
0.109074
0.0911249
0.107112
0.105731
0.140103
0.143881
0.183703
0.160159
0.144826
0.119174
0.0715047
0.069906
0.111617
0.105804
0.226609
0.194967
0.180942
0.147006
0.333217
0.329002
0.378124
0.369693
0.299059
0.278272
0.494168
0.42528
0.0341537
0.215895
0.25826
0.255935
0.255935
0.258478
0.395383
0.179488
