0.01272
0.0234347
0.0310068
0.0316054
0.0308272
0.0302287
0.0225069
0.0100263
0.0206662
0.02541
0.0222674
0.0219682
0.0252604
0.0318448
0.0313959
0.0221627
0.0107746
0.00939782
0.0128696
0.0128696
0.0121214
0.0140818
0.0110739
0.012271
0.0110739
0.00939782
0.0125703
0.0131689
0.0119717
0.0137825
0.0109242
0.0124207
0.0106249
0.00999641
0.0137675
0.0131689
0.0119717
0.0157279
0.0125703
0.0136179
0.0124207
0.0118221
0.0157129
0.0146654
0.0137675
0.0154286
0.012271
0.0134682
0.0225667
0.0374267
0.0444601
0.0447594
0.042365
0.0360799
0.0251407
0.0206513
0.00673411
0.02544
0.02544
0.0234946
0.0267868
0.0267868
0.022896
0.00658446
