0.0207638
0.0691496
0.0663323
0.096944
0.0778927
0.0896133
0.0578369
0.0560754
0.0220284
0.0307946
0.0246479
0.0328425
0.0259092
0.0309887
0.0238412
0.0291114
0.0235911
0.0293946
0.0258945
0.0314428
0.027212
0.0299724
0.0251133
0.0276921
0.0245576
0.0277574
0.0271051
0.0296989
0.0285862
0.0284741
0.0262539
0.0261254
0.0263236
0.0263644
0.0285383
0.0287473
0.0301412
0.0273974
0.0282042
0.02463
0.0273339
0.0248169
0.0298033
0.0268481
0.031417
0.0259345
0.0287281
0.0230467
0.0283576
0.0232704
0.0310187
0.0254328
0.0329003
0.0246437
0.0304443
0.0214085
0.0523993
0.0554592
0.0896933
0.0767474
0.0968469
0.0646072
0.0650733
0.0200133
