0.0141241
0.117524
0.117524
0.117794
0.13245
0.132754
0.117794
0.0144378
0.131364
0.13165
0.219675
0.21974
0.117239
0.117169
0.131775
0.131607
0.0277922
0.0288098
0.0877597
0.0872579
0.0878663
0.087784
0.0295257
0.0286538
0.0424589
0.0435692
0.0730116
0.0726467
0.0728314
0.0732023
0.0438439
0.043232
0.0571706
0.0581413
0.0586119
0.0583216
0.0584681
0.0587402
0.0585296
0.0575866
0.0720487
0.0734667
0.0448034
0.0435345
0.0435067
0.0441958
0.072463
0.0721076
0.159715
0.175884
0.117916
0.116992
0.116043
0.11701
0.0876661
0.086139
0.0864683
0.174687
0.102741
0.102963
0.102854
0.102611
0.0882182
0.0140313
