0.014547
0.116381
0.131331
0.131359
0.131786
0.116381
0.0878317
0.0143477
0.175837
0.19038
0.205713
0.205815
0.205479
0.277166
0.263668
0.175837
0.0732942
0.0292379
0.0446768
0.044747
0.0444627
0.0872882
0.0737509
0.0736478
0.0590072
0.0436463
0.0595948
0.059405
0.0594102
0.0726554
0.0584828
0.0586587
0.0443847
0.0580061
0.0743776
0.0735447
0.0735031
0.0580546
0.0435336
0.0447574
0.0297996
0.0725514
0.0890564
0.0886343
0.0882208
0.0432051
0.0292466
0.0301619
0.102543
0.0874382
0.11784
0.220605
0.220988
0.146596
0.132711
0.13294
0.0151043
0.117437
0.131939
0.117437
0.117712
0.13214
0.117712
0.0151
