0.0872033
0.174902
0.102146
0.102717
0.102224
0.102485
0.0876991
0.0143841
0.188551
0.20354
0.115841
0.116273
0.145577
0.145315
0.130666
0.130657
0.0727109
0.07325
0.0863479
0.086867
0.0436463
0.0438491
0.0285229
0.0285498
0.0579333
0.0582722
0.0718294
0.0726658
0.0586093
0.0584039
0.0428151
0.0428558
0.0431705
0.0439557
0.057812
0.0583303
0.0732023
0.0730896
0.056485
0.0580295
0.0285888
0.0290663
0.0431696
0.044695
0.088044
0.0874893
0.0711829
0.0721033
0.131813
0.131632
0.145902
0.146577
0.116966
0.1167
0.202285
0.188804
0.0148478
0.0855843
0.100013
0.100245
0.099802
0.10008
0.172268
0.0866841
