0.0185827
0.248453
0.26756
0.262824
0.312513
0.248453
0.058525
0.0931618
0.263404
0.364482
0.301314
0.290253
0.34567
0.43599
0.321929
0.263404
0.0657981
0.114429
0.116645
0.105814
0.100315
0.152294
0.0470958
0.0858611
0.0398595
0.132672
0.197468
0.180761
0.121703
0.136249
0.035023
0.0717931
0.0328806
0.147843
0.262172
0.247396
0.138198
0.118117
0.0221135
0.0525667
0.0182793
0.157434
0.344208
0.320687
0.15439
0.0928584
0.0149324
0.0373953
0.183069
0.171768
0.366542
0.696672
0.592872
0.445176
0.373116
0.381603
0.0113004
0.342378
0.349697
0.342378
0.240095
0.250908
0.240095
0.0150611
