0.023774
0.100484
0.0348713
0.0344884
0.0303072
0.034653
0.097604
0.022503
0.0914198
0.10443
0.0376345
0.0371543
0.0374427
0.0366927
0.101497
0.0864501
0.0937418
0.114129
0.0489445
0.0482267
0.0483659
0.0476192
0.111446
0.0890107
0.0945224
0.115244
0.048259
0.0481623
0.0484575
0.0475717
0.111196
0.0891827
0.0939641
0.114807
0.0476939
0.0472866
0.0471848
0.0469642
0.11121
0.0899729
0.0936094
0.115449
0.0478823
0.0474801
0.0473274
0.0470134
0.111025
0.0894401
0.0896132
0.102876
0.0366146
0.0356813
0.0356135
0.0358069
0.0988461
0.0854319
0.0233311
0.0993077
0.0357815
0.0353352
0.0353708
0.0348074
0.095493
0.0228695
