0.0260604
0.110645
0.0385072
0.0378789
0.03746
0.0388064
0.0961034
0.022829
0.0928122
0.109627
0.0368317
0.0378789
0.0363829
0.0366222
0.0990057
0.0864392
0.0964026
0.122553
0.047194
0.0473536
0.0477824
0.0478722
0.106815
0.0885336
0.0956247
0.122323
0.0486102
0.048321
0.0483808
0.0482312
0.108849
0.0905083
0.0961034
0.12363
0.0496674
0.0494579
0.0499965
0.0484107
0.111961
0.0919445
0.0960436
0.123301
0.0491887
0.0492186
0.0490989
0.047932
0.11223
0.0931712
0.0913062
0.111093
0.0398835
0.0400331
0.0399434
0.0395843
0.102985
0.0935004
0.022859
0.10487
0.0388363
0.0396741
0.037819
0.0377293
0.101908
0.0261801
