0.0638296
0.195328
0.214507
0.215923
0.212552
0.210618
0.160142
0.0475131
0.178444
0.251967
0.25095
0.261462
0.274567
0.278177
0.233417
0.165668
0.0907976
0.0953454
0.103603
0.100761
0.115292
0.13482
0.094767
0.0643282
0.0917351
0.0872271
0.104042
0.109817
0.115731
0.125904
0.094747
0.073424
0.0929718
0.0796473
0.103025
0.118913
0.118464
0.11593
0.0983175
0.0832178
0.0943082
0.0716686
0.102905
0.128706
0.118105
0.107872
0.0953654
0.0927125
0.173337
0.226934
0.245844
0.276033
0.281099
0.269431
0.23584
0.184477
0.0695742
0.190202
0.239391
0.245534
0.241764
0.240328
0.170206
0.0621241
