0.0683458
0.212912
0.264128
0.26443
0.263659
0.264055
0.21286
0.0688911
0.213272
0.297061
0.326669
0.328028
0.327498
0.327983
0.296167
0.212901
0.105996
0.107161
0.136395
0.136991
0.13691
0.137908
0.105195
0.106398
0.105695
0.107268
0.136839
0.137383
0.137445
0.137987
0.104915
0.106262
0.10642
0.106953
0.137166
0.137248
0.137207
0.138342
0.105055
0.106139
0.106365
0.106502
0.137316
0.137776
0.136723
0.138658
0.105123
0.106576
0.213033
0.297006
0.327722
0.327572
0.32655
0.328064
0.295811
0.212838
0.0673359
0.213085
0.265914
0.266252
0.266
0.266834
0.213172
0.0678764
