0.0205368
0.0869107
0.0323468
0.0323621
0.0322987
0.0321033
0.0867738
0.0207971
0.0778494
0.0890626
0.031714
0.0318315
0.0319683
0.0319524
0.0886672
0.0774234
0.0799629
0.0983231
0.0410135
0.0409739
0.040862
0.0411015
0.0978292
0.0796192
0.0797574
0.0981102
0.0406817
0.0405803
0.040423
0.040493
0.0972782
0.0799814
0.0801017
0.0984024
0.0411081
0.0410298
0.0409546
0.041025
0.0977624
0.0803182
0.079824
0.0984269
0.040892
0.0411268
0.041028
0.0410194
0.0979039
0.0803154
0.0772739
0.0891161
0.0318059
0.0317875
0.0318349
0.0319142
0.0889731
0.077659
0.020474
0.0868247
0.0318267
0.0320599
0.0320951
0.0321176
0.0867547
0.020339
