0.0767895
0.278825
0.236153
0.235556
0.234408
0.234318
0.272164
0.069998
0.270537
0.287833
0.267531
0.27272
0.273661
0.279616
0.304391
0.294883
0.147846
0.159511
0.135158
0.137252
0.134848
0.137553
0.158374
0.146529
0.146413
0.158682
0.134444
0.135491
0.134267
0.136218
0.156871
0.145293
0.149804
0.15951
0.135278
0.13826
0.134804
0.13726
0.159987
0.144824
0.14763
0.158811
0.134257
0.135333
0.133613
0.13627
0.155257
0.14359
0.279316
0.293402
0.269087
0.269999
0.269221
0.271834
0.290692
0.27858
0.073782
0.281462
0.235144
0.232441
0.228792
0.227732
0.25795
0.0694889
