0.17469
0.337612
0.20024
0.202058
0.193266
0.188638
0.162922
0.023336
0.331839
0.357676
0.194753
0.1892
0.244896
0.23336
0.222353
0.212536
0.137085
0.144379
0.128546
0.12263
0.0788665
0.0659755
0.0519606
0.0403257
0.103745
0.110235
0.109012
0.0990954
0.0962197
0.0881216
0.0707683
0.0573154
0.0704047
0.0643889
0.0801225
0.0794614
0.119919
0.106566
0.0867663
0.0780071
0.0443362
0.0364253
0.0633973
0.0626701
0.133736
0.132612
0.102037
0.0910964
0.188165
0.181532
0.209495
0.21095
0.16917
0.169302
0.28661
0.260398
0.0189949
0.117308
0.130397
0.134298
0.133934
0.131852
0.225394
0.108086
