0.0235343
0.197805
0.227421
0.226694
0.217439
0.197805
0.115259
0.033781
0.246912
0.284957
0.310045
0.304062
0.293981
0.403576
0.362171
0.246912
0.113441
0.0680909
0.0815769
0.0952942
0.0862044
0.141933
0.0889148
0.0761561
0.0899065
0.0947984
0.111193
0.135521
0.110995
0.107139
0.0765527
0.0623396
0.0663721
0.108615
0.129637
0.161402
0.14623
0.0866892
0.0602902
0.048523
0.0495808
0.125968
0.144181
0.186556
0.171021
0.0655127
0.0440277
0.031897
0.171285
0.142594
0.200174
0.402728
0.387986
0.248774
0.23184
0.213991
0.0286907
0.222816
0.256663
0.222816
0.204802
0.227333
0.204802
0.0138165
