0.0317978
0.172519
0.172519
0.158328
0.18649
0.177962
0.158328
0.0335166
0.22156
0.221097
0.329569
0.321746
0.189762
0.15251
0.184936
0.186027
0.0628684
0.0587697
0.112813
0.10564
0.130629
0.100484
0.0603894
0.0636617
0.093939
0.0784037
0.0973546
0.0870969
0.106731
0.0771477
0.0848162
0.0936085
0.114201
0.0951951
0.0668239
0.0646533
0.0893776
0.0640584
0.108516
0.119853
0.134463
0.112185
0.0520929
0.0483908
0.0654797
0.050969
0.139289
0.146098
0.286841
0.297154
0.188286
0.184705
0.197695
0.190258
0.152378
0.176045
0.149734
0.29451
0.163044
0.16084
0.172739
0.169566
0.144776
0.0299468
