0.0352354
0.165534
0.179251
0.209594
0.206686
0.199612
0.179251
0.033153
0.208867
0.339166
0.315036
0.173632
0.161898
0.213759
0.195414
0.195051
0.0665704
0.133119
0.11506
0.115127
0.110929
0.0750322
0.0519606
0.0625709
0.0979055
0.101134
0.0989963
0.0947654
0.0873944
0.0895759
0.0704047
0.0919888
0.122696
0.0740406
0.0726524
0.0715946
0.0704047
0.103392
0.0849484
0.118597
0.147486
0.0528641
0.0602902
0.0542414
0.0468704
0.118663
0.0994921
0.143751
0.304393
0.189321
0.197232
0.193068
0.190688
0.156907
0.114036
0.257787
0.164278
0.337447
0.349809
0.3548
0.354238
0.361146
0.337447
0.173169
