0.172321
0.327939
0.280655
0.443953
0.309182
0.288335
0.186705
0.163299
0.145835
0.155618
0.10711
0.163299
0.043261
0.0201154
0.047262
0.0204699
0.122882
0.132635
0.0894089
0.139658
0.0645819
0.0428528
0.0714122
0.0417314
0.0978475
0.109921
0.0719251
0.116598
0.0855538
0.0637624
0.0942784
0.0631391
0.0747418
0.0872479
0.0538226
0.0936518
0.106175
0.0854618
0.121776
0.0833697
0.0473612
0.0652768
0.0358452
0.0685423
0.126928
0.107253
0.144465
0.104026
0.0229944
0.0437098
0.0179767
0.0465295
0.147987
0.128783
0.170338
0.123939
0.147987
0.169628
0.299482
0.322671
0.46982
0.321833
0.315177
0.144839
