0.150958
0.480192
0.500071
0.638217
0.661551
0.638217
0.487258
0.320837
0.125278
0.162813
0.0391316
0.021936
0.0490184
0.0202213
0.143675
0.158024
0.106222
0.139445
0.0586733
0.0436905
0.0723092
0.0416758
0.119768
0.135129
0.0842062
0.115669
0.0780735
0.0645154
0.0959586
0.0625981
0.0967425
0.111851
0.0645293
0.0933131
0.0977489
0.0886723
0.119092
0.0829905
0.0744908
0.0891948
0.0405448
0.0702994
0.116873
0.110008
0.142637
0.103726
0.0470104
0.0669244
0.0196019
0.0472717
0.135934
0.131116
0.166048
0.123784
0.0246226
0.0443715
0.135935
0.159815
0.288649
0.152715
0.166048
0.144685
0.144685
0.0228777
