0.0270649
0.161912
0.184452
0.316965
0.316965
0.299381
0.144328
0.164428
0.0483598
0.02146
0.0440661
0.021114
0.139116
0.155053
0.125433
0.164428
0.0703925
0.042609
0.0656276
0.0426744
0.114808
0.132631
0.105282
0.141055
0.0915259
0.0638803
0.0871777
0.0627626
0.0921809
0.110357
0.0855834
0.117571
0.115731
0.0845437
0.109254
0.0847977
0.0689324
0.0881086
0.0659234
0.0945591
0.137481
0.106624
0.130901
0.105012
0.0462864
0.0665216
0.0426496
0.0710091
0.15783
0.127853
0.153169
0.12556
0.0229787
0.0441181
0.0230301
0.0473007
0.15783
0.148854
0.302024
0.298442
0.298443
0.168072
0.145272
0.0239443
