0.0259163
0.160022
0.144254
0.282715
0.301011
0.301011
0.183284
0.162551
0.0463027
0.160022
0.122708
0.13846
0.140143
0.0210106
0.0415276
0.0232067
0.0683089
0.136826
0.101475
0.118892
0.116116
0.0436881
0.0629972
0.0477586
0.0892402
0.113923
0.080681
0.0987463
0.0933682
0.0647162
0.0839643
0.0716977
0.114529
0.0908001
0.0601558
0.0792526
0.0692609
0.0853554
0.108641
0.0948385
0.136344
0.0684304
0.0396829
0.0579469
0.0463046
0.106203
0.129799
0.11844
0.156753
0.0459513
0.0198493
0.0386123
0.0239343
0.127358
0.155317
0.141499
0.305297
0.327821
0.460615
0.479843
0.626141
0.626141
0.477597
0.165526
