0.164456
0.46562
0.616313
0.616313
0.472289
0.451856
0.333612
0.31358
0.139448
0.138276
0.128615
0.021642
0.0430481
0.0230355
0.0416226
0.162886
0.116499
0.118919
0.107326
0.0439445
0.0637745
0.0469457
0.0627051
0.139477
0.0921434
0.0989501
0.086204
0.064868
0.0854685
0.0699014
0.0828586
0.115652
0.0698536
0.0791637
0.0651976
0.0874245
0.106067
0.0933282
0.107435
0.0927567
0.0455128
0.0594112
0.0430342
0.107903
0.127876
0.116751
0.127624
0.0693594
0.0216323
0.0397567
0.02157
0.128098
0.149482
0.140151
0.151454
0.0460197
0.148792
0.168392
0.298274
0.298274
0.31371
0.164228
0.151454
0.0233863
