0.0353011
0.149092
0.0533135
0.0532431
0.0532448
0.0533587
0.145124
0.034606
0.117487
0.151651
0.0528261
0.0530874
0.0523956
0.0527574
0.146893
0.133609
0.124078
0.167543
0.0677096
0.0680647
0.0676812
0.0679307
0.161021
0.135555
0.123747
0.166369
0.0661704
0.0660648
0.0664668
0.0663898
0.158741
0.13378
0.127011
0.169112
0.068872
0.0697145
0.0690596
0.0690848
0.161443
0.133331
0.125874
0.167357
0.0666159
0.066507
0.066631
0.0666896
0.157068
0.131589
0.121544
0.151809
0.0511562
0.0509468
0.051131
0.0513605
0.141081
0.126993
0.0336312
0.150157
0.0524693
0.0525821
0.0525866
0.0531276
0.138094
0.034864
0.0522828
0.338439
0.338439
0.334054
0.368939
0.376633
0.334054
0.0396191
0.340591
0.326659
0.584001
0.580023
0.288308
0.349141
0.388133
0.38876
0.098776
0.076603
0.251715
0.246184
0.218538
0.262089
0.0792048
0.0797877
0.142649
0.115859
0.209976
0.203183
0.182309
0.218359
0.117905
0.119809
0.19186
0.152928
0.167614
0.162349
0.144346
0.175728
0.162582
0.159474
0.237345
0.190966
0.127153
0.119163
0.107988
0.134079
0.200671
0.199778
0.477072
0.468373
0.325059
0.318463
0.311013
0.331133
0.239727
0.240624
0.285111
0.513757
0.270726
0.268599
0.264145
0.275864
0.228646
0.0408452
0.0534285
0.343299
0.381112
0.343299
0.326668
0.361849
0.326668
0.039752
0.348868
0.339123
0.372233
0.596652
0.580214
0.295439
0.264077
0.303829
0.0950051
0.0877637
0.115083
0.256337
0.24338
0.223056
0.220926
0.0799406
0.134175
0.131796
0.153965
0.2125
0.202329
0.184347
0.178682
0.119405
0.181359
0.173657
0.19142
0.171527
0.160258
0.147833
0.135975
0.158305
0.223277
0.217738
0.228629
0.125133
0.120063
0.112571
0.0852815
0.197125
0.506769
0.76759
0.773459
0.589758
0.586591
0.581807
0.549613
0.506769
0.0471106
0.260821
0.303795
0.345378
0.342854
0.341837
0.303795
0.0392562
0.0499669
0.336769
0.380493
0.374169
0.336769
0.331482
0.331482
0.043141
0.274005
0.263197
0.313543
0.301324
0.518814
0.513153
0.224038
0.26093
0.0906435
0.0782043
0.132326
0.11709
0.253035
0.245937
0.187421
0.217789
0.12966
0.117475
0.17521
0.154176
0.211261
0.205146
0.151053
0.174277
0.174346
0.155624
0.217451
0.194673
0.16834
0.164072
0.114757
0.131792
0.214502
0.196388
0.260554
0.231992
0.126531
0.124218
0.0717892
0.0879837
0.258381
0.236334
0.539507
0.505122
0.319834
0.319191
0.271902
0.280548
0.0438791
0.346078
0.346078
0.305738
0.346721
0.347831
0.305738
0.0442141
0.0543419
0.343578
0.382389
0.386656
0.380561
0.343578
0.252972
0.0357366
0.50969
0.549412
0.588999
0.600187
0.584005
0.810892
0.762663
0.50969
0.231906
0.0798234
0.116534
0.13576
0.1122
0.257064
0.210705
0.187705
0.185208
0.118682
0.155369
0.177051
0.151029
0.215154
0.169147
0.14956
0.143504
0.157232
0.193705
0.224196
0.189869
0.1729
0.128572
0.113329
0.0925764
0.197158
0.232929
0.266015
0.228187
0.13165
0.079494
0.0752374
0.282799
0.234725
0.310837
0.619848
0.576959
0.398853
0.350194
0.34798
0.0480743
0.351854
0.390571
0.351854
0.302515
0.348108
0.302515
0.0371425
0.0474099
0.260405
0.299104
0.298128
0.303618
0.298042
0.512921
0.252516
0.249845
0.254195
0.332849
0.33367
0.339937
0.331693
0.5146
0.464279
0.202435
0.210879
0.1172
0.119638
0.128741
0.116849
0.217188
0.210084
0.16179
0.166983
0.156132
0.158085
0.172402
0.155475
0.174679
0.167001
0.125462
0.12571
0.194087
0.202452
0.215111
0.193123
0.133598
0.125173
0.0811823
0.0832224
0.23261
0.241841
0.258579
0.231405
0.082864
0.0838734
0.349799
0.34799
0.307281
0.319401
0.62092
0.589452
0.360934
0.36164
0.0425179
0.344938
0.381754
0.383702
0.344938
0.308636
0.308636
0.0422365
0.264057
0.52275
0.565459
0.561238
0.561027
0.566045
0.52275
0.258693
0.4371
0.219213
0.34213
0.421998
0.417544
0.429466
0.379921
0.558
0.217887
0.182337
0.255776
0.121043
0.113678
0.131358
0.0767136
0.21587
0.172921
0.145471
0.214366
0.159671
0.15373
0.173739
0.113921
0.171877
0.13177
0.108942
0.172231
0.200973
0.191759
0.216989
0.159294
0.129608
0.0868325
0.0724749
0.129582
0.238781
0.232022
0.260232
0.196566
0.0862652
0.356225
0.349669
0.399941
0.31348
0.310867
0.614319
0.544465
0.354043
0.0427446
0.347904
0.391181
0.385505
0.387779
0.347904
0.233598
0.0431756
0.278767
0.526102
0.282599
0.288705
0.286198
0.285971
0.247336
0.0383607
0.517176
0.534642
0.287307
0.343277
0.420928
0.420303
0.386121
0.381637
0.229869
0.20411
0.215917
0.25755
0.117014
0.11893
0.0874299
0.0776761
0.183651
0.162176
0.181133
0.214976
0.155732
0.157533
0.129645
0.117198
0.140993
0.120317
0.144366
0.172613
0.193802
0.197594
0.180412
0.154805
0.0904437
0.0797542
0.109555
0.126588
0.232117
0.237825
0.222299
0.192939
0.353063
0.347542
0.380704
0.393553
0.307605
0.319645
0.585144
0.512584
0.045458
0.265499
0.301386
0.309588
0.303703
0.307431
0.497024
0.231525
0.0478465
0.253172
0.327729
0.362879
0.369344
0.367043
0.327729
0.0448528
0.340629
0.545955
0.578411
0.292783
0.338572
0.418364
0.376462
0.383425
0.0884739
0.210225
0.242246
0.219355
0.256088
0.121418
0.0775265
0.090217
0.127117
0.16794
0.201147
0.182163
0.21409
0.16024
0.116236
0.134413
0.173806
0.125251
0.159991
0.146174
0.169584
0.198344
0.161794
0.177377
0.214079
0.0839527
0.120683
0.107134
0.127202
0.236833
0.200856
0.220949
0.528903
0.357276
0.395507
0.386262
0.400726
0.314824
0.240604
0.461552
0.258073
0.52339
0.56333
0.559577
0.566201
0.562503
0.52339
0.265317
