0.0127404
0.0696637
0.0209093
0.0722121
0.0216977
0.062589
0.0142583
0.0599589
0.0188507
0.0738878
0.0386405
0.0842301
0.0439518
0.07462
0.0309888
0.0624892
0.0273961
0.0660256
0.0469064
0.0763102
0.0528243
0.0681078
0.0388812
0.0542683
0.0344544
0.0567681
0.0538114
0.0670145
0.0607573
0.0600133
0.0459665
0.0456036
0.0436421
0.0495519
0.063303
0.0608289
0.0709991
0.0542478
0.0555088
0.037168
0.0504228
0.0399605
0.070022
0.0507522
0.0781419
0.0452706
0.0613742
0.0283686
0.0575329
0.0311929
0.0778026
0.0428002
0.0869539
0.0383538
0.0696737
0.0197072
0.0544075
0.0139988
0.0663677
0.0211043
0.0747179
0.0202452
0.0628938
0.0115078
