0.0448358
0.287254
0.319591
0.324678
0.287254
0.283621
0.283621
0.0367697
0.24983
0.244598
0.273447
0.280641
0.459839
0.454462
0.204995
0.219092
0.0857475
0.0709234
0.107548
0.106676
0.21277
0.215677
0.165972
0.182322
0.125497
0.104278
0.146425
0.137632
0.179997
0.178689
0.134144
0.14657
0.166336
0.133853
0.184575
0.167716
0.145335
0.140829
0.10079
0.110018
0.208265
0.165609
0.222798
0.197219
0.111472
0.103987
0.070342
0.0735394
0.247868
0.202233
0.458531
0.432226
0.280569
0.26698
0.241692
0.240238
0.0396037
0.293068
0.293068
0.269015
0.308473
0.303386
0.269015
0.038005
