node: 4 matching clock cycle 809333, pushing packet into request queue 
node: 37 matching clock cycle 809334, pushing packet into request queue 
node: 38 matching clock cycle 809334, pushing packet into request queue 
node: 54 matching clock cycle 809334, pushing packet into request queue 
node: 54 matching clock cycle 809334, pushing packet into request queue 
node: 44 matching clock cycle 809336, pushing packet into request queue 
node: 46 matching clock cycle 809336, pushing packet into request queue 
node: 54 matching clock cycle 809336, pushing packet into request queue 
node: 54 matching clock cycle 809336, pushing packet into request queue 
node: 39 matching clock cycle 809337, pushing packet into request queue 
node: 5 matching clock cycle 809338, pushing packet into request queue 
node: 46 matching clock cycle 809338, pushing packet into request queue 
node: 17 matching clock cycle 809338, pushing packet into request queue 
node: 5 matching clock cycle 809338, pushing packet into request queue 
node: 39 matching clock cycle 809339, pushing packet into request queue 
node: 5 matching clock cycle 809340, pushing packet into request queue 
node: 37 matching clock cycle 809340, pushing packet into request queue 
node: 54 matching clock cycle 809340, pushing packet into request queue 
node: 54 matching clock cycle 809340, pushing packet into request queue 
node: 5 matching clock cycle 809340, pushing packet into request queue 
node: 5 matching clock cycle 809342, pushing packet into request queue 
node: 37 matching clock cycle 809342, pushing packet into request queue 
node: 5 matching clock cycle 809342, pushing packet into request queue 
node: 37 matching clock cycle 809344, pushing packet into request queue 
node: 38 matching clock cycle 809344, pushing packet into request queue 
node: 37 matching clock cycle 809346, pushing packet into request queue 
node: 38 matching clock cycle 809346, pushing packet into request queue 
node: 46 matching clock cycle 809346, pushing packet into request queue 
node: 37 matching clock cycle 809348, pushing packet into request queue 
the processing element 45stops at 2709226000.00000000
the processing element 41stops at 2733347000.00000000
the processing element 33stops at 2743519000.00000000
the processing element 18stops at 2750890000.00000000
the processing element 35stops at 2762902000.00000000
the processing element 17stops at 2763625000.00000000
the processing element 12stops at 2764146000.00000000
the processing element 14stops at 2792840000.00000000
the processing element 43stops at 2814840000.00000000
the processing element 51stops at 2849220000.00000000
the processing element 39stops at 2851793000.00000000
the processing element 9stops at 2854347000.00000000
the processing element 4stops at 2862293000.00000000
the processing element 7stops at 2865071000.00000000
the processing element 32stops at 2905312000.00000000
the processing element 59stops at 2912485000.00000000
the processing element 37stops at 2914972000.00000000
the processing element 53stops at 2915413000.00000000
the processing element 27stops at 2916818000.00000000
the processing element 13stops at 2919633000.00000000
the processing element 24stops at 2920846000.00000000
the processing element 46stops at 2922411000.00000000
the processing element 42stops at 2931439000.00000000
the processing element 40stops at 2933434000.00000000
the processing element 25stops at 2939371000.00000000
the processing element 56stops at 2941850000.00000000
the processing element 61stops at 2944801000.00000000
the processing element 0stops at 2946436000.00000000
the processing element 22stops at 2956213000.00000000
the processing element 3stops at 2956928000.00000000
the processing element 26stops at 2959777000.00000000
the processing element 49stops at 2963989000.00000000
the processing element 5stops at 2966257000.00000000
the processing element 28stops at 2966820000.00000000
the processing element 11stops at 2966824000.00000000
the processing element 19stops at 2972755000.00000000
the processing element 10stops at 2980766000.00000000
the processing element 29stops at 2981833000.00000000
the processing element 23stops at 2983001000.00000000
the processing element 34stops at 2986600000.00000000
the processing element 20stops at 2986663000.00000000
the processing element 31stops at 2993369000.00000000
the processing element 38stops at 2994481000.00000000
the processing element 36stops at 3003900000.00000000
the processing element 16stops at 3004122000.00000000
the processing element 44stops at 3005606000.00000000
the processing element 30stops at 3007455000.00000000
the processing element 21stops at 3007741000.00000000

Info: /OSCI/SystemC: Simulation stopped by user.
Noxim simulation completed.
 ( 3007741.00000000 cycles executed)
% Total received packets: 1187025
% Global average throughput (flits/cycle): 0.07611008
% Throughput (flits/cycle/IP): 4.45582833
% Max delay (cycles): 985.00000000
% Total energy (J): 4.1603846399e-04
% received flits to slice 0 1780549
% transmitted flits from slice 0 1780558
% average delay of slice 0 3.9299092190e+01
% received flits to slice 1 2374038
% transmitted flits from slice 1 2374065
% average delay of slice 1 2.4662801575e+02

Info: (I804) /IEEE_Std_1666/deprecated: You can turn off warnings about
             IEEE 1666 deprecated features by placing this method call
             as the first statement in your sc_main() function:

  sc_core::sc_report_handler::set_actions( "/IEEE_Std_1666/deprecated",
                                           sc_core::SC_DO_NOTHING );

