node: 26 matching clock cycle 1.37306e+06, pushing packet into request queue 
node: 28 matching clock cycle 1.37306e+06, pushing packet into request queue 
node: 28 matching clock cycle 1.37306e+06, pushing packet into request queue 
node: 26 matching clock cycle 1.37306e+06, pushing packet into request queue 
node: 28 matching clock cycle 1.37306e+06, pushing packet into request queue 
node: 32 matching clock cycle 1.37307e+06, pushing packet into request queue 
node: 28 matching clock cycle 1.37307e+06, pushing packet into request queue 
node: 32 matching clock cycle 1.37307e+06, pushing packet into request queue 
node: 32 matching clock cycle 1.37307e+06, pushing packet into request queue 
node: 32 matching clock cycle 1.37307e+06, pushing packet into request queue 
node: 32 matching clock cycle 1.37308e+06, pushing packet into request queue 
node: 32 matching clock cycle 1.37308e+06, pushing packet into request queue 
node: 32 matching clock cycle 1.37308e+06, pushing packet into request queue 
node: 32 matching clock cycle 1.37308e+06, pushing packet into request queue 
node: 32 matching clock cycle 1.37308e+06, pushing packet into request queue 
node: 32 matching clock cycle 1.37309e+06, pushing packet into request queue 
node: 32 matching clock cycle 1.37309e+06, pushing packet into request queue 
node: 32 matching clock cycle 1.37309e+06, pushing packet into request queue 
node: 32 matching clock cycle 1.37309e+06, pushing packet into request queue 
node: 32 matching clock cycle 1.37309e+06, pushing packet into request queue 
node: 32 matching clock cycle 1.3731e+06, pushing packet into request queue 
node: 32 matching clock cycle 1.3731e+06, pushing packet into request queue 
node: 32 matching clock cycle 1.3731e+06, pushing packet into request queue 
node: 32 matching clock cycle 1.3731e+06, pushing packet into request queue 
node: 36 matching clock cycle 1.37311e+06, pushing packet into request queue 
node: 36 matching clock cycle 1.37312e+06, pushing packet into request queue 
node: 36 matching clock cycle 1.37312e+06, pushing packet into request queue 
node: 36 matching clock cycle 1.37312e+06, pushing packet into request queue 
node: 36 matching clock cycle 1.37312e+06, pushing packet into request queue 
node: 36 matching clock cycle 1.37312e+06, pushing packet into request queue 
node: 36 matching clock cycle 1.37312e+06, pushing packet into request queue 
node: 36 matching clock cycle 1.37312e+06, pushing packet into request queue 
node: 38 matching clock cycle 1.37313e+06, pushing packet into request queue 
node: 38 matching clock cycle 1.37313e+06, pushing packet into request queue 
node: 38 matching clock cycle 1.37313e+06, pushing packet into request queue 
node: 40 matching clock cycle 1.37313e+06, pushing packet into request queue 
the processing element 58stops at 3754670000.00000000
the processing element 45stops at 3992089000.00000000
the processing element 47stops at 4074224000.00000000
the processing element 41stops at 4108089000.00000000
the processing element 21stops at 4151165000.00000000
the processing element 60stops at 4197270000.00000000
the processing element 37stops at 4207915000.00000000
the processing element 33stops at 4220125000.00000000
the processing element 27stops at 4236788000.00000000
the processing element 31stops at 4329492000.00000000
the processing element 52stops at 4413439000.00000000
the processing element 43stops at 4443466000.00000000
the processing element 10stops at 4455683000.00000000
the processing element 14stops at 4483763000.00000000
the processing element 4stops at 4506753000.00000000
the processing element 39stops at 4534652000.00000000
the processing element 7stops at 4568114000.00000000
the processing element 29stops at 4570585000.00000000
the processing element 12stops at 4579465000.00000000
the processing element 23stops at 4586812000.00000000
the processing element 35stops at 4610176000.00000000
the processing element 63stops at 4624671000.00000000
the processing element 25stops at 4630009000.00000000
the processing element 50stops at 4655936000.00000000
the processing element 54stops at 4766559000.00000000
the processing element 17stops at 4799683000.00000000
the processing element 34stops at 4899245000.00000000
the processing element 0stops at 4907819000.00000000
the processing element 2stops at 4909736000.00000000
the processing element 19stops at 4968666000.00000000
the processing element 18stops at 5009775000.00000000
the processing element 24stops at 5029832000.00000000
the processing element 53stops at 5042842000.00000000
the processing element 28stops at 5050190000.00000000
the processing element 49stops at 5062953000.00000000
the processing element 16stops at 5067608000.00000000
the processing element 42stops at 5099293000.00000000
the processing element 59stops at 5110498000.00000000
the processing element 38stops at 5114500000.00000000
the processing element 36stops at 5116313000.00000000
the processing element 61stops at 5121104000.00000000

Info: /OSCI/SystemC: Simulation stopped by user.
Noxim simulation completed.
 ( 5134949.00000000 cycles executed)
% Total received packets: 1770098
% Global average throughput (flits/cycle): 0.06937964
% Throughput (flits/cycle/IP): 6.64455956
% Max delay (cycles): 14704.00000000
% Total energy (J): 6.2056935221e-04
% received flits to slice 0 2655166
% transmitted flits from slice 0 2655181
% average delay of slice 0 4.5526409688e+01
% received flits to slice 1 3540177
% transmitted flits from slice 1 3540222
% average delay of slice 1 2.6143729803e+02

Info: (I804) /IEEE_Std_1666/deprecated: You can turn off warnings about
             IEEE 1666 deprecated features by placing this method call
             as the first statement in your sc_main() function:

  sc_core::sc_report_handler::set_actions( "/IEEE_Std_1666/deprecated",
                                           sc_core::SC_DO_NOTHING );

