5.22377e-05
0.00024075
8.90117e-05
8.66572e-05
9.1865e-05
9.29824e-05
0.000237903
5.90817e-05
0.000207834
0.000247567
8.45621e-05
8.98497e-05
8.84131e-05
8.68368e-05
0.000239799
0.000235349
0.000211671
0.000287208
0.000120378
0.000118104
0.000123311
0.000124429
0.000276972
0.000229543
0.000197671
0.000285791
0.000118922
0.000117345
0.000114951
0.00011956
0.00027761
0.000217192
0.000190354
0.000289383
0.000121795
0.000120358
0.000118802
0.000116866
0.000280843
0.00020925
0.000186962
0.000288864
0.000118962
0.000120578
0.000116727
0.000114452
0.000280543
0.000199713
0.000162959
0.000261608
7.88355e-05
7.69e-05
7.78378e-05
7.62815e-05
0.00023926
0.000167508
3.21448e-05
0.000241056
6.00993e-05
6.04585e-05
5.83834e-05
5.52507e-05
0.000224475
3.93546e-05
0.00343678
0.0528015
0.00843574
0.00656113
0.00562383
0.00374922
0.00343678
0.000937305
0.00156217
0.0468652
0.00531139
0.00437409
0.00343678
0.00249948
0.00156217
0
0.00249948
0.0403041
0.00562383
0.00468652
0.00374922
0.00281191
0.00187461
0.000937305
0.00249948
0.0328057
0.00562383
0.00468652
0.00374922
0.00281191
0.00187461
0.000937305
0.00249948
0.0253072
0.00562383
0.00468652
0.00374922
0.00281191
0.00187461
0.000937305
0.00249948
0.0178088
0.00562383
0.00468652
0.00374922
0.00281191
0.00187461
0.000937305
0.00156217
0.0103104
0.00312435
0.00249948
0.00187461
0.00124974
0.00062487
0
0.00062487
0.0062487
0.00333264
0.00249948
0.00187461
0.00124974
0.00062487
0.00062487
0.00127226
0.0505725
0.00540712
0.00445293
0.0028626
0.0019084
0.00159033
0.000954198
0.000636132
0.0458015
0.00540712
0.00445293
0.00349873
0.00254453
0.00159033
0
0.00159033
0.0391221
0.00572519
0.00477099
0.00381679
0.0028626
0.0019084
0.000954198
0.00159033
0.0314885
0.00572519
0.00477099
0.00381679
0.0028626
0.0019084
0.000954198
0.00159033
0.023855
0.00572519
0.00477099
0.00381679
0.0028626
0.0019084
0.000954198
0.00159033
0.0162214
0.00540712
0.00445293
0.00349873
0.00254453
0.00159033
0.000848176
0.000636132
0.00890585
0.00349873
0.00254453
0.0019084
0.00127226
0.000636132
0
0.000636132
0.00445293
0.00318066
0.00254453
0.0019084
0.00127226
0.000636132
0.000636132
0.00127226
0.0505725
0.00540712
0.00445293
0.0028626
0.0019084
0.00159033
0.000954198
0.000636132
0.0458015
0.00540712
0.00445293
0.00349873
0.00254453
0.00159033
0
0.00159033
0.0391221
0.00572519
0.00477099
0.00381679
0.0028626
0.0019084
0.000954198
0.00159033
0.0314885
0.00572519
0.00477099
0.00381679
0.0028626
0.0019084
0.000954198
0.00159033
0.023855
0.00572519
0.00477099
0.00381679
0.0028626
0.0019084
0.000954198
0.00159033
0.0162214
0.00540712
0.00445293
0.00349873
0.00254453
0.00159033
0.000848176
0.000636132
0.00890585
0.00349873
0.00254453
0.0019084
0.00127226
0.000636132
0
0.000636132
0.00445293
0.00318066
0.00254453
0.0019084
0.00127226
0.000636132
0.000636132
0.00127226
0.0505725
0.00540712
0.00445293
0.0028626
0.0019084
0.00159033
0.000954198
0.000636132
0.0458015
0.00540712
0.00445293
0.00349873
0.00254453
0.00159033
0
0.00159033
0.0391221
0.00572519
0.00477099
0.00381679
0.0028626
0.0019084
0.000954198
0.00159033
0.0314885
0.00572519
0.00477099
0.00381679
0.0028626
0.0019084
0.000954198
0.00159033
0.023855
0.00572519
0.00477099
0.00381679
0.0028626
0.0019084
0.000954198
0.00159033
0.0162214
0.00540712
0.00445293
0.00349873
0.00254453
0.00159033
0.000848176
0.000636132
0.00890585
0.00349873
0.00254453
0.0019084
0.00127226
0.000636132
0
0.000636132
0.00445293
0.00318066
0.00254453
0.0019084
0.00127226
0.000636132
0.000636132
0.00127348
0.0506208
0.00541229
0.00445718
0.00286533
0.00191022
0.00159185
0.00095511
0.00063674
0.0458453
0.00541229
0.00445718
0.00350207
0.00254696
0.00159185
0
0.00159185
0.0391595
0.00573066
0.00477555
0.00382044
0.00286533
0.00191022
0.00095511
0.00159185
0.0315186
0.00573066
0.00477555
0.00382044
0.00286533
0.00191022
0.00095511
0.00159185
0.0238777
0.00573066
0.00477555
0.00382044
0.00286533
0.00191022
0.00095511
0.00159185
0.0162369
0.00541229
0.00445718
0.00350207
0.00254696
0.00159185
0.000848987
0.00063674
0.00891436
0.00350207
0.00254696
0.00191022
0.00127348
0.00063674
0
0.00063674
0.00445718
0.0031837
0.00254696
0.00191022
0.00127348
0.00063674
0.00063674
0.00127348
0.0506208
0.00541229
0.00445718
0.00286533
0.00191022
0.00159185
0.00095511
0.00063674
0.0458453
0.00541229
0.00445718
0.00350207
0.00254696
0.00159185
0
0.00159185
0.0391595
0.00573066
0.00477555
0.00382044
0.00286533
0.00191022
0.00095511
0.00159185
0.0315186
0.00573066
0.00477555
0.00382044
0.00286533
0.00191022
0.00095511
0.00159185
0.0238777
0.00573066
0.00477555
0.00382044
0.00286533
0.00191022
0.00095511
0.00159185
0.0162369
0.00541229
0.00445718
0.00350207
0.00254696
0.00159185
0.000848987
0.00063674
0.00891436
0.00350207
0.00254696
0.00191022
0.00127348
0.00063674
0
0.00063674
0.00445718
0.0031837
0.00254696
0.00191022
0.00127348
0.00063674
0.00063674
0.00127348
0.0506208
0.00541229
0.00445718
0.00286533
0.00191022
0.00159185
0.00095511
0.00063674
0.0458453
0.00541229
0.00445718
0.00350207
0.00254696
0.00159185
0
0.00159185
0.0391595
0.00573066
0.00477555
0.00382044
0.00286533
0.00191022
0.00095511
0.00159185
0.0315186
0.00573066
0.00477555
0.00382044
0.00286533
0.00191022
0.00095511
0.00159185
0.0238777
0.00573066
0.00477555
0.00382044
0.00286533
0.00191022
0.00095511
0.00159185
0.0162369
0.00541229
0.00445718
0.00350207
0.00254696
0.00159185
0.000848987
0.00063674
0.00891436
0.00350207
0.00254696
0.00191022
0.00127348
0.00063674
0
0.00063674
0.00445718
0.0031837
0.00254696
0.00191022
0.00127348
0.00063674
0.00063674
0.00127348
0.0506209
0.0054123
0.00445719
0.00286534
0.00191022
0.00159185
0.000955112
0.000636741
0.0458454
0.0054123
0.00445719
0.00350208
0.00254696
0.00159185
0
0.00159185
0.0391596
0.00573067
0.00477556
0.00382045
0.00286534
0.00191022
0.000955112
0.00159185
0.0315187
0.00573067
0.00477556
0.00382045
0.00286534
0.00191022
0.000955112
0.00159185
0.0238778
0.00573067
0.00477556
0.00382045
0.00286534
0.00191022
0.000955112
0.00159185
0.0162369
0.0054123
0.00445719
0.00350208
0.00254696
0.00159185
0.000848988
0.000636741
0.00891438
0.00350208
0.00254696
0.00191022
0.00127348
0.000636741
0
0.000636741
0.00445719
0.00318371
0.00254696
0.00191022
0.00127348
0.000636741
0.000636741
0.00140649
0.0559078
0.00597757
0.0049227
0.00316459
0.00210973
0.00175811
0.00105486
0.000703243
0.0506335
0.00597757
0.0049227
0.00386784
0.00281297
0.00175811
0
0.00175811
0.0432495
0.00632919
0.00527432
0.00421946
0.00316459
0.00210973
0.00105486
0.00175811
0.0348105
0.00632919
0.00527432
0.00421946
0.00316459
0.00210973
0.00105486
0.00175811
0.0263716
0.00632919
0.00527432
0.00421946
0.00316459
0.00210973
0.00105486
0.00175811
0.0179327
0.00597757
0.0049227
0.00386784
0.00281297
0.00175811
0.000937657
0.000703243
0.0098454
0.00386784
0.00281297
0.00210973
0.00140649
0.000703243
0
0.000703243
0.0049227
0.00351622
0.00281297
0.00210973
0.00140649
0.000703243
0.000703243
0.00310563
0.0562463
0.00655632
0.00552111
0.00379576
0.00276056
0.00241549
0.00103521
0.00103521
0.0503802
0.00586618
0.00483097
0.00379576
0.00276056
0.00172535
0
0.00207042
0.0431337
0.00621125
0.00517604
0.00414083
0.00310563
0.00207042
0.00103521
0.00207042
0.034852
0.00621125
0.00517604
0.00414083
0.00310563
0.00207042
0.00103521
0.00207042
0.0265704
0.00621125
0.00517604
0.00414083
0.00310563
0.00207042
0.00103521
0.00207042
0.0182887
0.00621125
0.00517604
0.00414083
0.00310563
0.00207042
0.00103521
0.00103521
0.010007
0.00368074
0.00276056
0.00207042
0.00138028
0.000690139
0
0.000690139
0.00552111
0.0034507
0.00276056
0.00207042
0.00138028
0.000690139
0.000690139
0.00310563
0.0562463
0.00655632
0.00552111
0.00379576
0.00276056
0.00241549
0.00103521
0.00103521
0.0503802
0.00586618
0.00483097
0.00379576
0.00276056
0.00172535
0
0.00207042
0.0431337
0.00621125
0.00517604
0.00414083
0.00310563
0.00207042
0.00103521
0.00207042
0.034852
0.00621125
0.00517604
0.00414083
0.00310563
0.00207042
0.00103521
0.00207042
0.0265704
0.00621125
0.00517604
0.00414083
0.00310563
0.00207042
0.00103521
0.00207042
0.0182887
0.00621125
0.00517604
0.00414083
0.00310563
0.00207042
0.00103521
0.00103521
0.010007
0.00368074
0.00276056
0.00207042
0.00138028
0.000690139
0
0.000690139
0.00552111
0.0034507
0.00276056
0.00207042
0.00138028
0.000690139
0.000690139
0.00310563
0.0562463
0.00655632
0.00552111
0.00379576
0.00276056
0.00241549
0.00103521
0.00103521
0.0503802
0.00586618
0.00483097
0.00379576
0.00276056
0.00172535
0
0.00207042
0.0431337
0.00621125
0.00517604
0.00414083
0.00310563
0.00207042
0.00103521
0.00207042
0.034852
0.00621125
0.00517604
0.00414083
0.00310563
0.00207042
0.00103521
0.00207042
0.0265704
0.00621125
0.00517604
0.00414083
0.00310563
0.00207042
0.00103521
0.00207042
0.0182887
0.00621125
0.00517604
0.00414083
0.00310563
0.00207042
0.00103521
0.00103521
0.010007
0.00368074
0.00276056
0.00207042
0.00138028
0.000690139
0
0.000690139
0.00552111
0.0034507
0.00276056
0.00207042
0.00138028
0.000690139
0.000690139
0.00310563
0.0562463
0.00655632
0.00552111
0.00379576
0.00276056
0.00241549
0.00103521
0.00103521
0.0503802
0.00586618
0.00483097
0.00379576
0.00276056
0.00172535
0
0.00207042
0.0431337
0.00621125
0.00517604
0.00414083
0.00310563
0.00207042
0.00103521
0.00207042
0.034852
0.00621125
0.00517604
0.00414083
0.00310563
0.00207042
0.00103521
0.00207042
0.0265704
0.00621125
0.00517604
0.00414083
0.00310563
0.00207042
0.00103521
0.00207042
0.0182887
0.00621125
0.00517604
0.00414083
0.00310563
0.00207042
0.00103521
0.00103521
0.010007
0.00368074
0.00276056
0.00207042
0.00138028
0.000690139
0
0.000690139
0.00552111
0.0034507
0.00276056
0.00207042
0.00138028
0.000690139
0.000690139
0.00310563
0.0562463
0.00655632
0.00552111
0.00379576
0.00276056
0.00241549
0.00103521
0.00103521
0.0503802
0.00586618
0.00483097
0.00379576
0.00276056
0.00172535
0
0.00207042
0.0431337
0.00621125
0.00517604
0.00414083
0.00310563
0.00207042
0.00103521
0.00207042
0.034852
0.00621125
0.00517604
0.00414083
0.00310563
0.00207042
0.00103521
0.00207042
0.0265704
0.00621125
0.00517604
0.00414083
0.00310563
0.00207042
0.00103521
0.00207042
0.0182887
0.00621125
0.00517604
0.00414083
0.00310563
0.00207042
0.00103521
0.00103521
0.010007
0.00368074
0.00276056
0.00207042
0.00138028
0.000690139
0
0.000690139
0.00552111
0.0034507
0.00276056
0.00207042
0.00138028
0.000690139
0.000690139
0.00310563
0.0562463
0.00655632
0.00552111
0.00379576
0.00276056
0.00241549
0.00103521
0.00103521
0.0503802
0.00586618
0.00483097
0.00379576
0.00276056
0.00172535
0
0.00207042
0.0431337
0.00621125
0.00517604
0.00414083
0.00310563
0.00207042
0.00103521
0.00207042
0.034852
0.00621125
0.00517604
0.00414083
0.00310563
0.00207042
0.00103521
0.00207042
0.0265704
0.00621125
0.00517604
0.00414083
0.00310563
0.00207042
0.00103521
0.00207042
0.0182887
0.00621125
0.00517604
0.00414083
0.00310563
0.00207042
0.00103521
0.00103521
0.010007
0.00368074
0.00276056
0.00207042
0.00138028
0.000690139
0
0.000690139
0.00552111
0.0034507
0.00276056
0.00207042
0.00138028
0.000690139
0.000690139
0.0101512
0.134309
0.0229053
0.0179599
0.0140555
0.011713
0.0101512
0.00312345
0.00702777
0.122596
0.0179599
0.017179
0.0124938
0.0101512
0.00546605
0
0.00937036
0.104636
0.0140555
0.011713
0.00937036
0.00702777
0.00468518
0.00234259
0.00937036
0.085895
0.0140555
0.011713
0.00937036
0.00702777
0.00468518
0.00234259
0.00937036
0.0674146
0.0140555
0.011713
0.00937036
0.00702777
0.00468518
0.00234259
0.00937036
0.0489341
0.0140555
0.011713
0.00937036
0.00702777
0.00468518
0.00234259
0.00702777
0.0301934
0.00911008
0.00702777
0.00468518
0.00312345
0.00156173
0
0.00156173
0.019001
0.00832921
0.00624691
0.00468518
0.00312345
0.00156173
0.00156173
0.0232579
0.0989813
0.0371525
0.0369209
0.0362699
0.0364402
0.0980803
0.0230793
0.0898781
0.101165
0.03591
0.0359348
0.0369017
0.0370363
0.101421
0.0880981
0.0924437
0.112414
0.0476914
0.046991
0.0468646
0.0476832
0.112578
0.0909219
0.0919053
0.112197
0.0471997
0.0463784
0.0464471
0.0468399
0.111383
0.0900759
0.0920866
0.11273
0.0481492
0.0473179
0.0472986
0.0476887
0.111946
0.0906527
0.0917515
0.112721
0.0476749
0.0470542
0.0470816
0.0477491
0.111646
0.0904549
0.0882959
0.101208
0.0363495
0.0364402
0.0359705
0.0364484
0.101091
0.0877685
0.0233952
0.0983806
0.0353442
0.035682
0.0359403
0.0359842
0.0977992
0.022975
0.00936172
0.126023
0.0237644
0.0194436
0.0172832
0.0144027
0.0230442
0.00576106
0.00864159
0.121702
0.0244845
0.021604
0.0187234
0.0158429
0.016083
0
0.0175232
0.115221
0.0230442
0.0187234
0.0151228
0.010802
0.00840155
0.0021604
0.0158429
0.0943374
0.0144027
0.010802
0.00864159
0.00648119
0.0043208
0.0021604
0.0158429
0.076334
0.0129624
0.010802
0.00864159
0.00648119
0.0043208
0.0021604
0.0158429
0.0590509
0.0122423
0.0100819
0.00792146
0.0060011
0.00408075
0.0021604
0.0136825
0.0427279
0.00792146
0.00624115
0.0043208
0.00288053
0.00144027
0
0.0021604
0.0331261
0.00720133
0.00576106
0.0043208
0.00288053
0.00144027
0.00144027
0.00936172
0.126023
0.0237644
0.0194436
0.0172832
0.0144027
0.0230442
0.00576106
0.00864159
0.121702
0.0244845
0.021604
0.0187234
0.0158429
0.016083
0
0.0175232
0.115221
0.0230442
0.0187234
0.0151228
0.010802
0.00840155
0.0021604
0.0158429
0.0943374
0.0144027
0.010802
0.00864159
0.00648119
0.0043208
0.0021604
0.0158429
0.076334
0.0129624
0.010802
0.00864159
0.00648119
0.0043208
0.0021604
0.0158429
0.0590509
0.0122423
0.0100819
0.00792146
0.0060011
0.00408075
0.0021604
0.0136825
0.0427279
0.00792146
0.00624115
0.0043208
0.00288053
0.00144027
0
0.0021604
0.0331261
0.00720133
0.00576106
0.0043208
0.00288053
0.00144027
0.00144027
0.00936172
0.126023
0.0237644
0.0194436
0.0172832
0.0144027
0.0230442
0.00576106
0.00864159
0.121702
0.0244845
0.021604
0.0187234
0.0158429
0.016083
0
0.0175232
0.115221
0.0230442
0.0187234
0.0151228
0.010802
0.00840155
0.0021604
0.0158429
0.0943374
0.0144027
0.010802
0.00864159
0.00648119
0.0043208
0.0021604
0.0158429
0.076334
0.0129624
0.010802
0.00864159
0.00648119
0.0043208
0.0021604
0.0158429
0.0590509
0.0122423
0.0100819
0.00792146
0.0060011
0.00408075
0.0021604
0.0136825
0.0427279
0.00792146
0.00624115
0.0043208
0.00288053
0.00144027
0
0.0021604
0.0331261
0.00720133
0.00576106
0.0043208
0.00288053
0.00144027
0.00144027
0.00936172
0.126023
0.0237644
0.0194436
0.0172832
0.0144027
0.0230442
0.00576106
0.00864159
0.121702
0.0244845
0.021604
0.0187234
0.0158429
0.016083
0
0.0175232
0.115221
0.0230442
0.0187234
0.0151228
0.010802
0.00840155
0.0021604
0.0158429
0.0943374
0.0144027
0.010802
0.00864159
0.00648119
0.0043208
0.0021604
0.0158429
0.076334
0.0129624
0.010802
0.00864159
0.00648119
0.0043208
0.0021604
0.0158429
0.0590509
0.0122423
0.0100819
0.00792146
0.0060011
0.00408075
0.0021604
0.0136825
0.0427279
0.00792146
0.00624115
0.0043208
0.00288053
0.00144027
0
0.0021604
0.0331261
0.00720133
0.00576106
0.0043208
0.00288053
0.00144027
0.00144027
0.00936172
0.126023
0.0237644
0.0194436
0.0172832
0.0144027
0.0230442
0.00576106
0.00864159
0.121702
0.0244845
0.021604
0.0187234
0.0158429
0.016083
0
0.0175232
0.115221
0.0230442
0.0187234
0.0151228
0.010802
0.00840155
0.0021604
0.0158429
0.0943374
0.0144027
0.010802
0.00864159
0.00648119
0.0043208
0.0021604
0.0158429
0.076334
0.0129624
0.010802
0.00864159
0.00648119
0.0043208
0.0021604
0.0158429
0.0590509
0.0122423
0.0100819
0.00792146
0.0060011
0.00408075
0.0021604
0.0136825
0.0427279
0.00792146
0.00624115
0.0043208
0.00288053
0.00144027
0
0.0021604
0.0331261
0.00720133
0.00576106
0.0043208
0.00288053
0.00144027
0.00144027
0.00701252
0.0845885
0.0175313
0.0157782
0.0113953
0.00964222
0.0454353
0.00350626
0.00657424
0.0797674
0.0149016
0.0131485
0.0113953
0.00964222
0.040322
0
0.0122719
0.0802057
0.0184079
0.0166547
0.0149016
0.0131485
0.0378384
0.00350626
0.0157782
0.0766994
0.0184079
0.0166547
0.0149016
0.0131485
0.030972
0.00350626
0.0192844
0.0731932
0.0184079
0.0166547
0.0149016
0.0131485
0.0241055
0.00350626
0.0227907
0.0696869
0.0184079
0.0166547
0.0149016
0.0131485
0.0173852
0.00350626
0.0249821
0.0631127
0.0149016
0.0128563
0.0105188
0.00832737
0.00832737
0
0.00569767
0.0600447
0.0144633
0.0122719
0.0100805
0.0074508
0.00482111
0.0026297
0.0235163
0.100806
0.0375132
0.0370464
0.0362385
0.0364968
0.100607
0.0232886
0.0899918
0.102481
0.0359103
0.0357268
0.0357667
0.0362894
0.10273
0.0891692
0.093418
0.114326
0.0481288
0.0482575
0.0481747
0.0488313
0.1149
0.0927118
0.0929771
0.114785
0.0489128
0.0483014
0.0484001
0.0489966
0.11498
0.0927477
0.0924913
0.113713
0.0481787
0.0471094
0.0477278
0.0477259
0.113609
0.0922111
0.0923956
0.113464
0.0474117
0.0468042
0.0473069
0.0470496
0.113059
0.093014
0.0901783
0.103702
0.0382593
0.0378164
0.0379182
0.0377596
0.103295
0.0905863
0.0240799
0.100661
0.0372858
0.0368
0.0377815
0.0374853
0.099473
0.0241726
0.0242099
0.102653
0.037938
0.0381261
0.0380599
0.0377931
0.102369
0.0243052
0.0916762
0.105568
0.0379013
0.0378404
0.0379629
0.0379102
0.104488
0.0916851
0.094363
0.116168
0.0487375
0.0489753
0.0488191
0.0487493
0.115472
0.0942032
0.0945286
0.116504
0.0488978
0.0489274
0.0486854
0.0484701
0.115125
0.0943949
0.0942973
0.115809
0.048327
0.0484884
0.0482921
0.0483619
0.114715
0.0939388
0.0943257
0.115876
0.0488688
0.0488954
0.0487747
0.0487955
0.115348
0.0944126
0.091523
0.105162
0.0377842
0.0378907
0.0377619
0.0379445
0.104349
0.0918547
0.0238722
0.10201
0.0371531
0.03745
0.0373962
0.0375145
0.101481
0.0243501
0.024632
0.101756
0.0379932
0.0376289
0.0378421
0.0376318
0.101615
0.0243372
0.0905287
0.1038
0.0366566
0.0369876
0.036721
0.0370721
0.103397
0.0900906
0.0934906
0.11522
0.0481152
0.0480141
0.0478101
0.0479424
0.114967
0.0929049
0.0939551
0.115432
0.0484324
0.0485324
0.0483726
0.0485065
0.114881
0.0929315
0.0935192
0.114738
0.0481257
0.0480355
0.0479681
0.0479698
0.114622
0.0928989
0.09371
0.114523
0.0482899
0.0481652
0.0480455
0.0483682
0.114704
0.0921842
0.0905199
0.103599
0.0366394
0.0363658
0.0366325
0.036644
0.103325
0.0898236
0.0234999
0.100854
0.036852
0.0367531
0.036798
0.0370089
0.101194
0.0236338
0.024279
0.103969
0.0379493
0.0383624
0.0383242
0.0382847
0.10481
0.0249358
0.0937698
0.107659
0.0377099
0.0379037
0.0387397
0.0383904
0.107213
0.0937461
0.0969104
0.120041
0.0514975
0.0505283
0.0498138
0.0503783
0.119231
0.0965234
0.0965866
0.118962
0.0504111
0.0499213
0.0496473
0.0501972
0.119224
0.0966559
0.0963059
0.118572
0.049544
0.0493587
0.0497117
0.0507325
0.119834
0.0968175
0.0966777
0.119465
0.0505958
0.0500107
0.0497767
0.0500909
0.118936
0.0967008
0.09387
0.108145
0.0398012
0.0397593
0.0390903
0.0387823
0.107706
0.093692
0.0245414
0.104243
0.0378308
0.0379304
0.038315
0.0385453
0.104759
0.0245809
0.034236
0.107697
0.0346336
0.0244965
0.0102562
0.0142374
0.078948
0.0100486
0.0991025
0.121862
0.0720742
0.0720715
0.0585649
0.0483197
0.0989784
0.0845157
0.104426
0.125665
0.0828512
0.0930294
0.0930272
0.0802041
0.130949
0.0984344
0.103525
0.120301
0.0761513
0.0861767
0.0861716
0.0759229
0.125421
0.100897
0.103012
0.11791
0.0742909
0.0843769
0.084372
0.0741685
0.122469
0.103539
0.100621
0.115433
0.0670334
0.0770644
0.0770616
0.0688161
0.118097
0.103164
0.0912318
0.0874247
0.0373426
0.0471626
0.0572211
0.0572195
0.109127
0.102768
0.00987785
0.0702111
0.010146
0.00947196
0.0194368
0.0291759
0.0999372
0.0298114
0.0250343
0.106177
0.0390267
0.0390118
0.0389996
0.0389615
0.105782
0.0250546
0.0947751
0.109025
0.0390947
0.0390797
0.0390662
0.0390512
0.108644
0.0945876
0.0975954
0.120146
0.0502343
0.0502194
0.0502031
0.0501881
0.119808
0.0974391
0.0976389
0.120132
0.0502384
0.0502248
0.0502099
0.0501963
0.119838
0.0974654
0.0976987
0.120133
0.0502601
0.0502466
0.0502316
0.050218
0.11988
0.0974944
0.0977191
0.120111
0.0502615
0.0502452
0.0502289
0.0502126
0.119896
0.0975043
0.0949355
0.108925
0.0390947
0.0390797
0.0390634
0.0390485
0.108753
0.0947013
0.0250438
0.106033
0.0389878
0.0389751
0.038937
0.0389506
0.105881
0.0249364
0.018977
0.101829
0.031226
0.0324266
0.03185
0.0337084
0.0764434
0.0222475
0.0669664
0.101195
0.0314901
0.033383
0.0327836
0.0342494
0.0814978
0.0711033
0.0708856
0.10552
0.0412403
0.0420343
0.0430503
0.0423159
0.0943645
0.0819736
0.0707847
0.099282
0.0408547
0.0399141
0.0417206
0.0415079
0.0965776
0.089495
0.0715181
0.0934514
0.0399264
0.039986
0.0415523
0.0409062
0.0997213
0.0982713
0.0717997
0.088417
0.0402892
0.0400321
0.0415108
0.0407432
0.10248
0.105922
0.0681384
0.0775392
0.0324436
0.0339141
0.0334292
0.0351889
0.0972756
0.116767
0.0201688
0.0706733
0.0302877
0.0328075
0.032426
0.0344831
0.0960578
0.0231134
0.0204429
0.0905834
0.0323771
0.0321157
0.0319035
0.0317781
0.0843452
0.0208597
0.0780288
0.0928378
0.0320331
0.0319281
0.0320031
0.0320864
0.0866704
0.0770381
0.0785764
0.101678
0.0411568
0.0409736
0.0407083
0.040804
0.0953119
0.0799786
0.0776924
0.101614
0.0410904
0.0410733
0.0408236
0.04077
0.0949251
0.0813729
0.0766938
0.101724
0.0412983
0.0411815
0.041144
0.0409683
0.0950119
0.0822848
0.0753673
0.10144
0.0412376
0.0411665
0.0410036
0.0408386
0.0947912
0.083263
0.071546
0.0924778
0.0320385
0.0317738
0.0318113
0.031701
0.0853535
0.0822216
0.0203582
0.0905727
0.0321639
0.0323453
0.0321328
0.0320374
0.0833102
0.0208179
0.00701252
0.0845885
0.0175313
0.0157782
0.0113953
0.00964222
0.0454353
0.00350626
0.00657424
0.0797674
0.0149016
0.0131485
0.0113953
0.00964222
0.040322
0
0.0122719
0.0802057
0.0184079
0.0166547
0.0149016
0.0131485
0.0378384
0.00350626
0.0157782
0.0766994
0.0184079
0.0166547
0.0149016
0.0131485
0.030972
0.00350626
0.0192844
0.0731932
0.0184079
0.0166547
0.0149016
0.0131485
0.0241055
0.00350626
0.0227907
0.0696869
0.0184079
0.0166547
0.0149016
0.0131485
0.0173852
0.00350626
0.0249821
0.0631127
0.0149016
0.0128563
0.0105188
0.00832737
0.00832737
0
0.00569767
0.0600447
0.0144633
0.0122719
0.0100805
0.0074508
0.00482111
0.0026297
0.019798
0.079467
0.0257557
0.0241059
0.0271123
0.026269
0.0884677
0.0158017
0.0697513
0.08207
0.0309435
0.0314568
0.0283038
0.0297214
0.0922073
0.0699529
0.0761673
0.0904781
0.034451
0.0356181
0.0370663
0.0336199
0.0957637
0.0698979
0.0779088
0.0950304
0.0404759
0.0422907
0.0428957
0.0384961
0.0972118
0.0712911
0.0776888
0.0938205
0.0366263
0.0388077
0.0396877
0.0357097
0.0925556
0.0701362
0.0779821
0.0916757
0.0319884
0.036663
0.0350498
0.0336016
0.0917368
0.0738942
0.0803285
0.089366
0.029697
0.0301553
0.0300086
0.0319151
0.0802002
0.0701729
0.0219061
0.088651
0.0336199
0.0350498
0.0309252
0.0307786
0.0815384
0.0206046
0.0218595
0.087375
0.0333158
0.0352322
0.0349584
0.0347689
0.0825103
0.0230599
0.0666106
0.0869819
0.0326419
0.0331895
0.0335685
0.0321154
0.0823418
0.0766558
0.0701275
0.0917694
0.0374013
0.0378857
0.0399916
0.0389176
0.0913763
0.078488
0.0676003
0.0897126
0.0353796
0.0376751
0.0381805
0.0368538
0.0872276
0.0760241
0.0708856
0.0897126
0.0373662
0.0362009
0.0363694
0.0366642
0.0869538
0.0762347
0.0712857
0.0866801
0.0370644
0.035885
0.0363483
0.0367485
0.0883016
0.0765084
0.0674529
0.0758556
0.0252501
0.0272086
0.0258398
0.0262188
0.0769928
0.0750343
0.0183637
0.0749079
0.0255239
0.0252922
0.0250816
0.0252922
0.0740655
0.0167632
0.0447937
0.19196
0.0713999
0.0705521
0.0690125
0.0695048
0.191559
0.0443572
0.171354
0.195186
0.0684346
0.0680849
0.0681609
0.0691569
0.195644
0.169814
0.17789
0.21776
0.0917214
0.0919666
0.0918088
0.0930595
0.218836
0.176577
0.17705
0.218632
0.0932135
0.0920483
0.0922365
0.0933732
0.21899
0.176645
0.176125
0.216589
0.0918145
0.0897769
0.0909541
0.0909496
0.216374
0.175623
0.175917
0.216054
0.0902635
0.0891059
0.0900639
0.0895735
0.215207
0.176988
0.171637
0.197434
0.0727913
0.0719473
0.0721602
0.071839
0.196489
0.172443
0.0457656
0.191536
0.0708772
0.0698906
0.0715291
0.0711718
0.189234
0.0458816
0
0
0
0
0
0
0
0
0
0
0
0
0
0
0
0
0
0
0
0
0
0
0
0
0
0
0
0
0
0
0
0
0
0
0
0
0
0
0
0
0
0
0
0
0
0
0
0
0
0
0
0
0
0
0
0
0
0
0
0
0
0
0
0
0
0
0
0
0
0
0
0
0
0
0
0
0
0
0
0
0
0
0
0
0
0
0
0
0
0
0
0
0
0
0
0
0
0
0
0
0
0
0
0
0
0
0
0
0
0
0
0
0
0
0
0
0
0
0
0
0
0
0
0
0
0
0
0
0
0
0
0
0
0
0
0
0
0
0
0
0
0
0
0
0
0
0
0
0
0
0
0
0
0
0
0
0
0
0
0
0
0
0
0
0
0
0
0
0
0
0
0
0
0
0
0
0
0
0
0
0
0
0
0
0
0
0
0
0
0
0
0
0
0
0
0
0
0
0
0
0
0
0
0
0
0
0
0
0
0
0
0
0
0
0
0
0
0
0
0
0
0
0
0
0
0
0
0
0
0
0
0
0
0
0
0
0
0
0
0
0
0
0
0
0
0
0
0
0
0
0
0
0
0
0
0
0.0127697
0.154034
0.0319242
0.0287318
0.0207508
0.0175583
0.0861954
0.00638485
0.0119716
0.145255
0.0271356
0.0239432
0.0207508
0.0175583
0.0766182
0
0.022347
0.146053
0.0335204
0.030328
0.0271356
0.0239432
0.0718295
0.00638485
0.0287318
0.139669
0.0335204
0.030328
0.0271356
0.0239432
0.0590598
0.00638485
0.0351167
0.133284
0.0335204
0.030328
0.0271356
0.0239432
0.0462901
0.00638485
0.0415015
0.126899
0.0335204
0.030328
0.0271356
0.0239432
0.0335204
0.00558674
0.045492
0.114927
0.0271356
0.0234111
0.0191545
0.0159621
0.0170263
0
0.0103754
0.10934
0.0263375
0.022347
0.0183564
0.0143659
0.0103754
0.00558674
0
0
0
0
0
0
0
0
0
0
0
0
0
0
0
0
0
0
0
0
0
0
0
0
0
0
0
0
0
0
0
0
0
0
0
0
0
0
0
0
0
0
0
0
0
0
0
0
0
0
0
0
0
0
0
0
0
0
0
0
0
0
0
0
0.0447937
0.19196
0.0713999
0.0705521
0.0690125
0.0695048
0.191559
0.0443572
0.171354
0.195186
0.0684346
0.0680849
0.0681609
0.0691569
0.195644
0.169814
0.17789
0.21776
0.0917214
0.0919666
0.0918088
0.0930595
0.218836
0.176577
0.17705
0.218632
0.0932135
0.0920483
0.0922365
0.0933732
0.21899
0.176645
0.176125
0.216589
0.0918145
0.0897769
0.0909541
0.0909496
0.216374
0.175623
0.175917
0.216054
0.0902635
0.0891059
0.0900639
0.0895735
0.215207
0.176988
0.171637
0.197434
0.0727913
0.0719473
0.0721602
0.071839
0.196489
0.172443
0.0457656
0.191536
0.0708772
0.0698906
0.0715291
0.0711718
0.189234
0.0458816
0.054655
0.234053
0.0875618
0.0862199
0.0843458
0.084945
0.233575
0.0541645
0.208759
0.237753
0.0832977
0.082872
0.0829646
0.0841769
0.238276
0.206952
0.216667
0.26523
0.111642
0.111941
0.111748
0.113271
0.266505
0.215112
0.215644
0.266293
0.113458
0.11204
0.112269
0.113653
0.266692
0.215196
0.214518
0.263807
0.111755
0.109275
0.110708
0.110703
0.263509
0.213951
0.214266
0.263143
0.109854
0.108445
0.109611
0.109014
0.262072
0.215587
0.20915
0.240761
0.0889638
0.0879458
0.0883646
0.087817
0.239838
0.210177
0.055666
0.233256
0.0862607
0.0850306
0.0869857
0.0866039
0.230461
0.0557886
0.0555796
0.237622
0.0896177
0.0877492
0.0858526
0.086459
0.237117
0.0550341
0.211791
0.240987
0.0843002
0.0838693
0.083963
0.0851899
0.24154
0.209848
0.219246
0.268495
0.112742
0.113044
0.112849
0.114389
0.269932
0.217926
0.218631
0.269867
0.114824
0.113388
0.11362
0.11502
0.270316
0.218076
0.21749
0.26735
0.1131
0.11059
0.112042
0.112037
0.267097
0.216816
0.21728
0.266816
0.111368
0.109942
0.111122
0.110518
0.265879
0.218799
0.212323
0.244312
0.0905004
0.0894116
0.0900298
0.0892828
0.243536
0.21324
0.0566754
0.236897
0.087995
0.0866815
0.0890307
0.0882971
0.234173
0.0570056
0.044183
0.18937
0.070528
0.0696119
0.0680945
0.0685797
0.188976
0.0437634
0.169011
0.192489
0.0674463
0.0671016
0.0671766
0.0681582
0.192939
0.167502
0.175368
0.214684
0.0903481
0.0905897
0.0904342
0.0916675
0.215763
0.174138
0.174617
0.215606
0.0918673
0.090719
0.0909044
0.0920247
0.215945
0.174214
0.173705
0.213592
0.0904886
0.0884803
0.0896418
0.0896381
0.213369
0.173206
0.173548
0.213195
0.0891435
0.0880026
0.0889468
0.0884635
0.212449
0.174872
0.169345
0.19484
0.0719855
0.0711012
0.0713429
0.0710019
0.194016
0.170144
0.0451403
0.188958
0.0699753
0.0689562
0.0705954
0.0702189
0.186663
0.0452558
0.0626863
0.267715
0.101568
0.0990821
0.0969494
0.0976314
0.267075
0.0620728
0.238481
0.271232
0.0947956
0.0943112
0.0944165
0.0957962
0.271767
0.236258
0.246843
0.30217
0.12676
0.127021
0.126868
0.1286
0.303659
0.245213
0.246053
0.303579
0.12898
0.127366
0.127626
0.129199
0.303871
0.245361
0.244745
0.300635
0.126921
0.124098
0.125335
0.125589
0.30019
0.24387
0.244508
0.299998
0.124909
0.123306
0.124633
0.123953
0.298729
0.245648
0.23925
0.275227
0.102508
0.101083
0.10187
0.100973
0.274618
0.240287
0.0640888
0.267091
0.100059
0.0980658
0.100707
0.0998799
0.264032
0.0646768
0.0626863
0.267715
0.101568
0.0990821
0.0969494
0.0976314
0.267075
0.0620728
0.238481
0.271232
0.0947956
0.0943112
0.0944165
0.0957962
0.271767
0.236258
0.246843
0.30217
0.12676
0.127021
0.126868
0.1286
0.303659
0.245213
0.246053
0.303579
0.12898
0.127366
0.127626
0.129199
0.303871
0.245361
0.244745
0.300635
0.126921
0.124098
0.125335
0.125589
0.30019
0.24387
0.244508
0.299998
0.124909
0.123306
0.124633
0.123953
0.298729
0.245648
0.23925
0.275227
0.102508
0.101083
0.10187
0.100973
0.274618
0.240287
0.0640888
0.267091
0.100059
0.0980658
0.100707
0.0998799
0.264032
0.0646768
0.0529145
0.226358
0.0832516
0.0836026
0.0836324
0.0833711
0.22592
0.053684
0.202319
0.233023
0.0834393
0.0835168
0.0835969
0.0834262
0.230838
0.202244
0.208143
0.25669
0.107595
0.108244
0.107893
0.107901
0.254943
0.20806
0.20833
0.257299
0.108352
0.108237
0.107836
0.107384
0.254314
0.208235
0.207937
0.255443
0.106836
0.1068
0.106583
0.106613
0.253052
0.207681
0.207981
0.25561
0.107436
0.107727
0.107794
0.10764
0.254717
0.208467
0.20233
0.231891
0.0834945
0.0833645
0.083336
0.0835138
0.230654
0.203188
0.0532691
0.226049
0.083312
0.0836534
0.083744
0.0839121
0.22521
0.0546939
0.0353107
0.147716
0.0546094
0.0546558
0.0544819
0.054511
0.14758
0.0351718
0.132361
0.151604
0.0546128
0.0545777
0.0546102
0.0545871
0.151415
0.131759
0.136398
0.167466
0.0696104
0.0693698
0.0695696
0.0698792
0.167441
0.135843
0.136975
0.168198
0.0700922
0.0703308
0.0702324
0.0702179
0.167403
0.135407
0.13642
0.167535
0.070105
0.0698664
0.0698305
0.0696762
0.167447
0.135933
0.136479
0.166885
0.0699955
0.0702324
0.0699596
0.0701076
0.16771
0.135551
0.132851
0.151753
0.0542057
0.0540278
0.0540808
0.0539337
0.15193
0.131845
0.0352582
0.14817
0.0545923
0.0546213
0.0546889
0.0550952
0.148769
0.0354469
0.0430795
0.184307
0.0671156
0.0680161
0.0678519
0.0678394
0.185563
0.0438794
0.166071
0.190622
0.0663919
0.0666049
0.0684112
0.0675011
0.189866
0.166006
0.171481
0.212671
0.0914441
0.0899783
0.0885981
0.0892673
0.211717
0.171606
0.171234
0.210966
0.0892138
0.0884568
0.0881474
0.089046
0.211287
0.171146
0.170993
0.211032
0.0883187
0.0879343
0.0889044
0.090625
0.212866
0.171789
0.17135
0.211306
0.0893937
0.0879975
0.0876292
0.0881709
0.210338
0.171091
0.166498
0.191614
0.0699937
0.0702799
0.06854
0.0680357
0.190196
0.165968
0.0441931
0.18534
0.0676317
0.0679048
0.068363
0.068666
0.186015
0.0438986
0.0710785
0.300427
0.110575
0.110533
0.110495
0.110452
0.29928
0.0709862
0.268025
0.308282
0.110579
0.110537
0.110499
0.110456
0.307215
0.267483
0.275768
0.339602
0.141942
0.141899
0.141784
0.141819
0.338689
0.275422
0.276091
0.339627
0.141953
0.141916
0.141876
0.141649
0.338789
0.275523
0.276179
0.339547
0.14194
0.141903
0.141846
0.141653
0.338854
0.275605
0.276275
0.339427
0.141876
0.14183
0.141707
0.141711
0.338798
0.27548
0.268617
0.308045
0.110579
0.110537
0.110491
0.110449
0.307568
0.267929
0.0710785
0.300103
0.110575
0.110537
0.110495
0.110456
0.299741
0.0709862
0
0
0
0
0
0
0
0
0
0
0
0
0
0
0
0
0
0
0
0
0
0
0
0
0
0
0
0
0
0
0
0
0
0
0
0
0
0
0
0
0
0
0
0
0
0
0
0
0
0
0
0
0
0
0
0
0
0
0
0
0
0
0
0
0.0399112
0.220869
0.0659915
0.0674264
0.0671786
0.0701172
0.165248
0.0474646
0.145116
0.217899
0.0655959
0.0684888
0.0685486
0.0707464
0.175767
0.154054
0.155014
0.230827
0.0900004
0.091742
0.0933704
0.0923345
0.206279
0.179234
0.155168
0.218343
0.0917215
0.0887432
0.0927057
0.0922392
0.212571
0.196169
0.157356
0.205295
0.0880947
0.0882254
0.0916612
0.0902439
0.218771
0.215284
0.159681
0.196526
0.0913421
0.0907783
0.0945498
0.0923392
0.22784
0.232662
0.149162
0.170064
0.0713975
0.0748435
0.0735492
0.0774092
0.213175
0.255827
0.0446298
0.155066
0.0666365
0.0721638
0.071327
0.0758393
0.210499
0.0507889
0.0501154
0.222577
0.0793889
0.0787719
0.0782099
0.0779027
0.207202
0.0511316
0.191849
0.228288
0.078764
0.0785066
0.0786931
0.0791474
0.213118
0.18938
0.193306
0.250797
0.10167
0.101221
0.100569
0.100806
0.235047
0.196743
0.190948
0.249524
0.100696
0.100654
0.100042
0.0999104
0.233191
0.199955
0.188503
0.24977
0.101206
0.100921
0.100829
0.100401
0.233406
0.202192
0.18568
0.249561
0.101378
0.101205
0.100806
0.100401
0.233104
0.204668
0.176069
0.227093
0.0785171
0.0778685
0.0779605
0.07769
0.209752
0.202216
0.0502729
0.222979
0.0795806
0.0800244
0.0795019
0.0792682
0.205674
0.0524314
0.0143373
0.172944
0.0358434
0.032259
0.0232982
0.0197139
0.0731802
0.00716867
0.0134413
0.163087
0.0298695
0.0259864
0.0224021
0.0188178
0.0660115
0
0.0250904
0.163983
0.0376355
0.0331551
0.0295708
0.0250904
0.0651154
0.00716867
0.032259
0.156815
0.0376355
0.0331551
0.0295708
0.0250904
0.0573494
0.00716867
0.0394277
0.149646
0.0376355
0.0340512
0.0304669
0.0268825
0.0501807
0.00716867
0.0465964
0.142477
0.0376355
0.0340512
0.0304669
0.0259864
0.042116
0.00627259
0.0510768
0.129036
0.0304669
0.0268825
0.0232982
0.0188178
0.0250904
0
0.0116491
0.122764
0.0304669
0.0268825
0.0232982
0.0197139
0.0161295
0.00716867
0.0388851
0.157366
0.0505819
0.0473395
0.0532479
0.0515907
0.175596
0.0310192
0.140145
0.166337
0.0650287
0.0660375
0.0617142
0.0603092
0.18435
0.139497
0.152863
0.181396
0.0694961
0.0718138
0.0746719
0.0679109
0.192961
0.139352
0.155925
0.18907
0.0800159
0.0834745
0.0846634
0.076017
0.192852
0.141658
0.155697
0.18716
0.0723062
0.0765934
0.0783227
0.0705048
0.183594
0.13946
0.155829
0.181468
0.0618583
0.0710452
0.0678749
0.0650287
0.179883
0.144036
0.161509
0.177433
0.0577873
0.0585799
0.0583637
0.0618944
0.158122
0.139857
0.0473755
0.179775
0.0694961
0.073447
0.064068
0.0637678
0.16349
0.0421516
0.0218595
0.087375
0.0333158
0.0352322
0.0349584
0.0347689
0.0825103
0.0230599
0.0666106
0.0869819
0.0326419
0.0331895
0.0335685
0.0321154
0.0823418
0.0766558
0.0701275
0.0917694
0.0374013
0.0378857
0.0399916
0.0389176
0.0913763
0.078488
0.0676003
0.0897126
0.0353796
0.0376751
0.0381805
0.0368538
0.0872276
0.0760241
0.0708856
0.0897126
0.0373662
0.0362009
0.0363694
0.0366642
0.0869538
0.0762347
0.0712857
0.0866801
0.0370644
0.035885
0.0363483
0.0367485
0.0883016
0.0765084
0.0674529
0.0758556
0.0252501
0.0272086
0.0258398
0.0262188
0.0769928
0.0750343
0.0183637
0.0749079
0.0255239
0.0252922
0.0250816
0.0252922
0.0740655
0.0167632
0.0399112
0.220869
0.0659915
0.0674264
0.0671786
0.0701172
0.165248
0.0474646
0.145116
0.217899
0.0655959
0.0684888
0.0685486
0.0707464
0.175767
0.154054
0.155014
0.230827
0.0900004
0.091742
0.0933704
0.0923345
0.206279
0.179234
0.155168
0.218343
0.0917215
0.0887432
0.0927057
0.0922392
0.212571
0.196169
0.157356
0.205295
0.0880947
0.0882254
0.0916612
0.0902439
0.218771
0.215284
0.159681
0.196526
0.0913421
0.0907783
0.0945498
0.0923392
0.22784
0.232662
0.149162
0.170064
0.0713975
0.0748435
0.0735492
0.0774092
0.213175
0.255827
0.0446298
0.155066
0.0666365
0.0721638
0.071327
0.0758393
0.210499
0.0507889
