0.000162939
0.000580229
0.000721325
0.000706852
0.000727125
0.000727364
0.000569627
0.000196819
0.0005898
0.000856023
0.00092441
0.000944323
0.000956202
0.000955178
0.000897366
0.000680753
0.00026619
0.000334484
0.000379392
0.000362219
0.000374577
0.000365292
0.000310739
0.000303583
0.00024762
0.000326516
0.00038027
0.000364786
0.000352229
0.000355954
0.000311365
0.000299778
0.000241302
0.000316233
0.000381414
0.000365145
0.000353732
0.000337384
0.000303397
0.000300656
0.000243869
0.000293885
0.000372076
0.000365771
0.000349928
0.000331065
0.000293114
0.0003018
0.000437137
0.00068646
0.000745069
0.000730743
0.00073069
0.00071345
0.000656769
0.000437064
0.000146071
0.000665403
0.000785861
0.000773769
0.000755957
0.000730377
0.00059812
0.000191345
0.0177046
0.123724
0.0939388
0.0760258
0.0645699
0.0458238
0.0083316
0.0114559
0
0.0187461
0.01583
0.0135388
0.0156217
0.0124974
0.0114559
0
0.0124974
0.0135388
0.0137471
0.0114559
0.0135388
0.0104145
0.00937305
0.00937305
0.0104145
0.0114559
0.0116642
0.00937305
0.0114559
0.0083316
0.00729015
0.00729015
0.0083316
0.00937305
0.00958134
0.00729015
0.00937305
0.0062487
0.00520725
0.00520725
0.0062487
0.00729015
0.00749844
0.00520725
0.00729015
0.0041658
0.00312435
0.00312435
0.00520725
0.0083316
0.00749844
0.0041658
0.00520725
0.0020829
0.00104145
0
0.00312435
0.0083316
0.00541554
0.00312435
0.00312435
0.00104145
0
0.00104145
0.0116624
0.123198
0.08662
0.0717769
0.0548134
0.0399703
0.00212044
0.0113444
0
0.019084
0.0137829
0.0137829
0.0127226
0.0127226
0.0116624
0
0.00954198
0.0137829
0.0116624
0.0116624
0.0106022
0.0106022
0.00954198
0.00922392
0.00742154
0.0116624
0.00954198
0.00954198
0.00848176
0.00848176
0.00742154
0.00710348
0.0053011
0.00954198
0.00742154
0.00742154
0.00636132
0.00636132
0.0053011
0.00498304
0.00318066
0.00742154
0.0053011
0.0053011
0.00424088
0.00424088
0.00318066
0.0028626
0.00212044
0.00636132
0.00424088
0.00318066
0.00212044
0.00212044
0.00106022
0
0.00106022
0.00212044
0.00106022
0.00106022
0.00106022
0.00106022
0
0.00106022
0.0116624
0.123198
0.08662
0.0717769
0.0548134
0.0399703
0.00212044
0.0113444
0
0.019084
0.0137829
0.0137829
0.0127226
0.0127226
0.0116624
0
0.00954198
0.0137829
0.0116624
0.0116624
0.0106022
0.0106022
0.00954198
0.00922392
0.00742154
0.0116624
0.00954198
0.00954198
0.00848176
0.00848176
0.00742154
0.00710348
0.0053011
0.00954198
0.00742154
0.00742154
0.00636132
0.00636132
0.0053011
0.00498304
0.00318066
0.00742154
0.0053011
0.0053011
0.00424088
0.00424088
0.00318066
0.0028626
0.00212044
0.00636132
0.00424088
0.00318066
0.00212044
0.00212044
0.00106022
0
0.00106022
0.00212044
0.00106022
0.00106022
0.00106022
0.00106022
0
0.00106022
0.0116624
0.123198
0.08662
0.0717769
0.0548134
0.0399703
0.00212044
0.0113444
0
0.019084
0.0137829
0.0137829
0.0127226
0.0127226
0.0116624
0
0.00954198
0.0137829
0.0116624
0.0116624
0.0106022
0.0106022
0.00954198
0.00922392
0.00742154
0.0116624
0.00954198
0.00954198
0.00848176
0.00848176
0.00742154
0.00710348
0.0053011
0.00954198
0.00742154
0.00742154
0.00636132
0.00636132
0.0053011
0.00498304
0.00318066
0.00742154
0.0053011
0.0053011
0.00424088
0.00424088
0.00318066
0.0028626
0.00212044
0.00636132
0.00424088
0.00318066
0.00212044
0.00212044
0.00106022
0
0.00106022
0.00212044
0.00106022
0.00106022
0.00106022
0.00106022
0
0.00106022
0.0116736
0.123315
0.0867027
0.0718455
0.0548658
0.0400085
0.00212247
0.0113552
0
0.0191022
0.013796
0.013796
0.0127348
0.0127348
0.0116736
0
0.0095511
0.013796
0.0116736
0.0116736
0.0106123
0.0106123
0.0095511
0.00923273
0.00742863
0.0116736
0.0095511
0.0095511
0.00848987
0.00848987
0.00742863
0.00711026
0.00530617
0.0095511
0.00742863
0.00742863
0.0063674
0.0063674
0.00530617
0.0049878
0.0031837
0.00742863
0.00530617
0.00530617
0.00424493
0.00424493
0.0031837
0.00286533
0.00212247
0.0063674
0.00424493
0.0031837
0.00212247
0.00212247
0.00106123
0
0.00106123
0.00212247
0.00106123
0.00106123
0.00106123
0.00106123
0
0.00106123
0.0116736
0.123315
0.0867027
0.0718455
0.0548658
0.0400085
0.00212247
0.0113552
0
0.0191022
0.013796
0.013796
0.0127348
0.0127348
0.0116736
0
0.0095511
0.013796
0.0116736
0.0116736
0.0106123
0.0106123
0.0095511
0.00923273
0.00742863
0.0116736
0.0095511
0.0095511
0.00848987
0.00848987
0.00742863
0.00711026
0.00530617
0.0095511
0.00742863
0.00742863
0.0063674
0.0063674
0.00530617
0.0049878
0.0031837
0.00742863
0.00530617
0.00530617
0.00424493
0.00424493
0.0031837
0.00286533
0.00212247
0.0063674
0.00424493
0.0031837
0.00212247
0.00212247
0.00106123
0
0.00106123
0.00212247
0.00106123
0.00106123
0.00106123
0.00106123
0
0.00106123
0.0116736
0.123315
0.0867027
0.0718455
0.0548658
0.0400085
0.00212247
0.0113552
0
0.0191022
0.013796
0.013796
0.0127348
0.0127348
0.0116736
0
0.0095511
0.013796
0.0116736
0.0116736
0.0106123
0.0106123
0.0095511
0.00923273
0.00742863
0.0116736
0.0095511
0.0095511
0.00848987
0.00848987
0.00742863
0.00711026
0.00530617
0.0095511
0.00742863
0.00742863
0.0063674
0.0063674
0.00530617
0.0049878
0.0031837
0.00742863
0.00530617
0.00530617
0.00424493
0.00424493
0.0031837
0.00286533
0.00212247
0.0063674
0.00424493
0.0031837
0.00212247
0.00212247
0.00106123
0
0.00106123
0.00212247
0.00106123
0.00106123
0.00106123
0.00106123
0
0.00106123
0.0116736
0.123316
0.0867029
0.0718456
0.0548659
0.0400086
0.00212247
0.0113552
0
0.0191022
0.0137961
0.0137961
0.0127348
0.0127348
0.0116736
0
0.00955112
0.0137961
0.0116736
0.0116736
0.0106124
0.0106124
0.00955112
0.00923275
0.00742865
0.0116736
0.00955112
0.00955112
0.00848988
0.00848988
0.00742865
0.00711028
0.00530618
0.00955112
0.00742865
0.00742865
0.00636741
0.00636741
0.00530618
0.00498781
0.00318371
0.00742865
0.00530618
0.00530618
0.00424494
0.00424494
0.00318371
0.00286534
0.00212247
0.00636741
0.00424494
0.00318371
0.00212247
0.00212247
0.00106124
0
0.00106124
0.00212247
0.00106124
0.00106124
0.00106124
0.00106124
0
0.00106124
0.0128928
0.136195
0.0957583
0.0793493
0.0605961
0.0441871
0.00234414
0.0125412
0
0.0210973
0.0152369
0.0152369
0.0140649
0.0140649
0.0128928
0
0.0105486
0.0152369
0.0128928
0.0128928
0.0117207
0.0117207
0.0105486
0.010197
0.0082045
0.0128928
0.0105486
0.0105486
0.00937657
0.00937657
0.0082045
0.00785288
0.00586036
0.0105486
0.0082045
0.0082045
0.00703243
0.00703243
0.00586036
0.00550874
0.00351622
0.0082045
0.00586036
0.00586036
0.00468829
0.00468829
0.00351622
0.00316459
0.00234414
0.00703243
0.00468829
0.00351622
0.00234414
0.00234414
0.00117207
0
0.00117207
0.00234414
0.00117207
0.00117207
0.00117207
0.00117207
0
0.00117207
0.0195539
0.134807
0.0962744
0.0805162
0.0621125
0.0460093
0.00460093
0.0126525
0
0.0207042
0.0146079
0.014953
0.0138028
0.0138028
0.0126525
0
0.0138028
0.014953
0.0123075
0.0126525
0.0115023
0.0115023
0.0103521
0.0103521
0.0115023
0.0126525
0.010007
0.0103521
0.00920185
0.00920185
0.00805162
0.00805162
0.00920185
0.0103521
0.00770655
0.00805162
0.00690139
0.00690139
0.00575116
0.00575116
0.00690139
0.00805162
0.00540609
0.00575116
0.00460093
0.00460093
0.0034507
0.0034507
0.0034507
0.00690139
0.00425586
0.0034507
0.00230046
0.00230046
0.00115023
0
0.0034507
0.00460093
0.00115023
0.00115023
0.00115023
0.00115023
0
0.00115023
0.0195539
0.134807
0.0962744
0.0805162
0.0621125
0.0460093
0.00460093
0.0126525
0
0.0207042
0.0146079
0.014953
0.0138028
0.0138028
0.0126525
0
0.0138028
0.014953
0.0123075
0.0126525
0.0115023
0.0115023
0.0103521
0.0103521
0.0115023
0.0126525
0.010007
0.0103521
0.00920185
0.00920185
0.00805162
0.00805162
0.00920185
0.0103521
0.00770655
0.00805162
0.00690139
0.00690139
0.00575116
0.00575116
0.00690139
0.00805162
0.00540609
0.00575116
0.00460093
0.00460093
0.0034507
0.0034507
0.0034507
0.00690139
0.00425586
0.0034507
0.00230046
0.00230046
0.00115023
0
0.0034507
0.00460093
0.00115023
0.00115023
0.00115023
0.00115023
0
0.00115023
0.0195539
0.134807
0.0962744
0.0805162
0.0621125
0.0460093
0.00460093
0.0126525
0
0.0207042
0.0146079
0.014953
0.0138028
0.0138028
0.0126525
0
0.0138028
0.014953
0.0123075
0.0126525
0.0115023
0.0115023
0.0103521
0.0103521
0.0115023
0.0126525
0.010007
0.0103521
0.00920185
0.00920185
0.00805162
0.00805162
0.00920185
0.0103521
0.00770655
0.00805162
0.00690139
0.00690139
0.00575116
0.00575116
0.00690139
0.00805162
0.00540609
0.00575116
0.00460093
0.00460093
0.0034507
0.0034507
0.0034507
0.00690139
0.00425586
0.0034507
0.00230046
0.00230046
0.00115023
0
0.0034507
0.00460093
0.00115023
0.00115023
0.00115023
0.00115023
0
0.00115023
0.0195539
0.134807
0.0962744
0.0805162
0.0621125
0.0460093
0.00460093
0.0126525
0
0.0207042
0.0146079
0.014953
0.0138028
0.0138028
0.0126525
0
0.0138028
0.014953
0.0123075
0.0126525
0.0115023
0.0115023
0.0103521
0.0103521
0.0115023
0.0126525
0.010007
0.0103521
0.00920185
0.00920185
0.00805162
0.00805162
0.00920185
0.0103521
0.00770655
0.00805162
0.00690139
0.00690139
0.00575116
0.00575116
0.00690139
0.00805162
0.00540609
0.00575116
0.00460093
0.00460093
0.0034507
0.0034507
0.0034507
0.00690139
0.00425586
0.0034507
0.00230046
0.00230046
0.00115023
0
0.0034507
0.00460093
0.00115023
0.00115023
0.00115023
0.00115023
0
0.00115023
0.0195539
0.134807
0.0962744
0.0805162
0.0621125
0.0460093
0.00460093
0.0126525
0
0.0207042
0.0146079
0.014953
0.0138028
0.0138028
0.0126525
0
0.0138028
0.014953
0.0123075
0.0126525
0.0115023
0.0115023
0.0103521
0.0103521
0.0115023
0.0126525
0.010007
0.0103521
0.00920185
0.00920185
0.00805162
0.00805162
0.00920185
0.0103521
0.00770655
0.00805162
0.00690139
0.00690139
0.00575116
0.00575116
0.00690139
0.00805162
0.00540609
0.00575116
0.00460093
0.00460093
0.0034507
0.0034507
0.0034507
0.00690139
0.00425586
0.0034507
0.00230046
0.00230046
0.00115023
0
0.0034507
0.00460093
0.00115023
0.00115023
0.00115023
0.00115023
0
0.00115023
0.0195539
0.134807
0.0962744
0.0805162
0.0621125
0.0460093
0.00460093
0.0126525
0
0.0207042
0.0146079
0.014953
0.0138028
0.0138028
0.0126525
0
0.0138028
0.014953
0.0123075
0.0126525
0.0115023
0.0115023
0.0103521
0.0103521
0.0115023
0.0126525
0.010007
0.0103521
0.00920185
0.00920185
0.00805162
0.00805162
0.00920185
0.0103521
0.00770655
0.00805162
0.00690139
0.00690139
0.00575116
0.00575116
0.00690139
0.00805162
0.00540609
0.00575116
0.00460093
0.00460093
0.0034507
0.0034507
0.0034507
0.00690139
0.00425586
0.0034507
0.00230046
0.00230046
0.00115023
0
0.0034507
0.00460093
0.00115023
0.00115023
0.00115023
0.00115023
0
0.00115023
0.0176996
0.149926
0.09943
0.082251
0.0645514
0.0530987
0.00937036
0.0124938
0
0.0187407
0.017179
0.020823
0.013535
0.0187407
0.0114527
0
0.0124938
0.013535
0.0150967
0.0156173
0.0114527
0.0156173
0.00937036
0.00937036
0.0104115
0.0114527
0.0130144
0.013535
0.00937036
0.013535
0.00728806
0.00728806
0.00832921
0.00937036
0.0109321
0.0114527
0.00728806
0.0114527
0.00520576
0.00520576
0.00624691
0.00728806
0.00884979
0.00937036
0.00520576
0.00937036
0.00312345
0.00312345
0.00937036
0.0114527
0.0119732
0.0104115
0.00520576
0.00728806
0.00104115
0
0.00312345
0.0124938
0.00884979
0.00624691
0.00416461
0.00416461
0
0.00104115
0.0312669
0.0974009
0.122398
0.121144
0.120725
0.12249
0.0960668
0.0311973
0.099104
0.138212
0.151047
0.149176
0.149057
0.150544
0.136673
0.0967087
0.0489642
0.049552
0.0627673
0.0618416
0.061565
0.0625722
0.0491061
0.0477683
0.0487517
0.0497022
0.0624889
0.0619807
0.0621053
0.0625173
0.048564
0.0469928
0.0487517
0.0494348
0.0625768
0.0623799
0.0623836
0.0626601
0.0480439
0.0466888
0.0485576
0.0490173
0.0622435
0.0627572
0.0624752
0.0631656
0.0476081
0.046264
0.0968479
0.135478
0.14873
0.14897
0.148794
0.150585
0.135139
0.0960641
0.0317723
0.0969458
0.121025
0.121223
0.121069
0.122442
0.0963534
0.0298596
0.0192035
0.147867
0.104179
0.0859358
0.0748938
0.0624115
0.0247245
0.016323
0
0.0182434
0.0249646
0.0196836
0.0211239
0.0201637
0.016563
0
0.0172832
0.016323
0.0230442
0.0168031
0.0192035
0.0153628
0.0124823
0.0115221
0.0134425
0.0134425
0.0192035
0.0139226
0.016323
0.0134425
0.00960177
0.00960177
0.0115221
0.0115221
0.016323
0.0120022
0.0144027
0.0115221
0.00768141
0.00768141
0.00960177
0.00960177
0.0144027
0.0100819
0.0124823
0.00960177
0.00576106
0.00576106
0.0182434
0.0211239
0.0220841
0.0148827
0.0144027
0.00960177
0.00480088
0
0.00576106
0.0316858
0.0230442
0.0172832
0.0144027
0.00864159
0
0.00288053
0.0192035
0.147867
0.104179
0.0859358
0.0748938
0.0624115
0.0247245
0.016323
0
0.0182434
0.0249646
0.0196836
0.0211239
0.0201637
0.016563
0
0.0172832
0.016323
0.0230442
0.0168031
0.0192035
0.0153628
0.0124823
0.0115221
0.0134425
0.0134425
0.0192035
0.0139226
0.016323
0.0134425
0.00960177
0.00960177
0.0115221
0.0115221
0.016323
0.0120022
0.0144027
0.0115221
0.00768141
0.00768141
0.00960177
0.00960177
0.0144027
0.0100819
0.0124823
0.00960177
0.00576106
0.00576106
0.0182434
0.0211239
0.0220841
0.0148827
0.0144027
0.00960177
0.00480088
0
0.00576106
0.0316858
0.0230442
0.0172832
0.0144027
0.00864159
0
0.00288053
0.0192035
0.147867
0.104179
0.0859358
0.0748938
0.0624115
0.0247245
0.016323
0
0.0182434
0.0249646
0.0196836
0.0211239
0.0201637
0.016563
0
0.0172832
0.016323
0.0230442
0.0168031
0.0192035
0.0153628
0.0124823
0.0115221
0.0134425
0.0134425
0.0192035
0.0139226
0.016323
0.0134425
0.00960177
0.00960177
0.0115221
0.0115221
0.016323
0.0120022
0.0144027
0.0115221
0.00768141
0.00768141
0.00960177
0.00960177
0.0144027
0.0100819
0.0124823
0.00960177
0.00576106
0.00576106
0.0182434
0.0211239
0.0220841
0.0148827
0.0144027
0.00960177
0.00480088
0
0.00576106
0.0316858
0.0230442
0.0172832
0.0144027
0.00864159
0
0.00288053
0.0192035
0.147867
0.104179
0.0859358
0.0748938
0.0624115
0.0247245
0.016323
0
0.0182434
0.0249646
0.0196836
0.0211239
0.0201637
0.016563
0
0.0172832
0.016323
0.0230442
0.0168031
0.0192035
0.0153628
0.0124823
0.0115221
0.0134425
0.0134425
0.0192035
0.0139226
0.016323
0.0134425
0.00960177
0.00960177
0.0115221
0.0115221
0.016323
0.0120022
0.0144027
0.0115221
0.00768141
0.00768141
0.00960177
0.00960177
0.0144027
0.0100819
0.0124823
0.00960177
0.00576106
0.00576106
0.0182434
0.0211239
0.0220841
0.0148827
0.0144027
0.00960177
0.00480088
0
0.00576106
0.0316858
0.0230442
0.0172832
0.0144027
0.00864159
0
0.00288053
0.0192035
0.147867
0.104179
0.0859358
0.0748938
0.0624115
0.0247245
0.016323
0
0.0182434
0.0249646
0.0196836
0.0211239
0.0201637
0.016563
0
0.0172832
0.016323
0.0230442
0.0168031
0.0192035
0.0153628
0.0124823
0.0115221
0.0134425
0.0134425
0.0192035
0.0139226
0.016323
0.0134425
0.00960177
0.00960177
0.0115221
0.0115221
0.016323
0.0120022
0.0144027
0.0115221
0.00768141
0.00768141
0.00960177
0.00960177
0.0144027
0.0100819
0.0124823
0.00960177
0.00576106
0.00576106
0.0182434
0.0211239
0.0220841
0.0148827
0.0144027
0.00960177
0.00480088
0
0.00576106
0.0316858
0.0230442
0.0172832
0.0144027
0.00864159
0
0.00288053
0.0192844
0.0999284
0.102266
0.0975909
0.0870721
0.0800596
0.0566845
0.0175313
0.00116875
0.0204532
0.0233751
0.0239594
0.0216219
0.0216219
0.0175313
0
0.0181157
0.0181157
0.0210376
0.0216219
0.0204532
0.0204532
0.0163625
0.0163625
0.0169469
0.0169469
0.0198688
0.0204532
0.0192844
0.0192844
0.0151938
0.0151938
0.0157782
0.0157782
0.0187001
0.0192844
0.0181157
0.0181157
0.014025
0.014025
0.0146094
0.0146094
0.0175313
0.0181157
0.0169469
0.0169469
0.0128563
0.0128563
0.0333095
0.0397376
0.0385689
0.0338938
0.0280501
0.0233751
0.015486
0
0.0105188
0.0654502
0.0523017
0.0429517
0.0336017
0.0242516
0
0.00876565
0.0316676
0.0994793
0.126368
0.124286
0.124086
0.125229
0.0996057
0.032028
0.0990059
0.137364
0.153624
0.150453
0.151327
0.151564
0.13831
0.0979074
0.0495614
0.0480587
0.0643107
0.062524
0.0642928
0.0633765
0.0504957
0.0497636
0.0490441
0.0484723
0.0648214
0.0624123
0.0643313
0.0631876
0.05065
0.0494444
0.048721
0.0479576
0.0650914
0.0621556
0.0647569
0.0628897
0.050255
0.0487888
0.0486518
0.0476876
0.0645714
0.0624229
0.0647197
0.0626384
0.0495355
0.049108
0.0986641
0.136937
0.153427
0.150686
0.153267
0.152812
0.139497
0.0992599
0.0312221
0.0985524
0.123962
0.121814
0.123396
0.123183
0.0968434
0.0316384
0.0324045
0.100798
0.126086
0.126827
0.126346
0.126184
0.100817
0.0317436
0.100886
0.140675
0.154899
0.156136
0.155403
0.155497
0.141194
0.100946
0.050793
0.0502224
0.0642108
0.0649431
0.0638168
0.0643807
0.0509934
0.04983
0.0509768
0.0503691
0.0643393
0.0646513
0.0635644
0.0640968
0.0507875
0.0501013
0.0508908
0.0503029
0.0643701
0.0646844
0.0635889
0.0640747
0.0506211
0.0499176
0.0508159
0.0499322
0.0646765
0.0650835
0.0638854
0.063947
0.0504783
0.049942
0.100823
0.13981
0.154631
0.155358
0.154362
0.154412
0.140548
0.100721
0.0325102
0.100772
0.125285
0.125253
0.124347
0.124363
0.0992515
0.0318319
0.0343988
0.0996812
0.124619
0.123159
0.122513
0.123359
0.0997409
0.0315002
0.0993829
0.141595
0.151444
0.150454
0.149409
0.152034
0.140708
0.0991318
0.0506701
0.0513735
0.0640595
0.0623001
0.0635203
0.0639262
0.0514821
0.0474151
0.0517052
0.0501874
0.0644946
0.0621101
0.0642712
0.0637584
0.0494386
0.0494854
0.0517043
0.0497576
0.0639061
0.062448
0.0649432
0.0633998
0.047376
0.0514139
0.0525716
0.0491339
0.0628112
0.0635429
0.0651309
0.0630213
0.0472266
0.0512783
0.0993464
0.137152
0.151746
0.153873
0.154233
0.153498
0.135261
0.0991355
0.0316728
0.0991929
0.124442
0.125811
0.125515
0.125358
0.0991339
0.0307746
0.0328766
0.10305
0.12963
0.128854
0.128871
0.129522
0.103094
0.0330508
0.102988
0.14392
0.158921
0.158541
0.158278
0.159025
0.144569
0.102993
0.0512803
0.0514102
0.0662199
0.0662118
0.0661065
0.0667038
0.0516554
0.0511621
0.0512309
0.051351
0.0663382
0.0663244
0.0661632
0.0665774
0.0516992
0.0511872
0.0511734
0.051398
0.0662215
0.0662386
0.0660522
0.0667532
0.0517437
0.0510924
0.0512074
0.0514701
0.0661883
0.0662783
0.0661195
0.0667524
0.051704
0.0512568
0.10294
0.14393
0.158873
0.158369
0.158257
0.159228
0.144545
0.102957
0.0327503
0.103006
0.129507
0.128874
0.128794
0.129464
0.102924
0.0328216
0.0743058
0.0974435
0.171563
0.189531
0.166092
0.116072
0.105182
0.0133952
0.0943367
0.179403
0.174984
0.197407
0.23009
0.177119
0.106832
0.0938175
0.0612881
0.0850969
0.0459475
0.0452088
0.0823249
0.0835749
0.0418997
0.0130383
0.0425787
0.0714976
0.062404
0.0585856
0.0652355
0.0700975
0.057674
0.0264099
0.0273655
0.0581054
0.0793532
0.0720432
0.0515804
0.0565856
0.0706785
0.039753
0.0123313
0.0445847
0.0922938
0.0854303
0.0379877
0.0431354
0.0837726
0.0531848
0.108525
0.126818
0.206503
0.259023
0.213991
0.197523
0.194145
0.110375
0.0131727
0.093523
0.107105
0.159992
0.17419
0.160325
0.0943895
0.0665447
0.0333718
0.104428
0.130327
0.130254
0.130172
0.130047
0.103908
0.0334479
0.104015
0.144921
0.159767
0.159754
0.159671
0.159672
0.144781
0.103825
0.051916
0.0520991
0.0669628
0.0669863
0.0669003
0.0669791
0.0520828
0.051965
0.0519795
0.0520991
0.0669737
0.0669863
0.0669111
0.0669791
0.0520918
0.0519668
0.0520393
0.0521009
0.0669827
0.0669882
0.0669202
0.0669809
0.0520991
0.0519704
0.0520465
0.0521045
0.06699
0.0669918
0.0669274
0.0669845
0.0521027
0.0519758
0.10433
0.14523
0.160081
0.160039
0.159935
0.159952
0.145034
0.104048
0.0334606
0.104254
0.130284
0.130269
0.13019
0.130243
0.104162
0.0333061
0.0293627
0.109518
0.119356
0.114932
0.105805
0.101903
0.0677981
0.0253284
0.0729308
0.104638
0.114572
0.117262
0.111979
0.112492
0.100278
0.0647905
0.0445255
0.040756
0.0533326
0.0557856
0.0539575
0.051421
0.0441775
0.0377273
0.0460328
0.0413091
0.0552126
0.054674
0.0551569
0.0527709
0.0457066
0.0379088
0.0479397
0.041084
0.0558397
0.0563192
0.056753
0.0530319
0.0469615
0.0389145
0.0492881
0.0417243
0.0577147
0.0573077
0.0580913
0.0540913
0.0483068
0.0389457
0.0749238
0.120687
0.140432
0.152873
0.159335
0.169609
0.168123
0.14122
0.0293463
0.0621626
0.0902829
0.099058
0.100925
0.108119
0.0960929
0.0246569
0.0279772
0.090022
0.109422
0.107982
0.106803
0.105847
0.0820901
0.0273743
0.087599
0.121167
0.131844
0.130927
0.130343
0.129995
0.116869
0.082883
0.0426837
0.0436084
0.0549029
0.0547286
0.0544258
0.0548465
0.0426123
0.0421923
0.0429052
0.0433498
0.0546172
0.0547372
0.0544115
0.0546379
0.0421708
0.0425237
0.0428623
0.0433398
0.0545686
0.0546158
0.0545015
0.0545251
0.0423094
0.0423551
0.0427151
0.0432955
0.0545244
0.0545972
0.0541986
0.0543936
0.0421751
0.0423066
0.0767359
0.113318
0.126484
0.128683
0.130758
0.133025
0.122447
0.0918135
0.0277343
0.0901648
0.108409
0.107546
0.105921
0.10461
0.0805129
0.0272125
0.0192844
0.0999284
0.102266
0.0975909
0.0870721
0.0800596
0.0566845
0.0175313
0.00116875
0.0204532
0.0233751
0.0239594
0.0216219
0.0216219
0.0175313
0
0.0181157
0.0181157
0.0210376
0.0216219
0.0204532
0.0204532
0.0163625
0.0163625
0.0169469
0.0169469
0.0198688
0.0204532
0.0192844
0.0192844
0.0151938
0.0151938
0.0157782
0.0157782
0.0187001
0.0192844
0.0181157
0.0181157
0.014025
0.014025
0.0146094
0.0146094
0.0175313
0.0181157
0.0169469
0.0169469
0.0128563
0.0128563
0.0333095
0.0397376
0.0385689
0.0338938
0.0280501
0.0233751
0.015486
0
0.0105188
0.0654502
0.0523017
0.0429517
0.0336017
0.0242516
0
0.00876565
0.0357831
0.0792164
0.100169
0.102442
0.103616
0.0987272
0.0941749
0.0191625
0.074768
0.0919324
0.118177
0.115513
0.12133
0.110991
0.113392
0.0784587
0.052037
0.0325139
0.0553855
0.0448266
0.0587585
0.0473685
0.051432
0.0304791
0.047613
0.0366691
0.0536012
0.0502771
0.0567787
0.0517192
0.0481018
0.0340477
0.043189
0.0406531
0.0494461
0.0536746
0.0526236
0.0548722
0.043189
0.0373962
0.0391316
0.0428957
0.0445088
0.0590274
0.0466597
0.0579764
0.0399137
0.0455843
0.0900442
0.118861
0.118592
0.130667
0.118495
0.125167
0.0962281
0.0763567
0.025713
0.0861824
0.0944682
0.102045
0.09921
0.0955437
0.0775299
0.0307724
0.029848
0.084174
0.101281
0.105156
0.103977
0.101085
0.0768243
0.0269278
0.07031
0.10496
0.116444
0.122284
0.123099
0.11796
0.110519
0.0817662
0.0453758
0.0384402
0.0480433
0.0509073
0.0517778
0.0436068
0.0389457
0.0396757
0.043326
0.0409954
0.0479029
0.0527886
0.0519182
0.0436349
0.0360254
0.0372048
0.0457408
0.0413324
0.0499807
0.0501773
0.0497561
0.0436629
0.0356323
0.0369801
0.0457408
0.0390861
0.0496438
0.0496999
0.0498684
0.0439437
0.0375698
0.0367555
0.0767962
0.107459
0.116837
0.121891
0.121498
0.119168
0.111193
0.0842653
0.0290338
0.0741287
0.0901057
0.0903303
0.0906111
0.0901057
0.073876
0.0222386
0.0603492
0.189421
0.240573
0.236683
0.236214
0.238434
0.189634
0.0609271
0.188504
0.261602
0.29257
0.286539
0.288016
0.288685
0.26327
0.186442
0.0944497
0.0915858
0.122575
0.119153
0.122252
0.12078
0.0960286
0.0946404
0.0934638
0.092374
0.123548
0.11894
0.122326
0.120417
0.0963226
0.0940321
0.0928479
0.0913932
0.124062
0.11845
0.123134
0.119849
0.0955699
0.0927827
0.0927161
0.0908787
0.123071
0.11896
0.123063
0.11937
0.0941988
0.0932667
0.187878
0.260813
0.292299
0.287014
0.291616
0.291066
0.265362
0.189013
0.0595002
0.187642
0.236199
0.231979
0.234488
0.234574
0.184398
0.0600603
0
0
0
0
0
0
0
0
0
0
0
0
0
0
0
0
0
0
0
0
0
0
0
0
0
0
0
0
0
0
0
0
0
0
0
0
0
0
0
0
0
0
0
0
0
0
0
0
0
0
0
0
0
0
0
0
0
0
0
0
0
0
0
0
0
0
0
0
0
0
0
0
0
0
0
0
0
0
0
0
0
0
0
0
0
0
0
0
0
0
0
0
0
0
0
0
0
0
0
0
0
0
0
0
0
0
0
0
0
0
0
0
0
0
0
0
0
0
0
0
0
0
0
0
0
0
0
0
0
0
0
0
0
0
0
0
0
0
0
0
0
0
0
0
0
0
0
0
0
0
0
0
0
0
0
0
0
0
0
0
0
0
0
0
0
0
0
0
0
0
0
0
0
0
0
0
0
0
0
0
0
0
0
0
0
0
0
0
0
0
0
0
0
0
0
0
0
0
0
0
0
0
0
0
0
0
0
0
0
0
0
0
0
0
0
0
0
0
0
0
0
0
0
0
0
0
0
0
0
0
0
0
0
0
0
0
0
0
0
0
0
0
0
0
0
0
0
0
0
0
0
0
0
0
0
0
0.0329884
0.181968
0.18117
0.170529
0.15031
0.13754
0.108276
0.029796
0.00212828
0.0351167
0.0417675
0.0415015
0.0383091
0.0393732
0.0308601
0
0.0308601
0.0308601
0.037511
0.0372449
0.0361808
0.0372449
0.0287318
0.0276677
0.0287318
0.0287318
0.0353827
0.0351167
0.0340525
0.0351167
0.0266035
0.0255394
0.0266035
0.0266035
0.0332544
0.0329884
0.0319242
0.0329884
0.0244752
0.0234111
0.0244752
0.0244752
0.0311261
0.0319242
0.029796
0.0308601
0.0234111
0.022347
0.060656
0.0712975
0.0702333
0.0617202
0.0510788
0.0436298
0.0287318
0
0.0180904
0.119184
0.097901
0.0808747
0.0638485
0.0468222
0
0.0170263
0
0
0
0
0
0
0
0
0
0
0
0
0
0
0
0
0
0
0
0
0
0
0
0
0
0
0
0
0
0
0
0
0
0
0
0
0
0
0
0
0
0
0
0
0
0
0
0
0
0
0
0
0
0
0
0
0
0
0
0
0
0
0
0
0.0603492
0.189421
0.240573
0.236683
0.236214
0.238434
0.189634
0.0609271
0.188504
0.261602
0.29257
0.286539
0.288016
0.288685
0.26327
0.186442
0.0944497
0.0915858
0.122575
0.119153
0.122252
0.12078
0.0960286
0.0946404
0.0934638
0.092374
0.123548
0.11894
0.122326
0.120417
0.0963226
0.0940321
0.0928479
0.0913932
0.124062
0.11845
0.123134
0.119849
0.0955699
0.0927827
0.0927161
0.0908787
0.123071
0.11896
0.123063
0.11937
0.0941988
0.0932667
0.187878
0.260813
0.292299
0.287014
0.291616
0.291066
0.265362
0.189013
0.0595002
0.187642
0.236199
0.231979
0.234488
0.234574
0.184398
0.0600603
0.0550922
0.173106
0.220374
0.21626
0.215862
0.217854
0.173282
0.055592
0.172188
0.23892
0.267613
0.261704
0.263134
0.263666
0.240657
0.170357
0.0862222
0.0836078
0.112248
0.108773
0.111698
0.110259
0.0879134
0.0863471
0.0853222
0.0843273
0.113137
0.108579
0.111765
0.109928
0.0881818
0.0857918
0.08476
0.0834319
0.113606
0.108132
0.112503
0.109409
0.0874947
0.0846512
0.0846396
0.0829623
0.112702
0.108597
0.112438
0.108972
0.086243
0.0850908
0.171681
0.238265
0.267282
0.262206
0.266609
0.265892
0.242839
0.172745
0.0543172
0.171463
0.215908
0.211924
0.214189
0.214328
0.168504
0.0547822
0.0556311
0.175545
0.224299
0.219218
0.218954
0.22086
0.175723
0.056467
0.174653
0.242188
0.271979
0.26524
0.267057
0.267202
0.244012
0.172717
0.0867845
0.0846139
0.114257
0.110082
0.113557
0.111585
0.0891049
0.0877718
0.0861289
0.0853421
0.115156
0.109885
0.113625
0.111251
0.0893765
0.0872098
0.0855599
0.084436
0.115631
0.109434
0.114374
0.110726
0.0886811
0.0860555
0.0854381
0.0839607
0.114716
0.109904
0.114309
0.110284
0.0874143
0.0866619
0.174136
0.241514
0.271464
0.265701
0.270927
0.269447
0.246316
0.17514
0.0548631
0.17389
0.219174
0.214863
0.217825
0.217298
0.170907
0.0558723
0.0594427
0.186853
0.237486
0.233425
0.23298
0.235151
0.187061
0.0601896
0.185924
0.257971
0.288745
0.282568
0.284072
0.284679
0.259743
0.183905
0.0929707
0.0902631
0.121055
0.117432
0.120549
0.119033
0.0947892
0.0935278
0.092064
0.0910399
0.122015
0.117222
0.120621
0.118678
0.0950789
0.0929283
0.0914571
0.0900733
0.122522
0.11674
0.121421
0.118119
0.094337
0.0916969
0.0913272
0.0895662
0.121545
0.117242
0.121351
0.117647
0.0929857
0.0924037
0.185327
0.257211
0.288541
0.283044
0.287685
0.28704
0.26194
0.186446
0.058611
0.185105
0.23308
0.228769
0.231314
0.231339
0.18188
0.0593278
0.0625836
0.197603
0.253326
0.246732
0.246356
0.248544
0.197725
0.0634077
0.196619
0.272565
0.307137
0.29845
0.300324
0.300682
0.274653
0.194433
0.0976867
0.0951485
0.129642
0.12364
0.127429
0.125475
0.100259
0.0985529
0.0968889
0.0959673
0.130653
0.123485
0.127505
0.125099
0.100399
0.097921
0.096249
0.0949483
0.131187
0.122977
0.12805
0.124512
0.0997193
0.0966229
0.0961121
0.0944139
0.130158
0.123506
0.128337
0.124014
0.0982949
0.0969916
0.195997
0.271762
0.306837
0.298895
0.304743
0.303139
0.277265
0.197134
0.0617094
0.195687
0.247615
0.241743
0.245039
0.244487
0.192356
0.0630233
0.0625836
0.197603
0.253326
0.246732
0.246356
0.248544
0.197725
0.0634077
0.196619
0.272565
0.307137
0.29845
0.300324
0.300682
0.274653
0.194433
0.0976867
0.0951485
0.129642
0.12364
0.127429
0.125475
0.100259
0.0985529
0.0968889
0.0959673
0.130653
0.123485
0.127505
0.125099
0.100399
0.097921
0.096249
0.0949483
0.131187
0.122977
0.12805
0.124512
0.0997193
0.0966229
0.0961121
0.0944139
0.130158
0.123506
0.128337
0.124014
0.0982949
0.0969916
0.195997
0.271762
0.306837
0.298895
0.304743
0.303139
0.277265
0.197134
0.0617094
0.195687
0.247615
0.241743
0.245039
0.244487
0.192356
0.0630233
0.0528909
0.167053
0.208819
0.209737
0.209345
0.209436
0.166933
0.0529775
0.167068
0.232805
0.256579
0.258101
0.257551
0.257771
0.233549
0.167044
0.0830296
0.0831124
0.106623
0.107166
0.106344
0.107442
0.0838845
0.0830966
0.0832371
0.0833093
0.107154
0.106684
0.106043
0.106931
0.0836442
0.0833093
0.0832673
0.083006
0.107198
0.106553
0.106086
0.106783
0.0831124
0.0832752
0.0831557
0.0825135
0.107185
0.107258
0.106647
0.106531
0.0832607
0.083136
0.166986
0.231139
0.256736
0.257058
0.256521
0.256235
0.23283
0.166993
0.0534372
0.16699
0.208236
0.207648
0.206675
0.206493
0.164609
0.0533452
0.0367928
0.108817
0.135427
0.134987
0.13362
0.1348
0.108853
0.034745
0.108906
0.154617
0.165694
0.165134
0.164269
0.166196
0.154663
0.108637
0.0548192
0.0555593
0.0692326
0.0682474
0.0702111
0.0700759
0.0567321
0.0527791
0.0559242
0.0546014
0.0697672
0.068374
0.0709611
0.069467
0.0546889
0.0547633
0.0558866
0.0542986
0.0693301
0.0685767
0.0715153
0.0690804
0.0524909
0.0571726
0.0567846
0.0534214
0.0679537
0.0699767
0.0718001
0.0685134
0.0522848
0.0574882
0.109072
0.150356
0.166258
0.169363
0.169602
0.16809
0.149267
0.108836
0.0350105
0.108765
0.136098
0.137948
0.137683
0.137547
0.108749
0.0348006
0.0439147
0.136983
0.172026
0.171435
0.17129
0.172124
0.137057
0.0437648
0.136886
0.191841
0.210714
0.210589
0.210569
0.210773
0.192064
0.13686
0.0682634
0.0687142
0.0874728
0.088298
0.0882234
0.0879793
0.0685664
0.0684155
0.0684144
0.0687817
0.0874247
0.0880978
0.0882823
0.0881795
0.0686846
0.0680536
0.0684497
0.069226
0.0874471
0.0879575
0.0882084
0.0883369
0.0686
0.06803
0.0684733
0.0688491
0.0876731
0.0879522
0.0879664
0.0880724
0.0685015
0.068106
0.136856
0.191849
0.210582
0.210954
0.210388
0.21113
0.191803
0.136834
0.0441138
0.136924
0.172084
0.171586
0.171249
0.171815
0.136791
0.0438001
0.07099
0.221455
0.276418
0.276271
0.276072
0.275868
0.220378
0.0709785
0.220574
0.307344
0.338837
0.338818
0.338541
0.338358
0.307061
0.220174
0.110214
0.110522
0.142053
0.142111
0.141737
0.141569
0.110487
0.110287
0.110437
0.110522
0.142076
0.142111
0.14188
0.141423
0.110506
0.110291
0.110456
0.110526
0.142095
0.142115
0.141888
0.141511
0.110522
0.110299
0.110472
0.110533
0.142111
0.142122
0.141897
0.141726
0.110529
0.110226
0.221262
0.308008
0.339513
0.33942
0.339282
0.339027
0.307611
0.220655
0.0710439
0.221086
0.276298
0.27626
0.276229
0.276133
0.22089
0.0710093
0
0
0
0
0
0
0
0
0
0
0
0
0
0
0
0
0
0
0
0
0
0
0
0
0
0
0
0
0
0
0
0
0
0
0
0
0
0
0
0
0
0
0
0
0
0
0
0
0
0
0
0
0
0
0
0
0
0
0
0
0
0
0
0
0.0486026
0.17967
0.196033
0.186329
0.173552
0.164962
0.111119
0.0416694
0.119733
0.169997
0.188923
0.189087
0.183831
0.181529
0.165765
0.106241
0.0748243
0.0659804
0.0886471
0.0895044
0.0880716
0.082441
0.0743335
0.0620678
0.0773156
0.0668903
0.0926814
0.0876756
0.0906347
0.0846619
0.0769876
0.0623664
0.080968
0.0665199
0.0928069
0.0903823
0.0932606
0.0850912
0.0788035
0.0640209
0.0839028
0.0675733
0.0958916
0.0920085
0.0960403
0.0868341
0.0822509
0.0640721
0.122857
0.197394
0.23141
0.249673
0.261725
0.277027
0.277391
0.231925
0.0493728
0.102056
0.148554
0.162196
0.165785
0.177076
0.157747
0.0405648
0.0515202
0.166015
0.201656
0.199072
0.19684
0.195128
0.151362
0.0506668
0.161561
0.223761
0.242865
0.241226
0.240102
0.239887
0.215558
0.152835
0.0786458
0.0812927
0.100908
0.100627
0.100026
0.101061
0.0789399
0.0782493
0.0790476
0.0803264
0.10038
0.10064
0.099997
0.100672
0.0778344
0.0788533
0.0789662
0.0803054
0.100289
0.100417
0.100157
0.100462
0.0780865
0.0785408
0.0789242
0.0803474
0.100207
0.100383
0.0995979
0.100218
0.077837
0.0784515
0.141581
0.209316
0.233023
0.237093
0.240861
0.245233
0.225875
0.169316
0.0510817
0.166154
0.199742
0.198174
0.195181
0.192865
0.148574
0.0514204
0.0268825
0.15323
0.149646
0.137997
0.120971
0.105439
0.0642194
0.0241943
0.00179217
0.0268825
0.0358434
0.032259
0.032259
0.028376
0.0268825
0
0.0250904
0.0232982
0.0331551
0.0286747
0.0313629
0.0265838
0.0250904
0.0224021
0.0232982
0.0224021
0.0313629
0.0286747
0.0295708
0.0265838
0.0232982
0.021506
0.021506
0.021506
0.0295708
0.0286747
0.0286747
0.0265838
0.0224021
0.0206099
0.0206099
0.0206099
0.0277786
0.0277786
0.0268825
0.0256877
0.0206099
0.0197139
0.0510768
0.0600376
0.0600376
0.052869
0.0448042
0.0373368
0.0241943
0
0.0152334
0.100361
0.0833358
0.0689985
0.0546611
0.0403238
0
0.0152334
0.0538964
0.117988
0.149404
0.153043
0.155168
0.147495
0.140577
0.0277048
0.111359
0.137407
0.175992
0.172569
0.185863
0.164751
0.170011
0.117196
0.0789351
0.0481321
0.0817452
0.0670462
0.090788
0.069424
0.0793675
0.0438448
0.0722341
0.0542566
0.0793675
0.0750803
0.0878698
0.0758368
0.0727025
0.0491048
0.0657132
0.0605974
0.0729907
0.080088
0.0817452
0.0804843
0.065461
0.0540405
0.0597328
0.0636957
0.0657132
0.0879779
0.0729547
0.0850597
0.0606334
0.064092
0.135858
0.178406
0.177577
0.196851
0.179883
0.185611
0.144648
0.113845
0.041359
0.129049
0.141334
0.154736
0.148755
0.141946
0.114746
0.0443132
0.0224001
0.0631358
0.0759819
0.0788671
0.0779826
0.0758135
0.0576182
0.0201959
0.0527325
0.0787197
0.087354
0.0917132
0.092324
0.0884701
0.0828894
0.0613247
0.0340459
0.0288302
0.0360535
0.0381805
0.0388333
0.0327051
0.0292092
0.0297568
0.0325085
0.0307466
0.0359482
0.0395915
0.0389597
0.0327261
0.0270191
0.0279036
0.0343196
0.0309993
0.0375066
0.037633
0.0373381
0.0327472
0.0267242
0.0277351
0.0343407
0.0293145
0.0372539
0.037275
0.0374224
0.0329578
0.0281984
0.0275666
0.0575972
0.0805939
0.0876277
0.0914184
0.0911446
0.0893757
0.0834159
0.0631989
0.0218104
0.0555965
0.0676003
0.0677688
0.0680005
0.0676214
0.055407
0.016679
0.0486026
0.17967
0.196033
0.186329
0.173552
0.164962
0.111119
0.0416694
0.119733
0.169997
0.188923
0.189087
0.183831
0.181529
0.165765
0.106241
0.0748243
0.0659804
0.0886471
0.0895044
0.0880716
0.082441
0.0743335
0.0620678
0.0773156
0.0668903
0.0926814
0.0876756
0.0906347
0.0846619
0.0769876
0.0623664
0.080968
0.0665199
0.0928069
0.0903823
0.0932606
0.0850912
0.0788035
0.0640209
0.0839028
0.0675733
0.0958916
0.0920085
0.0960403
0.0868341
0.0822509
0.0640721
0.122857
0.197394
0.23141
0.249673
0.261725
0.277027
0.277391
0.231925
0.0493728
0.102056
0.148554
0.162196
0.165785
0.177076
0.157747
0.0405648
