0.00361103
0.0138295
0.00572387
0.00426409
0.00426409
0.00568546
0.013599
0.00349579
0.0121776
0.0116142
0.00437934
0.00583912
0.00583912
0.00437934
0.0121392
0.0116014
0.0136374
0.0138295
0.00583912
0.00583912
0.0072989
0.0072989
0.0143289
0.0117551
0.0136374
0.0138039
0.00583912
0.00583912
0.0072989
0.0072989
0.0143289
0.0117551
0.0133685
0.0135606
0.00537813
0.00537813
0.00683791
0.00699157
0.0142521
0.011563
0.0127923
0.0129075
0.00472507
0.00472507
0.00587753
0.00587753
0.0134453
0.0112173
0.0116014
0.0122929
0.00464824
0.0035342
0.0035342
0.00468666
0.0135222
0.0112173
0.00230491
0.0111788
0.00349579
0.00464824
0.00464824
0.00349579
0.0117551
0.00242016
