0.0283193
0.148549
0.148549
0.157554
0.139571
0.303102
0.184581
0.163531
0.0517704
0.0207783
0.126688
0.157554
0.120532
0.163531
0.042975
0.0205231
0.0769537
0.041498
0.105585
0.134056
0.0997987
0.141394
0.0647567
0.0422552
0.100718
0.0627614
0.0844602
0.110764
0.080175
0.117548
0.0857189
0.0639329
0.127374
0.0828399
0.063244
0.0886457
0.059612
0.0944569
0.109919
0.0853179
0.152011
0.103443
0.0421264
0.0651341
0.0399188
0.0718973
0.130549
0.107149
0.175347
0.12406
0.02129
0.0432363
0.0200386
0.0487831
0.154317
0.127995
0.329664
0.473737
0.623856
0.645013
0.623856
0.474086
0.44851
0.150119
