0.174121
0.335648
0.355536
0.497691
0.51795
0.638377
0.47685
0.314807
0.144687
0.0215319
0.0389214
0.0247974
0.0418621
0.161526
0.139352
0.140685
0.121624
0.0432532
0.0575749
0.0493142
0.0623827
0.138917
0.115965
0.120851
0.0963294
0.0643013
0.0770263
0.0716796
0.0834145
0.116057
0.0934547
0.100249
0.0737402
0.0851818
0.0969439
0.0973213
0.104453
0.0931698
0.071477
0.0806244
0.0461552
0.106808
0.116493
0.119973
0.125208
0.0708262
0.0448935
0.0601116
0.0220503
0.127312
0.136563
0.143232
0.14614
0.0471918
0.0231529
0.0394772
0.147685
0.147685
0.136563
0.16675
0.31289
0.170836
0.14614
0.0201184
