0.0289399
0.163024
0.182283
0.321291
0.158267
0.139122
0.16913
0.16913
0.049867
0.0242948
0.0378109
0.163024
0.135334
0.139122
0.146589
0.02112
0.0723872
0.0481711
0.0569284
0.139203
0.110672
0.120226
0.122499
0.0428032
0.093604
0.0720213
0.0762872
0.115459
0.0884364
0.0990796
0.0996173
0.0641791
0.119161
0.0946958
0.0957566
0.0932653
0.0656482
0.0793016
0.0764849
0.0850445
0.141866
0.118573
0.114239
0.068056
0.0438768
0.0602017
0.0490263
0.106072
0.163503
0.141658
0.133032
0.0452286
0.0220799
0.0398716
0.0260397
0.125914
0.310677
0.475542
0.608574
0.46727
0.445071
0.300812
0.280206
0.147172
