0.0381484
0.248174
0.286992
0.294276
0.28745
0.294091
0.520872
0.272698
0.230049
0.264307
0.341685
0.35839
0.343453
0.357015
0.512482
0.491728
0.1919
0.224229
0.124366
0.132694
0.126097
0.130926
0.20045
0.22742
0.15352
0.17702
0.172629
0.171357
0.170701
0.169738
0.161915
0.179594
0.114909
0.128627
0.217316
0.211127
0.215846
0.208782
0.123379
0.135011
0.0762711
0.0832721
0.261693
0.250228
0.260502
0.247234
0.0843291
0.0906335
0.376885
0.378069
0.33853
0.339729
0.638426
0.63131
0.384596
0.384493
0.0383543
0.33751
0.376147
0.382891
0.337509
0.336982
0.336982
0.0447634
