0.0463849
0.339639
0.378452
0.385736
0.339639
0.339961
0.339961
0.0452781
0.294554
0.292083
0.325537
0.34224
0.542787
0.550368
0.248169
0.272698
0.0946745
0.0834781
0.124353
0.132677
0.247975
0.262712
0.200446
0.22742
0.142527
0.121807
0.172611
0.171333
0.20848
0.214371
0.161911
0.179594
0.187779
0.160496
0.217294
0.211099
0.169302
0.16917
0.123377
0.135011
0.233752
0.200369
0.261666
0.250193
0.13038
0.123789
0.0843274
0.0906335
0.279725
0.2449
0.544763
0.539208
0.336256
0.323128
0.289767
0.289664
0.0459731
0.338497
0.338497
0.339684
0.385221
0.378373
0.339684
0.0447634
