0.0463801
0.264312
0.340361
0.378227
0.385382
0.386283
0.340361
0.0387613
0.383046
0.600979
0.63175
0.336666
0.339633
0.432351
0.378476
0.378394
0.0946633
0.224233
0.24736
0.260086
0.24797
0.130944
0.0867984
0.0775999
0.14251
0.177023
0.208425
0.212311
0.208476
0.169762
0.132102
0.117161
0.187758
0.12863
0.170276
0.167008
0.169298
0.208811
0.176994
0.156669
0.233725
0.0832738
0.130893
0.122888
0.130378
0.247268
0.221475
0.194685
0.570751
0.376566
0.428098
0.415305
0.428381
0.337027
0.260318
0.455003
0.279691
0.51373
0.559111
0.552264
0.559265
0.559137
0.51373
0.234038
