0.0199063
0.148712
0.0339578
0.029274
0.0263466
0.0234192
0.0374707
0.0163934
0.0608899
0.130562
0.0275176
0.0245902
0.0228337
0.0222482
0.0351288
0.0843091
0.0626464
0.121194
0.0368852
0.0362998
0.0357143
0.0345433
0.0392272
0.0784543
0.0649883
0.10363
0.0368852
0.0351288
0.0333724
0.0316159
0.0316159
0.0690867
0.0649883
0.0809914
0.0316159
0.029274
0.0269321
0.0245902
0.0222482
0.058548
0.0673302
0.0601093
0.0298595
0.0275176
0.0251756
0.0228337
0.0204918
0.0532787
0.0725995
0.0380562
0.0228337
0.0210773
0.0187354
0.0163934
0.0140515
0.0456674
0.014637
0.0230289
0.0220531
0.0204918
0.0181499
0.0160031
0.0122951
0.0140515
0
0.322404
0.322404
0.0175644
0.0339578
0.0433255
0.0175644
0.0128806
0.11007
0.11007
0.357923
0.124122
0.11007
0.216628
0.242389
0.229508
0
0
0.208431
0.0105386
0.0807963
0.161593
0.0515222
0.0257611
0
0
0.172521
0.00351288
0.0679157
0.132319
0.0772834
0.0386417
0
0
0.136612
0
0.0515222
0.103044
0.103044
0.0515222
0
0
0.100703
6.02908e-320
0.0386417
0.0772834
0.128806
0.0644028
0.154567
0.154567
0.21936
0.154567
0.180328
0.206089
0.154567
0.0772834
0
0
0.0323966
0
0.0128806
0.0257611
0
0.0128806
0.0128806
0.290788
0.290788
0.290788
0.0210773
0.0374707
0.0210773
0.0257611
0.126464
0.113583
0.113583
0.364949
0.131148
0.113583
0.165105
0.190867
0.0257611
0
0
0.211944
0.0105386
0.0843091
0.135831
0.0515222
0.0386417
0
0
0.176034
0.00351288
0.0679157
0.106557
0.0772834
0.0515222
0
0
0.140125
0
0.0515222
0.0772834
0.103044
0.0644028
0
0
0.104215
0
0.0386417
0.0515222
0.128806
0.23185
0.23185
0.23185
0.300156
0.23185
0.257611
0.257611
0.23185
0.0128806
0
0
0.0323966
0
0.0128806
0
0.0257611
0.0257611
0.287276
0.287276
0.287276
0.287276
0.0175644
0.0175644
0.0257611
0.11007
0.0971897
0.0843091
0.0843091
0.332162
0.0983607
0.0843091
0.161593
0.0515222
0.0257611
0
0
0.211944
0.00702576
0.0714286
0.135831
0.0772834
0.0386417
0
0
0.176034
0.00351288
0.0550351
0.106557
0.103044
0.0515222
0
0
0.140125
0
0.0386417
0.0772834
0.128806
0.0644028
0
0
0.104215
0
0.0257611
0.0515222
0.154567
0.0772834
0.0772834
0.0772834
0.145589
0.0772834
0.0901639
0.103044
0.0257611
0
0
0
0.0323966
0
0
0.0257611
0.0257611
0.287276
0.300156
0.287276
0.287276
0.287276
0.0140515
0.0163934
0.252927
0.278689
0.278689
0.252927
0.252927
0.500781
0.266979
0.252927
0.139344
0.0515222
0.0386417
0
0
0.211944
0.00702576
0.0714286
0.11007
0.0772834
0.0515222
0
0
0.176034
0.00351288
0.0550351
0.0807963
0.103044
0.0644028
0
0
0.140125
0
0.0386417
0.0515222
0.128806
0.0772834
0
0
0.104215
0
0.0257611
0.180328
0.154567
0.0772834
0.0772834
0.0772834
0.145589
0.0772834
0.0901639
0.0257611
0
0
0
0
0.0323966
0
0.0128806
0.0199063
0.215457
0.241218
0.228337
0.215457
0.215457
0.225995
0.0105386
0.0913349
0.161593
0.213115
0.187354
0.161593
0.161593
0.377049
0.168618
0.0714286
0.135831
0.0772834
0.0386417
0
0
0.179547
0.00702576
0.058548
0.106557
0.103044
0.0515222
0
0
0.143638
0.00351288
0.0421546
0.0772834
0.128806
0.0644028
0
0
0.107728
0
0.0257611
0.0515222
0.154567
0.0772834
0
0
0.0718189
0
0.192818
0.205504
0.179547
0.0928962
0.0930913
0.0932865
0.129391
0.0936768
0.0128806
0
0.0119048
0.00253708
0
0
0
0
0.0175644
0.236534
0.262295
0.262295
0.249415
0.236534
0.236534
0.21897
0.101874
0.087822
0.213115
0.264637
0.238876
0.213115
0.213115
0.392662
0.0140515
0.0714286
0.161593
0.0772834
0.0386417
0
0
0.179547
0.00702576
0.058548
0.132319
0.103044
0.0515222
0
0
0.143638
0.00351288
0.0421546
0.103044
0.128806
0.0644028
0
0
0.107728
0
0.0257611
0.0772834
0.154567
0.0772834
0
0
0.0718189
0.200234
0.21292
0.251366
0.199649
0.0919204
0.0921155
0.0923107
0.128415
0
0
0.0257611
0.0191257
0.00156128
0
0
0.0359094
0.215457
0.233021
0.0468384
0.0433255
0.0433255
0.030445
0.0175644
0
0.306011
0.144028
0.126464
0.213115
0.264637
0.238876
0.213115
0.213115
0.179547
0.0140515
0.0807963
0.161593
0.0772834
0.0386417
0
0
0.143638
0.00702576
0.0679157
0.132319
0.103044
0.0515222
0
0
0.107728
0.00351288
0.0515222
0.103044
0.128806
0.0644028
0
0
0.0718189
0
0.0386417
0.0772834
0.154567
0.0772834
0
0
0.234973
0.198868
0.224434
0.25
0.198283
0.0909446
0.0911397
0.0913349
0.0359094
0
0.0128806
0.0257611
0.0177596
0.00058548
0
0
0
0.21897
0.0433255
0.059719
0.0690867
0.0690867
0.0433255
0
0.113583
0.332553
0.127635
0.113583
0.216628
0.26815
0.229508
0.216628
0
0.179547
0.0105386
0.0807963
0.161593
0.0772834
0.0257611
0
0
0.143638
0.00351288
0.0679157
0.132319
0.103044
0.0386417
0
0
0.107728
0
0.0515222
0.103044
0.128806
0.0515222
0
0
0.0718189
0
0.0386417
0.0772834
0.154567
0.0644028
0
0.197892
0.233607
0.197502
0.223068
0.248634
0.196916
0.0772834
0.0772834
0
0
0
0.0128806
0.0257611
0.0163934
0
0
