0.00989583
0.123438
0.0213542
0.0338542
0.0166667
0.0489583
0.00989583
0.0677083
0.0182292
0.119271
0.034375
0.0447917
0.0291667
0.0567708
0.01875
0.06875
0.0265625
0.101042
0.0385417
0.0380208
0.0276042
0.0510417
0.0213542
0.0588542
0.0348958
0.084375
0.0421875
0.0328125
0.0276042
0.0447917
0.0203125
0.0463542
0.0432292
0.0677083
0.0442708
0.0265625
0.0234375
0.0333333
0.0161458
0.0338542
0.05
0.0489583
0.0442708
0.0234375
0.0213542
0.0276042
0.015625
0.025
0.0583333
0.0333333
0.046875
0.0229167
0.0208333
0.0229167
0.0152778
0.0166667
0.0583333
0.0125
0.0359375
0.0125
0.00989583
0.0119792
0.00729167
0.00833333
