0.0885569
0.243308
0.44793
0.6777
0.912436
1.12736
1.29313
1.37978
1.51942
1.71814
1.95671
2.22668
2.49847
2.75014
2.9465
3.077
3.26052
3.49447
3.77274
4.07943
4.40096
4.70399
4.96057
5.13592
5.34624
5.58599
5.86633
6.16864
6.48162
6.78317
7.04886
7.24531
7.50455
7.78749
8.11069
8.4517
8.80326
9.14594
9.45453
9.68805
9.97416
10.2819
10.6366
11.0099
11.3896
11.7571
12.0944
12.3601
12.6844
13.0245
13.4082
13.8089
14.2229
14.6268
15.0004
15.3007
15.5968
15.8587
16.1355
16.4053
16.681
16.9664
17.2586
17.528
32.5912
32.7459
32.9505
33.1803
33.4151
33.63
33.7957
33.8824
34.022
34.2208
34.4593
34.7293
35.0011
35.2528
35.4491
35.5796
35.7631
35.9971
36.2754
36.5821
36.9036
37.2066
37.4632
37.6385
37.8489
38.0886
38.3689
38.6713
38.9842
39.2858
39.5515
39.7479
40.0072
40.2901
40.6133
40.9543
41.3059
41.6486
41.9571
42.1907
42.4768
42.7845
43.1392
43.5126
43.8923
44.2598
44.5971
44.8628
45.187
45.5272
45.9108
46.3115
46.7255
47.1294
47.5031
47.8034
48.0994
48.3613
48.6381
48.9079
49.1836
49.469
49.7613
50.0306
