0.0246251
0.224843
0.255187
0.244477
0.224843
0.177169
0.177169
0.019634
0.154626
0.155717
0.193497
0.18487
0.331387
0.280825
0.130001
0.104186
0.0492502
0.0475314
0.0815769
0.0862044
0.170128
0.138463
0.101112
0.0845517
0.0738753
0.069347
0.11192
0.109739
0.129913
0.108218
0.0851137
0.0677604
0.0912286
0.087791
0.130001
0.126728
0.103844
0.0841551
0.066306
0.0507707
0.112119
0.106037
0.144544
0.139818
0.0669671
0.0563899
0.0474984
0.0376814
0.139355
0.12058
0.286742
0.28109
0.160752
0.152907
0.151354
0.13757
0.0272364
0.199116
0.199116
0.1853
0.206476
0.201364
0.1853
0.0169897
