0.116118
0.23736
0.256994
0.275768
0.277586
0.266348
0.23736
0.121242
0.260332
0.170558
0.198257
0.2641
0.272
0.245326
0.221593
0.29105
0.0897742
0.147288
0.147288
0.0919227
0.0955587
0.0710658
0.0403257
0.0927932
0.0673307
0.111325
0.118597
0.115193
0.114008
0.0934102
0.057117
0.0745254
0.0448871
0.0654797
0.0872622
0.134
0.13973
0.112218
0.0780071
0.0562576
0.0286246
0.0382433
0.0548694
0.156345
0.157981
0.137372
0.0949967
0.0337259
0.21366
0.211214
0.223576
0.197398
0.198775
0.359951
0.310772
0.217059
0.0162625
0.177169
0.190258
0.194522
0.191712
0.177169
0.111986
0.0182678
