0.0294179
0.202796
0.230231
0.202796
0.181928
0.208438
0.181928
0.0218155
0.213693
0.211809
0.235046
0.363614
0.33986
0.184275
0.15489
0.176706
0.0590342
0.0508038
0.06386
0.141735
0.12534
0.141041
0.123555
0.0413504
0.0886504
0.0726193
0.0910964
0.10932
0.102897
0.110069
0.0950629
0.0608852
0.107094
0.0914269
0.104186
0.0830533
0.0868325
0.0863697
0.0702725
0.0761561
0.12534
0.110235
0.117275
0.0640584
0.0643889
0.0591333
0.0454821
0.0985005
0.257919
0.386333
0.388284
0.306519
0.302145
0.293353
0.271008
0.257919
0.0145437
0.128414
0.147354
0.173423
0.175318
0.166162
0.147354
0.0195348
