0.0196258
0.0673478
0.0642747
0.0947881
0.0765118
0.0906832
0.0546216
0.0529009
0.0212289
0.030923
0.0235821
0.0325113
0.02506
0.0325195
0.0218192
0.0285382
0.022919
0.0293155
0.0254224
0.0311541
0.027105
0.030913
0.023512
0.0268622
0.0246981
0.0276313
0.0270233
0.0293787
0.0288836
0.0290093
0.0250491
0.0252433
0.0262903
0.0257426
0.0282061
0.0274868
0.0301453
0.0268668
0.0260693
0.0235131
0.027998
0.0241974
0.0300363
0.0260149
0.0322659
0.0256921
0.027847
0.0219115
0.0296703
0.0224324
0.0316708
0.0244241
0.0342305
0.0241399
0.0298283
0.0205779
0.055678
0.0564161
0.0898176
0.0757502
0.0953452
0.0628122
0.0634288
0.018647
