0.0348631
0.107849
0.134335
0.133985
0.134891
0.134949
0.109603
0.0340107
0.109596
0.153119
0.166664
0.167182
0.165903
0.165584
0.149845
0.10647
0.0527807
0.0572926
0.0700827
0.0701815
0.0697855
0.0706894
0.0550272
0.0537101
0.052968
0.0572952
0.0692995
0.0700931
0.070155
0.0700364
0.0549725
0.0534421
0.0535482
0.0561356
0.0690549
0.070858
0.0693143
0.0697397
0.0555085
0.0534603
0.0539021
0.0560081
0.0692813
0.0709101
0.0690542
0.0690711
0.0559716
0.0537387
0.106182
0.150887
0.163878
0.165141
0.162738
0.16319
0.149395
0.107425
0.0318767
0.107525
0.130868
0.130343
0.130091
0.132381
0.107815
0.032256
