0.0152395
0.0742466
0.0250663
0.0253546
0.0253039
0.0252439
0.0659188
0.0168239
0.055015
0.0754296
0.025064
0.0251471
0.025011
0.0249741
0.0670511
0.0680889
0.058043
0.082323
0.0322479
0.0322733
0.032301
0.0321464
0.0734763
0.0685779
0.058412
0.0819078
0.0322087
0.0318282
0.0324301
0.0320265
0.072779
0.0676469
0.0588318
0.0817256
0.0326861
0.0328844
0.0327207
0.0327922
0.0727221
0.066862
0.0583382
0.08099
0.0323494
0.032138
0.0319543
0.0320634
0.0720672
0.0659488
0.0555477
0.0736508
0.0254353
0.0252393
0.0251655
0.0253016
0.0650009
0.0639308
0.0153064
0.0710209
0.0243883
0.0243307
0.0245959
0.0246604
0.0621435
0.0165241
