0.00282833
0.0102358
0.00390578
0.00312762
0.00287322
0.00318748
0.00924817
0.00179576
0.00776667
0.00821561
0.00215491
0.00296301
0.00296301
0.00206513
0.00844008
0.00722794
0.00839519
0.00947264
0.0030079
0.00273854
0.00354663
0.00354663
0.00951754
0.0068239
0.0083054
0.00888902
0.00215491
0.00242428
0.0030528
0.0030528
0.00933796
0.0068239
0.00893392
0.00992159
0.00395068
0.00381599
0.00430983
0.00448941
0.0100114
0.00749731
0.0108195
0.0117173
0.00552197
0.00552197
0.00686879
0.00686879
0.0115827
0.0083054
0.00942775
0.010999
0.00543218
0.00413025
0.00413025
0.00547707
0.0116725
0.0083054
0.00269364
0.00969711
0.00408536
0.00543218
0.00543218
0.00408536
0.00960733
0.00282833
