3.7379e-05
0.000574447
0.000646324
0.000574447
0.000577113
0.000677836
0.000577113
6.48372e-05
0.000624712
0.000681741
0.000751506
0.00111107
0.00107855
0.000587333
0.000536619
0.000601457
0.000100787
0.000195856
0.000236051
0.000426509
0.000408822
0.000404918
0.000469691
0.000125429
0.000171577
0.000316292
0.000329029
0.000375796
0.000322927
0.000304195
0.000368627
0.000176825
0.000204347
0.00041422
0.00043227
0.000299139
0.000269376
0.00021478
0.000267947
0.000247295
0.000264576
0.000472657
0.000512532
0.000222311
0.000190522
0.000128842
0.000153484
0.000311364
0.000652362
0.00121162
0.00124656
0.000785194
0.000776511
0.000736849
0.000704462
0.000652362
3.94272e-05
0.000559256
0.000643487
0.000697059
0.000673249
0.000658976
0.000643487
3.6995e-05
