0.00639974
0.0504595
0.0099278
0.00935346
0.00812274
0.00713817
0.00541516
0.00566131
0.0169839
0.0452904
0.0100919
0.00910732
0.00812274
0.00713817
0.00615359
0.0204299
0.0187069
0.0403676
0.0118149
0.0108303
0.00984575
0.00886117
0.0078766
0.0174762
0.0172301
0.0297834
0.0078766
0.00713817
0.00664588
0.00615359
0.00566131
0.013784
0.0150148
0.0231375
0.00689202
0.00615359
0.00541516
0.00467673
0.0039383
0.0097637
0.0127995
0.0169839
0.00664588
0.00590745
0.00516902
0.00443059
0.00369216
0.00746636
0.00984575
0.00935346
0.00402035
0.00319987
0.00246144
0.00172301
0.000984575
0.00467673
0.000738431
0.00443059
0.00369216
0.00295372
0.00221529
0.00147686
0.000738431
0.000738431
