0.0182146
0.122498
0.0900066
0.0766328
0.0608796
0.0454545
0.00114867
0.0169019
0.0375779
0.0567772
0.0585002
0.0613718
0.0621923
0.0630128
0.0584181
0.0507056
0.0221529
0.0221529
0.0230555
0.0242862
0.0242862
0.0242862
0.0201838
0.0164096
0.0184608
0.0175583
0.0184608
0.0196915
0.0196915
0.0196915
0.0155891
0.0126354
0.0138661
0.013784
0.0138661
0.0159173
0.0159173
0.0159173
0.0118149
0.00886117
0.0100919
0.0108303
0.0109124
0.0129636
0.0129636
0.0129636
0.00886117
0.00590745
0.0319987
0.032491
0.0309321
0.0297013
0.0272399
0.0247785
0.0201838
0.0147686
0.00131277
0
0.00131277
0.00131277
0.00131277
0.00131277
0
0.00131277
