0.393731
0.485449
0.604476
0.58285
0.493826
0.501641
0.485449
0.0917182
0.700442
0.394154
0.283614
0.395919
0.307769
0.322554
0.371461
0.359664
0.306288
0.369539
0.141039
0.122622
0.0404939
0.0571549
0.0989546
0.0760503
0.215278
0.274778
0.121776
0.135973
0.0580468
0.0746894
0.116894
0.0584146
0.145554
0.180099
0.105924
0.148717
0.0762434
0.0928492
0.123569
0.0429765
0.064051
0.0914884
0.085714
0.160551
0.0919757
0.106761
0.133279
0.0317865
0.257988
0.271624
0.322223
0.252968
0.121022
0.240637
0.261923
0.133049
0.00502037
0.130272
0.137591
0.156054
0.147108
0.130272
0.140901
0.0120268
