0.0304741
0.126236
0.0455823
0.045209
0.0445022
0.0449283
0.121331
0.0279637
0.110421
0.129322
0.0455889
0.0457243
0.0451991
0.044479
0.124324
0.107792
0.114554
0.143184
0.0594782
0.059029
0.059181
0.0585633
0.13717
0.111485
0.115515
0.143234
0.0588275
0.0582165
0.0586294
0.0578961
0.136235
0.111132
0.115214
0.140928
0.0559208
0.0557557
0.0553758
0.0548044
0.132975
0.10988
0.117166
0.143095
0.0583255
0.0580513
0.0580987
0.0579754
0.13456
0.110408
0.114956
0.12987
0.0458069
0.045187
0.0447785
0.0446739
0.121615
0.107977
0.0309464
0.12798
0.0483734
0.048261
0.047901
0.047574
0.119792
0.0304278
0.0417837
0.286745
0.286745
0.279624
0.314432
0.312833
0.279624
0.0316103
0.329256
0.324823
0.533815
0.533233
0.287472
0.287254
0.319155
0.318864
0.0809515
0.0675807
0.210372
0.210881
0.213497
0.223743
0.071214
0.065328
0.121645
0.0980283
0.17571
0.174402
0.176436
0.183994
0.112562
0.0970109
0.160595
0.127604
0.141774
0.137995
0.145117
0.145044
0.146715
0.128912
0.203323
0.159214
0.108492
0.101662
0.111544
0.108202
0.18334
0.159432
0.423869
0.414422
0.297791
0.285946
0.29859
0.288489
0.220545
0.193077
0.24191
0.435786
0.233698
0.227958
0.233989
0.227522
0.193877
0.033645
0.038877
0.291469
0.322062
0.291469
0.282385
0.317048
0.282385
0.0352437
0.323297
0.324533
0.343281
0.542099
0.531707
0.28442
0.198891
0.234134
0.0763007
0.0734667
0.0949036
0.223816
0.210227
0.218293
0.161249
0.06947
0.113652
0.107184
0.13022
0.185302
0.176364
0.179416
0.130874
0.10544
0.150857
0.141556
0.163938
0.15202
0.142065
0.142137
0.099191
0.13785
0.189008
0.171931
0.196202
0.112998
0.11169
0.10762
0.0697607
0.169896
0.433679
0.643179
0.65982
0.509616
0.510052
0.503004
0.472483
0.433679
0.0404031
0.2095
0.260295
0.301642
0.300552
0.293722
0.260295
0.0343717
0.0448358
0.287254
0.319591
0.324678
0.287254
0.283621
0.283621
0.0367697
0.24983
0.244598
0.273447
0.280641
0.459839
0.454462
0.204995
0.219092
0.0857475
0.0709234
0.107548
0.106676
0.21277
0.215677
0.165972
0.182322
0.125497
0.104278
0.146425
0.137632
0.179997
0.178689
0.134144
0.14657
0.166336
0.133853
0.184575
0.167716
0.145335
0.140829
0.10079
0.110018
0.208265
0.165609
0.222798
0.197219
0.111472
0.103987
0.070342
0.0735394
0.247868
0.202233
0.458531
0.432226
0.280569
0.26698
0.241692
0.240238
0.0396037
0.293068
0.293068
0.269015
0.308473
0.303386
0.269015
0.038005
0.034081
0.302442
0.333398
0.344589
0.334343
0.302442
0.208846
0.0369877
0.427866
0.468051
0.492103
0.512668
0.493048
0.692883
0.636712
0.427866
0.170332
0.0742661
0.102388
0.122009
0.107911
0.231664
0.170986
0.186464
0.135016
0.110672
0.139449
0.153982
0.146425
0.189517
0.136251
0.148968
0.100572
0.148023
0.176146
0.185447
0.183122
0.147442
0.101589
0.111036
0.0691067
0.188136
0.214732
0.219092
0.222633
0.108638
0.0728127
0.0726674
0.261385
0.227376
0.279188
0.533161
0.53118
0.34735
0.318719
0.315885
0.0340083
0.293358
0.326858
0.293358
0.285638
0.320083
0.28564
0.036697
0.037569
0.216331
0.25172
0.251938
0.249758
0.253391
0.434333
0.218002
0.206521
0.217493
0.284783
0.291469
0.287036
0.290815
0.433824
0.399598
0.168952
0.185447
0.107184
0.10624
0.112053
0.104859
0.177236
0.182104
0.133417
0.147297
0.147951
0.138286
0.154055
0.133417
0.142428
0.144971
0.101952
0.109437
0.186101
0.168225
0.195185
0.162993
0.105876
0.108928
0.0678713
0.0730307
0.223961
0.201143
0.23537
0.19576
0.0760101
0.0758647
0.329401
0.330927
0.295538
0.275337
0.543043
0.504889
0.31901
0.314141
0.033863
0.30295
0.337976
0.341319
0.30295
0.266541
0.266542
0.0388044
0.211825
0.440001
0.475172
0.477861
0.470085
0.478878
0.440001
0.228176
0.390006
0.216694
0.276427
0.356215
0.340083
0.351637
0.306075
0.466452
0.173312
0.18581
0.203396
0.114814
0.105004
0.109655
0.0654733
0.190025
0.140684
0.148023
0.171059
0.146933
0.141701
0.143591
0.0991183
0.151439
0.109001
0.10842
0.138286
0.178253
0.175274
0.175346
0.131383
0.115105
0.0747021
0.0704874
0.108274
0.21059
0.210445
0.212189
0.16699
0.0790621
0.331872
0.324678
0.367479
0.292486
0.276354
0.528372
0.475826
0.316757
0.0393857
0.292863
0.330503
0.335444
0.326577
0.292858
0.199472
0.0404031
0.214877
0.432444
0.256734
0.249758
0.248014
0.253609
0.217566
0.029939
0.458967
0.498789
0.281223
0.278243
0.341537
0.348295
0.312542
0.308182
0.177744
0.183122
0.206521
0.215023
0.103188
0.100426
0.0707054
0.0583519
0.143663
0.141556
0.17382
0.178326
0.146861
0.130583
0.109074
0.0911249
0.107112
0.105731
0.140103
0.143881
0.183703
0.160159
0.144826
0.119174
0.0715047
0.069906
0.111617
0.105804
0.226609
0.194967
0.180942
0.147006
0.333217
0.329002
0.378124
0.369693
0.299059
0.278272
0.494168
0.42528
0.0341537
0.215895
0.25826
0.255935
0.255935
0.258478
0.395383
0.179488
0.0410571
0.22149
0.278461
0.310944
0.312106
0.317992
0.278461
0.0307383
0.324533
0.504966
0.524658
0.283475
0.277379
0.355861
0.307538
0.308121
0.0788441
0.189662
0.207102
0.217566
0.207327
0.114814
0.066854
0.0651826
0.117576
0.154273
0.174038
0.181305
0.174916
0.150421
0.101008
0.0969383
0.15093
0.116486
0.138649
0.144172
0.140834
0.183122
0.135307
0.130293
0.190534
0.0756467
0.107475
0.106676
0.11053
0.219643
0.170332
0.16372
0.494695
0.341511
0.38046
0.373119
0.383001
0.304156
0.202887
0.366607
0.22912
0.430845
0.469431
0.466089
0.473864
0.47321
0.430845
0.201725
