0.0474099
0.260405
0.299104
0.298128
0.303618
0.298042
0.512921
0.252516
0.249845
0.254195
0.332849
0.33367
0.339937
0.331693
0.5146
0.464279
0.202435
0.210879
0.1172
0.119638
0.128741
0.116849
0.217188
0.210084
0.16179
0.166983
0.156132
0.158085
0.172402
0.155475
0.174679
0.167001
0.125462
0.12571
0.194087
0.202452
0.215111
0.193123
0.133598
0.125173
0.0811823
0.0832224
0.23261
0.241841
0.258579
0.231405
0.082864
0.0838734
0.349799
0.34799
0.307281
0.319401
0.62092
0.589452
0.360934
0.36164
0.0425179
0.344938
0.381754
0.383702
0.344938
0.308636
0.308636
0.0422365
