5.47244e-06
0.0876301
0.0876301
0.0876301
0.0876301
0.0876301
0.0882923
0
1.64173e-05
2.18897e-05
1.64173e-05
2.18897e-05
2.18897e-05
0.0876465
0.0883087
1.64173e-05
5.47244e-06
1.09449e-05
0
5.47244e-06
1.64173e-05
0.0876192
0.0882923
5.47244e-06
0
1.09449e-05
0
5.47244e-06
2.73622e-05
0.0876192
0.0882923
5.47244e-06
0
1.09449e-05
1.09449e-05
5.47244e-06
2.73622e-05
0.0876192
0.0882813
5.47244e-06
0
1.09449e-05
1.64173e-05
5.47244e-06
2.73622e-05
0.0876192
0.0882813
5.47244e-06
0.0853591
0.0853591
0.0855725
0.171101
0.171419
0.173192
0.173854
0.0855725
0
0.0855397
0.0855397
0.0855397
0.0858461
0.0858461
0.0858461
0
