0.037569
0.216331
0.25172
0.251938
0.249758
0.253391
0.434333
0.218002
0.206521
0.217493
0.284783
0.291469
0.287036
0.290815
0.433824
0.399598
0.168952
0.185447
0.107184
0.10624
0.112053
0.104859
0.177236
0.182104
0.133417
0.147297
0.147951
0.138286
0.154055
0.133417
0.142428
0.144971
0.101952
0.109437
0.186101
0.168225
0.195185
0.162993
0.105876
0.108928
0.0678713
0.0730307
0.223961
0.201143
0.23537
0.19576
0.0760101
0.0758647
0.329401
0.330927
0.295538
0.275337
0.543043
0.504889
0.31901
0.314141
0.033863
0.30295
0.337976
0.341319
0.30295
0.266541
0.266542
0.0388044
