0.0304741
0.126236
0.0455823
0.045209
0.0445022
0.0449283
0.121331
0.0279637
0.110421
0.129322
0.0455889
0.0457243
0.0451991
0.044479
0.124324
0.107792
0.114554
0.143184
0.0594782
0.059029
0.059181
0.0585633
0.13717
0.111485
0.115515
0.143234
0.0588275
0.0582165
0.0586294
0.0578961
0.136235
0.111132
0.115214
0.140928
0.0559208
0.0557557
0.0553758
0.0548044
0.132975
0.10988
0.117166
0.143095
0.0583255
0.0580513
0.0580987
0.0579754
0.13456
0.110408
0.114956
0.12987
0.0458069
0.045187
0.0447785
0.0446739
0.121615
0.107977
0.0309464
0.12798
0.0483734
0.048261
0.047901
0.047574
0.119792
0.0304278
