0.011737
0.0423606
0.0167992
0.0159618
0.0156368
0.0144868
0.0397732
0.0086871
0.0373358
0.0417856
0.0171992
0.0178242
0.0174909
0.0169617
0.043298
0.0369608
0.0391232
0.0472228
0.0200741
0.021299
0.021724
0.0214865
0.0498727
0.0396482
0.0387857
0.0471603
0.0202491
0.021074
0.021999
0.0215865
0.0499602
0.0392857
0.0391357
0.0470978
0.0202991
0.021199
0.0213615
0.0211615
0.0496852
0.0394857
0.0389607
0.0468229
0.0197116
0.020824
0.0214365
0.0212865
0.0495477
0.0393107
0.0375858
0.0406773
0.0138827
0.0145243
0.0164867
0.0160618
0.0435855
0.0369233
0.00906208
0.0399232
0.0145368
0.0130619
0.0130369
0.0138869
0.0425855
0.010337
