0.057264
0.0928791
0.111203
0.121336
0.134552
0.113778
0.0943123
0.0196408
0.0953206
0.14451
0.133536
0.143077
0.172234
0.147335
0.122374
0.0959248
0.0537559
0.0714551
0.0489478
0.0507768
0.0775798
0.0661636
0.040144
0.028132
0.0432397
0.0618555
0.058714
0.0600181
0.0691135
0.0578723
0.0495769
0.0377483
0.0339901
0.0520309
0.0689552
0.0707676
0.0588723
0.0499144
0.0581015
0.0476561
0.0246155
0.042873
0.0781298
0.0799672
0.0504644
0.0415814
0.0663928
0.057464
0.0986413
0.12289
0.154593
0.174954
0.151285
0.131661
0.143998
0.095554
0.0191241
0.0975372
0.118874
0.137973
0.131936
0.121753
0.102395
0.0602222
